Stored as "NEW_big_sizes_scores_all.pkl"
Epochs interval: all epochs 
Number of sizes: 23
Sizes: [ 1200  1800  2400  3000  3600  4200  4800  5400  6000  6600  7200  7800
  8400  9000  9600 10200 10800 11400 12000 12600 13200 13800 14400]
Step size: 90
Trials total: 1302
Epochs total: 95040
Time intervals: [0.1  0.15 0.2  0.25 0.3  0.35 0.4  0.45 0.5 ]
Computing average auc score for size 1200 (out of 23)
	 interval: [0,1200] / 95040
	 interval: [1200,2400] / 95040
	 interval: [2400,3600] / 95040
	 interval: [3600,4800] / 95040
	 interval: [4800,6000] / 95040
	 interval: [6000,7200] / 95040
	 interval: [7200,8400] / 95040
	 interval: [8400,9600] / 95040
	 interval: [9600,10800] / 95040
	 interval: [10800,12000] / 95040
	 interval: [12000,13200] / 95040
	 interval: [13200,14400] / 95040
	 interval: [14400,15600] / 95040
	 interval: [15600,16800] / 95040
	 interval: [16800,18000] / 95040
	 interval: [18000,19200] / 95040
	 interval: [19200,20400] / 95040
	 interval: [20400,21600] / 95040
	 interval: [21600,22800] / 95040
	 interval: [22800,24000] / 95040
	 interval: [24000,25200] / 95040
	 interval: [25200,26400] / 95040
	 interval: [26400,27600] / 95040
	 interval: [27600,28800] / 95040
	 interval: [28800,30000] / 95040
	 interval: [30000,31200] / 95040
	 interval: [31200,32400] / 95040
	 interval: [32400,33600] / 95040
	 interval: [33600,34800] / 95040
	 interval: [34800,36000] / 95040
	 interval: [36000,37200] / 95040
	 interval: [37200,38400] / 95040
	 interval: [38400,39600] / 95040
	 interval: [39600,40800] / 95040
	 interval: [40800,42000] / 95040
	 interval: [42000,43200] / 95040
	 interval: [43200,44400] / 95040
	 interval: [44400,45600] / 95040
	 interval: [45600,46800] / 95040
	 interval: [46800,48000] / 95040
	 interval: [48000,49200] / 95040
	 interval: [49200,50400] / 95040
	 interval: [50400,51600] / 95040
	 interval: [51600,52800] / 95040
	 interval: [52800,54000] / 95040
	 interval: [54000,55200] / 95040
	 interval: [55200,56400] / 95040
	 interval: [56400,57600] / 95040
	 interval: [57600,58800] / 95040
	 interval: [58800,60000] / 95040
	 interval: [60000,61200] / 95040
	 interval: [61200,62400] / 95040
	 interval: [62400,63600] / 95040
	 interval: [63600,64800] / 95040
	 interval: [64800,66000] / 95040
	 interval: [66000,67200] / 95040
	 interval: [67200,68400] / 95040
	 interval: [68400,69600] / 95040
	 interval: [69600,70800] / 95040
	 interval: [70800,72000] / 95040
	 interval: [72000,73200] / 95040
	 interval: [73200,74400] / 95040
	 interval: [74400,75600] / 95040
	 interval: [75600,76800] / 95040
	 interval: [76800,78000] / 95040
	 interval: [78000,79200] / 95040
	 interval: [79200,80400] / 95040
	 interval: [80400,81600] / 95040
	 interval: [81600,82800] / 95040
	 interval: [82800,84000] / 95040
	 interval: [84000,85200] / 95040
	 interval: [85200,86400] / 95040
	 interval: [86400,87600] / 95040
	 interval: [87600,88800] / 95040
	 interval: [88800,90000] / 95040
	 interval: [90000,91200] / 95040
	 interval: [91200,92400] / 95040
	 interval: [92400,93600] / 95040
	 interval: [93600,94800] / 95040
[0.55646 0.53572 0.51398 0.62734 0.61314 0.70542 0.72726 0.7417  0.7625
 0.68782 0.81244 0.61146 0.5865  0.74046 0.70104 0.77002 0.67516 0.72208
 0.72046 0.78902 0.7277  0.77412 0.73982 0.72976 0.79132 0.7376  0.75264
 0.79088 0.67834 0.67838 0.68428 0.6944  0.726   0.70722 0.67638 0.67682
 0.69134 0.56306 0.69476 0.77492 0.76946 0.74536 0.77892 0.76928 0.79452
 0.81732 0.7376  0.76388 0.7432  0.68198 0.63192 0.49758 0.43946 0.46196
 0.47946 0.45468 0.50492 0.51528 0.51308 0.50116 0.48472 0.52522 0.51176
 0.5159  0.45624 0.50828 0.50428 0.48066 0.56004 0.52128 0.51436 0.53466
 0.56068 0.54396 0.56512 0.52748 0.49642 0.52998 0.5313 ]
avg auc score: btlda 0.637507341772152
Computing average auc score for size 1800 (out of 23)
	 interval: [0,1800] / 95040
	 interval: [1800,3600] / 95040
	 interval: [3600,5400] / 95040
	 interval: [5400,7200] / 95040
	 interval: [7200,9000] / 95040
	 interval: [9000,10800] / 95040
	 interval: [10800,12600] / 95040
	 interval: [12600,14400] / 95040
	 interval: [14400,16200] / 95040
	 interval: [16200,18000] / 95040
	 interval: [18000,19800] / 95040
	 interval: [19800,21600] / 95040
	 interval: [21600,23400] / 95040
	 interval: [23400,25200] / 95040
	 interval: [25200,27000] / 95040
	 interval: [27000,28800] / 95040
	 interval: [28800,30600] / 95040
	 interval: [30600,32400] / 95040
	 interval: [32400,34200] / 95040
	 interval: [34200,36000] / 95040
	 interval: [36000,37800] / 95040
	 interval: [37800,39600] / 95040
	 interval: [39600,41400] / 95040
	 interval: [41400,43200] / 95040
	 interval: [43200,45000] / 95040
	 interval: [45000,46800] / 95040
	 interval: [46800,48600] / 95040
	 interval: [48600,50400] / 95040
	 interval: [50400,52200] / 95040
	 interval: [52200,54000] / 95040
	 interval: [54000,55800] / 95040
	 interval: [55800,57600] / 95040
	 interval: [57600,59400] / 95040
	 interval: [59400,61200] / 95040
	 interval: [61200,63000] / 95040
	 interval: [63000,64800] / 95040
	 interval: [64800,66600] / 95040
	 interval: [66600,68400] / 95040
	 interval: [68400,70200] / 95040
	 interval: [70200,72000] / 95040
	 interval: [72000,73800] / 95040
	 interval: [73800,75600] / 95040
	 interval: [75600,77400] / 95040
	 interval: [77400,79200] / 95040
	 interval: [79200,81000] / 95040
	 interval: [81000,82800] / 95040
	 interval: [82800,84600] / 95040
	 interval: [84600,86400] / 95040
	 interval: [86400,88200] / 95040
	 interval: [88200,90000] / 95040
	 interval: [90000,91800] / 95040
	 interval: [91800,93600] / 95040
[0.59582222 0.5248     0.64654222 0.67685333 0.73748444 0.75277333
 0.71798222 0.69376889 0.60770667 0.73094222 0.75716444 0.72911111
 0.74896    0.78868444 0.77159111 0.75375111 0.80103111 0.76801778
 0.76864889 0.70096889 0.71944    0.72312    0.75190222 0.67504
 0.72015111 0.59452444 0.77192    0.81256    0.79310222 0.79895111
 0.78810667 0.74834667 0.76003556 0.67245333 0.49702222 0.47984
 0.54008    0.48082667 0.48863111 0.50016    0.50861333 0.49684444
 0.52138667 0.50151111 0.49141333 0.54525333 0.56351111 0.53780444
 0.5284     0.55052444 0.56847111 0.53608   ]
avg auc score: btlda 0.6526659829059829
Computing average auc score for size 2400 (out of 23)
	 interval: [0,2400] / 95040
	 interval: [2400,4800] / 95040
	 interval: [4800,7200] / 95040
	 interval: [7200,9600] / 95040
	 interval: [9600,12000] / 95040
	 interval: [12000,14400] / 95040
	 interval: [14400,16800] / 95040
	 interval: [16800,19200] / 95040
	 interval: [19200,21600] / 95040
	 interval: [21600,24000] / 95040
	 interval: [24000,26400] / 95040
	 interval: [26400,28800] / 95040
	 interval: [28800,31200] / 95040
	 interval: [31200,33600] / 95040
	 interval: [33600,36000] / 95040
	 interval: [36000,38400] / 95040
	 interval: [38400,40800] / 95040
	 interval: [40800,43200] / 95040
	 interval: [43200,45600] / 95040
	 interval: [45600,48000] / 95040
	 interval: [48000,50400] / 95040
	 interval: [50400,52800] / 95040
	 interval: [52800,55200] / 95040
	 interval: [55200,57600] / 95040
	 interval: [57600,60000] / 95040
	 interval: [60000,62400] / 95040
	 interval: [62400,64800] / 95040
	 interval: [64800,67200] / 95040
	 interval: [67200,69600] / 95040
	 interval: [69600,72000] / 95040
	 interval: [72000,74400] / 95040
	 interval: [74400,76800] / 95040
	 interval: [76800,79200] / 95040
	 interval: [79200,81600] / 95040
	 interval: [81600,84000] / 95040
	 interval: [84000,86400] / 95040
	 interval: [86400,88800] / 95040
	 interval: [88800,91200] / 95040
	 interval: [91200,93600] / 95040
[0.558065 0.56002  0.71056  0.754655 0.73831  0.71962  0.6262   0.76968
 0.732435 0.771375 0.78982  0.76567  0.77519  0.805395 0.72307  0.726815
 0.758515 0.710415 0.601885 0.72765  0.801715 0.80547  0.817405 0.779285
 0.74695  0.525315 0.48693  0.50118  0.511725 0.514445 0.500415 0.52884
 0.472995 0.47952  0.55477  0.528405 0.50977  0.54812  0.54753 ]
avg auc score: btlda 0.6534905128205128
Computing average auc score for size 3000 (out of 23)
	 interval: [0,3000] / 95040
	 interval: [3000,6000] / 95040
	 interval: [6000,9000] / 95040
	 interval: [9000,12000] / 95040
	 interval: [12000,15000] / 95040
	 interval: [15000,18000] / 95040
	 interval: [18000,21000] / 95040
	 interval: [21000,24000] / 95040
	 interval: [24000,27000] / 95040
	 interval: [27000,30000] / 95040
	 interval: [30000,33000] / 95040
	 interval: [33000,36000] / 95040
	 interval: [36000,39000] / 95040
	 interval: [39000,42000] / 95040
	 interval: [42000,45000] / 95040
	 interval: [45000,48000] / 95040
	 interval: [48000,51000] / 95040
	 interval: [51000,54000] / 95040
	 interval: [54000,57000] / 95040
	 interval: [57000,60000] / 95040
	 interval: [60000,63000] / 95040
	 interval: [63000,66000] / 95040
	 interval: [66000,69000] / 95040
	 interval: [69000,72000] / 95040
	 interval: [72000,75000] / 95040
	 interval: [75000,78000] / 95040
	 interval: [78000,81000] / 95040
	 interval: [81000,84000] / 95040
	 interval: [84000,87000] / 95040
	 interval: [87000,90000] / 95040
	 interval: [90000,93000] / 95040
[0.5487968 0.6330656 0.74328   0.7471072 0.7401536 0.626496  0.7452288
 0.7799744 0.79152   0.776624  0.800896  0.7290464 0.7271872 0.7404896
 0.7190752 0.6077664 0.8200928 0.8108    0.7866272 0.7649952 0.4924128
 0.5264768 0.5206752 0.5092544 0.4739456 0.5152832 0.5063456 0.5599584
 0.5391456 0.5317728 0.5708128]
avg auc score: btlda 0.6575905032258063
Computing average auc score for size 3600 (out of 23)
	 interval: [0,3600] / 95040
	 interval: [3600,7200] / 95040
	 interval: [7200,10800] / 95040
	 interval: [10800,14400] / 95040
	 interval: [14400,18000] / 95040
	 interval: [18000,21600] / 95040
	 interval: [21600,25200] / 95040
	 interval: [25200,28800] / 95040
	 interval: [28800,32400] / 95040
	 interval: [32400,36000] / 95040
	 interval: [36000,39600] / 95040
	 interval: [39600,43200] / 95040
	 interval: [43200,46800] / 95040
	 interval: [46800,50400] / 95040
	 interval: [50400,54000] / 95040
	 interval: [54000,57600] / 95040
	 interval: [57600,61200] / 95040
	 interval: [61200,64800] / 95040
	 interval: [64800,68400] / 95040
	 interval: [68400,72000] / 95040
	 interval: [72000,75600] / 95040
	 interval: [75600,79200] / 95040
	 interval: [79200,82800] / 95040
	 interval: [82800,86400] / 95040
	 interval: [86400,90000] / 95040
	 interval: [90000,93600] / 95040
[0.57210667 0.70928444 0.78125333 0.72294889 0.64448667 0.76524
 0.78205111 0.77576222 0.78081778 0.76245333 0.74487333 0.73243778
 0.61261111 0.81846889 0.81349111 0.79974222 0.73315778 0.50459556
 0.49239778 0.50523333 0.50419778 0.51153333 0.46924444 0.54757778
 0.53243556 0.57660222]
avg auc score: btlda 0.6613463247863247
Computing average auc score for size 4200 (out of 23)
	 interval: [0,4200] / 95040
	 interval: [4200,8400] / 95040
	 interval: [8400,12600] / 95040
	 interval: [12600,16800] / 95040
	 interval: [16800,21000] / 95040
	 interval: [21000,25200] / 95040
	 interval: [25200,29400] / 95040
	 interval: [29400,33600] / 95040
	 interval: [33600,37800] / 95040
	 interval: [37800,42000] / 95040
	 interval: [42000,46200] / 95040
	 interval: [46200,50400] / 95040
	 interval: [50400,54600] / 95040
	 interval: [54600,58800] / 95040
	 interval: [58800,63000] / 95040
	 interval: [63000,67200] / 95040
	 interval: [67200,71400] / 95040
	 interval: [71400,75600] / 95040
	 interval: [75600,79800] / 95040
	 interval: [79800,84000] / 95040
	 interval: [84000,88200] / 95040
	 interval: [88200,92400] / 95040
[0.57732735 0.7303102  0.77060245 0.63843102 0.75557714 0.79318204
 0.77713633 0.79468082 0.73545143 0.74580898 0.59297143 0.80289143
 0.82206041 0.78876571 0.56570776 0.52499755 0.50095673 0.51288163
 0.48929143 0.53477551 0.53926694 0.56030694]
avg auc score: btlda 0.6615173283858997
Computing average auc score for size 4800 (out of 23)
	 interval: [0,4800] / 95040
	 interval: [4800,9600] / 95040
	 interval: [9600,14400] / 95040
	 interval: [14400,19200] / 95040
	 interval: [19200,24000] / 95040
	 interval: [24000,28800] / 95040
	 interval: [28800,33600] / 95040
	 interval: [33600,38400] / 95040
	 interval: [38400,43200] / 95040
	 interval: [43200,48000] / 95040
	 interval: [48000,52800] / 95040
	 interval: [52800,57600] / 95040
	 interval: [57600,62400] / 95040
	 interval: [62400,67200] / 95040
	 interval: [67200,72000] / 95040
	 interval: [72000,76800] / 95040
	 interval: [76800,81600] / 95040
	 interval: [81600,86400] / 95040
	 interval: [86400,91200] / 95040
[0.588055   0.7453875  0.7311725  0.6639075  0.7720525  0.78595125
 0.8011875  0.73492875 0.73726875 0.63694875 0.8233125  0.8010475
 0.66771625 0.5157775  0.5057675  0.51068125 0.513355   0.538955
 0.52608375]
avg auc score: btlda 0.6631345394736843
Computing average auc score for size 5400 (out of 23)
	 interval: [0,5400] / 95040
	 interval: [5400,10800] / 95040
	 interval: [10800,16200] / 95040
	 interval: [16200,21600] / 95040
	 interval: [21600,27000] / 95040
	 interval: [27000,32400] / 95040
	 interval: [32400,37800] / 95040
	 interval: [37800,43200] / 95040
	 interval: [43200,48600] / 95040
	 interval: [48600,54000] / 95040
	 interval: [54000,59400] / 95040
	 interval: [59400,64800] / 95040
	 interval: [64800,70200] / 95040
	 interval: [70200,75600] / 95040
	 interval: [75600,81000] / 95040
	 interval: [81000,86400] / 95040
	 interval: [86400,91800] / 95040
[0.58788938 0.76719605 0.63315654 0.76635951 0.7984642  0.78532642
 0.75696988 0.74062617 0.63254123 0.8306242  0.79493432 0.50674272
 0.50904494 0.51646321 0.51446222 0.53334914 0.55666864]
avg auc score: btlda 0.6606363979665941
Computing average auc score for size 6000 (out of 23)
	 interval: [0,6000] / 95040
	 interval: [6000,12000] / 95040
	 interval: [12000,18000] / 95040
	 interval: [18000,24000] / 95040
	 interval: [24000,30000] / 95040
	 interval: [30000,36000] / 95040
	 interval: [36000,42000] / 95040
	 interval: [42000,48000] / 95040
	 interval: [48000,54000] / 95040
	 interval: [54000,60000] / 95040
	 interval: [60000,66000] / 95040
	 interval: [66000,72000] / 95040
	 interval: [72000,78000] / 95040
	 interval: [78000,84000] / 95040
	 interval: [84000,90000] / 95040
[0.5958648 0.7657816 0.6368168 0.779288  0.7884384 0.7771408 0.7575624
 0.635692  0.8257128 0.7844184 0.502952  0.5172744 0.5289288 0.5124104
 0.5478072]
avg auc score: btlda 0.6637392533333332
Computing average auc score for size 6600 (out of 23)
	 interval: [0,6600] / 95040
	 interval: [6600,13200] / 95040
	 interval: [13200,19800] / 95040
	 interval: [19800,26400] / 95040
	 interval: [26400,33000] / 95040
	 interval: [33000,39600] / 95040
	 interval: [39600,46200] / 95040
	 interval: [46200,52800] / 95040
	 interval: [52800,59400] / 95040
	 interval: [59400,66000] / 95040
	 interval: [66000,72600] / 95040
	 interval: [72600,79200] / 95040
	 interval: [79200,85800] / 95040
	 interval: [85800,92400] / 95040
[0.59603636 0.76754182 0.65005686 0.7915081  0.80311537 0.74451174
 0.63731967 0.81493752 0.80090446 0.51042446 0.50758281 0.5070843
 0.50817322 0.54820033]
avg auc score: btlda 0.6562426446280991
Computing average auc score for size 7200 (out of 23)
	 interval: [0,7200] / 95040
	 interval: [7200,14400] / 95040
	 interval: [14400,21600] / 95040
	 interval: [21600,28800] / 95040
	 interval: [28800,36000] / 95040
	 interval: [36000,43200] / 95040
	 interval: [43200,50400] / 95040
	 interval: [50400,57600] / 95040
	 interval: [57600,64800] / 95040
	 interval: [64800,72000] / 95040
	 interval: [72000,79200] / 95040
	 interval: [79200,86400] / 95040
	 interval: [86400,93600] / 95040
[0.61049944 0.751295   0.66539222 0.79449167 0.78288111 0.748525
 0.647815   0.80818333 0.58942389 0.50819778 0.50865611 0.51159278
 0.56296167]
avg auc score: btlda 0.6530703846153846
Computing average auc score for size 7800 (out of 23)
	 interval: [0,7800] / 95040
	 interval: [7800,15600] / 95040
	 interval: [15600,23400] / 95040
	 interval: [23400,31200] / 95040
	 interval: [31200,39000] / 95040
	 interval: [39000,46800] / 95040
	 interval: [46800,54600] / 95040
	 interval: [54600,62400] / 95040
	 interval: [62400,70200] / 95040
	 interval: [70200,78000] / 95040
	 interval: [78000,85800] / 95040
	 interval: [85800,93600] / 95040
[0.6207574  0.62639858 0.77543953 0.79561704 0.76820024 0.63598201
 0.82661586 0.72064663 0.5199787  0.52112521 0.51047053 0.55297278]
avg auc score: btlda 0.6561837080867851
Computing average auc score for size 8400 (out of 23)
	 interval: [0,8400] / 95040
	 interval: [8400,16800] / 95040
	 interval: [16800,25200] / 95040
	 interval: [25200,33600] / 95040
	 interval: [33600,42000] / 95040
	 interval: [42000,50400] / 95040
	 interval: [50400,58800] / 95040
	 interval: [58800,67200] / 95040
	 interval: [67200,75600] / 95040
	 interval: [75600,84000] / 95040
	 interval: [84000,92400] / 95040
[0.63827102 0.64816653 0.78155265 0.79893388 0.75601061 0.64951918
 0.80909224 0.51243184 0.51663633 0.51047592 0.55416   ]
avg auc score: btlda 0.6522954730983304
Computing average auc score for size 9000 (out of 23)
	 interval: [0,9000] / 95040
	 interval: [9000,18000] / 95040
	 interval: [18000,27000] / 95040
	 interval: [27000,36000] / 95040
	 interval: [36000,45000] / 95040
	 interval: [45000,54000] / 95040
	 interval: [54000,63000] / 95040
	 interval: [63000,72000] / 95040
	 interval: [72000,81000] / 95040
	 interval: [81000,90000] / 95040
[0.64166862 0.63445689 0.79371164 0.78670649 0.74716871 0.66464178
 0.70826916 0.51518578 0.49982151 0.55089778]
avg auc score: btlda 0.6542528355555557
Computing average auc score for size 9600 (out of 23)
	 interval: [0,9600] / 95040
	 interval: [9600,19200] / 95040
	 interval: [19200,28800] / 95040
	 interval: [28800,38400] / 95040
	 interval: [38400,48000] / 95040
	 interval: [48000,57600] / 95040
	 interval: [57600,67200] / 95040
	 interval: [67200,76800] / 95040
	 interval: [76800,86400] / 95040
[0.65088844 0.64503156 0.78488687 0.7737875  0.63826094 0.81480719
 0.56407812 0.51937062 0.51461219]
avg auc score: btlda 0.6561914930555556
Computing average auc score for size 10200 (out of 23)
	 interval: [0,10200] / 95040
	 interval: [10200,20400] / 95040
	 interval: [20400,30600] / 95040
	 interval: [30600,40800] / 95040
	 interval: [40800,51000] / 95040
	 interval: [51000,61200] / 95040
	 interval: [61200,71400] / 95040
	 interval: [71400,81600] / 95040
	 interval: [81600,91800] / 95040
[0.65447529 0.65138574 0.79291377 0.7718173  0.64564208 0.78747377
 0.50375114 0.5099701  0.54741592]
avg auc score: btlda 0.6516494579008074
Computing average auc score for size 10800 (out of 23)
	 interval: [0,10800] / 95040
	 interval: [10800,21600] / 95040
	 interval: [21600,32400] / 95040
	 interval: [32400,43200] / 95040
	 interval: [43200,54000] / 95040
	 interval: [54000,64800] / 95040
	 interval: [64800,75600] / 95040
	 interval: [75600,86400] / 95040
[0.66452296 0.64895877 0.79347383 0.76173432 0.65742963 0.67600123
 0.50910148 0.51512099]
avg auc score: btlda 0.6532929012345678
Computing average auc score for size 11400 (out of 23)
	 interval: [0,11400] / 95040
	 interval: [11400,22800] / 95040
	 interval: [22800,34200] / 95040
	 interval: [34200,45600] / 95040
	 interval: [45600,57000] / 95040
	 interval: [57000,68400] / 95040
	 interval: [68400,79800] / 95040
	 interval: [79800,91200] / 95040
[0.66280975 0.6551477  0.79861895 0.64240753 0.80520443 0.56424089
 0.50582271 0.54238936]
avg auc score: btlda 0.6470801662049862
Computing average auc score for size 12000 (out of 23)
	 interval: [0,12000] / 95040
	 interval: [12000,24000] / 95040
	 interval: [24000,36000] / 95040
	 interval: [36000,48000] / 95040
	 interval: [48000,60000] / 95040
	 interval: [60000,72000] / 95040
	 interval: [72000,84000] / 95040
[0.6727162 0.657769  0.7916432 0.6481274 0.8059304 0.4984926 0.5030434]
avg auc score: btlda 0.6539603142857143
Computing average auc score for size 12600 (out of 23)
	 interval: [0,12600] / 95040
	 interval: [12600,25200] / 95040
	 interval: [25200,37800] / 95040
	 interval: [37800,50400] / 95040
	 interval: [50400,63000] / 95040
	 interval: [63000,75600] / 95040
	 interval: [75600,88200] / 95040
[0.67323628 0.66337814 0.78383274 0.65323846 0.7454507  0.49970921
 0.52230277]
avg auc score: btlda 0.6487354713313896
Computing average auc score for size 13200 (out of 23)
	 interval: [0,13200] / 95040
	 interval: [13200,26400] / 95040
	 interval: [26400,39600] / 95040
	 interval: [39600,52800] / 95040
	 interval: [52800,66000] / 95040
	 interval: [66000,79200] / 95040
	 interval: [79200,92400] / 95040
[0.67747554 0.66220298 0.78277091 0.65400017 0.67626777 0.50792281
 0.54008628]
avg auc score: btlda 0.6429609208972844
Computing average auc score for size 13800 (out of 23)
	 interval: [0,13800] / 95040
	 interval: [13800,27600] / 95040
	 interval: [27600,41400] / 95040
	 interval: [41400,55200] / 95040
	 interval: [55200,69000] / 95040
	 interval: [69000,82800] / 95040
[0.67500885 0.66705074 0.78015667 0.65938042 0.59201633 0.50724491]
avg auc score: btlda 0.6468096534341524
Computing average auc score for size 14400 (out of 23)
	 interval: [0,14400] / 95040
	 interval: [14400,28800] / 95040
	 interval: [28800,43200] / 95040
	 interval: [43200,57600] / 95040
	 interval: [57600,72000] / 95040
	 interval: [72000,86400] / 95040
[0.67479444 0.67399778 0.76970542 0.66611875 0.50816306 0.51248056]
avg auc score: btlda 0.6342099999999999