Stored as "NEW_small_sizes_scores_6D.pkl"
Number of sizes: 14
Sizes: [  90  180  270  360  450  540  630  720  810  900  990 1080 1170 1260]
Step size: 90
Trials total: 1302
Epochs total: 95040
Using only epochs 0-60696 (sessions 0-10, incl. - 6D condition)
Time intervals: [0.1  0.15 0.2  0.25 0.3  0.35 0.4  0.45 0.5 ]
Computing average auc score for size 90 (out of 14)
	 interval: [0,90] / 95040
	 interval: [90,180] / 95040
	 interval: [180,270] / 95040
	 interval: [270,360] / 95040
	 interval: [360,450] / 95040
	 interval: [450,540] / 95040
	 interval: [540,630] / 95040
	 interval: [630,720] / 95040
	 interval: [720,810] / 95040
	 interval: [810,900] / 95040
	 interval: [900,990] / 95040
	 interval: [990,1080] / 95040
	 interval: [1080,1170] / 95040
	 interval: [1170,1260] / 95040
	 interval: [1260,1350] / 95040
	 interval: [1350,1440] / 95040
	 interval: [1440,1530] / 95040
	 interval: [1530,1620] / 95040
	 interval: [1620,1710] / 95040
	 interval: [1710,1800] / 95040
	 interval: [1800,1890] / 95040
	 interval: [1890,1980] / 95040
	 interval: [1980,2070] / 95040
	 interval: [2070,2160] / 95040
	 interval: [2160,2250] / 95040
	 interval: [2250,2340] / 95040
	 interval: [2340,2430] / 95040
	 interval: [2430,2520] / 95040
	 interval: [2520,2610] / 95040
	 interval: [2610,2700] / 95040
	 interval: [2700,2790] / 95040
	 interval: [2790,2880] / 95040
	 interval: [2880,2970] / 95040
	 interval: [2970,3060] / 95040
	 interval: [3060,3150] / 95040
	 interval: [3150,3240] / 95040
	 interval: [3240,3330] / 95040
	 interval: [3330,3420] / 95040
	 interval: [3420,3510] / 95040
	 interval: [3510,3600] / 95040
	 interval: [3600,3690] / 95040
	 interval: [3690,3780] / 95040
	 interval: [3780,3870] / 95040
	 interval: [3870,3960] / 95040
	 interval: [3960,4050] / 95040
	 interval: [4050,4140] / 95040
	 interval: [4140,4230] / 95040
	 interval: [4230,4320] / 95040
	 interval: [4320,4410] / 95040
	 interval: [4410,4500] / 95040
	 interval: [4500,4590] / 95040
	 interval: [4590,4680] / 95040
	 interval: [4680,4770] / 95040
	 interval: [4770,4860] / 95040
	 interval: [4860,4950] / 95040
	 interval: [4950,5040] / 95040
	 interval: [5040,5130] / 95040
	 interval: [5130,5220] / 95040
	 interval: [5220,5310] / 95040
	 interval: [5310,5400] / 95040
	 interval: [5400,5490] / 95040
	 interval: [5490,5580] / 95040
	 interval: [5580,5670] / 95040
	 interval: [5670,5760] / 95040
	 interval: [5760,5850] / 95040
	 interval: [5850,5940] / 95040
	 interval: [5940,6030] / 95040
	 interval: [6030,6120] / 95040
	 interval: [6120,6210] / 95040
	 interval: [6210,6300] / 95040
	 interval: [6300,6390] / 95040
	 interval: [6390,6480] / 95040
	 interval: [6480,6570] / 95040
	 interval: [6570,6660] / 95040
	 interval: [6660,6750] / 95040
	 interval: [6750,6840] / 95040
	 interval: [6840,6930] / 95040
	 interval: [6930,7020] / 95040
	 interval: [7020,7110] / 95040
	 interval: [7110,7200] / 95040
	 interval: [7200,7290] / 95040
	 interval: [7290,7380] / 95040
	 interval: [7380,7470] / 95040
	 interval: [7470,7560] / 95040
	 interval: [7560,7650] / 95040
	 interval: [7650,7740] / 95040
	 interval: [7740,7830] / 95040
	 interval: [7830,7920] / 95040
	 interval: [7920,8010] / 95040
	 interval: [8010,8100] / 95040
	 interval: [8100,8190] / 95040
	 interval: [8190,8280] / 95040
	 interval: [8280,8370] / 95040
	 interval: [8370,8460] / 95040
	 interval: [8460,8550] / 95040
	 interval: [8550,8640] / 95040
	 interval: [8640,8730] / 95040
	 interval: [8730,8820] / 95040
	 interval: [8820,8910] / 95040
	 interval: [8910,9000] / 95040
	 interval: [9000,9090] / 95040
	 interval: [9090,9180] / 95040
	 interval: [9180,9270] / 95040
	 interval: [9270,9360] / 95040
	 interval: [9360,9450] / 95040
	 interval: [9450,9540] / 95040
	 interval: [9540,9630] / 95040
	 interval: [9630,9720] / 95040
	 interval: [9720,9810] / 95040
	 interval: [9810,9900] / 95040
	 interval: [9900,9990] / 95040
	 interval: [9990,10080] / 95040
	 interval: [10080,10170] / 95040
	 interval: [10170,10260] / 95040
	 interval: [10260,10350] / 95040
	 interval: [10350,10440] / 95040
	 interval: [10440,10530] / 95040
	 interval: [10530,10620] / 95040
	 interval: [10620,10710] / 95040
	 interval: [10710,10800] / 95040
	 interval: [10800,10890] / 95040
	 interval: [10890,10980] / 95040
	 interval: [10980,11070] / 95040
	 interval: [11070,11160] / 95040
	 interval: [11160,11250] / 95040
	 interval: [11250,11340] / 95040
	 interval: [11340,11430] / 95040
	 interval: [11430,11520] / 95040
	 interval: [11520,11610] / 95040
	 interval: [11610,11700] / 95040
	 interval: [11700,11790] / 95040
	 interval: [11790,11880] / 95040
	 interval: [11880,11970] / 95040
	 interval: [11970,12060] / 95040
	 interval: [12060,12150] / 95040
	 interval: [12150,12240] / 95040
	 interval: [12240,12330] / 95040
	 interval: [12330,12420] / 95040
	 interval: [12420,12510] / 95040
	 interval: [12510,12600] / 95040
	 interval: [12600,12690] / 95040
	 interval: [12690,12780] / 95040
	 interval: [12780,12870] / 95040
	 interval: [12870,12960] / 95040
	 interval: [12960,13050] / 95040
	 interval: [13050,13140] / 95040
	 interval: [13140,13230] / 95040
	 interval: [13230,13320] / 95040
	 interval: [13320,13410] / 95040
	 interval: [13410,13500] / 95040
	 interval: [13500,13590] / 95040
	 interval: [13590,13680] / 95040
	 interval: [13680,13770] / 95040
	 interval: [13770,13860] / 95040
	 interval: [13860,13950] / 95040
	 interval: [13950,14040] / 95040
	 interval: [14040,14130] / 95040
	 interval: [14130,14220] / 95040
	 interval: [14220,14310] / 95040
	 interval: [14310,14400] / 95040
	 interval: [14400,14490] / 95040
	 interval: [14490,14580] / 95040
	 interval: [14580,14670] / 95040
	 interval: [14670,14760] / 95040
	 interval: [14760,14850] / 95040
	 interval: [14850,14940] / 95040
	 interval: [14940,15030] / 95040
	 interval: [15030,15120] / 95040
	 interval: [15120,15210] / 95040
	 interval: [15210,15300] / 95040
	 interval: [15300,15390] / 95040
	 interval: [15390,15480] / 95040
	 interval: [15480,15570] / 95040
	 interval: [15570,15660] / 95040
	 interval: [15660,15750] / 95040
	 interval: [15750,15840] / 95040
	 interval: [15840,15930] / 95040
	 interval: [15930,16020] / 95040
	 interval: [16020,16110] / 95040
	 interval: [16110,16200] / 95040
	 interval: [16200,16290] / 95040
	 interval: [16290,16380] / 95040
	 interval: [16380,16470] / 95040
	 interval: [16470,16560] / 95040
	 interval: [16560,16650] / 95040
	 interval: [16650,16740] / 95040
	 interval: [16740,16830] / 95040
	 interval: [16830,16920] / 95040
	 interval: [16920,17010] / 95040
	 interval: [17010,17100] / 95040
	 interval: [17100,17190] / 95040
	 interval: [17190,17280] / 95040
	 interval: [17280,17370] / 95040
	 interval: [17370,17460] / 95040
	 interval: [17460,17550] / 95040
	 interval: [17550,17640] / 95040
	 interval: [17640,17730] / 95040
	 interval: [17730,17820] / 95040
	 interval: [17820,17910] / 95040
	 interval: [17910,18000] / 95040
	 interval: [18000,18090] / 95040
	 interval: [18090,18180] / 95040
	 interval: [18180,18270] / 95040
	 interval: [18270,18360] / 95040
	 interval: [18360,18450] / 95040
	 interval: [18450,18540] / 95040
	 interval: [18540,18630] / 95040
	 interval: [18630,18720] / 95040
	 interval: [18720,18810] / 95040
	 interval: [18810,18900] / 95040
	 interval: [18900,18990] / 95040
	 interval: [18990,19080] / 95040
	 interval: [19080,19170] / 95040
	 interval: [19170,19260] / 95040
	 interval: [19260,19350] / 95040
	 interval: [19350,19440] / 95040
	 interval: [19440,19530] / 95040
	 interval: [19530,19620] / 95040
	 interval: [19620,19710] / 95040
	 interval: [19710,19800] / 95040
	 interval: [19800,19890] / 95040
	 interval: [19890,19980] / 95040
	 interval: [19980,20070] / 95040
	 interval: [20070,20160] / 95040
	 interval: [20160,20250] / 95040
	 interval: [20250,20340] / 95040
	 interval: [20340,20430] / 95040
	 interval: [20430,20520] / 95040
	 interval: [20520,20610] / 95040
	 interval: [20610,20700] / 95040
	 interval: [20700,20790] / 95040
	 interval: [20790,20880] / 95040
	 interval: [20880,20970] / 95040
	 interval: [20970,21060] / 95040
	 interval: [21060,21150] / 95040
	 interval: [21150,21240] / 95040
	 interval: [21240,21330] / 95040
	 interval: [21330,21420] / 95040
	 interval: [21420,21510] / 95040
	 interval: [21510,21600] / 95040
	 interval: [21600,21690] / 95040
	 interval: [21690,21780] / 95040
	 interval: [21780,21870] / 95040
	 interval: [21870,21960] / 95040
	 interval: [21960,22050] / 95040
	 interval: [22050,22140] / 95040
	 interval: [22140,22230] / 95040
	 interval: [22230,22320] / 95040
	 interval: [22320,22410] / 95040
	 interval: [22410,22500] / 95040
	 interval: [22500,22590] / 95040
	 interval: [22590,22680] / 95040
	 interval: [22680,22770] / 95040
	 interval: [22770,22860] / 95040
	 interval: [22860,22950] / 95040
	 interval: [22950,23040] / 95040
	 interval: [23040,23130] / 95040
	 interval: [23130,23220] / 95040
	 interval: [23220,23310] / 95040
	 interval: [23310,23400] / 95040
	 interval: [23400,23490] / 95040
	 interval: [23490,23580] / 95040
	 interval: [23580,23670] / 95040
	 interval: [23670,23760] / 95040
	 interval: [23760,23850] / 95040
	 interval: [23850,23940] / 95040
	 interval: [23940,24030] / 95040
	 interval: [24030,24120] / 95040
	 interval: [24120,24210] / 95040
	 interval: [24210,24300] / 95040
	 interval: [24300,24390] / 95040
	 interval: [24390,24480] / 95040
	 interval: [24480,24570] / 95040
	 interval: [24570,24660] / 95040
	 interval: [24660,24750] / 95040
	 interval: [24750,24840] / 95040
	 interval: [24840,24930] / 95040
	 interval: [24930,25020] / 95040
	 interval: [25020,25110] / 95040
	 interval: [25110,25200] / 95040
	 interval: [25200,25290] / 95040
	 interval: [25290,25380] / 95040
	 interval: [25380,25470] / 95040
	 interval: [25470,25560] / 95040
	 interval: [25560,25650] / 95040
	 interval: [25650,25740] / 95040
	 interval: [25740,25830] / 95040
	 interval: [25830,25920] / 95040
	 interval: [25920,26010] / 95040
	 interval: [26010,26100] / 95040
	 interval: [26100,26190] / 95040
	 interval: [26190,26280] / 95040
	 interval: [26280,26370] / 95040
	 interval: [26370,26460] / 95040
	 interval: [26460,26550] / 95040
	 interval: [26550,26640] / 95040
	 interval: [26640,26730] / 95040
	 interval: [26730,26820] / 95040
	 interval: [26820,26910] / 95040
	 interval: [26910,27000] / 95040
	 interval: [27000,27090] / 95040
	 interval: [27090,27180] / 95040
	 interval: [27180,27270] / 95040
	 interval: [27270,27360] / 95040
	 interval: [27360,27450] / 95040
	 interval: [27450,27540] / 95040
	 interval: [27540,27630] / 95040
	 interval: [27630,27720] / 95040
	 interval: [27720,27810] / 95040
	 interval: [27810,27900] / 95040
	 interval: [27900,27990] / 95040
	 interval: [27990,28080] / 95040
	 interval: [28080,28170] / 95040
	 interval: [28170,28260] / 95040
	 interval: [28260,28350] / 95040
	 interval: [28350,28440] / 95040
	 interval: [28440,28530] / 95040
	 interval: [28530,28620] / 95040
	 interval: [28620,28710] / 95040
	 interval: [28710,28800] / 95040
	 interval: [28800,28890] / 95040
	 interval: [28890,28980] / 95040
	 interval: [28980,29070] / 95040
	 interval: [29070,29160] / 95040
	 interval: [29160,29250] / 95040
	 interval: [29250,29340] / 95040
	 interval: [29340,29430] / 95040
	 interval: [29430,29520] / 95040
	 interval: [29520,29610] / 95040
	 interval: [29610,29700] / 95040
	 interval: [29700,29790] / 95040
	 interval: [29790,29880] / 95040
	 interval: [29880,29970] / 95040
	 interval: [29970,30060] / 95040
	 interval: [30060,30150] / 95040
	 interval: [30150,30240] / 95040
	 interval: [30240,30330] / 95040
	 interval: [30330,30420] / 95040
	 interval: [30420,30510] / 95040
	 interval: [30510,30600] / 95040
	 interval: [30600,30690] / 95040
	 interval: [30690,30780] / 95040
	 interval: [30780,30870] / 95040
	 interval: [30870,30960] / 95040
	 interval: [30960,31050] / 95040
	 interval: [31050,31140] / 95040
	 interval: [31140,31230] / 95040
	 interval: [31230,31320] / 95040
	 interval: [31320,31410] / 95040
	 interval: [31410,31500] / 95040
	 interval: [31500,31590] / 95040
	 interval: [31590,31680] / 95040
	 interval: [31680,31770] / 95040
	 interval: [31770,31860] / 95040
	 interval: [31860,31950] / 95040
	 interval: [31950,32040] / 95040
	 interval: [32040,32130] / 95040
	 interval: [32130,32220] / 95040
	 interval: [32220,32310] / 95040
	 interval: [32310,32400] / 95040
	 interval: [32400,32490] / 95040
	 interval: [32490,32580] / 95040
	 interval: [32580,32670] / 95040
	 interval: [32670,32760] / 95040
	 interval: [32760,32850] / 95040
	 interval: [32850,32940] / 95040
	 interval: [32940,33030] / 95040
	 interval: [33030,33120] / 95040
	 interval: [33120,33210] / 95040
	 interval: [33210,33300] / 95040
	 interval: [33300,33390] / 95040
	 interval: [33390,33480] / 95040
	 interval: [33480,33570] / 95040
	 interval: [33570,33660] / 95040
	 interval: [33660,33750] / 95040
	 interval: [33750,33840] / 95040
	 interval: [33840,33930] / 95040
	 interval: [33930,34020] / 95040
	 interval: [34020,34110] / 95040
	 interval: [34110,34200] / 95040
	 interval: [34200,34290] / 95040
	 interval: [34290,34380] / 95040
	 interval: [34380,34470] / 95040
	 interval: [34470,34560] / 95040
	 interval: [34560,34650] / 95040
	 interval: [34650,34740] / 95040
	 interval: [34740,34830] / 95040
	 interval: [34830,34920] / 95040
	 interval: [34920,35010] / 95040
	 interval: [35010,35100] / 95040
	 interval: [35100,35190] / 95040
	 interval: [35190,35280] / 95040
	 interval: [35280,35370] / 95040
	 interval: [35370,35460] / 95040
	 interval: [35460,35550] / 95040
	 interval: [35550,35640] / 95040
	 interval: [35640,35730] / 95040
	 interval: [35730,35820] / 95040
	 interval: [35820,35910] / 95040
	 interval: [35910,36000] / 95040
	 interval: [36000,36090] / 95040
	 interval: [36090,36180] / 95040
	 interval: [36180,36270] / 95040
	 interval: [36270,36360] / 95040
	 interval: [36360,36450] / 95040
	 interval: [36450,36540] / 95040
	 interval: [36540,36630] / 95040
	 interval: [36630,36720] / 95040
	 interval: [36720,36810] / 95040
	 interval: [36810,36900] / 95040
	 interval: [36900,36990] / 95040
	 interval: [36990,37080] / 95040
	 interval: [37080,37170] / 95040
	 interval: [37170,37260] / 95040
	 interval: [37260,37350] / 95040
	 interval: [37350,37440] / 95040
	 interval: [37440,37530] / 95040
	 interval: [37530,37620] / 95040
	 interval: [37620,37710] / 95040
	 interval: [37710,37800] / 95040
	 interval: [37800,37890] / 95040
	 interval: [37890,37980] / 95040
	 interval: [37980,38070] / 95040
	 interval: [38070,38160] / 95040
	 interval: [38160,38250] / 95040
	 interval: [38250,38340] / 95040
	 interval: [38340,38430] / 95040
	 interval: [38430,38520] / 95040
	 interval: [38520,38610] / 95040
	 interval: [38610,38700] / 95040
	 interval: [38700,38790] / 95040
	 interval: [38790,38880] / 95040
	 interval: [38880,38970] / 95040
	 interval: [38970,39060] / 95040
	 interval: [39060,39150] / 95040
	 interval: [39150,39240] / 95040
	 interval: [39240,39330] / 95040
	 interval: [39330,39420] / 95040
	 interval: [39420,39510] / 95040
	 interval: [39510,39600] / 95040
	 interval: [39600,39690] / 95040
	 interval: [39690,39780] / 95040
	 interval: [39780,39870] / 95040
	 interval: [39870,39960] / 95040
	 interval: [39960,40050] / 95040
	 interval: [40050,40140] / 95040
	 interval: [40140,40230] / 95040
	 interval: [40230,40320] / 95040
	 interval: [40320,40410] / 95040
	 interval: [40410,40500] / 95040
	 interval: [40500,40590] / 95040
	 interval: [40590,40680] / 95040
	 interval: [40680,40770] / 95040
	 interval: [40770,40860] / 95040
	 interval: [40860,40950] / 95040
	 interval: [40950,41040] / 95040
	 interval: [41040,41130] / 95040
	 interval: [41130,41220] / 95040
	 interval: [41220,41310] / 95040
	 interval: [41310,41400] / 95040
	 interval: [41400,41490] / 95040
	 interval: [41490,41580] / 95040
	 interval: [41580,41670] / 95040
	 interval: [41670,41760] / 95040
	 interval: [41760,41850] / 95040
	 interval: [41850,41940] / 95040
	 interval: [41940,42030] / 95040
	 interval: [42030,42120] / 95040
	 interval: [42120,42210] / 95040
	 interval: [42210,42300] / 95040
	 interval: [42300,42390] / 95040
	 interval: [42390,42480] / 95040
	 interval: [42480,42570] / 95040
	 interval: [42570,42660] / 95040
	 interval: [42660,42750] / 95040
	 interval: [42750,42840] / 95040
	 interval: [42840,42930] / 95040
	 interval: [42930,43020] / 95040
	 interval: [43020,43110] / 95040
	 interval: [43110,43200] / 95040
	 interval: [43200,43290] / 95040
	 interval: [43290,43380] / 95040
	 interval: [43380,43470] / 95040
	 interval: [43470,43560] / 95040
	 interval: [43560,43650] / 95040
	 interval: [43650,43740] / 95040
	 interval: [43740,43830] / 95040
	 interval: [43830,43920] / 95040
	 interval: [43920,44010] / 95040
	 interval: [44010,44100] / 95040
	 interval: [44100,44190] / 95040
	 interval: [44190,44280] / 95040
	 interval: [44280,44370] / 95040
	 interval: [44370,44460] / 95040
	 interval: [44460,44550] / 95040
	 interval: [44550,44640] / 95040
	 interval: [44640,44730] / 95040
	 interval: [44730,44820] / 95040
	 interval: [44820,44910] / 95040
	 interval: [44910,45000] / 95040
	 interval: [45000,45090] / 95040
	 interval: [45090,45180] / 95040
	 interval: [45180,45270] / 95040
	 interval: [45270,45360] / 95040
	 interval: [45360,45450] / 95040
	 interval: [45450,45540] / 95040
	 interval: [45540,45630] / 95040
	 interval: [45630,45720] / 95040
	 interval: [45720,45810] / 95040
	 interval: [45810,45900] / 95040
	 interval: [45900,45990] / 95040
	 interval: [45990,46080] / 95040
	 interval: [46080,46170] / 95040
	 interval: [46170,46260] / 95040
	 interval: [46260,46350] / 95040
	 interval: [46350,46440] / 95040
	 interval: [46440,46530] / 95040
	 interval: [46530,46620] / 95040
	 interval: [46620,46710] / 95040
	 interval: [46710,46800] / 95040
	 interval: [46800,46890] / 95040
	 interval: [46890,46980] / 95040
	 interval: [46980,47070] / 95040
	 interval: [47070,47160] / 95040
	 interval: [47160,47250] / 95040
	 interval: [47250,47340] / 95040
	 interval: [47340,47430] / 95040
	 interval: [47430,47520] / 95040
	 interval: [47520,47610] / 95040
	 interval: [47610,47700] / 95040
	 interval: [47700,47790] / 95040
	 interval: [47790,47880] / 95040
	 interval: [47880,47970] / 95040
	 interval: [47970,48060] / 95040
	 interval: [48060,48150] / 95040
	 interval: [48150,48240] / 95040
	 interval: [48240,48330] / 95040
	 interval: [48330,48420] / 95040
	 interval: [48420,48510] / 95040
	 interval: [48510,48600] / 95040
	 interval: [48600,48690] / 95040
	 interval: [48690,48780] / 95040
	 interval: [48780,48870] / 95040
	 interval: [48870,48960] / 95040
	 interval: [48960,49050] / 95040
	 interval: [49050,49140] / 95040
	 interval: [49140,49230] / 95040
	 interval: [49230,49320] / 95040
	 interval: [49320,49410] / 95040
	 interval: [49410,49500] / 95040
	 interval: [49500,49590] / 95040
	 interval: [49590,49680] / 95040
	 interval: [49680,49770] / 95040
	 interval: [49770,49860] / 95040
	 interval: [49860,49950] / 95040
	 interval: [49950,50040] / 95040
	 interval: [50040,50130] / 95040
	 interval: [50130,50220] / 95040
	 interval: [50220,50310] / 95040
	 interval: [50310,50400] / 95040
	 interval: [50400,50490] / 95040
	 interval: [50490,50580] / 95040
	 interval: [50580,50670] / 95040
	 interval: [50670,50760] / 95040
	 interval: [50760,50850] / 95040
	 interval: [50850,50940] / 95040
	 interval: [50940,51030] / 95040
	 interval: [51030,51120] / 95040
	 interval: [51120,51210] / 95040
	 interval: [51210,51300] / 95040
	 interval: [51300,51390] / 95040
	 interval: [51390,51480] / 95040
	 interval: [51480,51570] / 95040
	 interval: [51570,51660] / 95040
	 interval: [51660,51750] / 95040
	 interval: [51750,51840] / 95040
	 interval: [51840,51930] / 95040
	 interval: [51930,52020] / 95040
	 interval: [52020,52110] / 95040
	 interval: [52110,52200] / 95040
	 interval: [52200,52290] / 95040
	 interval: [52290,52380] / 95040
	 interval: [52380,52470] / 95040
	 interval: [52470,52560] / 95040
	 interval: [52560,52650] / 95040
	 interval: [52650,52740] / 95040
	 interval: [52740,52830] / 95040
	 interval: [52830,52920] / 95040
	 interval: [52920,53010] / 95040
	 interval: [53010,53100] / 95040
	 interval: [53100,53190] / 95040
	 interval: [53190,53280] / 95040
	 interval: [53280,53370] / 95040
	 interval: [53370,53460] / 95040
	 interval: [53460,53550] / 95040
	 interval: [53550,53640] / 95040
	 interval: [53640,53730] / 95040
	 interval: [53730,53820] / 95040
	 interval: [53820,53910] / 95040
	 interval: [53910,54000] / 95040
	 interval: [54000,54090] / 95040
	 interval: [54090,54180] / 95040
	 interval: [54180,54270] / 95040
	 interval: [54270,54360] / 95040
	 interval: [54360,54450] / 95040
	 interval: [54450,54540] / 95040
	 interval: [54540,54630] / 95040
	 interval: [54630,54720] / 95040
	 interval: [54720,54810] / 95040
	 interval: [54810,54900] / 95040
	 interval: [54900,54990] / 95040
	 interval: [54990,55080] / 95040
	 interval: [55080,55170] / 95040
	 interval: [55170,55260] / 95040
	 interval: [55260,55350] / 95040
	 interval: [55350,55440] / 95040
	 interval: [55440,55530] / 95040
	 interval: [55530,55620] / 95040
	 interval: [55620,55710] / 95040
	 interval: [55710,55800] / 95040
	 interval: [55800,55890] / 95040
	 interval: [55890,55980] / 95040
	 interval: [55980,56070] / 95040
	 interval: [56070,56160] / 95040
	 interval: [56160,56250] / 95040
	 interval: [56250,56340] / 95040
	 interval: [56340,56430] / 95040
	 interval: [56430,56520] / 95040
	 interval: [56520,56610] / 95040
	 interval: [56610,56700] / 95040
	 interval: [56700,56790] / 95040
	 interval: [56790,56880] / 95040
	 interval: [56880,56970] / 95040
	 interval: [56970,57060] / 95040
	 interval: [57060,57150] / 95040
	 interval: [57150,57240] / 95040
	 interval: [57240,57330] / 95040
	 interval: [57330,57420] / 95040
	 interval: [57420,57510] / 95040
	 interval: [57510,57600] / 95040
	 interval: [57600,57690] / 95040
	 interval: [57690,57780] / 95040
	 interval: [57780,57870] / 95040
	 interval: [57870,57960] / 95040
	 interval: [57960,58050] / 95040
	 interval: [58050,58140] / 95040
	 interval: [58140,58230] / 95040
	 interval: [58230,58320] / 95040
	 interval: [58320,58410] / 95040
	 interval: [58410,58500] / 95040
	 interval: [58500,58590] / 95040
	 interval: [58590,58680] / 95040
	 interval: [58680,58770] / 95040
	 interval: [58770,58860] / 95040
	 interval: [58860,58950] / 95040
	 interval: [58950,59040] / 95040
	 interval: [59040,59130] / 95040
	 interval: [59130,59220] / 95040
	 interval: [59220,59310] / 95040
	 interval: [59310,59400] / 95040
	 interval: [59400,59490] / 95040
	 interval: [59490,59580] / 95040
	 interval: [59580,59670] / 95040
	 interval: [59670,59760] / 95040
	 interval: [59760,59850] / 95040
	 interval: [59850,59940] / 95040
	 interval: [59940,60030] / 95040
	 interval: [60030,60120] / 95040
	 interval: [60120,60210] / 95040
	 interval: [60210,60300] / 95040
	 interval: [60300,60390] / 95040
	 interval: [60390,60480] / 95040
	 interval: [60480,60570] / 95040
	 interval: [60570,60660] / 95040
[0.79550439 0.50383772 0.37792398 0.59886696 0.64674708 0.49049708
 0.68622076 0.47788743 0.46162281 0.49013158 0.28965643 0.61604532
 0.42251462 0.51699561 0.46363304 0.73665936 0.39327485 0.56451023
 0.39766082 0.68823099 0.61769006 0.53636696 0.62609649 0.45486111
 0.52631579 0.3629386  0.48629386 0.49506579 0.38267544 0.40917398
 0.5628655  0.69024123 0.62682749 0.46491228 0.71217105 0.66739766
 0.49707602 0.81871345 0.47715643 0.56560673 0.54824561 0.63212719
 0.63505117 0.54714912 0.63578216 0.41136696 0.59868421 0.6931652
 0.54550439 0.48775585 0.66849415 0.56231725 0.68256579 0.56633772
 0.35690789 0.27997076 0.75840643 0.70705409 0.59795322 0.58077485
 0.51096491 0.48976608 0.53198099 0.66849415 0.64290936 0.45869883
 0.40113304 0.62134503 0.7880117  0.70888158 0.6058114  0.6434576
 0.35672515 0.42434211 0.63377193 0.31980994 0.6622807  0.39802632
 0.53198099 0.66173246 0.70997807 0.44682018 0.85818713 0.60727339
 0.45815058 0.54989035 0.40241228 0.58296784 0.82108918 0.86366959
 0.64491959 0.57419591 0.66776316 0.68475877 0.69060673 0.76754386
 0.73519737 0.37024854 0.80866228 0.62372076 0.58516082 0.66337719
 0.62554825 0.55171784 0.51352339 0.59247076 0.71034357 0.45869883
 0.63249269 0.69444444 0.6122076  0.64656433 0.73885234 0.65771199
 0.54459064 0.5681652  0.50804094 0.58114035 0.81432749 0.72368421
 0.56122076 0.52595029 0.37353801 0.59740497 0.53709795 0.59904971
 0.49524854 0.6058114  0.54678363 0.39656433 0.43896199 0.68457602
 0.58845029 0.71893275 0.5127924  0.50785819 0.55902778 0.63267544
 0.5749269  0.33114035 0.54020468 0.79641813 0.51334064 0.4815424
 0.68804825 0.55153509 0.88669591 0.47660819 0.44444444 0.68165205
 0.57858187 0.8192617  0.73373538 0.4751462  0.31962719 0.75073099
 0.53490497 0.62810673 0.71107456 0.39747807 0.82748538 0.69901316
 0.5557383  0.5067617  0.74122807 0.75493421 0.65168129 0.71856725
 0.68658626 0.64053363 0.65387427 0.73245614 0.55628655 0.76553363
 0.62682749 0.24122807 0.73574561 0.64217836 0.62609649 0.8380848
 0.51717836 0.4438962  0.51864035 0.86732456 0.8000731  0.6505848
 0.67817982 0.35252193 0.72770468 0.72697368 0.70065789 0.65515351
 0.7308114  0.63559942 0.62755848 0.56670322 0.66429094 0.69060673
 0.50201023 0.6622807  0.74671053 0.67817982 0.71619152 0.52046784
 0.89656433 0.7059576  0.70614035 0.73866959 0.56706871 0.49890351
 0.66319444 0.68201754 0.74981725 0.81341374 0.81268275 0.75073099
 0.49671053 0.51644737 0.53618421 0.67233187 0.59064327 0.70504386
 0.66885965 0.74031433 0.59119152 0.80153509 0.63029971 0.59484649
 0.58607456 0.44901316 0.60252193 0.67160088 0.76754386 0.34429825
 0.40844298 0.67635234 0.70102339 0.81085526 0.58625731 0.66666667
 0.69444444 0.59247076 0.62225877 0.64473684 0.41429094 0.8441155
 0.72843567 0.68987573 0.58717105 0.63212719 0.65917398 0.58333333
 0.53600146 0.79166667 0.67945906 0.65405702 0.50950292 0.73866959
 0.66520468 0.65935673 0.8693348  0.64565058 0.69919591 0.77156433
 0.52741228 0.61695906 0.84356725 0.65734649 0.82291667 0.72843567
 0.55921053 0.52923977 0.65935673 0.53600146 0.68165205 0.51169591
 0.43622076 0.60343567 0.66684942 0.58223684 0.44170322 0.69828216
 0.67415936 0.68475877 0.61641082 0.7496345  0.58461257 0.45084064
 0.61001462 0.54989035 0.66959064 0.67817982 0.71893275 0.67562135
 0.43366228 0.58040936 0.63358918 0.51480263 0.66885965 0.74890351
 0.42233187 0.62408626 0.43274854 0.44627193 0.68256579 0.47715643
 0.49890351 0.8249269  0.66666667 0.62646199 0.40734649 0.64181287
 0.39053363 0.47130848 0.44700292 0.51498538 0.70741959 0.54385965
 0.74908626 0.75091374 0.3998538  0.77320906 0.50785819 0.7688231
 0.65570175 0.71564327 0.6505848  0.39437135 0.51078216 0.76023392
 0.72624269 0.71345029 0.56907895 0.23994883 0.4247076  0.58223684
 0.71637427 0.79788012 0.45522661 0.80336257 0.58114035 0.62755848
 0.54623538 0.74634503 0.79495614 0.39747807 0.6253655  0.59594298
 0.58150585 0.67086988 0.68823099 0.52138158 0.87043129 0.72934942
 0.79788012 0.49488304 0.68293129 0.61330409 0.54203216 0.5
 0.57383041 0.86970029 0.66684942 0.65752924 0.64071637 0.73574561
 0.67141813 0.5003655  0.61951754 0.35032895 0.68165205 0.56597222
 0.54002193 0.49908626 0.50529971 0.83479532 0.39163012 0.54696637
 0.56743421 0.69078947 0.58388158 0.65095029 0.41502193 0.63523392
 0.56067251 0.59886696 0.6186038  0.35179094 0.85398392 0.57163743
 0.36458333 0.55756579 0.27905702 0.27083333 0.8813962  0.67690058
 0.39016813 0.60215643 0.65734649 0.86769006 0.62317251 0.7684576
 0.38029971 0.49305556 0.64364035 0.66812865 0.62390351 0.81688596
 0.67817982 0.54513889 0.4996345  0.45888158 0.56231725 0.66520468
 0.8121345  0.71564327 0.55902778 0.62609649 0.67214912 0.47532895
 0.40643275 0.60983187 0.69535819 0.63322368 0.44608918 0.62171053
 0.51297515 0.62207602 0.53618421 0.51260965 0.60709064 0.63432018
 0.50255848 0.55701754 0.77777778 0.76973684 0.69188596 0.4307383
 0.73227339 0.67379386 0.39089912 0.43603801 0.87390351 0.53033626
 0.45230263 0.6626462  0.66282895 0.75438596 0.61111111 0.67233187
 0.50182749 0.72002924 0.66337719 0.65643275 0.72605994 0.6875
 0.60709064 0.80847953 0.35471491 0.6061769  0.63029971 0.54915936
 0.53929094 0.52997076 0.5316155  0.44535819 0.50073099 0.6193348
 0.57182018 0.74616228 0.47843567 0.45741959 0.58461257 0.59996345
 0.53892544 0.36312135 0.43457602 0.61787281 0.73190789 0.47057749
 0.32291667 0.27156433 0.68220029 0.46747076 0.72423246 0.7567617
 0.58187135 0.46454678 0.6129386  0.73227339 0.73391813 0.48976608
 0.64272661 0.35910088 0.40789474 0.73940058 0.63888889 0.64053363
 0.59502924 0.58570906 0.47569444 0.42434211 0.64364035 0.48501462
 0.67836257 0.76699561 0.70504386 0.68530702 0.69846491 0.67415936
 0.72203947 0.79842836 0.53600146 0.69243421 0.88340643 0.54989035
 0.65168129 0.63505117 0.78965643 0.63157895 0.61677632 0.76699561
 0.57273392 0.73885234 0.51864035 0.49543129 0.59301901 0.57913012
 0.58899854 0.4066155  0.69279971 0.53271199 0.5816886  0.45942982
 0.57419591 0.54513889 0.6630117  0.82145468 0.56432749 0.5380117
 0.72076023 0.55628655 0.72587719 0.82730263 0.54897661 0.55592105
 0.54020468 0.57437865 0.57821637 0.6189693  0.62116228 0.48026316
 0.73684211 0.60983187 0.85416667 0.7556652  0.72697368 0.7183845
 0.69590643 0.60964912 0.51973684 0.53618421 0.57401316 0.58296784
 0.50950292 0.47076023 0.62335526 0.6434576  0.70266813 0.69407895
 0.74305556 0.73739035 0.55902778 0.80098684 0.3806652  0.65241228
 0.78563596 0.69645468 0.70778509 0.44590643 0.53618421 0.58260234
 0.68823099 0.57693713 0.65515351 0.68256579 0.70010965 0.70961257
 0.33260234 0.78746345 0.50255848 0.72331871 0.6807383  0.51516813
 0.5994152  0.45175439 0.74488304 0.63432018 0.35727339 0.80025585
 0.64565058 0.75694444 0.78855994 0.71856725 0.68676901 0.68055556
 0.6935307  0.52192982 0.58040936 0.52412281 0.51005117 0.63413743
 0.80555556 0.73611111 0.69152047 0.36750731 0.47222222 0.52156433
 0.64181287 0.85562865 0.70010965 0.69663743 0.62335526 0.64254386
 0.33607456 0.70851608 0.73446637 0.53490497 0.58223684 0.66739766
 0.59502924 0.59247076 0.64364035 0.92726608 0.70193713 0.5376462
 0.5308845  0.70339912 0.6630117  0.75712719 0.67525585 0.6058114
 0.57803363 0.65551901 0.74853801 0.40551901 0.66666667 0.87481725
 0.77887427 0.6498538  0.75146199 0.56578947 0.4683845  0.46984649
 0.48739035 0.73940058 0.70467836 0.51114766 0.53143275 0.77869152
 0.70577485 0.5244883  0.55921053 0.5436769  0.69024123 0.50877193
 0.45157164 0.59959795 0.74013158 0.50274123 0.74104532 0.44152047
 0.26937135 0.44152047]
avg auc score: btlda 0.6080838300622973
Computing average auc score for size 180 (out of 14)
	 interval: [0,180] / 95040
	 interval: [180,360] / 95040
	 interval: [360,540] / 95040
	 interval: [540,720] / 95040
	 interval: [720,900] / 95040
	 interval: [900,1080] / 95040
	 interval: [1080,1260] / 95040
	 interval: [1260,1440] / 95040
	 interval: [1440,1620] / 95040
	 interval: [1620,1800] / 95040
	 interval: [1800,1980] / 95040
	 interval: [1980,2160] / 95040
	 interval: [2160,2340] / 95040
	 interval: [2340,2520] / 95040
	 interval: [2520,2700] / 95040
	 interval: [2700,2880] / 95040
	 interval: [2880,3060] / 95040
	 interval: [3060,3240] / 95040
	 interval: [3240,3420] / 95040
	 interval: [3420,3600] / 95040
	 interval: [3600,3780] / 95040
	 interval: [3780,3960] / 95040
	 interval: [3960,4140] / 95040
	 interval: [4140,4320] / 95040
	 interval: [4320,4500] / 95040
	 interval: [4500,4680] / 95040
	 interval: [4680,4860] / 95040
	 interval: [4860,5040] / 95040
	 interval: [5040,5220] / 95040
	 interval: [5220,5400] / 95040
	 interval: [5400,5580] / 95040
	 interval: [5580,5760] / 95040
	 interval: [5760,5940] / 95040
	 interval: [5940,6120] / 95040
	 interval: [6120,6300] / 95040
	 interval: [6300,6480] / 95040
	 interval: [6480,6660] / 95040
	 interval: [6660,6840] / 95040
	 interval: [6840,7020] / 95040
	 interval: [7020,7200] / 95040
	 interval: [7200,7380] / 95040
	 interval: [7380,7560] / 95040
	 interval: [7560,7740] / 95040
	 interval: [7740,7920] / 95040
	 interval: [7920,8100] / 95040
	 interval: [8100,8280] / 95040
	 interval: [8280,8460] / 95040
	 interval: [8460,8640] / 95040
	 interval: [8640,8820] / 95040
	 interval: [8820,9000] / 95040
	 interval: [9000,9180] / 95040
	 interval: [9180,9360] / 95040
	 interval: [9360,9540] / 95040
	 interval: [9540,9720] / 95040
	 interval: [9720,9900] / 95040
	 interval: [9900,10080] / 95040
	 interval: [10080,10260] / 95040
	 interval: [10260,10440] / 95040
	 interval: [10440,10620] / 95040
	 interval: [10620,10800] / 95040
	 interval: [10800,10980] / 95040
	 interval: [10980,11160] / 95040
	 interval: [11160,11340] / 95040
	 interval: [11340,11520] / 95040
	 interval: [11520,11700] / 95040
	 interval: [11700,11880] / 95040
	 interval: [11880,12060] / 95040
	 interval: [12060,12240] / 95040
	 interval: [12240,12420] / 95040
	 interval: [12420,12600] / 95040
	 interval: [12600,12780] / 95040
	 interval: [12780,12960] / 95040
	 interval: [12960,13140] / 95040
	 interval: [13140,13320] / 95040
	 interval: [13320,13500] / 95040
	 interval: [13500,13680] / 95040
	 interval: [13680,13860] / 95040
	 interval: [13860,14040] / 95040
	 interval: [14040,14220] / 95040
	 interval: [14220,14400] / 95040
	 interval: [14400,14580] / 95040
	 interval: [14580,14760] / 95040
	 interval: [14760,14940] / 95040
	 interval: [14940,15120] / 95040
	 interval: [15120,15300] / 95040
	 interval: [15300,15480] / 95040
	 interval: [15480,15660] / 95040
	 interval: [15660,15840] / 95040
	 interval: [15840,16020] / 95040
	 interval: [16020,16200] / 95040
	 interval: [16200,16380] / 95040
	 interval: [16380,16560] / 95040
	 interval: [16560,16740] / 95040
	 interval: [16740,16920] / 95040
	 interval: [16920,17100] / 95040
	 interval: [17100,17280] / 95040
	 interval: [17280,17460] / 95040
	 interval: [17460,17640] / 95040
	 interval: [17640,17820] / 95040
	 interval: [17820,18000] / 95040
	 interval: [18000,18180] / 95040
	 interval: [18180,18360] / 95040
	 interval: [18360,18540] / 95040
	 interval: [18540,18720] / 95040
	 interval: [18720,18900] / 95040
	 interval: [18900,19080] / 95040
	 interval: [19080,19260] / 95040
	 interval: [19260,19440] / 95040
	 interval: [19440,19620] / 95040
	 interval: [19620,19800] / 95040
	 interval: [19800,19980] / 95040
	 interval: [19980,20160] / 95040
	 interval: [20160,20340] / 95040
	 interval: [20340,20520] / 95040
	 interval: [20520,20700] / 95040
	 interval: [20700,20880] / 95040
	 interval: [20880,21060] / 95040
	 interval: [21060,21240] / 95040
	 interval: [21240,21420] / 95040
	 interval: [21420,21600] / 95040
	 interval: [21600,21780] / 95040
	 interval: [21780,21960] / 95040
	 interval: [21960,22140] / 95040
	 interval: [22140,22320] / 95040
	 interval: [22320,22500] / 95040
	 interval: [22500,22680] / 95040
	 interval: [22680,22860] / 95040
	 interval: [22860,23040] / 95040
	 interval: [23040,23220] / 95040
	 interval: [23220,23400] / 95040
	 interval: [23400,23580] / 95040
	 interval: [23580,23760] / 95040
	 interval: [23760,23940] / 95040
	 interval: [23940,24120] / 95040
	 interval: [24120,24300] / 95040
	 interval: [24300,24480] / 95040
	 interval: [24480,24660] / 95040
	 interval: [24660,24840] / 95040
	 interval: [24840,25020] / 95040
	 interval: [25020,25200] / 95040
	 interval: [25200,25380] / 95040
	 interval: [25380,25560] / 95040
	 interval: [25560,25740] / 95040
	 interval: [25740,25920] / 95040
	 interval: [25920,26100] / 95040
	 interval: [26100,26280] / 95040
	 interval: [26280,26460] / 95040
	 interval: [26460,26640] / 95040
	 interval: [26640,26820] / 95040
	 interval: [26820,27000] / 95040
	 interval: [27000,27180] / 95040
	 interval: [27180,27360] / 95040
	 interval: [27360,27540] / 95040
	 interval: [27540,27720] / 95040
	 interval: [27720,27900] / 95040
	 interval: [27900,28080] / 95040
	 interval: [28080,28260] / 95040
	 interval: [28260,28440] / 95040
	 interval: [28440,28620] / 95040
	 interval: [28620,28800] / 95040
	 interval: [28800,28980] / 95040
	 interval: [28980,29160] / 95040
	 interval: [29160,29340] / 95040
	 interval: [29340,29520] / 95040
	 interval: [29520,29700] / 95040
	 interval: [29700,29880] / 95040
	 interval: [29880,30060] / 95040
	 interval: [30060,30240] / 95040
	 interval: [30240,30420] / 95040
	 interval: [30420,30600] / 95040
	 interval: [30600,30780] / 95040
	 interval: [30780,30960] / 95040
	 interval: [30960,31140] / 95040
	 interval: [31140,31320] / 95040
	 interval: [31320,31500] / 95040
	 interval: [31500,31680] / 95040
	 interval: [31680,31860] / 95040
	 interval: [31860,32040] / 95040
	 interval: [32040,32220] / 95040
	 interval: [32220,32400] / 95040
	 interval: [32400,32580] / 95040
	 interval: [32580,32760] / 95040
	 interval: [32760,32940] / 95040
	 interval: [32940,33120] / 95040
	 interval: [33120,33300] / 95040
	 interval: [33300,33480] / 95040
	 interval: [33480,33660] / 95040
	 interval: [33660,33840] / 95040
	 interval: [33840,34020] / 95040
	 interval: [34020,34200] / 95040
	 interval: [34200,34380] / 95040
	 interval: [34380,34560] / 95040
	 interval: [34560,34740] / 95040
	 interval: [34740,34920] / 95040
	 interval: [34920,35100] / 95040
	 interval: [35100,35280] / 95040
	 interval: [35280,35460] / 95040
	 interval: [35460,35640] / 95040
	 interval: [35640,35820] / 95040
	 interval: [35820,36000] / 95040
	 interval: [36000,36180] / 95040
	 interval: [36180,36360] / 95040
	 interval: [36360,36540] / 95040
	 interval: [36540,36720] / 95040
	 interval: [36720,36900] / 95040
	 interval: [36900,37080] / 95040
	 interval: [37080,37260] / 95040
	 interval: [37260,37440] / 95040
	 interval: [37440,37620] / 95040
	 interval: [37620,37800] / 95040
	 interval: [37800,37980] / 95040
	 interval: [37980,38160] / 95040
	 interval: [38160,38340] / 95040
	 interval: [38340,38520] / 95040
	 interval: [38520,38700] / 95040
	 interval: [38700,38880] / 95040
	 interval: [38880,39060] / 95040
	 interval: [39060,39240] / 95040
	 interval: [39240,39420] / 95040
	 interval: [39420,39600] / 95040
	 interval: [39600,39780] / 95040
	 interval: [39780,39960] / 95040
	 interval: [39960,40140] / 95040
	 interval: [40140,40320] / 95040
	 interval: [40320,40500] / 95040
	 interval: [40500,40680] / 95040
	 interval: [40680,40860] / 95040
	 interval: [40860,41040] / 95040
	 interval: [41040,41220] / 95040
	 interval: [41220,41400] / 95040
	 interval: [41400,41580] / 95040
	 interval: [41580,41760] / 95040
	 interval: [41760,41940] / 95040
	 interval: [41940,42120] / 95040
	 interval: [42120,42300] / 95040
	 interval: [42300,42480] / 95040
	 interval: [42480,42660] / 95040
	 interval: [42660,42840] / 95040
	 interval: [42840,43020] / 95040
	 interval: [43020,43200] / 95040
	 interval: [43200,43380] / 95040
	 interval: [43380,43560] / 95040
	 interval: [43560,43740] / 95040
	 interval: [43740,43920] / 95040
	 interval: [43920,44100] / 95040
	 interval: [44100,44280] / 95040
	 interval: [44280,44460] / 95040
	 interval: [44460,44640] / 95040
	 interval: [44640,44820] / 95040
	 interval: [44820,45000] / 95040
	 interval: [45000,45180] / 95040
	 interval: [45180,45360] / 95040
	 interval: [45360,45540] / 95040
	 interval: [45540,45720] / 95040
	 interval: [45720,45900] / 95040
	 interval: [45900,46080] / 95040
	 interval: [46080,46260] / 95040
	 interval: [46260,46440] / 95040
	 interval: [46440,46620] / 95040
	 interval: [46620,46800] / 95040
	 interval: [46800,46980] / 95040
	 interval: [46980,47160] / 95040
	 interval: [47160,47340] / 95040
	 interval: [47340,47520] / 95040
	 interval: [47520,47700] / 95040
	 interval: [47700,47880] / 95040
	 interval: [47880,48060] / 95040
	 interval: [48060,48240] / 95040
	 interval: [48240,48420] / 95040
	 interval: [48420,48600] / 95040
	 interval: [48600,48780] / 95040
	 interval: [48780,48960] / 95040
	 interval: [48960,49140] / 95040
	 interval: [49140,49320] / 95040
	 interval: [49320,49500] / 95040
	 interval: [49500,49680] / 95040
	 interval: [49680,49860] / 95040
	 interval: [49860,50040] / 95040
	 interval: [50040,50220] / 95040
	 interval: [50220,50400] / 95040
	 interval: [50400,50580] / 95040
	 interval: [50580,50760] / 95040
	 interval: [50760,50940] / 95040
	 interval: [50940,51120] / 95040
	 interval: [51120,51300] / 95040
	 interval: [51300,51480] / 95040
	 interval: [51480,51660] / 95040
	 interval: [51660,51840] / 95040
	 interval: [51840,52020] / 95040
	 interval: [52020,52200] / 95040
	 interval: [52200,52380] / 95040
	 interval: [52380,52560] / 95040
	 interval: [52560,52740] / 95040
	 interval: [52740,52920] / 95040
	 interval: [52920,53100] / 95040
	 interval: [53100,53280] / 95040
	 interval: [53280,53460] / 95040
	 interval: [53460,53640] / 95040
	 interval: [53640,53820] / 95040
	 interval: [53820,54000] / 95040
	 interval: [54000,54180] / 95040
	 interval: [54180,54360] / 95040
	 interval: [54360,54540] / 95040
	 interval: [54540,54720] / 95040
	 interval: [54720,54900] / 95040
	 interval: [54900,55080] / 95040
	 interval: [55080,55260] / 95040
	 interval: [55260,55440] / 95040
	 interval: [55440,55620] / 95040
	 interval: [55620,55800] / 95040
	 interval: [55800,55980] / 95040
	 interval: [55980,56160] / 95040
	 interval: [56160,56340] / 95040
	 interval: [56340,56520] / 95040
	 interval: [56520,56700] / 95040
	 interval: [56700,56880] / 95040
	 interval: [56880,57060] / 95040
	 interval: [57060,57240] / 95040
	 interval: [57240,57420] / 95040
	 interval: [57420,57600] / 95040
	 interval: [57600,57780] / 95040
	 interval: [57780,57960] / 95040
	 interval: [57960,58140] / 95040
	 interval: [58140,58320] / 95040
	 interval: [58320,58500] / 95040
	 interval: [58500,58680] / 95040
	 interval: [58680,58860] / 95040
	 interval: [58860,59040] / 95040
	 interval: [59040,59220] / 95040
	 interval: [59220,59400] / 95040
	 interval: [59400,59580] / 95040
	 interval: [59580,59760] / 95040
	 interval: [59760,59940] / 95040
	 interval: [59940,60120] / 95040
	 interval: [60120,60300] / 95040
	 interval: [60300,60480] / 95040
	 interval: [60480,60660] / 95040
[0.64028526 0.58853002 0.63216953 0.56302708 0.52249924 0.4573829
 0.45944676 0.50493421 0.58275757 0.61988798 0.66341953 0.46589235
 0.38095661 0.56225234 0.55235216 0.64625457 0.67813326 0.68231178
 0.61117532 0.5312246  0.53789245 0.63062005 0.55336822 0.59682356
 0.63654491 0.43518848 0.58501194 0.45203592 0.74316069 0.64674355
 0.48053622 0.48804232 0.61136583 0.50589946 0.77081005 0.57481965
 0.54707504 0.41002845 0.70065789 0.64292065 0.64758814 0.73474014
 0.55410486 0.54139784 0.75441348 0.58672653 0.63230924 0.72421764
 0.53346627 0.7006706  0.65209053 0.55285384 0.69994031 0.62776875
 0.72021058 0.77432813 0.58251626 0.69314545 0.63301412 0.83766638
 0.4820857  0.51078922 0.69623806 0.57702957 0.51469468 0.57199375
 0.64544173 0.63333164 0.68542979 0.55938834 0.82575315 0.58244005
 0.66484835 0.73526722 0.62247892 0.64706106 0.58558347 0.55032641
 0.6676171  0.54475716 0.6799431  0.56468452 0.67907311 0.70626524
 0.52399157 0.73810582 0.69878455 0.50988112 0.71831183 0.72387472
 0.54808474 0.74831716 0.7925536  0.61108007 0.84505182 0.76050345
 0.59739509 0.60093858 0.66733134 0.57444498 0.76999721 0.71887701
 0.80828973 0.59516612 0.65106178 0.80783885 0.76623781 0.76351351
 0.39162518 0.50970966 0.58057305 0.79085171 0.52985928 0.68711898
 0.62178038 0.61661756 0.69355822 0.74451331 0.76036375 0.49157946
 0.60807001 0.63358565 0.71367608 0.72940586 0.77516003 0.54154389
 0.52516003 0.68680781 0.62890546 0.60384068 0.68085755 0.8248006
 0.471614   0.66014911 0.83585653 0.61167065 0.54127083 0.50793792
 0.53088168 0.72412873 0.5975221  0.63201077 0.74013793 0.5898763
 0.61984353 0.618402   0.47976148 0.59890647 0.67506604 0.65711365
 0.63389047 0.63526214 0.69057991 0.73369869 0.77201026 0.75837609
 0.52724294 0.52446784 0.66373069 0.68121952 0.67852063 0.54163915
 0.76908276 0.56743421 0.56683093 0.81081081 0.52500762 0.64214591
 0.73967435 0.69017984 0.73621342 0.69924812 0.70151519 0.71245682
 0.72946302 0.58112553 0.87399665 0.63851351 0.56922501 0.61611588
 0.8058004  0.82307966 0.78031015 0.68422958 0.52876702 0.68541709
 0.47410333 0.69397734 0.42104628 0.63616389 0.63064545 0.61800828
 0.4280888  0.62430781 0.73834713 0.4328198  0.52778907 0.79266155
 0.48627058 0.72580522 0.72416049 0.62442212 0.55548288 0.61786857
 0.64431137 0.56061395 0.62124695 0.62583824 0.63890088 0.68193076
 0.49575163 0.63943431 0.56232219 0.55670849 0.42856508 0.66460704
 0.70068965 0.79131528 0.48409876 0.69387574 0.56326204 0.78413305
 0.57509907 0.79161375 0.64091394 0.56598633 0.58444041 0.67448181
 0.69258662 0.69350107 0.64927733 0.55428267 0.50069219 0.46621622
 0.73691196 0.40763437 0.67112884 0.40971093 0.52759856 0.62529212
 0.4687373  0.52023217 0.73924253 0.58547551 0.58059846 0.68783022
 0.7348227  0.71772125 0.54932305 0.64904872 0.60122434 0.54506833
 0.64981076 0.57173339 0.66155253 0.64230466 0.60646972 0.62115805
 0.59169884 0.72654821 0.71988036 0.7149652  0.52380741 0.65008382
 0.7216775  0.62388869 0.49238595 0.62387599 0.76799685 0.6249238
 0.60154821 0.83502464 0.59140038 0.64990602 0.57709942 0.61649055
 0.76411045 0.87248527 0.79564621 0.62442212 0.74274157 0.70875457
 0.53118015 0.77890673 0.75159393 0.71816577 0.55861359 0.50325137
 0.73052352 0.69364712 0.61763361 0.69708266 0.56392883 0.74970153
 0.57370199 0.61456005 0.71829913 0.76277687 0.68233718 0.79882138
 0.77893213 0.79411578 0.70895143 0.61710653 0.76806035 0.55825798
 0.83517705 0.67296408 0.50015876 0.70864662 0.65626905 0.73847414
 0.54648445 0.62712736 0.70697013 0.54940561 0.85315485 0.67749822
 0.78184693 0.66077779 0.59716648 0.53678114 0.60024004 0.75699172
 0.8229336  0.55272683 0.47778018 0.47707529 0.64349218 0.69024334
 0.66420697 0.57711212 0.75460399 0.64896617 0.72279516 0.65130944
 0.50702982]
avg auc score: btlda 0.6372295963161573
Computing average auc score for size 270 (out of 14)
	 interval: [0,270] / 95040
	 interval: [270,540] / 95040
	 interval: [540,810] / 95040
	 interval: [810,1080] / 95040
	 interval: [1080,1350] / 95040
	 interval: [1350,1620] / 95040
	 interval: [1620,1890] / 95040
	 interval: [1890,2160] / 95040
	 interval: [2160,2430] / 95040
	 interval: [2430,2700] / 95040
	 interval: [2700,2970] / 95040
	 interval: [2970,3240] / 95040
	 interval: [3240,3510] / 95040
	 interval: [3510,3780] / 95040
	 interval: [3780,4050] / 95040
	 interval: [4050,4320] / 95040
	 interval: [4320,4590] / 95040
	 interval: [4590,4860] / 95040
	 interval: [4860,5130] / 95040
	 interval: [5130,5400] / 95040
	 interval: [5400,5670] / 95040
	 interval: [5670,5940] / 95040
	 interval: [5940,6210] / 95040
	 interval: [6210,6480] / 95040
	 interval: [6480,6750] / 95040
	 interval: [6750,7020] / 95040
	 interval: [7020,7290] / 95040
	 interval: [7290,7560] / 95040
	 interval: [7560,7830] / 95040
	 interval: [7830,8100] / 95040
	 interval: [8100,8370] / 95040
	 interval: [8370,8640] / 95040
	 interval: [8640,8910] / 95040
	 interval: [8910,9180] / 95040
	 interval: [9180,9450] / 95040
	 interval: [9450,9720] / 95040
	 interval: [9720,9990] / 95040
	 interval: [9990,10260] / 95040
	 interval: [10260,10530] / 95040
	 interval: [10530,10800] / 95040
	 interval: [10800,11070] / 95040
	 interval: [11070,11340] / 95040
	 interval: [11340,11610] / 95040
	 interval: [11610,11880] / 95040
	 interval: [11880,12150] / 95040
	 interval: [12150,12420] / 95040
	 interval: [12420,12690] / 95040
	 interval: [12690,12960] / 95040
	 interval: [12960,13230] / 95040
	 interval: [13230,13500] / 95040
	 interval: [13500,13770] / 95040
	 interval: [13770,14040] / 95040
	 interval: [14040,14310] / 95040
	 interval: [14310,14580] / 95040
	 interval: [14580,14850] / 95040
	 interval: [14850,15120] / 95040
	 interval: [15120,15390] / 95040
	 interval: [15390,15660] / 95040
	 interval: [15660,15930] / 95040
	 interval: [15930,16200] / 95040
	 interval: [16200,16470] / 95040
	 interval: [16470,16740] / 95040
	 interval: [16740,17010] / 95040
	 interval: [17010,17280] / 95040
	 interval: [17280,17550] / 95040
	 interval: [17550,17820] / 95040
	 interval: [17820,18090] / 95040
	 interval: [18090,18360] / 95040
	 interval: [18360,18630] / 95040
	 interval: [18630,18900] / 95040
	 interval: [18900,19170] / 95040
	 interval: [19170,19440] / 95040
	 interval: [19440,19710] / 95040
	 interval: [19710,19980] / 95040
	 interval: [19980,20250] / 95040
	 interval: [20250,20520] / 95040
	 interval: [20520,20790] / 95040
	 interval: [20790,21060] / 95040
	 interval: [21060,21330] / 95040
	 interval: [21330,21600] / 95040
	 interval: [21600,21870] / 95040
	 interval: [21870,22140] / 95040
	 interval: [22140,22410] / 95040
	 interval: [22410,22680] / 95040
	 interval: [22680,22950] / 95040
	 interval: [22950,23220] / 95040
	 interval: [23220,23490] / 95040
	 interval: [23490,23760] / 95040
	 interval: [23760,24030] / 95040
	 interval: [24030,24300] / 95040
	 interval: [24300,24570] / 95040
	 interval: [24570,24840] / 95040
	 interval: [24840,25110] / 95040
	 interval: [25110,25380] / 95040
	 interval: [25380,25650] / 95040
	 interval: [25650,25920] / 95040
	 interval: [25920,26190] / 95040
	 interval: [26190,26460] / 95040
	 interval: [26460,26730] / 95040
	 interval: [26730,27000] / 95040
	 interval: [27000,27270] / 95040
	 interval: [27270,27540] / 95040
	 interval: [27540,27810] / 95040
	 interval: [27810,28080] / 95040
	 interval: [28080,28350] / 95040
	 interval: [28350,28620] / 95040
	 interval: [28620,28890] / 95040
	 interval: [28890,29160] / 95040
	 interval: [29160,29430] / 95040
	 interval: [29430,29700] / 95040
	 interval: [29700,29970] / 95040
	 interval: [29970,30240] / 95040
	 interval: [30240,30510] / 95040
	 interval: [30510,30780] / 95040
	 interval: [30780,31050] / 95040
	 interval: [31050,31320] / 95040
	 interval: [31320,31590] / 95040
	 interval: [31590,31860] / 95040
	 interval: [31860,32130] / 95040
	 interval: [32130,32400] / 95040
	 interval: [32400,32670] / 95040
	 interval: [32670,32940] / 95040
	 interval: [32940,33210] / 95040
	 interval: [33210,33480] / 95040
	 interval: [33480,33750] / 95040
	 interval: [33750,34020] / 95040
	 interval: [34020,34290] / 95040
	 interval: [34290,34560] / 95040
	 interval: [34560,34830] / 95040
	 interval: [34830,35100] / 95040
	 interval: [35100,35370] / 95040
	 interval: [35370,35640] / 95040
	 interval: [35640,35910] / 95040
	 interval: [35910,36180] / 95040
	 interval: [36180,36450] / 95040
	 interval: [36450,36720] / 95040
	 interval: [36720,36990] / 95040
	 interval: [36990,37260] / 95040
	 interval: [37260,37530] / 95040
	 interval: [37530,37800] / 95040
	 interval: [37800,38070] / 95040
	 interval: [38070,38340] / 95040
	 interval: [38340,38610] / 95040
	 interval: [38610,38880] / 95040
	 interval: [38880,39150] / 95040
	 interval: [39150,39420] / 95040
	 interval: [39420,39690] / 95040
	 interval: [39690,39960] / 95040
	 interval: [39960,40230] / 95040
	 interval: [40230,40500] / 95040
	 interval: [40500,40770] / 95040
	 interval: [40770,41040] / 95040
	 interval: [41040,41310] / 95040
	 interval: [41310,41580] / 95040
	 interval: [41580,41850] / 95040
	 interval: [41850,42120] / 95040
	 interval: [42120,42390] / 95040
	 interval: [42390,42660] / 95040
	 interval: [42660,42930] / 95040
	 interval: [42930,43200] / 95040
	 interval: [43200,43470] / 95040
	 interval: [43470,43740] / 95040
	 interval: [43740,44010] / 95040
	 interval: [44010,44280] / 95040
	 interval: [44280,44550] / 95040
	 interval: [44550,44820] / 95040
	 interval: [44820,45090] / 95040
	 interval: [45090,45360] / 95040
	 interval: [45360,45630] / 95040
	 interval: [45630,45900] / 95040
	 interval: [45900,46170] / 95040
	 interval: [46170,46440] / 95040
	 interval: [46440,46710] / 95040
	 interval: [46710,46980] / 95040
	 interval: [46980,47250] / 95040
	 interval: [47250,47520] / 95040
	 interval: [47520,47790] / 95040
	 interval: [47790,48060] / 95040
	 interval: [48060,48330] / 95040
	 interval: [48330,48600] / 95040
	 interval: [48600,48870] / 95040
	 interval: [48870,49140] / 95040
	 interval: [49140,49410] / 95040
	 interval: [49410,49680] / 95040
	 interval: [49680,49950] / 95040
	 interval: [49950,50220] / 95040
	 interval: [50220,50490] / 95040
	 interval: [50490,50760] / 95040
	 interval: [50760,51030] / 95040
	 interval: [51030,51300] / 95040
	 interval: [51300,51570] / 95040
	 interval: [51570,51840] / 95040
	 interval: [51840,52110] / 95040
	 interval: [52110,52380] / 95040
	 interval: [52380,52650] / 95040
	 interval: [52650,52920] / 95040
	 interval: [52920,53190] / 95040
	 interval: [53190,53460] / 95040
	 interval: [53460,53730] / 95040
	 interval: [53730,54000] / 95040
	 interval: [54000,54270] / 95040
	 interval: [54270,54540] / 95040
	 interval: [54540,54810] / 95040
	 interval: [54810,55080] / 95040
	 interval: [55080,55350] / 95040
	 interval: [55350,55620] / 95040
	 interval: [55620,55890] / 95040
	 interval: [55890,56160] / 95040
	 interval: [56160,56430] / 95040
	 interval: [56430,56700] / 95040
	 interval: [56700,56970] / 95040
	 interval: [56970,57240] / 95040
	 interval: [57240,57510] / 95040
	 interval: [57510,57780] / 95040
	 interval: [57780,58050] / 95040
	 interval: [58050,58320] / 95040
	 interval: [58320,58590] / 95040
	 interval: [58590,58860] / 95040
	 interval: [58860,59130] / 95040
	 interval: [59130,59400] / 95040
	 interval: [59400,59670] / 95040
	 interval: [59670,59940] / 95040
	 interval: [59940,60210] / 95040
	 interval: [60210,60480] / 95040
[0.59029142 0.5822226  0.45383701 0.52531364 0.47390849 0.55364975
 0.59439081 0.33253055 0.42723819 0.3865274  0.55510758 0.58720487
 0.57280809 0.64887894 0.54546345 0.54311738 0.59870913 0.44837947
 0.46064736 0.75436638 0.55801435 0.61082037 0.62475792 0.62254713
 0.53935976 0.55245002 0.5842625  0.74218572 0.62488608 0.61180116
 0.66234478 0.82293625 0.67313525 0.65899657 0.60423253 0.68190006
 0.78082992 0.70250555 0.62150048 0.76193324 0.47328727 0.70036953
 0.67084615 0.58487127 0.63074768 0.75964592 0.62197753 0.74697575
 0.74094683 0.53788413 0.65499865 0.43815505 0.7048979  0.58376054
 0.69604587 0.78277548 0.45964699 0.67635709 0.68252129 0.6658532
 0.55100998 0.81477842 0.5994514  0.72122423 0.69269231 0.71370543
 0.65025846 0.64389133 0.763594   0.76063561 0.79074106 0.7852942
 0.37297968 0.65737675 0.59750762 0.66729857 0.57827452 0.78393427
 0.84591984 0.49516903 0.59889247 0.6311464  0.71473962 0.65768647
 0.58337605 0.72871276 0.72888542 0.76029563 0.55934047 0.81367481
 0.63658436 0.57916453 0.71124366 0.64280908 0.80939387 0.6774429
 0.63454446 0.59720858 0.64018178 0.67363188 0.66232876 0.69459693
 0.69917158 0.75893391 0.39420818 0.70999765 0.64111451 0.6249377
 0.74593622 0.70062407 0.7112223  0.65810834 0.66446122 0.59876253
 0.70632013 0.75081169 0.6851842  0.71700914 0.53989021 0.69185392
 0.81486386 0.69990673 0.71230277 0.65153117 0.57605662 0.56232022
 0.68977308 0.67728448 0.58372494 0.68308021 0.49754713 0.71322482
 0.62640087 0.73708953 0.65258138 0.61206105 0.52668069 0.73952281
 0.65751559 0.68715824 0.68482107 0.62940911 0.61245621 0.69567384
 0.76018704 0.64291588 0.68547256 0.66339855 0.60051763 0.72786191
 0.54868172 0.68538712 0.70261235 0.55463588 0.47922363 0.62430401
 0.70427133 0.56852892 0.52181412 0.59446201 0.55734685 0.58429632
 0.6369101  0.60788868 0.67689465 0.69194115 0.62972595 0.52633003
 0.60842625 0.66624302 0.68877627 0.60059061 0.66213296 0.65508409
 0.67999544 0.64672156 0.68549748 0.59190946 0.61556234 0.7482004
 0.75801542 0.76919928 0.59279057 0.65064828 0.80000961 0.75817384
 0.68815683 0.7221712  0.59757348 0.67474973 0.74306505 0.62340154
 0.79963225 0.64252606 0.69919472 0.79937059 0.72507262 0.70423929
 0.76300303 0.70772457 0.75242794 0.7054319  0.73306847 0.64110382
 0.74294401 0.64022272 0.78286982 0.7679586  0.60724254 0.5568609
 0.52063397 0.72778715 0.74954432 0.63358325 0.59767138 0.75811332
 0.84500135 0.52171088 0.64758309 0.66652249 0.65842162 0.70075402
 0.75662701 0.73029342]
avg auc score: btlda 0.6514265717688092
Computing average auc score for size 360 (out of 14)
	 interval: [0,360] / 95040
	 interval: [360,720] / 95040
	 interval: [720,1080] / 95040
	 interval: [1080,1440] / 95040
	 interval: [1440,1800] / 95040
	 interval: [1800,2160] / 95040
	 interval: [2160,2520] / 95040
	 interval: [2520,2880] / 95040
	 interval: [2880,3240] / 95040
	 interval: [3240,3600] / 95040
	 interval: [3600,3960] / 95040
	 interval: [3960,4320] / 95040
	 interval: [4320,4680] / 95040
	 interval: [4680,5040] / 95040
	 interval: [5040,5400] / 95040
	 interval: [5400,5760] / 95040
	 interval: [5760,6120] / 95040
	 interval: [6120,6480] / 95040
	 interval: [6480,6840] / 95040
	 interval: [6840,7200] / 95040
	 interval: [7200,7560] / 95040
	 interval: [7560,7920] / 95040
	 interval: [7920,8280] / 95040
	 interval: [8280,8640] / 95040
	 interval: [8640,9000] / 95040
	 interval: [9000,9360] / 95040
	 interval: [9360,9720] / 95040
	 interval: [9720,10080] / 95040
	 interval: [10080,10440] / 95040
	 interval: [10440,10800] / 95040
	 interval: [10800,11160] / 95040
	 interval: [11160,11520] / 95040
	 interval: [11520,11880] / 95040
	 interval: [11880,12240] / 95040
	 interval: [12240,12600] / 95040
	 interval: [12600,12960] / 95040
	 interval: [12960,13320] / 95040
	 interval: [13320,13680] / 95040
	 interval: [13680,14040] / 95040
	 interval: [14040,14400] / 95040
	 interval: [14400,14760] / 95040
	 interval: [14760,15120] / 95040
	 interval: [15120,15480] / 95040
	 interval: [15480,15840] / 95040
	 interval: [15840,16200] / 95040
	 interval: [16200,16560] / 95040
	 interval: [16560,16920] / 95040
	 interval: [16920,17280] / 95040
	 interval: [17280,17640] / 95040
	 interval: [17640,18000] / 95040
	 interval: [18000,18360] / 95040
	 interval: [18360,18720] / 95040
	 interval: [18720,19080] / 95040
	 interval: [19080,19440] / 95040
	 interval: [19440,19800] / 95040
	 interval: [19800,20160] / 95040
	 interval: [20160,20520] / 95040
	 interval: [20520,20880] / 95040
	 interval: [20880,21240] / 95040
	 interval: [21240,21600] / 95040
	 interval: [21600,21960] / 95040
	 interval: [21960,22320] / 95040
	 interval: [22320,22680] / 95040
	 interval: [22680,23040] / 95040
	 interval: [23040,23400] / 95040
	 interval: [23400,23760] / 95040
	 interval: [23760,24120] / 95040
	 interval: [24120,24480] / 95040
	 interval: [24480,24840] / 95040
	 interval: [24840,25200] / 95040
	 interval: [25200,25560] / 95040
	 interval: [25560,25920] / 95040
	 interval: [25920,26280] / 95040
	 interval: [26280,26640] / 95040
	 interval: [26640,27000] / 95040
	 interval: [27000,27360] / 95040
	 interval: [27360,27720] / 95040
	 interval: [27720,28080] / 95040
	 interval: [28080,28440] / 95040
	 interval: [28440,28800] / 95040
	 interval: [28800,29160] / 95040
	 interval: [29160,29520] / 95040
	 interval: [29520,29880] / 95040
	 interval: [29880,30240] / 95040
	 interval: [30240,30600] / 95040
	 interval: [30600,30960] / 95040
	 interval: [30960,31320] / 95040
	 interval: [31320,31680] / 95040
	 interval: [31680,32040] / 95040
	 interval: [32040,32400] / 95040
	 interval: [32400,32760] / 95040
	 interval: [32760,33120] / 95040
	 interval: [33120,33480] / 95040
	 interval: [33480,33840] / 95040
	 interval: [33840,34200] / 95040
	 interval: [34200,34560] / 95040
	 interval: [34560,34920] / 95040
	 interval: [34920,35280] / 95040
	 interval: [35280,35640] / 95040
	 interval: [35640,36000] / 95040
	 interval: [36000,36360] / 95040
	 interval: [36360,36720] / 95040
	 interval: [36720,37080] / 95040
	 interval: [37080,37440] / 95040
	 interval: [37440,37800] / 95040
	 interval: [37800,38160] / 95040
	 interval: [38160,38520] / 95040
	 interval: [38520,38880] / 95040
	 interval: [38880,39240] / 95040
	 interval: [39240,39600] / 95040
	 interval: [39600,39960] / 95040
	 interval: [39960,40320] / 95040
	 interval: [40320,40680] / 95040
	 interval: [40680,41040] / 95040
	 interval: [41040,41400] / 95040
	 interval: [41400,41760] / 95040
	 interval: [41760,42120] / 95040
	 interval: [42120,42480] / 95040
	 interval: [42480,42840] / 95040
	 interval: [42840,43200] / 95040
	 interval: [43200,43560] / 95040
	 interval: [43560,43920] / 95040
	 interval: [43920,44280] / 95040
	 interval: [44280,44640] / 95040
	 interval: [44640,45000] / 95040
	 interval: [45000,45360] / 95040
	 interval: [45360,45720] / 95040
	 interval: [45720,46080] / 95040
	 interval: [46080,46440] / 95040
	 interval: [46440,46800] / 95040
	 interval: [46800,47160] / 95040
	 interval: [47160,47520] / 95040
	 interval: [47520,47880] / 95040
	 interval: [47880,48240] / 95040
	 interval: [48240,48600] / 95040
	 interval: [48600,48960] / 95040
	 interval: [48960,49320] / 95040
	 interval: [49320,49680] / 95040
	 interval: [49680,50040] / 95040
	 interval: [50040,50400] / 95040
	 interval: [50400,50760] / 95040
	 interval: [50760,51120] / 95040
	 interval: [51120,51480] / 95040
	 interval: [51480,51840] / 95040
	 interval: [51840,52200] / 95040
	 interval: [52200,52560] / 95040
	 interval: [52560,52920] / 95040
	 interval: [52920,53280] / 95040
	 interval: [53280,53640] / 95040
	 interval: [53640,54000] / 95040
	 interval: [54000,54360] / 95040
	 interval: [54360,54720] / 95040
	 interval: [54720,55080] / 95040
	 interval: [55080,55440] / 95040
	 interval: [55440,55800] / 95040
	 interval: [55800,56160] / 95040
	 interval: [56160,56520] / 95040
	 interval: [56520,56880] / 95040
	 interval: [56880,57240] / 95040
	 interval: [57240,57600] / 95040
	 interval: [57600,57960] / 95040
	 interval: [57960,58320] / 95040
	 interval: [58320,58680] / 95040
	 interval: [58680,59040] / 95040
	 interval: [59040,59400] / 95040
	 interval: [59400,59760] / 95040
	 interval: [59760,60120] / 95040
	 interval: [60120,60480] / 95040
[0.53666667 0.51977778 0.58266667 0.51977778 0.64244444 0.52911111
 0.43066667 0.632      0.47       0.56088889 0.64555556 0.56955556
 0.52733333 0.48755556 0.73288889 0.57555556 0.60755556 0.68777778
 0.53022222 0.68844444 0.77333333 0.57222222 0.71711111 0.73422222
 0.632      0.54511111 0.72466667 0.85222222 0.61266667 0.74555556
 0.58844444 0.70333333 0.60977778 0.672      0.68644444 0.77444444
 0.726      0.70844444 0.472      0.61733333 0.61555556 0.758
 0.482      0.64755556 0.71111111 0.60644444 0.73288889 0.74577778
 0.61933333 0.69533333 0.66733333 0.778      0.76066667 0.78266667
 0.39355556 0.71333333 0.56822222 0.64133333 0.75644444 0.54066667
 0.65044444 0.66822222 0.68955556 0.56688889 0.69822222 0.81155556
 0.62888889 0.752      0.45466667 0.77244444 0.69622222 0.788
 0.67333333 0.64933333 0.70466667 0.70577778 0.74688889 0.75022222
 0.49244444 0.64133333 0.67022222 0.70222222 0.80155556 0.708
 0.69444444 0.58888889 0.70777778 0.62422222 0.77666667 0.62111111
 0.76911111 0.71955556 0.66688889 0.69155556 0.594      0.71133333
 0.61733333 0.57311111 0.68288889 0.65711111 0.56266667 0.57311111
 0.54133333 0.61022222 0.69955556 0.68933333 0.67688889 0.64577778
 0.82111111 0.54511111 0.58533333 0.66288889 0.50511111 0.606
 0.70266667 0.58755556 0.60133333 0.56733333 0.56044444 0.65555556
 0.57733333 0.69511111 0.59111111 0.77377778 0.58911111 0.49666667
 0.58733333 0.62111111 0.60177778 0.73844444 0.71311111 0.61777778
 0.73044444 0.61266667 0.768      0.82644444 0.77622222 0.64333333
 0.81333333 0.68177778 0.75822222 0.674      0.76044444 0.59466667
 0.78555556 0.70444444 0.73       0.68866667 0.77911111 0.78644444
 0.78622222 0.64844444 0.72711111 0.76333333 0.588      0.67955556
 0.59844444 0.65311111 0.69466667 0.76733333 0.60488889 0.704
 0.75911111 0.53155556 0.66311111 0.68644444 0.77977778 0.76822222]
avg auc score: btlda 0.6595132275132275
Computing average auc score for size 450 (out of 14)
	 interval: [0,450] / 95040
	 interval: [450,900] / 95040
	 interval: [900,1350] / 95040
	 interval: [1350,1800] / 95040
	 interval: [1800,2250] / 95040
	 interval: [2250,2700] / 95040
	 interval: [2700,3150] / 95040
	 interval: [3150,3600] / 95040
	 interval: [3600,4050] / 95040
	 interval: [4050,4500] / 95040
	 interval: [4500,4950] / 95040
	 interval: [4950,5400] / 95040
	 interval: [5400,5850] / 95040
	 interval: [5850,6300] / 95040
	 interval: [6300,6750] / 95040
	 interval: [6750,7200] / 95040
	 interval: [7200,7650] / 95040
	 interval: [7650,8100] / 95040
	 interval: [8100,8550] / 95040
	 interval: [8550,9000] / 95040
	 interval: [9000,9450] / 95040
	 interval: [9450,9900] / 95040
	 interval: [9900,10350] / 95040
	 interval: [10350,10800] / 95040
	 interval: [10800,11250] / 95040
	 interval: [11250,11700] / 95040
	 interval: [11700,12150] / 95040
	 interval: [12150,12600] / 95040
	 interval: [12600,13050] / 95040
	 interval: [13050,13500] / 95040
	 interval: [13500,13950] / 95040
	 interval: [13950,14400] / 95040
	 interval: [14400,14850] / 95040
	 interval: [14850,15300] / 95040
	 interval: [15300,15750] / 95040
	 interval: [15750,16200] / 95040
	 interval: [16200,16650] / 95040
	 interval: [16650,17100] / 95040
	 interval: [17100,17550] / 95040
	 interval: [17550,18000] / 95040
	 interval: [18000,18450] / 95040
	 interval: [18450,18900] / 95040
	 interval: [18900,19350] / 95040
	 interval: [19350,19800] / 95040
	 interval: [19800,20250] / 95040
	 interval: [20250,20700] / 95040
	 interval: [20700,21150] / 95040
	 interval: [21150,21600] / 95040
	 interval: [21600,22050] / 95040
	 interval: [22050,22500] / 95040
	 interval: [22500,22950] / 95040
	 interval: [22950,23400] / 95040
	 interval: [23400,23850] / 95040
	 interval: [23850,24300] / 95040
	 interval: [24300,24750] / 95040
	 interval: [24750,25200] / 95040
	 interval: [25200,25650] / 95040
	 interval: [25650,26100] / 95040
	 interval: [26100,26550] / 95040
	 interval: [26550,27000] / 95040
	 interval: [27000,27450] / 95040
	 interval: [27450,27900] / 95040
	 interval: [27900,28350] / 95040
	 interval: [28350,28800] / 95040
	 interval: [28800,29250] / 95040
	 interval: [29250,29700] / 95040
	 interval: [29700,30150] / 95040
	 interval: [30150,30600] / 95040
	 interval: [30600,31050] / 95040
	 interval: [31050,31500] / 95040
	 interval: [31500,31950] / 95040
	 interval: [31950,32400] / 95040
	 interval: [32400,32850] / 95040
	 interval: [32850,33300] / 95040
	 interval: [33300,33750] / 95040
	 interval: [33750,34200] / 95040
	 interval: [34200,34650] / 95040
	 interval: [34650,35100] / 95040
	 interval: [35100,35550] / 95040
	 interval: [35550,36000] / 95040
	 interval: [36000,36450] / 95040
	 interval: [36450,36900] / 95040
	 interval: [36900,37350] / 95040
	 interval: [37350,37800] / 95040
	 interval: [37800,38250] / 95040
	 interval: [38250,38700] / 95040
	 interval: [38700,39150] / 95040
	 interval: [39150,39600] / 95040
	 interval: [39600,40050] / 95040
	 interval: [40050,40500] / 95040
	 interval: [40500,40950] / 95040
	 interval: [40950,41400] / 95040
	 interval: [41400,41850] / 95040
	 interval: [41850,42300] / 95040
	 interval: [42300,42750] / 95040
	 interval: [42750,43200] / 95040
	 interval: [43200,43650] / 95040
	 interval: [43650,44100] / 95040
	 interval: [44100,44550] / 95040
	 interval: [44550,45000] / 95040
	 interval: [45000,45450] / 95040
	 interval: [45450,45900] / 95040
	 interval: [45900,46350] / 95040
	 interval: [46350,46800] / 95040
	 interval: [46800,47250] / 95040
	 interval: [47250,47700] / 95040
	 interval: [47700,48150] / 95040
	 interval: [48150,48600] / 95040
	 interval: [48600,49050] / 95040
	 interval: [49050,49500] / 95040
	 interval: [49500,49950] / 95040
	 interval: [49950,50400] / 95040
	 interval: [50400,50850] / 95040
	 interval: [50850,51300] / 95040
	 interval: [51300,51750] / 95040
	 interval: [51750,52200] / 95040
	 interval: [52200,52650] / 95040
	 interval: [52650,53100] / 95040
	 interval: [53100,53550] / 95040
	 interval: [53550,54000] / 95040
	 interval: [54000,54450] / 95040
	 interval: [54450,54900] / 95040
	 interval: [54900,55350] / 95040
	 interval: [55350,55800] / 95040
	 interval: [55800,56250] / 95040
	 interval: [56250,56700] / 95040
	 interval: [56700,57150] / 95040
	 interval: [57150,57600] / 95040
	 interval: [57600,58050] / 95040
	 interval: [58050,58500] / 95040
	 interval: [58500,58950] / 95040
	 interval: [58950,59400] / 95040
	 interval: [59400,59850] / 95040
	 interval: [59850,60300] / 95040
[0.53390594 0.48592272 0.51442396 0.4931426  0.54472184 0.50028322
 0.56360678 0.50462704 0.57569301 0.60267734 0.535904   0.69959602
 0.57971122 0.67498706 0.56455802 0.58994966 0.71628998 0.65846242
 0.6911921  0.72167511 0.62957787 0.71356518 0.75395951 0.71119936
 0.63035377 0.61453454 0.6456921  0.68480756 0.70862382 0.65680226
 0.59774852 0.62881452 0.65814609 0.58402871 0.66897705 0.67178162
 0.68991925 0.68442977 0.6282087  0.68946947 0.72722579 0.73734532
 0.79726151 0.47549113 0.63053639 0.59784384 0.75878497 0.69710753
 0.69413715 0.74612227 0.51332923 0.7473043  0.83460542 0.76034555
 0.61498884 0.63568797 0.73062941 0.65886379 0.64330044 0.70890804
 0.66438313 0.65622855 0.64284564 0.652917   0.69433758 0.71422619
 0.71570047 0.75763104 0.67739377 0.76606105 0.66593442 0.68614713
 0.77298894 0.6397418  0.65678319 0.60808453 0.6939189  0.69437471
 0.60380644 0.64111398 0.67692918 0.61075515 0.69355616 0.67496523
 0.65984313 0.64279848 0.70028788 0.56219044 0.63644781 0.7426138
 0.58225766 0.69453826 0.54421687 0.67761552 0.58434554 0.62332253
 0.61465545 0.60819065 0.67088531 0.68121982 0.54573103 0.74123384
 0.62689196 0.67269022 0.69485459 0.70925849 0.67156889 0.69171212
 0.86352886 0.72072536 0.73560338 0.70185247 0.74975617 0.74569857
 0.64721028 0.77593248 0.6913682  0.78521591 0.74651687 0.76067944
 0.78722752 0.80131785 0.69998259 0.6104772  0.66678507 0.74767532
 0.70257468 0.74726166 0.57458022 0.84556432 0.59132937 0.68752358
 0.62197844 0.77713057]
avg auc score: btlda 0.6666976080595948
Computing average auc score for size 540 (out of 14)
	 interval: [0,540] / 95040
	 interval: [540,1080] / 95040
	 interval: [1080,1620] / 95040
	 interval: [1620,2160] / 95040
	 interval: [2160,2700] / 95040
	 interval: [2700,3240] / 95040
	 interval: [3240,3780] / 95040
	 interval: [3780,4320] / 95040
	 interval: [4320,4860] / 95040
	 interval: [4860,5400] / 95040
	 interval: [5400,5940] / 95040
	 interval: [5940,6480] / 95040
	 interval: [6480,7020] / 95040
	 interval: [7020,7560] / 95040
	 interval: [7560,8100] / 95040
	 interval: [8100,8640] / 95040
	 interval: [8640,9180] / 95040
	 interval: [9180,9720] / 95040
	 interval: [9720,10260] / 95040
	 interval: [10260,10800] / 95040
	 interval: [10800,11340] / 95040
	 interval: [11340,11880] / 95040
	 interval: [11880,12420] / 95040
	 interval: [12420,12960] / 95040
	 interval: [12960,13500] / 95040
	 interval: [13500,14040] / 95040
	 interval: [14040,14580] / 95040
	 interval: [14580,15120] / 95040
	 interval: [15120,15660] / 95040
	 interval: [15660,16200] / 95040
	 interval: [16200,16740] / 95040
	 interval: [16740,17280] / 95040
	 interval: [17280,17820] / 95040
	 interval: [17820,18360] / 95040
	 interval: [18360,18900] / 95040
	 interval: [18900,19440] / 95040
	 interval: [19440,19980] / 95040
	 interval: [19980,20520] / 95040
	 interval: [20520,21060] / 95040
	 interval: [21060,21600] / 95040
	 interval: [21600,22140] / 95040
	 interval: [22140,22680] / 95040
	 interval: [22680,23220] / 95040
	 interval: [23220,23760] / 95040
	 interval: [23760,24300] / 95040
	 interval: [24300,24840] / 95040
	 interval: [24840,25380] / 95040
	 interval: [25380,25920] / 95040
	 interval: [25920,26460] / 95040
	 interval: [26460,27000] / 95040
	 interval: [27000,27540] / 95040
	 interval: [27540,28080] / 95040
	 interval: [28080,28620] / 95040
	 interval: [28620,29160] / 95040
	 interval: [29160,29700] / 95040
	 interval: [29700,30240] / 95040
	 interval: [30240,30780] / 95040
	 interval: [30780,31320] / 95040
	 interval: [31320,31860] / 95040
	 interval: [31860,32400] / 95040
	 interval: [32400,32940] / 95040
	 interval: [32940,33480] / 95040
	 interval: [33480,34020] / 95040
	 interval: [34020,34560] / 95040
	 interval: [34560,35100] / 95040
	 interval: [35100,35640] / 95040
	 interval: [35640,36180] / 95040
	 interval: [36180,36720] / 95040
	 interval: [36720,37260] / 95040
	 interval: [37260,37800] / 95040
	 interval: [37800,38340] / 95040
	 interval: [38340,38880] / 95040
	 interval: [38880,39420] / 95040
	 interval: [39420,39960] / 95040
	 interval: [39960,40500] / 95040
	 interval: [40500,41040] / 95040
	 interval: [41040,41580] / 95040
	 interval: [41580,42120] / 95040
	 interval: [42120,42660] / 95040
	 interval: [42660,43200] / 95040
	 interval: [43200,43740] / 95040
	 interval: [43740,44280] / 95040
	 interval: [44280,44820] / 95040
	 interval: [44820,45360] / 95040
	 interval: [45360,45900] / 95040
	 interval: [45900,46440] / 95040
	 interval: [46440,46980] / 95040
	 interval: [46980,47520] / 95040
	 interval: [47520,48060] / 95040
	 interval: [48060,48600] / 95040
	 interval: [48600,49140] / 95040
	 interval: [49140,49680] / 95040
	 interval: [49680,50220] / 95040
	 interval: [50220,50760] / 95040
	 interval: [50760,51300] / 95040
	 interval: [51300,51840] / 95040
	 interval: [51840,52380] / 95040
	 interval: [52380,52920] / 95040
	 interval: [52920,53460] / 95040
	 interval: [53460,54000] / 95040
	 interval: [54000,54540] / 95040
	 interval: [54540,55080] / 95040
	 interval: [55080,55620] / 95040
	 interval: [55620,56160] / 95040
	 interval: [56160,56700] / 95040
	 interval: [56700,57240] / 95040
	 interval: [57240,57780] / 95040
	 interval: [57780,58320] / 95040
	 interval: [58320,58860] / 95040
	 interval: [58860,59400] / 95040
	 interval: [59400,59940] / 95040
	 interval: [59940,60480] / 95040
[0.55392324 0.48276942 0.53491329 0.58956484 0.50761727 0.60257598
 0.60360004 0.57670884 0.54904086 0.68169958 0.55320002 0.64464862
 0.56108259 0.76570316 0.58717888 0.6851491  0.66739127 0.64352657
 0.79282405 0.73210538 0.67067379 0.63249586 0.74602752 0.70919025
 0.65136714 0.56760217 0.66789104 0.73691141 0.54637492 0.65575757
 0.71523583 0.66308978 0.68475481 0.63760569 0.7717282  0.82545297
 0.53793409 0.65313145 0.69653249 0.74379077 0.71424043 0.70717384
 0.661934   0.82794683 0.76251051 0.55338139 0.7371187  0.78473419
 0.66901871 0.73890026 0.69713899 0.69784996 0.59156181 0.68120215
 0.75146105 0.75698008 0.64546242 0.73173006 0.71307052 0.6598652
 0.79940329 0.71483725 0.67038225 0.69674205 0.68470555 0.68568088
 0.62105407 0.61714624 0.6333629  0.70514454 0.641338   0.67937664
 0.73972023 0.68276549 0.71333044 0.57145106 0.65108076 0.59141206
 0.60684843 0.62233016 0.62170047 0.59853635 0.76845131 0.53261697
 0.71665035 0.67663075 0.71962868 0.69786324 0.75317984 0.70685403
 0.84424243 0.67980614 0.77725964 0.7579309  0.70537416 0.66744007
 0.79169678 0.75721025 0.74535871 0.76682083 0.78611357 0.77667945
 0.71793105 0.71087929 0.69894523 0.68289455 0.71469101 0.66199233
 0.70765877 0.72575507 0.64597702 0.74578205]
avg auc score: btlda 0.679470673945122
Computing average auc score for size 630 (out of 14)
	 interval: [0,630] / 95040
	 interval: [630,1260] / 95040
	 interval: [1260,1890] / 95040
	 interval: [1890,2520] / 95040
	 interval: [2520,3150] / 95040
	 interval: [3150,3780] / 95040
	 interval: [3780,4410] / 95040
	 interval: [4410,5040] / 95040
	 interval: [5040,5670] / 95040
	 interval: [5670,6300] / 95040
	 interval: [6300,6930] / 95040
	 interval: [6930,7560] / 95040
	 interval: [7560,8190] / 95040
	 interval: [8190,8820] / 95040
	 interval: [8820,9450] / 95040
	 interval: [9450,10080] / 95040
	 interval: [10080,10710] / 95040
	 interval: [10710,11340] / 95040
	 interval: [11340,11970] / 95040
	 interval: [11970,12600] / 95040
	 interval: [12600,13230] / 95040
	 interval: [13230,13860] / 95040
	 interval: [13860,14490] / 95040
	 interval: [14490,15120] / 95040
	 interval: [15120,15750] / 95040
	 interval: [15750,16380] / 95040
	 interval: [16380,17010] / 95040
	 interval: [17010,17640] / 95040
	 interval: [17640,18270] / 95040
	 interval: [18270,18900] / 95040
	 interval: [18900,19530] / 95040
	 interval: [19530,20160] / 95040
	 interval: [20160,20790] / 95040
	 interval: [20790,21420] / 95040
	 interval: [21420,22050] / 95040
	 interval: [22050,22680] / 95040
	 interval: [22680,23310] / 95040
	 interval: [23310,23940] / 95040
	 interval: [23940,24570] / 95040
	 interval: [24570,25200] / 95040
	 interval: [25200,25830] / 95040
	 interval: [25830,26460] / 95040
	 interval: [26460,27090] / 95040
	 interval: [27090,27720] / 95040
	 interval: [27720,28350] / 95040
	 interval: [28350,28980] / 95040
	 interval: [28980,29610] / 95040
	 interval: [29610,30240] / 95040
	 interval: [30240,30870] / 95040
	 interval: [30870,31500] / 95040
	 interval: [31500,32130] / 95040
	 interval: [32130,32760] / 95040
	 interval: [32760,33390] / 95040
	 interval: [33390,34020] / 95040
	 interval: [34020,34650] / 95040
	 interval: [34650,35280] / 95040
	 interval: [35280,35910] / 95040
	 interval: [35910,36540] / 95040
	 interval: [36540,37170] / 95040
	 interval: [37170,37800] / 95040
	 interval: [37800,38430] / 95040
	 interval: [38430,39060] / 95040
	 interval: [39060,39690] / 95040
	 interval: [39690,40320] / 95040
	 interval: [40320,40950] / 95040
	 interval: [40950,41580] / 95040
	 interval: [41580,42210] / 95040
	 interval: [42210,42840] / 95040
	 interval: [42840,43470] / 95040
	 interval: [43470,44100] / 95040
	 interval: [44100,44730] / 95040
	 interval: [44730,45360] / 95040
	 interval: [45360,45990] / 95040
	 interval: [45990,46620] / 95040
	 interval: [46620,47250] / 95040
	 interval: [47250,47880] / 95040
	 interval: [47880,48510] / 95040
	 interval: [48510,49140] / 95040
	 interval: [49140,49770] / 95040
	 interval: [49770,50400] / 95040
	 interval: [50400,51030] / 95040
	 interval: [51030,51660] / 95040
	 interval: [51660,52290] / 95040
	 interval: [52290,52920] / 95040
	 interval: [52920,53550] / 95040
	 interval: [53550,54180] / 95040
	 interval: [54180,54810] / 95040
	 interval: [54810,55440] / 95040
	 interval: [55440,56070] / 95040
	 interval: [56070,56700] / 95040
	 interval: [56700,57330] / 95040
	 interval: [57330,57960] / 95040
	 interval: [57960,58590] / 95040
	 interval: [58590,59220] / 95040
	 interval: [59220,59850] / 95040
	 interval: [59850,60480] / 95040
[0.60443351 0.54858405 0.56486437 0.47538676 0.57644968 0.59730718
 0.57612668 0.4997895  0.62244589 0.68614148 0.57615059 0.77752353
 0.62818727 0.69780156 0.6839938  0.76469159 0.70273431 0.68338435
 0.63701009 0.72882562 0.76649014 0.61415912 0.63711308 0.72426957
 0.56377517 0.6132913  0.73802544 0.69116011 0.68120429 0.75995285
 0.78733626 0.66016855 0.60553223 0.84540422 0.67355205 0.71988189
 0.65787623 0.77110333 0.72169916 0.69969322 0.77031175 0.71445475
 0.71748509 0.72653107 0.70623717 0.67510005 0.74347087 0.75619247
 0.65275782 0.78114311 0.65113647 0.76378052 0.71171547 0.69181348
 0.73683943 0.68559729 0.61171993 0.62547494 0.62929087 0.73025549
 0.63312545 0.64975386 0.63481563 0.74782846 0.58935904 0.6654067
 0.62494075 0.54880116 0.6879939  0.70300659 0.75705949 0.48110651
 0.70667634 0.72944371 0.70476769 0.75169475 0.71599398 0.80644358
 0.67888608 0.77643712 0.71364587 0.75296238 0.74195666 0.79066675
 0.72425425 0.78891936 0.78422832 0.72133444 0.62978508 0.65900077
 0.7172985  0.65536123 0.77828367 0.65508054 0.69811413 0.77625368]
avg auc score: btlda 0.6856824422301323
Computing average auc score for size 720 (out of 14)
	 interval: [0,720] / 95040
	 interval: [720,1440] / 95040
	 interval: [1440,2160] / 95040
	 interval: [2160,2880] / 95040
	 interval: [2880,3600] / 95040
	 interval: [3600,4320] / 95040
	 interval: [4320,5040] / 95040
	 interval: [5040,5760] / 95040
	 interval: [5760,6480] / 95040
	 interval: [6480,7200] / 95040
	 interval: [7200,7920] / 95040
	 interval: [7920,8640] / 95040
	 interval: [8640,9360] / 95040
	 interval: [9360,10080] / 95040
	 interval: [10080,10800] / 95040
	 interval: [10800,11520] / 95040
	 interval: [11520,12240] / 95040
	 interval: [12240,12960] / 95040
	 interval: [12960,13680] / 95040
	 interval: [13680,14400] / 95040
	 interval: [14400,15120] / 95040
	 interval: [15120,15840] / 95040
	 interval: [15840,16560] / 95040
	 interval: [16560,17280] / 95040
	 interval: [17280,18000] / 95040
	 interval: [18000,18720] / 95040
	 interval: [18720,19440] / 95040
	 interval: [19440,20160] / 95040
	 interval: [20160,20880] / 95040
	 interval: [20880,21600] / 95040
	 interval: [21600,22320] / 95040
	 interval: [22320,23040] / 95040
	 interval: [23040,23760] / 95040
	 interval: [23760,24480] / 95040
	 interval: [24480,25200] / 95040
	 interval: [25200,25920] / 95040
	 interval: [25920,26640] / 95040
	 interval: [26640,27360] / 95040
	 interval: [27360,28080] / 95040
	 interval: [28080,28800] / 95040
	 interval: [28800,29520] / 95040
	 interval: [29520,30240] / 95040
	 interval: [30240,30960] / 95040
	 interval: [30960,31680] / 95040
	 interval: [31680,32400] / 95040
	 interval: [32400,33120] / 95040
	 interval: [33120,33840] / 95040
	 interval: [33840,34560] / 95040
	 interval: [34560,35280] / 95040
	 interval: [35280,36000] / 95040
	 interval: [36000,36720] / 95040
	 interval: [36720,37440] / 95040
	 interval: [37440,38160] / 95040
	 interval: [38160,38880] / 95040
	 interval: [38880,39600] / 95040
	 interval: [39600,40320] / 95040
	 interval: [40320,41040] / 95040
	 interval: [41040,41760] / 95040
	 interval: [41760,42480] / 95040
	 interval: [42480,43200] / 95040
	 interval: [43200,43920] / 95040
	 interval: [43920,44640] / 95040
	 interval: [44640,45360] / 95040
	 interval: [45360,46080] / 95040
	 interval: [46080,46800] / 95040
	 interval: [46800,47520] / 95040
	 interval: [47520,48240] / 95040
	 interval: [48240,48960] / 95040
	 interval: [48960,49680] / 95040
	 interval: [49680,50400] / 95040
	 interval: [50400,51120] / 95040
	 interval: [51120,51840] / 95040
	 interval: [51840,52560] / 95040
	 interval: [52560,53280] / 95040
	 interval: [53280,54000] / 95040
	 interval: [54000,54720] / 95040
	 interval: [54720,55440] / 95040
	 interval: [55440,56160] / 95040
	 interval: [56160,56880] / 95040
	 interval: [56880,57600] / 95040
	 interval: [57600,58320] / 95040
	 interval: [58320,59040] / 95040
	 interval: [59040,59760] / 95040
	 interval: [59760,60480] / 95040
[0.55094444 0.59233333 0.55138889 0.51855556 0.4405     0.58277778
 0.56211111 0.63722222 0.69288889 0.59388889 0.73238889 0.75038889
 0.62472222 0.74716667 0.68955556 0.654      0.66311111 0.75183333
 0.72777778 0.51894444 0.73394444 0.5735     0.70066667 0.67211111
 0.70938889 0.73477778 0.80883333 0.59983333 0.62305556 0.77611111
 0.718      0.67594444 0.79983333 0.73061111 0.63288889 0.77122222
 0.72972222 0.74466667 0.71433333 0.62461111 0.74272222 0.7525
 0.66344444 0.69538889 0.72394444 0.78505556 0.72977778 0.64811111
 0.65461111 0.65805556 0.66716667 0.68744444 0.65311111 0.70622222
 0.67294444 0.68622222 0.60077778 0.63933333 0.66277778 0.65916667
 0.66111111 0.70783333 0.46666667 0.72311111 0.67638889 0.72472222
 0.72394444 0.79572222 0.73255556 0.76272222 0.69988889 0.74661111
 0.76877778 0.77433333 0.78688889 0.80355556 0.70177778 0.66294444
 0.67916667 0.78266667 0.67594444 0.69872222 0.72261111 0.77011111]
avg auc score: btlda 0.68564417989418
Computing average auc score for size 810 (out of 14)
	 interval: [0,810] / 95040
	 interval: [810,1620] / 95040
	 interval: [1620,2430] / 95040
	 interval: [2430,3240] / 95040
	 interval: [3240,4050] / 95040
	 interval: [4050,4860] / 95040
	 interval: [4860,5670] / 95040
	 interval: [5670,6480] / 95040
	 interval: [6480,7290] / 95040
	 interval: [7290,8100] / 95040
	 interval: [8100,8910] / 95040
	 interval: [8910,9720] / 95040
	 interval: [9720,10530] / 95040
	 interval: [10530,11340] / 95040
	 interval: [11340,12150] / 95040
	 interval: [12150,12960] / 95040
	 interval: [12960,13770] / 95040
	 interval: [13770,14580] / 95040
	 interval: [14580,15390] / 95040
	 interval: [15390,16200] / 95040
	 interval: [16200,17010] / 95040
	 interval: [17010,17820] / 95040
	 interval: [17820,18630] / 95040
	 interval: [18630,19440] / 95040
	 interval: [19440,20250] / 95040
	 interval: [20250,21060] / 95040
	 interval: [21060,21870] / 95040
	 interval: [21870,22680] / 95040
	 interval: [22680,23490] / 95040
	 interval: [23490,24300] / 95040
	 interval: [24300,25110] / 95040
	 interval: [25110,25920] / 95040
	 interval: [25920,26730] / 95040
	 interval: [26730,27540] / 95040
	 interval: [27540,28350] / 95040
	 interval: [28350,29160] / 95040
	 interval: [29160,29970] / 95040
	 interval: [29970,30780] / 95040
	 interval: [30780,31590] / 95040
	 interval: [31590,32400] / 95040
	 interval: [32400,33210] / 95040
	 interval: [33210,34020] / 95040
	 interval: [34020,34830] / 95040
	 interval: [34830,35640] / 95040
	 interval: [35640,36450] / 95040
	 interval: [36450,37260] / 95040
	 interval: [37260,38070] / 95040
	 interval: [38070,38880] / 95040
	 interval: [38880,39690] / 95040
	 interval: [39690,40500] / 95040
	 interval: [40500,41310] / 95040
	 interval: [41310,42120] / 95040
	 interval: [42120,42930] / 95040
	 interval: [42930,43740] / 95040
	 interval: [43740,44550] / 95040
	 interval: [44550,45360] / 95040
	 interval: [45360,46170] / 95040
	 interval: [46170,46980] / 95040
	 interval: [46980,47790] / 95040
	 interval: [47790,48600] / 95040
	 interval: [48600,49410] / 95040
	 interval: [49410,50220] / 95040
	 interval: [50220,51030] / 95040
	 interval: [51030,51840] / 95040
	 interval: [51840,52650] / 95040
	 interval: [52650,53460] / 95040
	 interval: [53460,54270] / 95040
	 interval: [54270,55080] / 95040
	 interval: [55080,55890] / 95040
	 interval: [55890,56700] / 95040
	 interval: [56700,57510] / 95040
	 interval: [57510,58320] / 95040
	 interval: [58320,59130] / 95040
	 interval: [59130,59940] / 95040
[0.53796679 0.5680992  0.5416705  0.5211229  0.59611578 0.61308045
 0.64873583 0.66470666 0.65148563 0.70169195 0.71223083 0.63698691
 0.74949348 0.74106178 0.65101841 0.77185489 0.70876296 0.57768198
 0.57141237 0.73511076 0.7086867  0.68176886 0.71460226 0.80331947
 0.611523   0.66565439 0.74555137 0.72150879 0.73280599 0.79289272
 0.65422622 0.78852238 0.72748639 0.6831842  0.71139593 0.70368338
 0.78619926 0.70480476 0.73082858 0.72095832 0.77913058 0.6783035
 0.71931641 0.69242145 0.63093981 0.69221156 0.69235655 0.70485296
 0.68544728 0.75478634 0.63158594 0.66771348 0.62248326 0.67680853
 0.68128125 0.48094512 0.73537697 0.67075477 0.75688996 0.71871419
 0.82544923 0.68018506 0.72538472 0.7452704  0.74157879 0.7979597
 0.79995539 0.76760052 0.7170251  0.67391992 0.73615687 0.67949622
 0.70039679 0.70010036]
avg auc score: btlda 0.6926039462097154
Computing average auc score for size 900 (out of 14)
	 interval: [0,900] / 95040
	 interval: [900,1800] / 95040
	 interval: [1800,2700] / 95040
	 interval: [2700,3600] / 95040
	 interval: [3600,4500] / 95040
	 interval: [4500,5400] / 95040
	 interval: [5400,6300] / 95040
	 interval: [6300,7200] / 95040
	 interval: [7200,8100] / 95040
	 interval: [8100,9000] / 95040
	 interval: [9000,9900] / 95040
	 interval: [9900,10800] / 95040
	 interval: [10800,11700] / 95040
	 interval: [11700,12600] / 95040
	 interval: [12600,13500] / 95040
	 interval: [13500,14400] / 95040
	 interval: [14400,15300] / 95040
	 interval: [15300,16200] / 95040
	 interval: [16200,17100] / 95040
	 interval: [17100,18000] / 95040
	 interval: [18000,18900] / 95040
	 interval: [18900,19800] / 95040
	 interval: [19800,20700] / 95040
	 interval: [20700,21600] / 95040
	 interval: [21600,22500] / 95040
	 interval: [22500,23400] / 95040
	 interval: [23400,24300] / 95040
	 interval: [24300,25200] / 95040
	 interval: [25200,26100] / 95040
	 interval: [26100,27000] / 95040
	 interval: [27000,27900] / 95040
	 interval: [27900,28800] / 95040
	 interval: [28800,29700] / 95040
	 interval: [29700,30600] / 95040
	 interval: [30600,31500] / 95040
	 interval: [31500,32400] / 95040
	 interval: [32400,33300] / 95040
	 interval: [33300,34200] / 95040
	 interval: [34200,35100] / 95040
	 interval: [35100,36000] / 95040
	 interval: [36000,36900] / 95040
	 interval: [36900,37800] / 95040
	 interval: [37800,38700] / 95040
	 interval: [38700,39600] / 95040
	 interval: [39600,40500] / 95040
	 interval: [40500,41400] / 95040
	 interval: [41400,42300] / 95040
	 interval: [42300,43200] / 95040
	 interval: [43200,44100] / 95040
	 interval: [44100,45000] / 95040
	 interval: [45000,45900] / 95040
	 interval: [45900,46800] / 95040
	 interval: [46800,47700] / 95040
	 interval: [47700,48600] / 95040
	 interval: [48600,49500] / 95040
	 interval: [49500,50400] / 95040
	 interval: [50400,51300] / 95040
	 interval: [51300,52200] / 95040
	 interval: [52200,53100] / 95040
	 interval: [53100,54000] / 95040
	 interval: [54000,54900] / 95040
	 interval: [54900,55800] / 95040
	 interval: [55800,56700] / 95040
	 interval: [56700,57600] / 95040
	 interval: [57600,58500] / 95040
	 interval: [58500,59400] / 95040
	 interval: [59400,60300] / 95040
[0.52707871 0.52305594 0.52009037 0.50479843 0.60014519 0.64295363
 0.62448806 0.60477853 0.71563256 0.71096394 0.65666657 0.74755437
 0.64580534 0.70925    0.73260552 0.56403146 0.54899412 0.72616161
 0.69819227 0.66230016 0.7525179  0.68777886 0.67054469 0.78668754
 0.76931438 0.70811962 0.82769924 0.66240941 0.7596222  0.72032705
 0.75003044 0.68677269 0.76273884 0.78709454 0.74234977 0.73373816
 0.76927373 0.70016272 0.7022577  0.64836609 0.67556675 0.70973836
 0.67982817 0.66330641 0.74622655 0.67288602 0.66318045 0.66586592
 0.68631931 0.71543712 0.59286089 0.70742322 0.74155899 0.74211563
 0.82526739 0.73503305 0.753354   0.7722883  0.78300334 0.81234285
 0.82208719 0.69617032 0.67923626 0.75671484 0.73360157 0.70525863
 0.74248479]
avg auc score: btlda 0.6980971444454126
Computing average auc score for size 990 (out of 14)
	 interval: [0,990] / 95040
	 interval: [990,1980] / 95040
	 interval: [1980,2970] / 95040
	 interval: [2970,3960] / 95040
	 interval: [3960,4950] / 95040
	 interval: [4950,5940] / 95040
	 interval: [5940,6930] / 95040
	 interval: [6930,7920] / 95040
	 interval: [7920,8910] / 95040
	 interval: [8910,9900] / 95040
	 interval: [9900,10890] / 95040
	 interval: [10890,11880] / 95040
	 interval: [11880,12870] / 95040
	 interval: [12870,13860] / 95040
	 interval: [13860,14850] / 95040
	 interval: [14850,15840] / 95040
	 interval: [15840,16830] / 95040
	 interval: [16830,17820] / 95040
	 interval: [17820,18810] / 95040
	 interval: [18810,19800] / 95040
	 interval: [19800,20790] / 95040
	 interval: [20790,21780] / 95040
	 interval: [21780,22770] / 95040
	 interval: [22770,23760] / 95040
	 interval: [23760,24750] / 95040
	 interval: [24750,25740] / 95040
	 interval: [25740,26730] / 95040
	 interval: [26730,27720] / 95040
	 interval: [27720,28710] / 95040
	 interval: [28710,29700] / 95040
	 interval: [29700,30690] / 95040
	 interval: [30690,31680] / 95040
	 interval: [31680,32670] / 95040
	 interval: [32670,33660] / 95040
	 interval: [33660,34650] / 95040
	 interval: [34650,35640] / 95040
	 interval: [35640,36630] / 95040
	 interval: [36630,37620] / 95040
	 interval: [37620,38610] / 95040
	 interval: [38610,39600] / 95040
	 interval: [39600,40590] / 95040
	 interval: [40590,41580] / 95040
	 interval: [41580,42570] / 95040
	 interval: [42570,43560] / 95040
	 interval: [43560,44550] / 95040
	 interval: [44550,45540] / 95040
	 interval: [45540,46530] / 95040
	 interval: [46530,47520] / 95040
	 interval: [47520,48510] / 95040
	 interval: [48510,49500] / 95040
	 interval: [49500,50490] / 95040
	 interval: [50490,51480] / 95040
	 interval: [51480,52470] / 95040
	 interval: [52470,53460] / 95040
	 interval: [53460,54450] / 95040
	 interval: [54450,55440] / 95040
	 interval: [55440,56430] / 95040
	 interval: [56430,57420] / 95040
	 interval: [57420,58410] / 95040
	 interval: [58410,59400] / 95040
	 interval: [59400,60390] / 95040
[0.53640498 0.56215558 0.50953051 0.57171687 0.60069271 0.61603198
 0.6810613  0.74040502 0.73599553 0.65670288 0.76991241 0.64496784
 0.76184165 0.69149011 0.62186051 0.59705735 0.72890102 0.67813492
 0.74238969 0.70412542 0.63607    0.78113853 0.69752991 0.80664679
 0.68154267 0.74296897 0.74206826 0.7352938  0.70586238 0.75191099
 0.79436301 0.70275951 0.79764234 0.74859898 0.69288641 0.65238581
 0.65696056 0.71929393 0.67681446 0.68813207 0.73781292 0.63518071
 0.65647869 0.70117798 0.7019248  0.55785446 0.67131386 0.71181192
 0.75334698 0.79781552 0.73818175 0.77529347 0.7549119  0.75735091
 0.82980356 0.76778588 0.66146531 0.75813016 0.71717185 0.73670102
 0.75579795]
avg auc score: btlda 0.7006485126975428
Computing average auc score for size 1080 (out of 14)
	 interval: [0,1080] / 95040
	 interval: [1080,2160] / 95040
	 interval: [2160,3240] / 95040
	 interval: [3240,4320] / 95040
	 interval: [4320,5400] / 95040
	 interval: [5400,6480] / 95040
	 interval: [6480,7560] / 95040
	 interval: [7560,8640] / 95040
	 interval: [8640,9720] / 95040
	 interval: [9720,10800] / 95040
	 interval: [10800,11880] / 95040
	 interval: [11880,12960] / 95040
	 interval: [12960,14040] / 95040
	 interval: [14040,15120] / 95040
	 interval: [15120,16200] / 95040
	 interval: [16200,17280] / 95040
	 interval: [17280,18360] / 95040
	 interval: [18360,19440] / 95040
	 interval: [19440,20520] / 95040
	 interval: [20520,21600] / 95040
	 interval: [21600,22680] / 95040
	 interval: [22680,23760] / 95040
	 interval: [23760,24840] / 95040
	 interval: [24840,25920] / 95040
	 interval: [25920,27000] / 95040
	 interval: [27000,28080] / 95040
	 interval: [28080,29160] / 95040
	 interval: [29160,30240] / 95040
	 interval: [30240,31320] / 95040
	 interval: [31320,32400] / 95040
	 interval: [32400,33480] / 95040
	 interval: [33480,34560] / 95040
	 interval: [34560,35640] / 95040
	 interval: [35640,36720] / 95040
	 interval: [36720,37800] / 95040
	 interval: [37800,38880] / 95040
	 interval: [38880,39960] / 95040
	 interval: [39960,41040] / 95040
	 interval: [41040,42120] / 95040
	 interval: [42120,43200] / 95040
	 interval: [43200,44280] / 95040
	 interval: [44280,45360] / 95040
	 interval: [45360,46440] / 95040
	 interval: [46440,47520] / 95040
	 interval: [47520,48600] / 95040
	 interval: [48600,49680] / 95040
	 interval: [49680,50760] / 95040
	 interval: [50760,51840] / 95040
	 interval: [51840,52920] / 95040
	 interval: [52920,54000] / 95040
	 interval: [54000,55080] / 95040
	 interval: [55080,56160] / 95040
	 interval: [56160,57240] / 95040
	 interval: [57240,58320] / 95040
	 interval: [58320,59400] / 95040
	 interval: [59400,60480] / 95040
[0.55212346 0.55185185 0.54597531 0.61291358 0.64138272 0.6717284
 0.72017284 0.69523457 0.68261728 0.76824691 0.67871605 0.76881481
 0.68311111 0.66918519 0.56555556 0.72404938 0.69133333 0.82101235
 0.59738272 0.72311111 0.742      0.77108642 0.6468642  0.78807407
 0.73365432 0.74387654 0.69187654 0.77283951 0.73607407 0.74454321
 0.78644444 0.69081481 0.68140741 0.64812346 0.70723457 0.69083951
 0.69533333 0.66916049 0.70802469 0.66782716 0.66432099 0.55330864
 0.69316049 0.748      0.75822222 0.81054321 0.81637037 0.75276543
 0.78802469 0.77441975 0.80846914 0.73540741 0.76508642 0.73177778
 0.7468642  0.7365679 ]
avg auc score: btlda 0.7064986772486772
Computing average auc score for size 1170 (out of 14)
	 interval: [0,1170] / 95040
	 interval: [1170,2340] / 95040
	 interval: [2340,3510] / 95040
	 interval: [3510,4680] / 95040
	 interval: [4680,5850] / 95040
	 interval: [5850,7020] / 95040
	 interval: [7020,8190] / 95040
	 interval: [8190,9360] / 95040
	 interval: [9360,10530] / 95040
	 interval: [10530,11700] / 95040
	 interval: [11700,12870] / 95040
	 interval: [12870,14040] / 95040
	 interval: [14040,15210] / 95040
	 interval: [15210,16380] / 95040
	 interval: [16380,17550] / 95040
	 interval: [17550,18720] / 95040
	 interval: [18720,19890] / 95040
	 interval: [19890,21060] / 95040
	 interval: [21060,22230] / 95040
	 interval: [22230,23400] / 95040
	 interval: [23400,24570] / 95040
	 interval: [24570,25740] / 95040
	 interval: [25740,26910] / 95040
	 interval: [26910,28080] / 95040
	 interval: [28080,29250] / 95040
	 interval: [29250,30420] / 95040
	 interval: [30420,31590] / 95040
	 interval: [31590,32760] / 95040
	 interval: [32760,33930] / 95040
	 interval: [33930,35100] / 95040
	 interval: [35100,36270] / 95040
	 interval: [36270,37440] / 95040
	 interval: [37440,38610] / 95040
	 interval: [38610,39780] / 95040
	 interval: [39780,40950] / 95040
	 interval: [40950,42120] / 95040
	 interval: [42120,43290] / 95040
	 interval: [43290,44460] / 95040
	 interval: [44460,45630] / 95040
	 interval: [45630,46800] / 95040
	 interval: [46800,47970] / 95040
	 interval: [47970,49140] / 95040
	 interval: [49140,50310] / 95040
	 interval: [50310,51480] / 95040
	 interval: [51480,52650] / 95040
	 interval: [52650,53820] / 95040
	 interval: [53820,54990] / 95040
	 interval: [54990,56160] / 95040
	 interval: [56160,57330] / 95040
	 interval: [57330,58500] / 95040
	 interval: [58500,59670] / 95040
[0.54581019 0.54145711 0.50908447 0.64308687 0.65253026 0.68708451
 0.72263274 0.73054116 0.74012784 0.70352479 0.75853503 0.69418774
 0.6637734  0.55914799 0.7442771  0.72460161 0.68970538 0.69038777
 0.76219912 0.71508588 0.77170947 0.74344782 0.71831944 0.76683647
 0.70911611 0.77571425 0.71848287 0.78691309 0.73225159 0.71841717
 0.66643054 0.69799255 0.71559697 0.68138251 0.7394832  0.70539493
 0.65586903 0.6868708  0.56374936 0.69891366 0.76571289 0.77859641
 0.75521705 0.76675602 0.73331452 0.80755958 0.82982608 0.71880515
 0.76182951 0.74822665 0.70146919]
avg auc score: btlda 0.7078036436189533
Computing average auc score for size 1260 (out of 14)
	 interval: [0,1260] / 95040
	 interval: [1260,2520] / 95040
	 interval: [2520,3780] / 95040
	 interval: [3780,5040] / 95040
	 interval: [5040,6300] / 95040
	 interval: [6300,7560] / 95040
	 interval: [7560,8820] / 95040
	 interval: [8820,10080] / 95040
	 interval: [10080,11340] / 95040
	 interval: [11340,12600] / 95040
	 interval: [12600,13860] / 95040
	 interval: [13860,15120] / 95040
	 interval: [15120,16380] / 95040
	 interval: [16380,17640] / 95040
	 interval: [17640,18900] / 95040
	 interval: [18900,20160] / 95040
	 interval: [20160,21420] / 95040
	 interval: [21420,22680] / 95040
	 interval: [22680,23940] / 95040
	 interval: [23940,25200] / 95040
	 interval: [25200,26460] / 95040
	 interval: [26460,27720] / 95040
	 interval: [27720,28980] / 95040
	 interval: [28980,30240] / 95040
	 interval: [30240,31500] / 95040
	 interval: [31500,32760] / 95040
	 interval: [32760,34020] / 95040
	 interval: [34020,35280] / 95040
	 interval: [35280,36540] / 95040
	 interval: [36540,37800] / 95040
	 interval: [37800,39060] / 95040
	 interval: [39060,40320] / 95040
	 interval: [40320,41580] / 95040
	 interval: [41580,42840] / 95040
	 interval: [42840,44100] / 95040
	 interval: [44100,45360] / 95040
	 interval: [45360,46620] / 95040
	 interval: [46620,47880] / 95040
	 interval: [47880,49140] / 95040
	 interval: [49140,50400] / 95040
	 interval: [50400,51660] / 95040
	 interval: [51660,52920] / 95040
	 interval: [52920,54180] / 95040
	 interval: [54180,55440] / 95040
	 interval: [55440,56700] / 95040
	 interval: [56700,57960] / 95040
	 interval: [57960,59220] / 95040
	 interval: [59220,60480] / 95040
[0.57229849 0.54939772 0.54126884 0.59570419 0.70574285 0.71221345
 0.70130079 0.71289669 0.71120348 0.67672851 0.73224679 0.66654779
 0.55705648 0.75038009 0.74506341 0.72058251 0.73180788 0.72126568
 0.77194169 0.73691895 0.77046114 0.76235524 0.70008128 0.78890078
 0.77257753 0.76834561 0.74128964 0.70907189 0.6852664  0.72771154
 0.69144107 0.69307215 0.69990065 0.67017336 0.70717071 0.5590678
 0.71083404 0.75381182 0.78525776 0.75096695 0.79714594 0.77720221
 0.79380937 0.7841858  0.70166485 0.7498473  0.76972289 0.77825271]
avg auc score: btlda 0.7127532227273615