Stored as "sizes_scores_1_4.pkl"
Epochs interval: [0 - (n_epochs/4)+1] = [0 - 23761]
Number of sizes: 37
Sizes: [  90  120  150  180  210  240  270  300  330  360  390  420  450  480
  510  540  570  600  630  660  690  720  750  780  810  840  870  900
  930  960  990 1020 1050 1080 1110 1140 1170]
Step size: 90
Trials total: 1302
Epochs total: 23760
Time intervals: [0.1  0.15 0.2  0.25 0.3  0.35 0.4  0.45 0.5 ]
Computing average auc score for size 90 (out of 37)
	 interval: [0,90] / 23760
	 interval: [90,180] / 23760
	 interval: [180,270] / 23760
	 interval: [270,360] / 23760
	 interval: [360,450] / 23760
	 interval: [450,540] / 23760
	 interval: [540,630] / 23760
	 interval: [630,720] / 23760
	 interval: [720,810] / 23760
	 interval: [810,900] / 23760
	 interval: [900,990] / 23760
	 interval: [990,1080] / 23760
	 interval: [1080,1170] / 23760
	 interval: [1170,1260] / 23760
	 interval: [1260,1350] / 23760
	 interval: [1350,1440] / 23760
	 interval: [1440,1530] / 23760
	 interval: [1530,1620] / 23760
	 interval: [1620,1710] / 23760
	 interval: [1710,1800] / 23760
	 interval: [1800,1890] / 23760
	 interval: [1890,1980] / 23760
	 interval: [1980,2070] / 23760
	 interval: [2070,2160] / 23760
	 interval: [2160,2250] / 23760
	 interval: [2250,2340] / 23760
	 interval: [2340,2430] / 23760
	 interval: [2430,2520] / 23760
	 interval: [2520,2610] / 23760
	 interval: [2610,2700] / 23760
	 interval: [2700,2790] / 23760
	 interval: [2790,2880] / 23760
	 interval: [2880,2970] / 23760
	 interval: [2970,3060] / 23760
	 interval: [3060,3150] / 23760
	 interval: [3150,3240] / 23760
	 interval: [3240,3330] / 23760
	 interval: [3330,3420] / 23760
	 interval: [3420,3510] / 23760
	 interval: [3510,3600] / 23760
	 interval: [3600,3690] / 23760
	 interval: [3690,3780] / 23760
	 interval: [3780,3870] / 23760
	 interval: [3870,3960] / 23760
	 interval: [3960,4050] / 23760
	 interval: [4050,4140] / 23760
	 interval: [4140,4230] / 23760
	 interval: [4230,4320] / 23760
	 interval: [4320,4410] / 23760
	 interval: [4410,4500] / 23760
	 interval: [4500,4590] / 23760
	 interval: [4590,4680] / 23760
	 interval: [4680,4770] / 23760
	 interval: [4770,4860] / 23760
	 interval: [4860,4950] / 23760
	 interval: [4950,5040] / 23760
	 interval: [5040,5130] / 23760
	 interval: [5130,5220] / 23760
	 interval: [5220,5310] / 23760
	 interval: [5310,5400] / 23760
	 interval: [5400,5490] / 23760
	 interval: [5490,5580] / 23760
	 interval: [5580,5670] / 23760
	 interval: [5670,5760] / 23760
	 interval: [5760,5850] / 23760
	 interval: [5850,5940] / 23760
	 interval: [5940,6030] / 23760
	 interval: [6030,6120] / 23760
	 interval: [6120,6210] / 23760
	 interval: [6210,6300] / 23760
	 interval: [6300,6390] / 23760
	 interval: [6390,6480] / 23760
	 interval: [6480,6570] / 23760
	 interval: [6570,6660] / 23760
	 interval: [6660,6750] / 23760
	 interval: [6750,6840] / 23760
	 interval: [6840,6930] / 23760
	 interval: [6930,7020] / 23760
	 interval: [7020,7110] / 23760
	 interval: [7110,7200] / 23760
	 interval: [7200,7290] / 23760
	 interval: [7290,7380] / 23760
	 interval: [7380,7470] / 23760
	 interval: [7470,7560] / 23760
	 interval: [7560,7650] / 23760
	 interval: [7650,7740] / 23760
	 interval: [7740,7830] / 23760
	 interval: [7830,7920] / 23760
	 interval: [7920,8010] / 23760
	 interval: [8010,8100] / 23760
	 interval: [8100,8190] / 23760
	 interval: [8190,8280] / 23760
	 interval: [8280,8370] / 23760
	 interval: [8370,8460] / 23760
	 interval: [8460,8550] / 23760
	 interval: [8550,8640] / 23760
	 interval: [8640,8730] / 23760
	 interval: [8730,8820] / 23760
	 interval: [8820,8910] / 23760
	 interval: [8910,9000] / 23760
	 interval: [9000,9090] / 23760
	 interval: [9090,9180] / 23760
	 interval: [9180,9270] / 23760
	 interval: [9270,9360] / 23760
	 interval: [9360,9450] / 23760
	 interval: [9450,9540] / 23760
	 interval: [9540,9630] / 23760
	 interval: [9630,9720] / 23760
	 interval: [9720,9810] / 23760
	 interval: [9810,9900] / 23760
	 interval: [9900,9990] / 23760
	 interval: [9990,10080] / 23760
	 interval: [10080,10170] / 23760
	 interval: [10170,10260] / 23760
	 interval: [10260,10350] / 23760
	 interval: [10350,10440] / 23760
	 interval: [10440,10530] / 23760
	 interval: [10530,10620] / 23760
	 interval: [10620,10710] / 23760
	 interval: [10710,10800] / 23760
	 interval: [10800,10890] / 23760
	 interval: [10890,10980] / 23760
	 interval: [10980,11070] / 23760
	 interval: [11070,11160] / 23760
	 interval: [11160,11250] / 23760
	 interval: [11250,11340] / 23760
	 interval: [11340,11430] / 23760
	 interval: [11430,11520] / 23760
	 interval: [11520,11610] / 23760
	 interval: [11610,11700] / 23760
	 interval: [11700,11790] / 23760
	 interval: [11790,11880] / 23760
	 interval: [11880,11970] / 23760
	 interval: [11970,12060] / 23760
	 interval: [12060,12150] / 23760
	 interval: [12150,12240] / 23760
	 interval: [12240,12330] / 23760
	 interval: [12330,12420] / 23760
	 interval: [12420,12510] / 23760
	 interval: [12510,12600] / 23760
	 interval: [12600,12690] / 23760
	 interval: [12690,12780] / 23760
	 interval: [12780,12870] / 23760
	 interval: [12870,12960] / 23760
	 interval: [12960,13050] / 23760
	 interval: [13050,13140] / 23760
	 interval: [13140,13230] / 23760
	 interval: [13230,13320] / 23760
	 interval: [13320,13410] / 23760
	 interval: [13410,13500] / 23760
	 interval: [13500,13590] / 23760
	 interval: [13590,13680] / 23760
	 interval: [13680,13770] / 23760
	 interval: [13770,13860] / 23760
	 interval: [13860,13950] / 23760
	 interval: [13950,14040] / 23760
	 interval: [14040,14130] / 23760
	 interval: [14130,14220] / 23760
	 interval: [14220,14310] / 23760
	 interval: [14310,14400] / 23760
	 interval: [14400,14490] / 23760
	 interval: [14490,14580] / 23760
	 interval: [14580,14670] / 23760
	 interval: [14670,14760] / 23760
	 interval: [14760,14850] / 23760
	 interval: [14850,14940] / 23760
	 interval: [14940,15030] / 23760
	 interval: [15030,15120] / 23760
	 interval: [15120,15210] / 23760
	 interval: [15210,15300] / 23760
	 interval: [15300,15390] / 23760
	 interval: [15390,15480] / 23760
	 interval: [15480,15570] / 23760
	 interval: [15570,15660] / 23760
	 interval: [15660,15750] / 23760
	 interval: [15750,15840] / 23760
	 interval: [15840,15930] / 23760
	 interval: [15930,16020] / 23760
	 interval: [16020,16110] / 23760
	 interval: [16110,16200] / 23760
	 interval: [16200,16290] / 23760
	 interval: [16290,16380] / 23760
	 interval: [16380,16470] / 23760
	 interval: [16470,16560] / 23760
	 interval: [16560,16650] / 23760
	 interval: [16650,16740] / 23760
	 interval: [16740,16830] / 23760
	 interval: [16830,16920] / 23760
	 interval: [16920,17010] / 23760
	 interval: [17010,17100] / 23760
	 interval: [17100,17190] / 23760
	 interval: [17190,17280] / 23760
	 interval: [17280,17370] / 23760
	 interval: [17370,17460] / 23760
	 interval: [17460,17550] / 23760
	 interval: [17550,17640] / 23760
	 interval: [17640,17730] / 23760
	 interval: [17730,17820] / 23760
	 interval: [17820,17910] / 23760
	 interval: [17910,18000] / 23760
	 interval: [18000,18090] / 23760
	 interval: [18090,18180] / 23760
	 interval: [18180,18270] / 23760
	 interval: [18270,18360] / 23760
	 interval: [18360,18450] / 23760
	 interval: [18450,18540] / 23760
	 interval: [18540,18630] / 23760
	 interval: [18630,18720] / 23760
	 interval: [18720,18810] / 23760
	 interval: [18810,18900] / 23760
	 interval: [18900,18990] / 23760
	 interval: [18990,19080] / 23760
	 interval: [19080,19170] / 23760
	 interval: [19170,19260] / 23760
	 interval: [19260,19350] / 23760
	 interval: [19350,19440] / 23760
	 interval: [19440,19530] / 23760
	 interval: [19530,19620] / 23760
	 interval: [19620,19710] / 23760
	 interval: [19710,19800] / 23760
	 interval: [19800,19890] / 23760
	 interval: [19890,19980] / 23760
	 interval: [19980,20070] / 23760
	 interval: [20070,20160] / 23760
	 interval: [20160,20250] / 23760
	 interval: [20250,20340] / 23760
	 interval: [20340,20430] / 23760
	 interval: [20430,20520] / 23760
	 interval: [20520,20610] / 23760
	 interval: [20610,20700] / 23760
	 interval: [20700,20790] / 23760
	 interval: [20790,20880] / 23760
	 interval: [20880,20970] / 23760
	 interval: [20970,21060] / 23760
	 interval: [21060,21150] / 23760
	 interval: [21150,21240] / 23760
	 interval: [21240,21330] / 23760
	 interval: [21330,21420] / 23760
	 interval: [21420,21510] / 23760
	 interval: [21510,21600] / 23760
	 interval: [21600,21690] / 23760
	 interval: [21690,21780] / 23760
	 interval: [21780,21870] / 23760
	 interval: [21870,21960] / 23760
	 interval: [21960,22050] / 23760
	 interval: [22050,22140] / 23760
	 interval: [22140,22230] / 23760
	 interval: [22230,22320] / 23760
	 interval: [22320,22410] / 23760
	 interval: [22410,22500] / 23760
	 interval: [22500,22590] / 23760
	 interval: [22590,22680] / 23760
	 interval: [22680,22770] / 23760
	 interval: [22770,22860] / 23760
	 interval: [22860,22950] / 23760
	 interval: [22950,23040] / 23760
	 interval: [23040,23130] / 23760
	 interval: [23130,23220] / 23760
	 interval: [23220,23310] / 23760
	 interval: [23310,23400] / 23760
	 interval: [23400,23490] / 23760
	 interval: [23490,23580] / 23760
	 interval: [23580,23670] / 23760
	 interval: [23670,23760] / 23760
avg auc score: btlda 0.6243569433716357
Computing average auc score for size 120 (out of 37)
	 interval: [0,120] / 23760
	 interval: [120,240] / 23760
	 interval: [240,360] / 23760
	 interval: [360,480] / 23760
	 interval: [480,600] / 23760
	 interval: [600,720] / 23760
	 interval: [720,840] / 23760
	 interval: [840,960] / 23760
	 interval: [960,1080] / 23760
	 interval: [1080,1200] / 23760
	 interval: [1200,1320] / 23760
	 interval: [1320,1440] / 23760
	 interval: [1440,1560] / 23760
	 interval: [1560,1680] / 23760
	 interval: [1680,1800] / 23760
	 interval: [1800,1920] / 23760
	 interval: [1920,2040] / 23760
	 interval: [2040,2160] / 23760
	 interval: [2160,2280] / 23760
	 interval: [2280,2400] / 23760
	 interval: [2400,2520] / 23760
	 interval: [2520,2640] / 23760
	 interval: [2640,2760] / 23760
	 interval: [2760,2880] / 23760
	 interval: [2880,3000] / 23760
	 interval: [3000,3120] / 23760
	 interval: [3120,3240] / 23760
	 interval: [3240,3360] / 23760
	 interval: [3360,3480] / 23760
	 interval: [3480,3600] / 23760
	 interval: [3600,3720] / 23760
	 interval: [3720,3840] / 23760
	 interval: [3840,3960] / 23760
	 interval: [3960,4080] / 23760
	 interval: [4080,4200] / 23760
	 interval: [4200,4320] / 23760
	 interval: [4320,4440] / 23760
	 interval: [4440,4560] / 23760
	 interval: [4560,4680] / 23760
	 interval: [4680,4800] / 23760
	 interval: [4800,4920] / 23760
	 interval: [4920,5040] / 23760
	 interval: [5040,5160] / 23760
	 interval: [5160,5280] / 23760
	 interval: [5280,5400] / 23760
	 interval: [5400,5520] / 23760
	 interval: [5520,5640] / 23760
	 interval: [5640,5760] / 23760
	 interval: [5760,5880] / 23760
	 interval: [5880,6000] / 23760
	 interval: [6000,6120] / 23760
	 interval: [6120,6240] / 23760
	 interval: [6240,6360] / 23760
	 interval: [6360,6480] / 23760
	 interval: [6480,6600] / 23760
	 interval: [6600,6720] / 23760
	 interval: [6720,6840] / 23760
	 interval: [6840,6960] / 23760
	 interval: [6960,7080] / 23760
	 interval: [7080,7200] / 23760
	 interval: [7200,7320] / 23760
	 interval: [7320,7440] / 23760
	 interval: [7440,7560] / 23760
	 interval: [7560,7680] / 23760
	 interval: [7680,7800] / 23760
	 interval: [7800,7920] / 23760
	 interval: [7920,8040] / 23760
	 interval: [8040,8160] / 23760
	 interval: [8160,8280] / 23760
	 interval: [8280,8400] / 23760
	 interval: [8400,8520] / 23760
	 interval: [8520,8640] / 23760
	 interval: [8640,8760] / 23760
	 interval: [8760,8880] / 23760
	 interval: [8880,9000] / 23760
	 interval: [9000,9120] / 23760
	 interval: [9120,9240] / 23760
	 interval: [9240,9360] / 23760
	 interval: [9360,9480] / 23760
	 interval: [9480,9600] / 23760
	 interval: [9600,9720] / 23760
	 interval: [9720,9840] / 23760
	 interval: [9840,9960] / 23760
	 interval: [9960,10080] / 23760
	 interval: [10080,10200] / 23760
	 interval: [10200,10320] / 23760
	 interval: [10320,10440] / 23760
	 interval: [10440,10560] / 23760
	 interval: [10560,10680] / 23760
	 interval: [10680,10800] / 23760
	 interval: [10800,10920] / 23760
	 interval: [10920,11040] / 23760
	 interval: [11040,11160] / 23760
	 interval: [11160,11280] / 23760
	 interval: [11280,11400] / 23760
	 interval: [11400,11520] / 23760
	 interval: [11520,11640] / 23760
	 interval: [11640,11760] / 23760
	 interval: [11760,11880] / 23760
	 interval: [11880,12000] / 23760
	 interval: [12000,12120] / 23760
	 interval: [12120,12240] / 23760
	 interval: [12240,12360] / 23760
	 interval: [12360,12480] / 23760
	 interval: [12480,12600] / 23760
	 interval: [12600,12720] / 23760
	 interval: [12720,12840] / 23760
	 interval: [12840,12960] / 23760
	 interval: [12960,13080] / 23760
	 interval: [13080,13200] / 23760
	 interval: [13200,13320] / 23760
	 interval: [13320,13440] / 23760
	 interval: [13440,13560] / 23760
	 interval: [13560,13680] / 23760
	 interval: [13680,13800] / 23760
	 interval: [13800,13920] / 23760
	 interval: [13920,14040] / 23760
	 interval: [14040,14160] / 23760
	 interval: [14160,14280] / 23760
	 interval: [14280,14400] / 23760
	 interval: [14400,14520] / 23760
	 interval: [14520,14640] / 23760
	 interval: [14640,14760] / 23760
	 interval: [14760,14880] / 23760
	 interval: [14880,15000] / 23760
	 interval: [15000,15120] / 23760
	 interval: [15120,15240] / 23760
	 interval: [15240,15360] / 23760
	 interval: [15360,15480] / 23760
	 interval: [15480,15600] / 23760
	 interval: [15600,15720] / 23760
	 interval: [15720,15840] / 23760
	 interval: [15840,15960] / 23760
	 interval: [15960,16080] / 23760
	 interval: [16080,16200] / 23760
	 interval: [16200,16320] / 23760
	 interval: [16320,16440] / 23760
	 interval: [16440,16560] / 23760
	 interval: [16560,16680] / 23760
	 interval: [16680,16800] / 23760
	 interval: [16800,16920] / 23760
	 interval: [16920,17040] / 23760
	 interval: [17040,17160] / 23760
	 interval: [17160,17280] / 23760
	 interval: [17280,17400] / 23760
	 interval: [17400,17520] / 23760
	 interval: [17520,17640] / 23760
	 interval: [17640,17760] / 23760
	 interval: [17760,17880] / 23760
	 interval: [17880,18000] / 23760
	 interval: [18000,18120] / 23760
	 interval: [18120,18240] / 23760
	 interval: [18240,18360] / 23760
	 interval: [18360,18480] / 23760
	 interval: [18480,18600] / 23760
	 interval: [18600,18720] / 23760
	 interval: [18720,18840] / 23760
	 interval: [18840,18960] / 23760
	 interval: [18960,19080] / 23760
	 interval: [19080,19200] / 23760
	 interval: [19200,19320] / 23760
	 interval: [19320,19440] / 23760
	 interval: [19440,19560] / 23760
	 interval: [19560,19680] / 23760
	 interval: [19680,19800] / 23760
	 interval: [19800,19920] / 23760
	 interval: [19920,20040] / 23760
	 interval: [20040,20160] / 23760
	 interval: [20160,20280] / 23760
	 interval: [20280,20400] / 23760
	 interval: [20400,20520] / 23760
	 interval: [20520,20640] / 23760
	 interval: [20640,20760] / 23760
	 interval: [20760,20880] / 23760
	 interval: [20880,21000] / 23760
	 interval: [21000,21120] / 23760
	 interval: [21120,21240] / 23760
	 interval: [21240,21360] / 23760
	 interval: [21360,21480] / 23760
	 interval: [21480,21600] / 23760
	 interval: [21600,21720] / 23760
	 interval: [21720,21840] / 23760
	 interval: [21840,21960] / 23760
	 interval: [21960,22080] / 23760
	 interval: [22080,22200] / 23760
	 interval: [22200,22320] / 23760
	 interval: [22320,22440] / 23760
	 interval: [22440,22560] / 23760
	 interval: [22560,22680] / 23760
	 interval: [22680,22800] / 23760
	 interval: [22800,22920] / 23760
	 interval: [22920,23040] / 23760
	 interval: [23040,23160] / 23760
	 interval: [23160,23280] / 23760
	 interval: [23280,23400] / 23760
	 interval: [23400,23520] / 23760
	 interval: [23520,23640] / 23760
	 interval: [23640,23760] / 23760
avg auc score: btlda 0.623656606162631
Computing average auc score for size 150 (out of 37)
	 interval: [0,150] / 23760
	 interval: [150,300] / 23760
	 interval: [300,450] / 23760
	 interval: [450,600] / 23760
	 interval: [600,750] / 23760
	 interval: [750,900] / 23760
	 interval: [900,1050] / 23760
	 interval: [1050,1200] / 23760
	 interval: [1200,1350] / 23760
	 interval: [1350,1500] / 23760
	 interval: [1500,1650] / 23760
	 interval: [1650,1800] / 23760
	 interval: [1800,1950] / 23760
	 interval: [1950,2100] / 23760
	 interval: [2100,2250] / 23760
	 interval: [2250,2400] / 23760
	 interval: [2400,2550] / 23760
	 interval: [2550,2700] / 23760
	 interval: [2700,2850] / 23760
	 interval: [2850,3000] / 23760
	 interval: [3000,3150] / 23760
	 interval: [3150,3300] / 23760
	 interval: [3300,3450] / 23760
	 interval: [3450,3600] / 23760
	 interval: [3600,3750] / 23760
	 interval: [3750,3900] / 23760
	 interval: [3900,4050] / 23760
	 interval: [4050,4200] / 23760
	 interval: [4200,4350] / 23760
	 interval: [4350,4500] / 23760
	 interval: [4500,4650] / 23760
	 interval: [4650,4800] / 23760
	 interval: [4800,4950] / 23760
	 interval: [4950,5100] / 23760
	 interval: [5100,5250] / 23760
	 interval: [5250,5400] / 23760
	 interval: [5400,5550] / 23760
	 interval: [5550,5700] / 23760
	 interval: [5700,5850] / 23760
	 interval: [5850,6000] / 23760
	 interval: [6000,6150] / 23760
	 interval: [6150,6300] / 23760
	 interval: [6300,6450] / 23760
	 interval: [6450,6600] / 23760
	 interval: [6600,6750] / 23760
	 interval: [6750,6900] / 23760
	 interval: [6900,7050] / 23760
	 interval: [7050,7200] / 23760
	 interval: [7200,7350] / 23760
	 interval: [7350,7500] / 23760
	 interval: [7500,7650] / 23760
	 interval: [7650,7800] / 23760
	 interval: [7800,7950] / 23760
	 interval: [7950,8100] / 23760
	 interval: [8100,8250] / 23760
	 interval: [8250,8400] / 23760
	 interval: [8400,8550] / 23760
	 interval: [8550,8700] / 23760
	 interval: [8700,8850] / 23760
	 interval: [8850,9000] / 23760
	 interval: [9000,9150] / 23760
	 interval: [9150,9300] / 23760
	 interval: [9300,9450] / 23760
	 interval: [9450,9600] / 23760
	 interval: [9600,9750] / 23760
	 interval: [9750,9900] / 23760
	 interval: [9900,10050] / 23760
	 interval: [10050,10200] / 23760
	 interval: [10200,10350] / 23760
	 interval: [10350,10500] / 23760
	 interval: [10500,10650] / 23760
	 interval: [10650,10800] / 23760
	 interval: [10800,10950] / 23760
	 interval: [10950,11100] / 23760
	 interval: [11100,11250] / 23760
	 interval: [11250,11400] / 23760
	 interval: [11400,11550] / 23760
	 interval: [11550,11700] / 23760
	 interval: [11700,11850] / 23760
	 interval: [11850,12000] / 23760
	 interval: [12000,12150] / 23760
	 interval: [12150,12300] / 23760
	 interval: [12300,12450] / 23760
	 interval: [12450,12600] / 23760
	 interval: [12600,12750] / 23760
	 interval: [12750,12900] / 23760
	 interval: [12900,13050] / 23760
	 interval: [13050,13200] / 23760
	 interval: [13200,13350] / 23760
	 interval: [13350,13500] / 23760
	 interval: [13500,13650] / 23760
	 interval: [13650,13800] / 23760
	 interval: [13800,13950] / 23760
	 interval: [13950,14100] / 23760
	 interval: [14100,14250] / 23760
	 interval: [14250,14400] / 23760
	 interval: [14400,14550] / 23760
	 interval: [14550,14700] / 23760
	 interval: [14700,14850] / 23760
	 interval: [14850,15000] / 23760
	 interval: [15000,15150] / 23760
	 interval: [15150,15300] / 23760
	 interval: [15300,15450] / 23760
	 interval: [15450,15600] / 23760
	 interval: [15600,15750] / 23760
	 interval: [15750,15900] / 23760
	 interval: [15900,16050] / 23760
	 interval: [16050,16200] / 23760
	 interval: [16200,16350] / 23760
	 interval: [16350,16500] / 23760
	 interval: [16500,16650] / 23760
	 interval: [16650,16800] / 23760
	 interval: [16800,16950] / 23760
	 interval: [16950,17100] / 23760
	 interval: [17100,17250] / 23760
	 interval: [17250,17400] / 23760
	 interval: [17400,17550] / 23760
	 interval: [17550,17700] / 23760
	 interval: [17700,17850] / 23760
	 interval: [17850,18000] / 23760
	 interval: [18000,18150] / 23760
	 interval: [18150,18300] / 23760
	 interval: [18300,18450] / 23760
	 interval: [18450,18600] / 23760
	 interval: [18600,18750] / 23760
	 interval: [18750,18900] / 23760
	 interval: [18900,19050] / 23760
	 interval: [19050,19200] / 23760
	 interval: [19200,19350] / 23760
	 interval: [19350,19500] / 23760
	 interval: [19500,19650] / 23760
	 interval: [19650,19800] / 23760
	 interval: [19800,19950] / 23760
	 interval: [19950,20100] / 23760
	 interval: [20100,20250] / 23760
	 interval: [20250,20400] / 23760
	 interval: [20400,20550] / 23760
	 interval: [20550,20700] / 23760
	 interval: [20700,20850] / 23760
	 interval: [20850,21000] / 23760
	 interval: [21000,21150] / 23760
	 interval: [21150,21300] / 23760
	 interval: [21300,21450] / 23760
	 interval: [21450,21600] / 23760
	 interval: [21600,21750] / 23760
	 interval: [21750,21900] / 23760
	 interval: [21900,22050] / 23760
	 interval: [22050,22200] / 23760
	 interval: [22200,22350] / 23760
	 interval: [22350,22500] / 23760
	 interval: [22500,22650] / 23760
	 interval: [22650,22800] / 23760
	 interval: [22800,22950] / 23760
	 interval: [22950,23100] / 23760
	 interval: [23100,23250] / 23760
	 interval: [23250,23400] / 23760
	 interval: [23400,23550] / 23760
	 interval: [23550,23700] / 23760
avg auc score: btlda 0.6244458932968185
Computing average auc score for size 180 (out of 37)
	 interval: [0,180] / 23760
	 interval: [180,360] / 23760
	 interval: [360,540] / 23760
	 interval: [540,720] / 23760
	 interval: [720,900] / 23760
	 interval: [900,1080] / 23760
	 interval: [1080,1260] / 23760
	 interval: [1260,1440] / 23760
	 interval: [1440,1620] / 23760
	 interval: [1620,1800] / 23760
	 interval: [1800,1980] / 23760
	 interval: [1980,2160] / 23760
	 interval: [2160,2340] / 23760
	 interval: [2340,2520] / 23760
	 interval: [2520,2700] / 23760
	 interval: [2700,2880] / 23760
	 interval: [2880,3060] / 23760
	 interval: [3060,3240] / 23760
	 interval: [3240,3420] / 23760
	 interval: [3420,3600] / 23760
	 interval: [3600,3780] / 23760
	 interval: [3780,3960] / 23760
	 interval: [3960,4140] / 23760
	 interval: [4140,4320] / 23760
	 interval: [4320,4500] / 23760
	 interval: [4500,4680] / 23760
	 interval: [4680,4860] / 23760
	 interval: [4860,5040] / 23760
	 interval: [5040,5220] / 23760
	 interval: [5220,5400] / 23760
	 interval: [5400,5580] / 23760
	 interval: [5580,5760] / 23760
	 interval: [5760,5940] / 23760
	 interval: [5940,6120] / 23760
	 interval: [6120,6300] / 23760
	 interval: [6300,6480] / 23760
	 interval: [6480,6660] / 23760
	 interval: [6660,6840] / 23760
	 interval: [6840,7020] / 23760
	 interval: [7020,7200] / 23760
	 interval: [7200,7380] / 23760
	 interval: [7380,7560] / 23760
	 interval: [7560,7740] / 23760
	 interval: [7740,7920] / 23760
	 interval: [7920,8100] / 23760
	 interval: [8100,8280] / 23760
	 interval: [8280,8460] / 23760
	 interval: [8460,8640] / 23760
	 interval: [8640,8820] / 23760
	 interval: [8820,9000] / 23760
	 interval: [9000,9180] / 23760
	 interval: [9180,9360] / 23760
	 interval: [9360,9540] / 23760
	 interval: [9540,9720] / 23760
	 interval: [9720,9900] / 23760
	 interval: [9900,10080] / 23760
	 interval: [10080,10260] / 23760
	 interval: [10260,10440] / 23760
	 interval: [10440,10620] / 23760
	 interval: [10620,10800] / 23760
	 interval: [10800,10980] / 23760
	 interval: [10980,11160] / 23760
	 interval: [11160,11340] / 23760
	 interval: [11340,11520] / 23760
	 interval: [11520,11700] / 23760
	 interval: [11700,11880] / 23760
	 interval: [11880,12060] / 23760
	 interval: [12060,12240] / 23760
	 interval: [12240,12420] / 23760
	 interval: [12420,12600] / 23760
	 interval: [12600,12780] / 23760
	 interval: [12780,12960] / 23760
	 interval: [12960,13140] / 23760
	 interval: [13140,13320] / 23760
	 interval: [13320,13500] / 23760
	 interval: [13500,13680] / 23760
	 interval: [13680,13860] / 23760
	 interval: [13860,14040] / 23760
	 interval: [14040,14220] / 23760
	 interval: [14220,14400] / 23760
	 interval: [14400,14580] / 23760
	 interval: [14580,14760] / 23760
	 interval: [14760,14940] / 23760
	 interval: [14940,15120] / 23760
	 interval: [15120,15300] / 23760
	 interval: [15300,15480] / 23760
	 interval: [15480,15660] / 23760
	 interval: [15660,15840] / 23760
	 interval: [15840,16020] / 23760
	 interval: [16020,16200] / 23760
	 interval: [16200,16380] / 23760
	 interval: [16380,16560] / 23760
	 interval: [16560,16740] / 23760
	 interval: [16740,16920] / 23760
	 interval: [16920,17100] / 23760
	 interval: [17100,17280] / 23760
	 interval: [17280,17460] / 23760
	 interval: [17460,17640] / 23760
	 interval: [17640,17820] / 23760
	 interval: [17820,18000] / 23760
	 interval: [18000,18180] / 23760
	 interval: [18180,18360] / 23760
	 interval: [18360,18540] / 23760
	 interval: [18540,18720] / 23760
	 interval: [18720,18900] / 23760
	 interval: [18900,19080] / 23760
	 interval: [19080,19260] / 23760
	 interval: [19260,19440] / 23760
	 interval: [19440,19620] / 23760
	 interval: [19620,19800] / 23760
	 interval: [19800,19980] / 23760
	 interval: [19980,20160] / 23760
	 interval: [20160,20340] / 23760
	 interval: [20340,20520] / 23760
	 interval: [20520,20700] / 23760
	 interval: [20700,20880] / 23760
	 interval: [20880,21060] / 23760
	 interval: [21060,21240] / 23760
	 interval: [21240,21420] / 23760
	 interval: [21420,21600] / 23760
	 interval: [21600,21780] / 23760
	 interval: [21780,21960] / 23760
	 interval: [21960,22140] / 23760
	 interval: [22140,22320] / 23760
	 interval: [22320,22500] / 23760
	 interval: [22500,22680] / 23760
	 interval: [22680,22860] / 23760
	 interval: [22860,23040] / 23760
	 interval: [23040,23220] / 23760
	 interval: [23220,23400] / 23760
	 interval: [23400,23580] / 23760
	 interval: [23580,23760] / 23760
avg auc score: btlda 0.6234932513787208
Computing average auc score for size 210 (out of 37)
	 interval: [0,210] / 23760
	 interval: [210,420] / 23760
	 interval: [420,630] / 23760
	 interval: [630,840] / 23760
	 interval: [840,1050] / 23760
	 interval: [1050,1260] / 23760
	 interval: [1260,1470] / 23760
	 interval: [1470,1680] / 23760
	 interval: [1680,1890] / 23760
	 interval: [1890,2100] / 23760
	 interval: [2100,2310] / 23760
	 interval: [2310,2520] / 23760
	 interval: [2520,2730] / 23760
	 interval: [2730,2940] / 23760
	 interval: [2940,3150] / 23760
	 interval: [3150,3360] / 23760
	 interval: [3360,3570] / 23760
	 interval: [3570,3780] / 23760
	 interval: [3780,3990] / 23760
	 interval: [3990,4200] / 23760
	 interval: [4200,4410] / 23760
	 interval: [4410,4620] / 23760
	 interval: [4620,4830] / 23760
	 interval: [4830,5040] / 23760
	 interval: [5040,5250] / 23760
	 interval: [5250,5460] / 23760
	 interval: [5460,5670] / 23760
	 interval: [5670,5880] / 23760
	 interval: [5880,6090] / 23760
	 interval: [6090,6300] / 23760
	 interval: [6300,6510] / 23760
	 interval: [6510,6720] / 23760
	 interval: [6720,6930] / 23760
	 interval: [6930,7140] / 23760
	 interval: [7140,7350] / 23760
	 interval: [7350,7560] / 23760
	 interval: [7560,7770] / 23760
	 interval: [7770,7980] / 23760
	 interval: [7980,8190] / 23760
	 interval: [8190,8400] / 23760
	 interval: [8400,8610] / 23760
	 interval: [8610,8820] / 23760
	 interval: [8820,9030] / 23760
	 interval: [9030,9240] / 23760
	 interval: [9240,9450] / 23760
	 interval: [9450,9660] / 23760
	 interval: [9660,9870] / 23760
	 interval: [9870,10080] / 23760
	 interval: [10080,10290] / 23760
	 interval: [10290,10500] / 23760
	 interval: [10500,10710] / 23760
	 interval: [10710,10920] / 23760
	 interval: [10920,11130] / 23760
	 interval: [11130,11340] / 23760
	 interval: [11340,11550] / 23760
	 interval: [11550,11760] / 23760
	 interval: [11760,11970] / 23760
	 interval: [11970,12180] / 23760
	 interval: [12180,12390] / 23760
	 interval: [12390,12600] / 23760
	 interval: [12600,12810] / 23760
	 interval: [12810,13020] / 23760
	 interval: [13020,13230] / 23760
	 interval: [13230,13440] / 23760
	 interval: [13440,13650] / 23760
	 interval: [13650,13860] / 23760
	 interval: [13860,14070] / 23760
	 interval: [14070,14280] / 23760
	 interval: [14280,14490] / 23760
	 interval: [14490,14700] / 23760
	 interval: [14700,14910] / 23760
	 interval: [14910,15120] / 23760
	 interval: [15120,15330] / 23760
	 interval: [15330,15540] / 23760
	 interval: [15540,15750] / 23760
	 interval: [15750,15960] / 23760
	 interval: [15960,16170] / 23760
	 interval: [16170,16380] / 23760
	 interval: [16380,16590] / 23760
	 interval: [16590,16800] / 23760
	 interval: [16800,17010] / 23760
	 interval: [17010,17220] / 23760
	 interval: [17220,17430] / 23760
	 interval: [17430,17640] / 23760
	 interval: [17640,17850] / 23760
	 interval: [17850,18060] / 23760
	 interval: [18060,18270] / 23760
	 interval: [18270,18480] / 23760
	 interval: [18480,18690] / 23760
	 interval: [18690,18900] / 23760
	 interval: [18900,19110] / 23760
	 interval: [19110,19320] / 23760
	 interval: [19320,19530] / 23760
	 interval: [19530,19740] / 23760
	 interval: [19740,19950] / 23760
	 interval: [19950,20160] / 23760
	 interval: [20160,20370] / 23760
	 interval: [20370,20580] / 23760
	 interval: [20580,20790] / 23760
	 interval: [20790,21000] / 23760
	 interval: [21000,21210] / 23760
	 interval: [21210,21420] / 23760
	 interval: [21420,21630] / 23760
	 interval: [21630,21840] / 23760
	 interval: [21840,22050] / 23760
	 interval: [22050,22260] / 23760
	 interval: [22260,22470] / 23760
	 interval: [22470,22680] / 23760
	 interval: [22680,22890] / 23760
	 interval: [22890,23100] / 23760
	 interval: [23100,23310] / 23760
	 interval: [23310,23520] / 23760
	 interval: [23520,23730] / 23760
avg auc score: btlda 0.6236495853574886
Computing average auc score for size 240 (out of 37)
	 interval: [0,240] / 23760
	 interval: [240,480] / 23760
	 interval: [480,720] / 23760
	 interval: [720,960] / 23760
	 interval: [960,1200] / 23760
	 interval: [1200,1440] / 23760
	 interval: [1440,1680] / 23760
	 interval: [1680,1920] / 23760
	 interval: [1920,2160] / 23760
	 interval: [2160,2400] / 23760
	 interval: [2400,2640] / 23760
	 interval: [2640,2880] / 23760
	 interval: [2880,3120] / 23760
	 interval: [3120,3360] / 23760
	 interval: [3360,3600] / 23760
	 interval: [3600,3840] / 23760
	 interval: [3840,4080] / 23760
	 interval: [4080,4320] / 23760
	 interval: [4320,4560] / 23760
	 interval: [4560,4800] / 23760
	 interval: [4800,5040] / 23760
	 interval: [5040,5280] / 23760
	 interval: [5280,5520] / 23760
	 interval: [5520,5760] / 23760
	 interval: [5760,6000] / 23760
	 interval: [6000,6240] / 23760
	 interval: [6240,6480] / 23760
	 interval: [6480,6720] / 23760
	 interval: [6720,6960] / 23760
	 interval: [6960,7200] / 23760
	 interval: [7200,7440] / 23760
	 interval: [7440,7680] / 23760
	 interval: [7680,7920] / 23760
	 interval: [7920,8160] / 23760
	 interval: [8160,8400] / 23760
	 interval: [8400,8640] / 23760
	 interval: [8640,8880] / 23760
	 interval: [8880,9120] / 23760
	 interval: [9120,9360] / 23760
	 interval: [9360,9600] / 23760
	 interval: [9600,9840] / 23760
	 interval: [9840,10080] / 23760
	 interval: [10080,10320] / 23760
	 interval: [10320,10560] / 23760
	 interval: [10560,10800] / 23760
	 interval: [10800,11040] / 23760
	 interval: [11040,11280] / 23760
	 interval: [11280,11520] / 23760
	 interval: [11520,11760] / 23760
	 interval: [11760,12000] / 23760
	 interval: [12000,12240] / 23760
	 interval: [12240,12480] / 23760
	 interval: [12480,12720] / 23760
	 interval: [12720,12960] / 23760
	 interval: [12960,13200] / 23760
	 interval: [13200,13440] / 23760
	 interval: [13440,13680] / 23760
	 interval: [13680,13920] / 23760
	 interval: [13920,14160] / 23760
	 interval: [14160,14400] / 23760
	 interval: [14400,14640] / 23760
	 interval: [14640,14880] / 23760
	 interval: [14880,15120] / 23760
	 interval: [15120,15360] / 23760
	 interval: [15360,15600] / 23760
	 interval: [15600,15840] / 23760
	 interval: [15840,16080] / 23760
	 interval: [16080,16320] / 23760
	 interval: [16320,16560] / 23760
	 interval: [16560,16800] / 23760
	 interval: [16800,17040] / 23760
	 interval: [17040,17280] / 23760
	 interval: [17280,17520] / 23760
	 interval: [17520,17760] / 23760
	 interval: [17760,18000] / 23760
	 interval: [18000,18240] / 23760
	 interval: [18240,18480] / 23760
	 interval: [18480,18720] / 23760
	 interval: [18720,18960] / 23760
	 interval: [18960,19200] / 23760
	 interval: [19200,19440] / 23760
	 interval: [19440,19680] / 23760
	 interval: [19680,19920] / 23760
	 interval: [19920,20160] / 23760
	 interval: [20160,20400] / 23760
	 interval: [20400,20640] / 23760
	 interval: [20640,20880] / 23760
	 interval: [20880,21120] / 23760
	 interval: [21120,21360] / 23760
	 interval: [21360,21600] / 23760
	 interval: [21600,21840] / 23760
	 interval: [21840,22080] / 23760
	 interval: [22080,22320] / 23760
	 interval: [22320,22560] / 23760
	 interval: [22560,22800] / 23760
	 interval: [22800,23040] / 23760
	 interval: [23040,23280] / 23760
	 interval: [23280,23520] / 23760
	 interval: [23520,23760] / 23760
avg auc score: btlda 0.6225837773748611
Computing average auc score for size 270 (out of 37)
	 interval: [0,270] / 23760
	 interval: [270,540] / 23760
	 interval: [540,810] / 23760
	 interval: [810,1080] / 23760
	 interval: [1080,1350] / 23760
	 interval: [1350,1620] / 23760
	 interval: [1620,1890] / 23760
	 interval: [1890,2160] / 23760
	 interval: [2160,2430] / 23760
	 interval: [2430,2700] / 23760
	 interval: [2700,2970] / 23760
	 interval: [2970,3240] / 23760
	 interval: [3240,3510] / 23760
	 interval: [3510,3780] / 23760
	 interval: [3780,4050] / 23760
	 interval: [4050,4320] / 23760
	 interval: [4320,4590] / 23760
	 interval: [4590,4860] / 23760
	 interval: [4860,5130] / 23760
	 interval: [5130,5400] / 23760
	 interval: [5400,5670] / 23760
	 interval: [5670,5940] / 23760
	 interval: [5940,6210] / 23760
	 interval: [6210,6480] / 23760
	 interval: [6480,6750] / 23760
	 interval: [6750,7020] / 23760
	 interval: [7020,7290] / 23760
	 interval: [7290,7560] / 23760
	 interval: [7560,7830] / 23760
	 interval: [7830,8100] / 23760
	 interval: [8100,8370] / 23760
	 interval: [8370,8640] / 23760
	 interval: [8640,8910] / 23760
	 interval: [8910,9180] / 23760
	 interval: [9180,9450] / 23760
	 interval: [9450,9720] / 23760
	 interval: [9720,9990] / 23760
	 interval: [9990,10260] / 23760
	 interval: [10260,10530] / 23760
	 interval: [10530,10800] / 23760
	 interval: [10800,11070] / 23760
	 interval: [11070,11340] / 23760
	 interval: [11340,11610] / 23760
	 interval: [11610,11880] / 23760
	 interval: [11880,12150] / 23760
	 interval: [12150,12420] / 23760
	 interval: [12420,12690] / 23760
	 interval: [12690,12960] / 23760
	 interval: [12960,13230] / 23760
	 interval: [13230,13500] / 23760
	 interval: [13500,13770] / 23760
	 interval: [13770,14040] / 23760
	 interval: [14040,14310] / 23760
	 interval: [14310,14580] / 23760
	 interval: [14580,14850] / 23760
	 interval: [14850,15120] / 23760
	 interval: [15120,15390] / 23760
	 interval: [15390,15660] / 23760
	 interval: [15660,15930] / 23760
	 interval: [15930,16200] / 23760
	 interval: [16200,16470] / 23760
	 interval: [16470,16740] / 23760
	 interval: [16740,17010] / 23760
	 interval: [17010,17280] / 23760
	 interval: [17280,17550] / 23760
	 interval: [17550,17820] / 23760
	 interval: [17820,18090] / 23760
	 interval: [18090,18360] / 23760
	 interval: [18360,18630] / 23760
	 interval: [18630,18900] / 23760
	 interval: [18900,19170] / 23760
	 interval: [19170,19440] / 23760
	 interval: [19440,19710] / 23760
	 interval: [19710,19980] / 23760
	 interval: [19980,20250] / 23760
	 interval: [20250,20520] / 23760
	 interval: [20520,20790] / 23760
	 interval: [20790,21060] / 23760
	 interval: [21060,21330] / 23760
	 interval: [21330,21600] / 23760
	 interval: [21600,21870] / 23760
	 interval: [21870,22140] / 23760
	 interval: [22140,22410] / 23760
	 interval: [22410,22680] / 23760
	 interval: [22680,22950] / 23760
	 interval: [22950,23220] / 23760
	 interval: [23220,23490] / 23760
	 interval: [23490,23760] / 23760
avg auc score: btlda 0.6237418359661493
Computing average auc score for size 300 (out of 37)
	 interval: [0,300] / 23760
	 interval: [300,600] / 23760
	 interval: [600,900] / 23760
	 interval: [900,1200] / 23760
	 interval: [1200,1500] / 23760
	 interval: [1500,1800] / 23760
	 interval: [1800,2100] / 23760
	 interval: [2100,2400] / 23760
	 interval: [2400,2700] / 23760
	 interval: [2700,3000] / 23760
	 interval: [3000,3300] / 23760
	 interval: [3300,3600] / 23760
	 interval: [3600,3900] / 23760
	 interval: [3900,4200] / 23760
	 interval: [4200,4500] / 23760
	 interval: [4500,4800] / 23760
	 interval: [4800,5100] / 23760
	 interval: [5100,5400] / 23760
	 interval: [5400,5700] / 23760
	 interval: [5700,6000] / 23760
	 interval: [6000,6300] / 23760
	 interval: [6300,6600] / 23760
	 interval: [6600,6900] / 23760
	 interval: [6900,7200] / 23760
	 interval: [7200,7500] / 23760
	 interval: [7500,7800] / 23760
	 interval: [7800,8100] / 23760
	 interval: [8100,8400] / 23760
	 interval: [8400,8700] / 23760
	 interval: [8700,9000] / 23760
	 interval: [9000,9300] / 23760
	 interval: [9300,9600] / 23760
	 interval: [9600,9900] / 23760
	 interval: [9900,10200] / 23760
	 interval: [10200,10500] / 23760
	 interval: [10500,10800] / 23760
	 interval: [10800,11100] / 23760
	 interval: [11100,11400] / 23760
	 interval: [11400,11700] / 23760
	 interval: [11700,12000] / 23760
	 interval: [12000,12300] / 23760
	 interval: [12300,12600] / 23760
	 interval: [12600,12900] / 23760
	 interval: [12900,13200] / 23760
	 interval: [13200,13500] / 23760
	 interval: [13500,13800] / 23760
	 interval: [13800,14100] / 23760
	 interval: [14100,14400] / 23760
	 interval: [14400,14700] / 23760
	 interval: [14700,15000] / 23760
	 interval: [15000,15300] / 23760
	 interval: [15300,15600] / 23760
	 interval: [15600,15900] / 23760
	 interval: [15900,16200] / 23760
	 interval: [16200,16500] / 23760
	 interval: [16500,16800] / 23760
	 interval: [16800,17100] / 23760
	 interval: [17100,17400] / 23760
	 interval: [17400,17700] / 23760
	 interval: [17700,18000] / 23760
	 interval: [18000,18300] / 23760
	 interval: [18300,18600] / 23760
	 interval: [18600,18900] / 23760
	 interval: [18900,19200] / 23760
	 interval: [19200,19500] / 23760
	 interval: [19500,19800] / 23760
	 interval: [19800,20100] / 23760
	 interval: [20100,20400] / 23760
	 interval: [20400,20700] / 23760
	 interval: [20700,21000] / 23760
	 interval: [21000,21300] / 23760
	 interval: [21300,21600] / 23760
	 interval: [21600,21900] / 23760
	 interval: [21900,22200] / 23760
	 interval: [22200,22500] / 23760
	 interval: [22500,22800] / 23760
	 interval: [22800,23100] / 23760
	 interval: [23100,23400] / 23760
	 interval: [23400,23700] / 23760
avg auc score: btlda 0.6239098688814553
Computing average auc score for size 330 (out of 37)
	 interval: [0,330] / 23760
	 interval: [330,660] / 23760
	 interval: [660,990] / 23760
	 interval: [990,1320] / 23760
	 interval: [1320,1650] / 23760
	 interval: [1650,1980] / 23760
	 interval: [1980,2310] / 23760
	 interval: [2310,2640] / 23760
	 interval: [2640,2970] / 23760
	 interval: [2970,3300] / 23760
	 interval: [3300,3630] / 23760
	 interval: [3630,3960] / 23760
	 interval: [3960,4290] / 23760
	 interval: [4290,4620] / 23760
	 interval: [4620,4950] / 23760
	 interval: [4950,5280] / 23760
	 interval: [5280,5610] / 23760
	 interval: [5610,5940] / 23760
	 interval: [5940,6270] / 23760
	 interval: [6270,6600] / 23760
	 interval: [6600,6930] / 23760
	 interval: [6930,7260] / 23760
	 interval: [7260,7590] / 23760
	 interval: [7590,7920] / 23760
	 interval: [7920,8250] / 23760
	 interval: [8250,8580] / 23760
	 interval: [8580,8910] / 23760
	 interval: [8910,9240] / 23760
	 interval: [9240,9570] / 23760
	 interval: [9570,9900] / 23760
	 interval: [9900,10230] / 23760
	 interval: [10230,10560] / 23760
	 interval: [10560,10890] / 23760
	 interval: [10890,11220] / 23760
	 interval: [11220,11550] / 23760
	 interval: [11550,11880] / 23760
	 interval: [11880,12210] / 23760
	 interval: [12210,12540] / 23760
	 interval: [12540,12870] / 23760
	 interval: [12870,13200] / 23760
	 interval: [13200,13530] / 23760
	 interval: [13530,13860] / 23760
	 interval: [13860,14190] / 23760
	 interval: [14190,14520] / 23760
	 interval: [14520,14850] / 23760
	 interval: [14850,15180] / 23760
	 interval: [15180,15510] / 23760
	 interval: [15510,15840] / 23760
	 interval: [15840,16170] / 23760
	 interval: [16170,16500] / 23760
	 interval: [16500,16830] / 23760
	 interval: [16830,17160] / 23760
	 interval: [17160,17490] / 23760
	 interval: [17490,17820] / 23760
	 interval: [17820,18150] / 23760
	 interval: [18150,18480] / 23760
	 interval: [18480,18810] / 23760
	 interval: [18810,19140] / 23760
	 interval: [19140,19470] / 23760
	 interval: [19470,19800] / 23760
	 interval: [19800,20130] / 23760
	 interval: [20130,20460] / 23760
	 interval: [20460,20790] / 23760
	 interval: [20790,21120] / 23760
	 interval: [21120,21450] / 23760
	 interval: [21450,21780] / 23760
	 interval: [21780,22110] / 23760
	 interval: [22110,22440] / 23760
	 interval: [22440,22770] / 23760
	 interval: [22770,23100] / 23760
	 interval: [23100,23430] / 23760
	 interval: [23430,23760] / 23760
avg auc score: btlda 0.6246233131074289
Computing average auc score for size 360 (out of 37)
	 interval: [0,360] / 23760
	 interval: [360,720] / 23760
	 interval: [720,1080] / 23760
	 interval: [1080,1440] / 23760
	 interval: [1440,1800] / 23760
	 interval: [1800,2160] / 23760
	 interval: [2160,2520] / 23760
	 interval: [2520,2880] / 23760
	 interval: [2880,3240] / 23760
	 interval: [3240,3600] / 23760
	 interval: [3600,3960] / 23760
	 interval: [3960,4320] / 23760
	 interval: [4320,4680] / 23760
	 interval: [4680,5040] / 23760
	 interval: [5040,5400] / 23760
	 interval: [5400,5760] / 23760
	 interval: [5760,6120] / 23760
	 interval: [6120,6480] / 23760
	 interval: [6480,6840] / 23760
	 interval: [6840,7200] / 23760
	 interval: [7200,7560] / 23760
	 interval: [7560,7920] / 23760
	 interval: [7920,8280] / 23760
	 interval: [8280,8640] / 23760
	 interval: [8640,9000] / 23760
	 interval: [9000,9360] / 23760
	 interval: [9360,9720] / 23760
	 interval: [9720,10080] / 23760
	 interval: [10080,10440] / 23760
	 interval: [10440,10800] / 23760
	 interval: [10800,11160] / 23760
	 interval: [11160,11520] / 23760
	 interval: [11520,11880] / 23760
	 interval: [11880,12240] / 23760
	 interval: [12240,12600] / 23760
	 interval: [12600,12960] / 23760
	 interval: [12960,13320] / 23760
	 interval: [13320,13680] / 23760
	 interval: [13680,14040] / 23760
	 interval: [14040,14400] / 23760
	 interval: [14400,14760] / 23760
	 interval: [14760,15120] / 23760
	 interval: [15120,15480] / 23760
	 interval: [15480,15840] / 23760
	 interval: [15840,16200] / 23760
	 interval: [16200,16560] / 23760
	 interval: [16560,16920] / 23760
	 interval: [16920,17280] / 23760
	 interval: [17280,17640] / 23760
	 interval: [17640,18000] / 23760
	 interval: [18000,18360] / 23760
	 interval: [18360,18720] / 23760
	 interval: [18720,19080] / 23760
	 interval: [19080,19440] / 23760
	 interval: [19440,19800] / 23760
	 interval: [19800,20160] / 23760
	 interval: [20160,20520] / 23760
	 interval: [20520,20880] / 23760
	 interval: [20880,21240] / 23760
	 interval: [21240,21600] / 23760
	 interval: [21600,21960] / 23760
	 interval: [21960,22320] / 23760
	 interval: [22320,22680] / 23760
	 interval: [22680,23040] / 23760
	 interval: [23040,23400] / 23760
	 interval: [23400,23760] / 23760
avg auc score: btlda 0.6230491262372708
Computing average auc score for size 390 (out of 37)
	 interval: [0,390] / 23760
	 interval: [390,780] / 23760
	 interval: [780,1170] / 23760
	 interval: [1170,1560] / 23760
	 interval: [1560,1950] / 23760
	 interval: [1950,2340] / 23760
	 interval: [2340,2730] / 23760
	 interval: [2730,3120] / 23760
	 interval: [3120,3510] / 23760
	 interval: [3510,3900] / 23760
	 interval: [3900,4290] / 23760
	 interval: [4290,4680] / 23760
	 interval: [4680,5070] / 23760
	 interval: [5070,5460] / 23760
	 interval: [5460,5850] / 23760
	 interval: [5850,6240] / 23760
	 interval: [6240,6630] / 23760
	 interval: [6630,7020] / 23760
	 interval: [7020,7410] / 23760
	 interval: [7410,7800] / 23760
	 interval: [7800,8190] / 23760
	 interval: [8190,8580] / 23760
	 interval: [8580,8970] / 23760
	 interval: [8970,9360] / 23760
	 interval: [9360,9750] / 23760
	 interval: [9750,10140] / 23760
	 interval: [10140,10530] / 23760
	 interval: [10530,10920] / 23760
	 interval: [10920,11310] / 23760
	 interval: [11310,11700] / 23760
	 interval: [11700,12090] / 23760
	 interval: [12090,12480] / 23760
	 interval: [12480,12870] / 23760
	 interval: [12870,13260] / 23760
	 interval: [13260,13650] / 23760
	 interval: [13650,14040] / 23760
	 interval: [14040,14430] / 23760
	 interval: [14430,14820] / 23760
	 interval: [14820,15210] / 23760
	 interval: [15210,15600] / 23760
	 interval: [15600,15990] / 23760
	 interval: [15990,16380] / 23760
	 interval: [16380,16770] / 23760
	 interval: [16770,17160] / 23760
	 interval: [17160,17550] / 23760
	 interval: [17550,17940] / 23760
	 interval: [17940,18330] / 23760
	 interval: [18330,18720] / 23760
	 interval: [18720,19110] / 23760
	 interval: [19110,19500] / 23760
	 interval: [19500,19890] / 23760
	 interval: [19890,20280] / 23760
	 interval: [20280,20670] / 23760
	 interval: [20670,21060] / 23760
	 interval: [21060,21450] / 23760
	 interval: [21450,21840] / 23760
	 interval: [21840,22230] / 23760
	 interval: [22230,22620] / 23760
	 interval: [22620,23010] / 23760
	 interval: [23010,23400] / 23760
avg auc score: btlda 0.6239609032066287
Computing average auc score for size 420 (out of 37)
	 interval: [0,420] / 23760
	 interval: [420,840] / 23760
	 interval: [840,1260] / 23760
	 interval: [1260,1680] / 23760
	 interval: [1680,2100] / 23760
	 interval: [2100,2520] / 23760
	 interval: [2520,2940] / 23760
	 interval: [2940,3360] / 23760
	 interval: [3360,3780] / 23760
	 interval: [3780,4200] / 23760
	 interval: [4200,4620] / 23760
	 interval: [4620,5040] / 23760
	 interval: [5040,5460] / 23760
	 interval: [5460,5880] / 23760
	 interval: [5880,6300] / 23760
	 interval: [6300,6720] / 23760
	 interval: [6720,7140] / 23760
	 interval: [7140,7560] / 23760
	 interval: [7560,7980] / 23760
	 interval: [7980,8400] / 23760
	 interval: [8400,8820] / 23760
	 interval: [8820,9240] / 23760
	 interval: [9240,9660] / 23760
	 interval: [9660,10080] / 23760
	 interval: [10080,10500] / 23760
	 interval: [10500,10920] / 23760
	 interval: [10920,11340] / 23760
	 interval: [11340,11760] / 23760
	 interval: [11760,12180] / 23760
	 interval: [12180,12600] / 23760
	 interval: [12600,13020] / 23760
	 interval: [13020,13440] / 23760
	 interval: [13440,13860] / 23760
	 interval: [13860,14280] / 23760
	 interval: [14280,14700] / 23760
	 interval: [14700,15120] / 23760
	 interval: [15120,15540] / 23760
	 interval: [15540,15960] / 23760
	 interval: [15960,16380] / 23760
	 interval: [16380,16800] / 23760
	 interval: [16800,17220] / 23760
	 interval: [17220,17640] / 23760
	 interval: [17640,18060] / 23760
	 interval: [18060,18480] / 23760
	 interval: [18480,18900] / 23760
	 interval: [18900,19320] / 23760
	 interval: [19320,19740] / 23760
	 interval: [19740,20160] / 23760
	 interval: [20160,20580] / 23760
	 interval: [20580,21000] / 23760
	 interval: [21000,21420] / 23760
	 interval: [21420,21840] / 23760
	 interval: [21840,22260] / 23760
	 interval: [22260,22680] / 23760
	 interval: [22680,23100] / 23760
	 interval: [23100,23520] / 23760
avg auc score: btlda 0.6240720186361166
Computing average auc score for size 450 (out of 37)
	 interval: [0,450] / 23760
	 interval: [450,900] / 23760
	 interval: [900,1350] / 23760
	 interval: [1350,1800] / 23760
	 interval: [1800,2250] / 23760
	 interval: [2250,2700] / 23760
	 interval: [2700,3150] / 23760
	 interval: [3150,3600] / 23760
	 interval: [3600,4050] / 23760
	 interval: [4050,4500] / 23760
	 interval: [4500,4950] / 23760
	 interval: [4950,5400] / 23760
	 interval: [5400,5850] / 23760
	 interval: [5850,6300] / 23760
	 interval: [6300,6750] / 23760
	 interval: [6750,7200] / 23760
	 interval: [7200,7650] / 23760
	 interval: [7650,8100] / 23760
	 interval: [8100,8550] / 23760
	 interval: [8550,9000] / 23760
	 interval: [9000,9450] / 23760
	 interval: [9450,9900] / 23760
	 interval: [9900,10350] / 23760
	 interval: [10350,10800] / 23760
	 interval: [10800,11250] / 23760
	 interval: [11250,11700] / 23760
	 interval: [11700,12150] / 23760
	 interval: [12150,12600] / 23760
	 interval: [12600,13050] / 23760
	 interval: [13050,13500] / 23760
	 interval: [13500,13950] / 23760
	 interval: [13950,14400] / 23760
	 interval: [14400,14850] / 23760
	 interval: [14850,15300] / 23760
	 interval: [15300,15750] / 23760
	 interval: [15750,16200] / 23760
	 interval: [16200,16650] / 23760
	 interval: [16650,17100] / 23760
	 interval: [17100,17550] / 23760
	 interval: [17550,18000] / 23760
	 interval: [18000,18450] / 23760
	 interval: [18450,18900] / 23760
	 interval: [18900,19350] / 23760
	 interval: [19350,19800] / 23760
	 interval: [19800,20250] / 23760
	 interval: [20250,20700] / 23760
	 interval: [20700,21150] / 23760
	 interval: [21150,21600] / 23760
	 interval: [21600,22050] / 23760
	 interval: [22050,22500] / 23760
	 interval: [22500,22950] / 23760
	 interval: [22950,23400] / 23760
avg auc score: btlda 0.6225024581764788
Computing average auc score for size 480 (out of 37)
	 interval: [0,480] / 23760
	 interval: [480,960] / 23760
	 interval: [960,1440] / 23760
	 interval: [1440,1920] / 23760
	 interval: [1920,2400] / 23760
	 interval: [2400,2880] / 23760
	 interval: [2880,3360] / 23760
	 interval: [3360,3840] / 23760
	 interval: [3840,4320] / 23760
	 interval: [4320,4800] / 23760
	 interval: [4800,5280] / 23760
	 interval: [5280,5760] / 23760
	 interval: [5760,6240] / 23760
	 interval: [6240,6720] / 23760
	 interval: [6720,7200] / 23760
	 interval: [7200,7680] / 23760
	 interval: [7680,8160] / 23760
	 interval: [8160,8640] / 23760
	 interval: [8640,9120] / 23760
	 interval: [9120,9600] / 23760
	 interval: [9600,10080] / 23760
	 interval: [10080,10560] / 23760
	 interval: [10560,11040] / 23760
	 interval: [11040,11520] / 23760
	 interval: [11520,12000] / 23760
	 interval: [12000,12480] / 23760
	 interval: [12480,12960] / 23760
	 interval: [12960,13440] / 23760
	 interval: [13440,13920] / 23760
	 interval: [13920,14400] / 23760
	 interval: [14400,14880] / 23760
	 interval: [14880,15360] / 23760
	 interval: [15360,15840] / 23760
	 interval: [15840,16320] / 23760
	 interval: [16320,16800] / 23760
	 interval: [16800,17280] / 23760
	 interval: [17280,17760] / 23760
	 interval: [17760,18240] / 23760
	 interval: [18240,18720] / 23760
	 interval: [18720,19200] / 23760
	 interval: [19200,19680] / 23760
	 interval: [19680,20160] / 23760
	 interval: [20160,20640] / 23760
	 interval: [20640,21120] / 23760
	 interval: [21120,21600] / 23760
	 interval: [21600,22080] / 23760
	 interval: [22080,22560] / 23760
	 interval: [22560,23040] / 23760
	 interval: [23040,23520] / 23760
avg auc score: btlda 0.6208851599814604
Computing average auc score for size 510 (out of 37)
	 interval: [0,510] / 23760
	 interval: [510,1020] / 23760
	 interval: [1020,1530] / 23760
	 interval: [1530,2040] / 23760
	 interval: [2040,2550] / 23760
	 interval: [2550,3060] / 23760
	 interval: [3060,3570] / 23760
	 interval: [3570,4080] / 23760
	 interval: [4080,4590] / 23760
	 interval: [4590,5100] / 23760
	 interval: [5100,5610] / 23760
	 interval: [5610,6120] / 23760
	 interval: [6120,6630] / 23760
	 interval: [6630,7140] / 23760
	 interval: [7140,7650] / 23760
	 interval: [7650,8160] / 23760
	 interval: [8160,8670] / 23760
	 interval: [8670,9180] / 23760
	 interval: [9180,9690] / 23760
	 interval: [9690,10200] / 23760
	 interval: [10200,10710] / 23760
	 interval: [10710,11220] / 23760
	 interval: [11220,11730] / 23760
	 interval: [11730,12240] / 23760
	 interval: [12240,12750] / 23760
	 interval: [12750,13260] / 23760
	 interval: [13260,13770] / 23760
	 interval: [13770,14280] / 23760
	 interval: [14280,14790] / 23760
	 interval: [14790,15300] / 23760
	 interval: [15300,15810] / 23760
	 interval: [15810,16320] / 23760
	 interval: [16320,16830] / 23760
	 interval: [16830,17340] / 23760
	 interval: [17340,17850] / 23760
	 interval: [17850,18360] / 23760
	 interval: [18360,18870] / 23760
	 interval: [18870,19380] / 23760
	 interval: [19380,19890] / 23760
	 interval: [19890,20400] / 23760
	 interval: [20400,20910] / 23760
	 interval: [20910,21420] / 23760
	 interval: [21420,21930] / 23760
	 interval: [21930,22440] / 23760
	 interval: [22440,22950] / 23760
	 interval: [22950,23460] / 23760
avg auc score: btlda 0.6223224252239614
Computing average auc score for size 540 (out of 37)
	 interval: [0,540] / 23760
	 interval: [540,1080] / 23760
	 interval: [1080,1620] / 23760
	 interval: [1620,2160] / 23760
	 interval: [2160,2700] / 23760
	 interval: [2700,3240] / 23760
	 interval: [3240,3780] / 23760
	 interval: [3780,4320] / 23760
	 interval: [4320,4860] / 23760
	 interval: [4860,5400] / 23760
	 interval: [5400,5940] / 23760
	 interval: [5940,6480] / 23760
	 interval: [6480,7020] / 23760
	 interval: [7020,7560] / 23760
	 interval: [7560,8100] / 23760
	 interval: [8100,8640] / 23760
	 interval: [8640,9180] / 23760
	 interval: [9180,9720] / 23760
	 interval: [9720,10260] / 23760
	 interval: [10260,10800] / 23760
	 interval: [10800,11340] / 23760
	 interval: [11340,11880] / 23760
	 interval: [11880,12420] / 23760
	 interval: [12420,12960] / 23760
	 interval: [12960,13500] / 23760
	 interval: [13500,14040] / 23760
	 interval: [14040,14580] / 23760
	 interval: [14580,15120] / 23760
	 interval: [15120,15660] / 23760
	 interval: [15660,16200] / 23760
	 interval: [16200,16740] / 23760
	 interval: [16740,17280] / 23760
	 interval: [17280,17820] / 23760
	 interval: [17820,18360] / 23760
	 interval: [18360,18900] / 23760
	 interval: [18900,19440] / 23760
	 interval: [19440,19980] / 23760
	 interval: [19980,20520] / 23760
	 interval: [20520,21060] / 23760
	 interval: [21060,21600] / 23760
	 interval: [21600,22140] / 23760
	 interval: [22140,22680] / 23760
	 interval: [22680,23220] / 23760
	 interval: [23220,23760] / 23760
avg auc score: btlda 0.6242394081594335
Computing average auc score for size 570 (out of 37)
	 interval: [0,570] / 23760
	 interval: [570,1140] / 23760
	 interval: [1140,1710] / 23760
	 interval: [1710,2280] / 23760
	 interval: [2280,2850] / 23760
	 interval: [2850,3420] / 23760
	 interval: [3420,3990] / 23760
	 interval: [3990,4560] / 23760
	 interval: [4560,5130] / 23760
	 interval: [5130,5700] / 23760
	 interval: [5700,6270] / 23760
	 interval: [6270,6840] / 23760
	 interval: [6840,7410] / 23760
	 interval: [7410,7980] / 23760
	 interval: [7980,8550] / 23760
	 interval: [8550,9120] / 23760
	 interval: [9120,9690] / 23760
	 interval: [9690,10260] / 23760
	 interval: [10260,10830] / 23760
	 interval: [10830,11400] / 23760
	 interval: [11400,11970] / 23760
	 interval: [11970,12540] / 23760
	 interval: [12540,13110] / 23760
	 interval: [13110,13680] / 23760
	 interval: [13680,14250] / 23760
	 interval: [14250,14820] / 23760
	 interval: [14820,15390] / 23760
	 interval: [15390,15960] / 23760
	 interval: [15960,16530] / 23760
	 interval: [16530,17100] / 23760
	 interval: [17100,17670] / 23760
	 interval: [17670,18240] / 23760
	 interval: [18240,18810] / 23760
	 interval: [18810,19380] / 23760
	 interval: [19380,19950] / 23760
	 interval: [19950,20520] / 23760
	 interval: [20520,21090] / 23760
	 interval: [21090,21660] / 23760
	 interval: [21660,22230] / 23760
	 interval: [22230,22800] / 23760
	 interval: [22800,23370] / 23760
avg auc score: btlda 0.6231092382433874
Computing average auc score for size 600 (out of 37)
	 interval: [0,600] / 23760
	 interval: [600,1200] / 23760
	 interval: [1200,1800] / 23760
	 interval: [1800,2400] / 23760
	 interval: [2400,3000] / 23760
	 interval: [3000,3600] / 23760
	 interval: [3600,4200] / 23760
	 interval: [4200,4800] / 23760
	 interval: [4800,5400] / 23760
	 interval: [5400,6000] / 23760
	 interval: [6000,6600] / 23760
	 interval: [6600,7200] / 23760
	 interval: [7200,7800] / 23760
	 interval: [7800,8400] / 23760
	 interval: [8400,9000] / 23760
	 interval: [9000,9600] / 23760
	 interval: [9600,10200] / 23760
	 interval: [10200,10800] / 23760
	 interval: [10800,11400] / 23760
	 interval: [11400,12000] / 23760
	 interval: [12000,12600] / 23760
	 interval: [12600,13200] / 23760
	 interval: [13200,13800] / 23760
	 interval: [13800,14400] / 23760
	 interval: [14400,15000] / 23760
	 interval: [15000,15600] / 23760
	 interval: [15600,16200] / 23760
	 interval: [16200,16800] / 23760
	 interval: [16800,17400] / 23760
	 interval: [17400,18000] / 23760
	 interval: [18000,18600] / 23760
	 interval: [18600,19200] / 23760
	 interval: [19200,19800] / 23760
	 interval: [19800,20400] / 23760
	 interval: [20400,21000] / 23760
	 interval: [21000,21600] / 23760
	 interval: [21600,22200] / 23760
	 interval: [22200,22800] / 23760
	 interval: [22800,23400] / 23760
avg auc score: btlda 0.6252423820893716
Computing average auc score for size 630 (out of 37)
	 interval: [0,630] / 23760
	 interval: [630,1260] / 23760
	 interval: [1260,1890] / 23760
	 interval: [1890,2520] / 23760
	 interval: [2520,3150] / 23760
	 interval: [3150,3780] / 23760
	 interval: [3780,4410] / 23760
	 interval: [4410,5040] / 23760
	 interval: [5040,5670] / 23760
	 interval: [5670,6300] / 23760
	 interval: [6300,6930] / 23760
	 interval: [6930,7560] / 23760
	 interval: [7560,8190] / 23760
	 interval: [8190,8820] / 23760
	 interval: [8820,9450] / 23760
	 interval: [9450,10080] / 23760
	 interval: [10080,10710] / 23760
	 interval: [10710,11340] / 23760
	 interval: [11340,11970] / 23760
	 interval: [11970,12600] / 23760
	 interval: [12600,13230] / 23760
	 interval: [13230,13860] / 23760
	 interval: [13860,14490] / 23760
	 interval: [14490,15120] / 23760
	 interval: [15120,15750] / 23760
	 interval: [15750,16380] / 23760
	 interval: [16380,17010] / 23760
	 interval: [17010,17640] / 23760
	 interval: [17640,18270] / 23760
	 interval: [18270,18900] / 23760
	 interval: [18900,19530] / 23760
	 interval: [19530,20160] / 23760
	 interval: [20160,20790] / 23760
	 interval: [20790,21420] / 23760
	 interval: [21420,22050] / 23760
	 interval: [22050,22680] / 23760
	 interval: [22680,23310] / 23760
avg auc score: btlda 0.6261278408971782
Computing average auc score for size 660 (out of 37)
	 interval: [0,660] / 23760
	 interval: [660,1320] / 23760
	 interval: [1320,1980] / 23760
	 interval: [1980,2640] / 23760
	 interval: [2640,3300] / 23760
	 interval: [3300,3960] / 23760
	 interval: [3960,4620] / 23760
	 interval: [4620,5280] / 23760
	 interval: [5280,5940] / 23760
	 interval: [5940,6600] / 23760
	 interval: [6600,7260] / 23760
	 interval: [7260,7920] / 23760
	 interval: [7920,8580] / 23760
	 interval: [8580,9240] / 23760
	 interval: [9240,9900] / 23760
	 interval: [9900,10560] / 23760
	 interval: [10560,11220] / 23760
	 interval: [11220,11880] / 23760
	 interval: [11880,12540] / 23760
	 interval: [12540,13200] / 23760
	 interval: [13200,13860] / 23760
	 interval: [13860,14520] / 23760
	 interval: [14520,15180] / 23760
	 interval: [15180,15840] / 23760
	 interval: [15840,16500] / 23760
	 interval: [16500,17160] / 23760
	 interval: [17160,17820] / 23760
	 interval: [17820,18480] / 23760
	 interval: [18480,19140] / 23760
	 interval: [19140,19800] / 23760
	 interval: [19800,20460] / 23760
	 interval: [20460,21120] / 23760
	 interval: [21120,21780] / 23760
	 interval: [21780,22440] / 23760
	 interval: [22440,23100] / 23760
	 interval: [23100,23760] / 23760
avg auc score: btlda 0.6261568050282471
Computing average auc score for size 690 (out of 37)
	 interval: [0,690] / 23760
	 interval: [690,1380] / 23760
	 interval: [1380,2070] / 23760
	 interval: [2070,2760] / 23760
	 interval: [2760,3450] / 23760
	 interval: [3450,4140] / 23760
	 interval: [4140,4830] / 23760
	 interval: [4830,5520] / 23760
	 interval: [5520,6210] / 23760
	 interval: [6210,6900] / 23760
	 interval: [6900,7590] / 23760
	 interval: [7590,8280] / 23760
	 interval: [8280,8970] / 23760
	 interval: [8970,9660] / 23760
	 interval: [9660,10350] / 23760
	 interval: [10350,11040] / 23760
	 interval: [11040,11730] / 23760
	 interval: [11730,12420] / 23760
	 interval: [12420,13110] / 23760
	 interval: [13110,13800] / 23760
	 interval: [13800,14490] / 23760
	 interval: [14490,15180] / 23760
	 interval: [15180,15870] / 23760
	 interval: [15870,16560] / 23760
	 interval: [16560,17250] / 23760
	 interval: [17250,17940] / 23760
	 interval: [17940,18630] / 23760
	 interval: [18630,19320] / 23760
	 interval: [19320,20010] / 23760
	 interval: [20010,20700] / 23760
	 interval: [20700,21390] / 23760
	 interval: [21390,22080] / 23760
	 interval: [22080,22770] / 23760
	 interval: [22770,23460] / 23760
avg auc score: btlda 0.624827437894149
Computing average auc score for size 720 (out of 37)
	 interval: [0,720] / 23760
	 interval: [720,1440] / 23760
	 interval: [1440,2160] / 23760
	 interval: [2160,2880] / 23760
	 interval: [2880,3600] / 23760
	 interval: [3600,4320] / 23760
	 interval: [4320,5040] / 23760
	 interval: [5040,5760] / 23760
	 interval: [5760,6480] / 23760
	 interval: [6480,7200] / 23760
	 interval: [7200,7920] / 23760
	 interval: [7920,8640] / 23760
	 interval: [8640,9360] / 23760
	 interval: [9360,10080] / 23760
	 interval: [10080,10800] / 23760
	 interval: [10800,11520] / 23760
	 interval: [11520,12240] / 23760
	 interval: [12240,12960] / 23760
	 interval: [12960,13680] / 23760
	 interval: [13680,14400] / 23760
	 interval: [14400,15120] / 23760
	 interval: [15120,15840] / 23760
	 interval: [15840,16560] / 23760
	 interval: [16560,17280] / 23760
	 interval: [17280,18000] / 23760
	 interval: [18000,18720] / 23760
	 interval: [18720,19440] / 23760
	 interval: [19440,20160] / 23760
	 interval: [20160,20880] / 23760
	 interval: [20880,21600] / 23760
	 interval: [21600,22320] / 23760
	 interval: [22320,23040] / 23760
	 interval: [23040,23760] / 23760
avg auc score: btlda 0.6242528425286916
Computing average auc score for size 750 (out of 37)
	 interval: [0,750] / 23760
	 interval: [750,1500] / 23760
	 interval: [1500,2250] / 23760
	 interval: [2250,3000] / 23760
	 interval: [3000,3750] / 23760
	 interval: [3750,4500] / 23760
	 interval: [4500,5250] / 23760
	 interval: [5250,6000] / 23760
	 interval: [6000,6750] / 23760
	 interval: [6750,7500] / 23760
	 interval: [7500,8250] / 23760
	 interval: [8250,9000] / 23760
	 interval: [9000,9750] / 23760
	 interval: [9750,10500] / 23760
	 interval: [10500,11250] / 23760
	 interval: [11250,12000] / 23760
	 interval: [12000,12750] / 23760
	 interval: [12750,13500] / 23760
	 interval: [13500,14250] / 23760
	 interval: [14250,15000] / 23760
	 interval: [15000,15750] / 23760
	 interval: [15750,16500] / 23760
	 interval: [16500,17250] / 23760
	 interval: [17250,18000] / 23760
	 interval: [18000,18750] / 23760
	 interval: [18750,19500] / 23760
	 interval: [19500,20250] / 23760
	 interval: [20250,21000] / 23760
	 interval: [21000,21750] / 23760
	 interval: [21750,22500] / 23760
	 interval: [22500,23250] / 23760
avg auc score: btlda 0.6234683444425079
Computing average auc score for size 780 (out of 37)
	 interval: [0,780] / 23760
	 interval: [780,1560] / 23760
	 interval: [1560,2340] / 23760
	 interval: [2340,3120] / 23760
	 interval: [3120,3900] / 23760
	 interval: [3900,4680] / 23760
	 interval: [4680,5460] / 23760
	 interval: [5460,6240] / 23760
	 interval: [6240,7020] / 23760
	 interval: [7020,7800] / 23760
	 interval: [7800,8580] / 23760
	 interval: [8580,9360] / 23760
	 interval: [9360,10140] / 23760
	 interval: [10140,10920] / 23760
	 interval: [10920,11700] / 23760
	 interval: [11700,12480] / 23760
	 interval: [12480,13260] / 23760
	 interval: [13260,14040] / 23760
	 interval: [14040,14820] / 23760
	 interval: [14820,15600] / 23760
	 interval: [15600,16380] / 23760
	 interval: [16380,17160] / 23760
	 interval: [17160,17940] / 23760
	 interval: [17940,18720] / 23760
	 interval: [18720,19500] / 23760
	 interval: [19500,20280] / 23760
	 interval: [20280,21060] / 23760
	 interval: [21060,21840] / 23760
	 interval: [21840,22620] / 23760
	 interval: [22620,23400] / 23760
avg auc score: btlda 0.6255491513272632
Computing average auc score for size 810 (out of 37)
	 interval: [0,810] / 23760
	 interval: [810,1620] / 23760
	 interval: [1620,2430] / 23760
	 interval: [2430,3240] / 23760
	 interval: [3240,4050] / 23760
	 interval: [4050,4860] / 23760
	 interval: [4860,5670] / 23760
	 interval: [5670,6480] / 23760
	 interval: [6480,7290] / 23760
	 interval: [7290,8100] / 23760
	 interval: [8100,8910] / 23760
	 interval: [8910,9720] / 23760
	 interval: [9720,10530] / 23760
	 interval: [10530,11340] / 23760
	 interval: [11340,12150] / 23760
	 interval: [12150,12960] / 23760
	 interval: [12960,13770] / 23760
	 interval: [13770,14580] / 23760
	 interval: [14580,15390] / 23760
	 interval: [15390,16200] / 23760
	 interval: [16200,17010] / 23760
	 interval: [17010,17820] / 23760
	 interval: [17820,18630] / 23760
	 interval: [18630,19440] / 23760
	 interval: [19440,20250] / 23760
	 interval: [20250,21060] / 23760
	 interval: [21060,21870] / 23760
	 interval: [21870,22680] / 23760
	 interval: [22680,23490] / 23760
avg auc score: btlda 0.6229182068639093
Computing average auc score for size 840 (out of 37)
	 interval: [0,840] / 23760
	 interval: [840,1680] / 23760
	 interval: [1680,2520] / 23760
	 interval: [2520,3360] / 23760
	 interval: [3360,4200] / 23760
	 interval: [4200,5040] / 23760
	 interval: [5040,5880] / 23760
	 interval: [5880,6720] / 23760
	 interval: [6720,7560] / 23760
	 interval: [7560,8400] / 23760
	 interval: [8400,9240] / 23760
	 interval: [9240,10080] / 23760
	 interval: [10080,10920] / 23760
	 interval: [10920,11760] / 23760
	 interval: [11760,12600] / 23760
	 interval: [12600,13440] / 23760
	 interval: [13440,14280] / 23760
	 interval: [14280,15120] / 23760
	 interval: [15120,15960] / 23760
	 interval: [15960,16800] / 23760
	 interval: [16800,17640] / 23760
	 interval: [17640,18480] / 23760
	 interval: [18480,19320] / 23760
	 interval: [19320,20160] / 23760
	 interval: [20160,21000] / 23760
	 interval: [21000,21840] / 23760
	 interval: [21840,22680] / 23760
	 interval: [22680,23520] / 23760
avg auc score: btlda 0.6252501311234874
Computing average auc score for size 870 (out of 37)
	 interval: [0,870] / 23760
	 interval: [870,1740] / 23760
	 interval: [1740,2610] / 23760
	 interval: [2610,3480] / 23760
	 interval: [3480,4350] / 23760
	 interval: [4350,5220] / 23760
	 interval: [5220,6090] / 23760
	 interval: [6090,6960] / 23760
	 interval: [6960,7830] / 23760
	 interval: [7830,8700] / 23760
	 interval: [8700,9570] / 23760
	 interval: [9570,10440] / 23760
	 interval: [10440,11310] / 23760
	 interval: [11310,12180] / 23760
	 interval: [12180,13050] / 23760
	 interval: [13050,13920] / 23760
	 interval: [13920,14790] / 23760
	 interval: [14790,15660] / 23760
	 interval: [15660,16530] / 23760
	 interval: [16530,17400] / 23760
	 interval: [17400,18270] / 23760
	 interval: [18270,19140] / 23760
	 interval: [19140,20010] / 23760
	 interval: [20010,20880] / 23760
	 interval: [20880,21750] / 23760
	 interval: [21750,22620] / 23760
	 interval: [22620,23490] / 23760
avg auc score: btlda 0.6235025915634452
Computing average auc score for size 900 (out of 37)
	 interval: [0,900] / 23760
	 interval: [900,1800] / 23760
	 interval: [1800,2700] / 23760
	 interval: [2700,3600] / 23760
	 interval: [3600,4500] / 23760
	 interval: [4500,5400] / 23760
	 interval: [5400,6300] / 23760
	 interval: [6300,7200] / 23760
	 interval: [7200,8100] / 23760
	 interval: [8100,9000] / 23760
	 interval: [9000,9900] / 23760
	 interval: [9900,10800] / 23760
	 interval: [10800,11700] / 23760
	 interval: [11700,12600] / 23760
	 interval: [12600,13500] / 23760
	 interval: [13500,14400] / 23760
	 interval: [14400,15300] / 23760
	 interval: [15300,16200] / 23760
	 interval: [16200,17100] / 23760
	 interval: [17100,18000] / 23760
	 interval: [18000,18900] / 23760
	 interval: [18900,19800] / 23760
	 interval: [19800,20700] / 23760
	 interval: [20700,21600] / 23760
	 interval: [21600,22500] / 23760
	 interval: [22500,23400] / 23760
avg auc score: btlda 0.6224097489987916
Computing average auc score for size 930 (out of 37)
	 interval: [0,930] / 23760
	 interval: [930,1860] / 23760
	 interval: [1860,2790] / 23760
	 interval: [2790,3720] / 23760
	 interval: [3720,4650] / 23760
	 interval: [4650,5580] / 23760
	 interval: [5580,6510] / 23760
	 interval: [6510,7440] / 23760
	 interval: [7440,8370] / 23760
	 interval: [8370,9300] / 23760
	 interval: [9300,10230] / 23760
	 interval: [10230,11160] / 23760
	 interval: [11160,12090] / 23760
	 interval: [12090,13020] / 23760
	 interval: [13020,13950] / 23760
	 interval: [13950,14880] / 23760
	 interval: [14880,15810] / 23760
	 interval: [15810,16740] / 23760
	 interval: [16740,17670] / 23760
	 interval: [17670,18600] / 23760
	 interval: [18600,19530] / 23760
	 interval: [19530,20460] / 23760
	 interval: [20460,21390] / 23760
	 interval: [21390,22320] / 23760
	 interval: [22320,23250] / 23760
avg auc score: btlda 0.623405089230181
Computing average auc score for size 960 (out of 37)
	 interval: [0,960] / 23760
	 interval: [960,1920] / 23760
	 interval: [1920,2880] / 23760
	 interval: [2880,3840] / 23760
	 interval: [3840,4800] / 23760
	 interval: [4800,5760] / 23760
	 interval: [5760,6720] / 23760
	 interval: [6720,7680] / 23760
	 interval: [7680,8640] / 23760
	 interval: [8640,9600] / 23760
	 interval: [9600,10560] / 23760
	 interval: [10560,11520] / 23760
	 interval: [11520,12480] / 23760
	 interval: [12480,13440] / 23760
	 interval: [13440,14400] / 23760
	 interval: [14400,15360] / 23760
	 interval: [15360,16320] / 23760
	 interval: [16320,17280] / 23760
	 interval: [17280,18240] / 23760
	 interval: [18240,19200] / 23760
	 interval: [19200,20160] / 23760
	 interval: [20160,21120] / 23760
	 interval: [21120,22080] / 23760
	 interval: [22080,23040] / 23760
avg auc score: btlda 0.6216033890409672
Computing average auc score for size 990 (out of 37)
	 interval: [0,990] / 23760
	 interval: [990,1980] / 23760
	 interval: [1980,2970] / 23760
	 interval: [2970,3960] / 23760
	 interval: [3960,4950] / 23760
	 interval: [4950,5940] / 23760
	 interval: [5940,6930] / 23760
	 interval: [6930,7920] / 23760
	 interval: [7920,8910] / 23760
	 interval: [8910,9900] / 23760
	 interval: [9900,10890] / 23760
	 interval: [10890,11880] / 23760
	 interval: [11880,12870] / 23760
	 interval: [12870,13860] / 23760
	 interval: [13860,14850] / 23760
	 interval: [14850,15840] / 23760
	 interval: [15840,16830] / 23760
	 interval: [16830,17820] / 23760
	 interval: [17820,18810] / 23760
	 interval: [18810,19800] / 23760
	 interval: [19800,20790] / 23760
	 interval: [20790,21780] / 23760
	 interval: [21780,22770] / 23760
	 interval: [22770,23760] / 23760
avg auc score: btlda 0.6239830228332016
Computing average auc score for size 1020 (out of 37)
	 interval: [0,1020] / 23760
	 interval: [1020,2040] / 23760
	 interval: [2040,3060] / 23760
	 interval: [3060,4080] / 23760
	 interval: [4080,5100] / 23760
	 interval: [5100,6120] / 23760
	 interval: [6120,7140] / 23760
	 interval: [7140,8160] / 23760
	 interval: [8160,9180] / 23760
	 interval: [9180,10200] / 23760
	 interval: [10200,11220] / 23760
	 interval: [11220,12240] / 23760
	 interval: [12240,13260] / 23760
	 interval: [13260,14280] / 23760
	 interval: [14280,15300] / 23760
	 interval: [15300,16320] / 23760
	 interval: [16320,17340] / 23760
	 interval: [17340,18360] / 23760
	 interval: [18360,19380] / 23760
	 interval: [19380,20400] / 23760
	 interval: [20400,21420] / 23760
	 interval: [21420,22440] / 23760
	 interval: [22440,23460] / 23760
avg auc score: btlda 0.6224769199045425
Computing average auc score for size 1050 (out of 37)
	 interval: [0,1050] / 23760
	 interval: [1050,2100] / 23760
	 interval: [2100,3150] / 23760
	 interval: [3150,4200] / 23760
	 interval: [4200,5250] / 23760
	 interval: [5250,6300] / 23760
	 interval: [6300,7350] / 23760
	 interval: [7350,8400] / 23760
	 interval: [8400,9450] / 23760
	 interval: [9450,10500] / 23760
	 interval: [10500,11550] / 23760
	 interval: [11550,12600] / 23760
	 interval: [12600,13650] / 23760
	 interval: [13650,14700] / 23760
	 interval: [14700,15750] / 23760
	 interval: [15750,16800] / 23760
	 interval: [16800,17850] / 23760
	 interval: [17850,18900] / 23760
	 interval: [18900,19950] / 23760
	 interval: [19950,21000] / 23760
	 interval: [21000,22050] / 23760
	 interval: [22050,23100] / 23760
avg auc score: btlda 0.6241499170691388
Computing average auc score for size 1080 (out of 37)
	 interval: [0,1080] / 23760
	 interval: [1080,2160] / 23760
	 interval: [2160,3240] / 23760
	 interval: [3240,4320] / 23760
	 interval: [4320,5400] / 23760
	 interval: [5400,6480] / 23760
	 interval: [6480,7560] / 23760
	 interval: [7560,8640] / 23760
	 interval: [8640,9720] / 23760
	 interval: [9720,10800] / 23760
	 interval: [10800,11880] / 23760
	 interval: [11880,12960] / 23760
	 interval: [12960,14040] / 23760
	 interval: [14040,15120] / 23760
	 interval: [15120,16200] / 23760
	 interval: [16200,17280] / 23760
	 interval: [17280,18360] / 23760
	 interval: [18360,19440] / 23760
	 interval: [19440,20520] / 23760
	 interval: [20520,21600] / 23760
	 interval: [21600,22680] / 23760
	 interval: [22680,23760] / 23760
avg auc score: btlda 0.6251700643755252
Computing average auc score for size 1110 (out of 37)
	 interval: [0,1110] / 23760
	 interval: [1110,2220] / 23760
	 interval: [2220,3330] / 23760
	 interval: [3330,4440] / 23760
	 interval: [4440,5550] / 23760
	 interval: [5550,6660] / 23760
	 interval: [6660,7770] / 23760
	 interval: [7770,8880] / 23760
	 interval: [8880,9990] / 23760
	 interval: [9990,11100] / 23760
	 interval: [11100,12210] / 23760
	 interval: [12210,13320] / 23760
	 interval: [13320,14430] / 23760
	 interval: [14430,15540] / 23760
	 interval: [15540,16650] / 23760
	 interval: [16650,17760] / 23760
	 interval: [17760,18870] / 23760
	 interval: [18870,19980] / 23760
	 interval: [19980,21090] / 23760
	 interval: [21090,22200] / 23760
	 interval: [22200,23310] / 23760
avg auc score: btlda 0.6223368858167809
Computing average auc score for size 1140 (out of 37)
	 interval: [0,1140] / 23760
	 interval: [1140,2280] / 23760
	 interval: [2280,3420] / 23760
	 interval: [3420,4560] / 23760
	 interval: [4560,5700] / 23760
	 interval: [5700,6840] / 23760
	 interval: [6840,7980] / 23760
	 interval: [7980,9120] / 23760
	 interval: [9120,10260] / 23760
	 interval: [10260,11400] / 23760
	 interval: [11400,12540] / 23760
	 interval: [12540,13680] / 23760
	 interval: [13680,14820] / 23760
	 interval: [14820,15960] / 23760
	 interval: [15960,17100] / 23760
	 interval: [17100,18240] / 23760
	 interval: [18240,19380] / 23760
	 interval: [19380,20520] / 23760
	 interval: [20520,21660] / 23760
	 interval: [21660,22800] / 23760
avg auc score: btlda 0.6229294450369605
Computing average auc score for size 1170 (out of 37)
	 interval: [0,1170] / 23760
	 interval: [1170,2340] / 23760
	 interval: [2340,3510] / 23760
	 interval: [3510,4680] / 23760
	 interval: [4680,5850] / 23760
	 interval: [5850,7020] / 23760
	 interval: [7020,8190] / 23760
	 interval: [8190,9360] / 23760
	 interval: [9360,10530] / 23760
	 interval: [10530,11700] / 23760
	 interval: [11700,12870] / 23760
	 interval: [12870,14040] / 23760
	 interval: [14040,15210] / 23760
	 interval: [15210,16380] / 23760
	 interval: [16380,17550] / 23760
	 interval: [17550,18720] / 23760
	 interval: [18720,19890] / 23760
	 interval: [19890,21060] / 23760
	 interval: [21060,22230] / 23760
	 interval: [22230,23400] / 23760
avg auc score: btlda 0.6257133075032975