Data keys:  dict_keys(['trials', 'iterations', 'epochs', 'filenames', 'preprocessing', 'timestamp'])
Trials total: 1302
Iterations total: 15840
Epochs total: 95040
Preprocessing (same for all filenames): {'filter_band': (0.5, 16), 'non_eeg_channels': ['EOGvu', 'x_EMGl', 'x_GSR', 'x_Respi', 'x_Pulse', 'x_Optic'], 'decimate': 10, 'montage': 'standard_1020', 'filter_method': 'iir', 'only_eeg': True, 'tmin': -0.2, 'tmax': 1, 'baseline': None, 'channels_to_discard': ['AF7', 'AF3', 'AF4', 'AF8', 'F5', 'F1', 'F2', 'F6', 'FT7', 'FC3', 'FCz', 'FC4', 'FT8', 'C5', 'C1', 'C2', 'C6', 'TP7', 'CP3', 'CPz', 'CP4', 'TP8', 'P5', 'P1', 'P2', 'P6', 'PO7', 'PO5', 'POz', 'PO6', 'PO8', 'Oz'], 'channels_to_use': ['Fp1', 'Fp2', 'F3', 'F4', 'C3', 'C4', 'P3', 'P4', 'O1', 'O2', 'F7', 'F8', 'T7', 'T8', 'P7', 'P8', 'Fz', 'Cz', 'Pz', 'FC1', 'FC2', 'CP1', 'CP2', 'FC5', 'FC6', 'CP5', 'CP6', 'F9', 'F10', 'P9', 'P10'], 'fs': 100.0}
Timestamp when .pkl file for each filename was created: [[[[[[[[[[[[[[[['2025-05-27 00:05:53', '2025-05-27 00:06:06'], '2025-05-27 00:06:47'], '2025-05-27 00:08:59'], '2025-05-27 00:12:00'], '2025-05-27 00:16:20'], '2025-05-27 00:21:13'], '2025-05-27 00:27:29'], '2025-05-27 00:33:13'], '2025-05-27 00:38:42'], '2025-05-27 00:43:03'], '2025-05-27 00:47:42'], '2025-05-27 00:51:11'], '2025-05-27 00:53:06'], '2025-05-27 00:54:40'], '2025-05-27 00:56:06'], '2025-05-27 00:57:49']
Loaded filenames: 
P9_S1/anonymized/auditoryAphasia_6D_long_350_Block1_Run1.vhdr
P9_S1/anonymized/auditoryAphasia_6D_long_350_Block2_Run1.vhdr
P9_S1/anonymized/auditoryAphasia_6D_long_350_Block3_Run1.vhdr
P9_S2/anonymized/auditoryAphasia_6D_long_350_Block1_Run1.vhdr
P9_S2/anonymized/auditoryAphasia_6D_long_350_Block2_Run1.vhdr
P9_S2/anonymized/auditoryAphasia_6D_long_350_Block3_Run1.vhdr
P9_S3/anonymized/auditoryAphasia_6D_350_Block1_Run1.vhdr
P9_S3/anonymized/auditoryAphasia_6D_350_Block1_Run2.vhdr
P9_S3/anonymized/auditoryAphasia_6D_350_Block1_Run3.vhdr
P9_S3/anonymized/auditoryAphasia_6D_350_Block1_Run4.vhdr
P9_S3/anonymized/auditoryAphasia_6D_350_Block1_Run5.vhdr
P9_S3/anonymized/auditoryAphasia_6D_350_Block1_Run6.vhdr
P9_S3/anonymized/auditoryAphasia_6D_350_Block2_Run1.vhdr
P9_S3/anonymized/auditoryAphasia_6D_350_Block2_Run2.vhdr
P9_S4/anonymized/auditoryAphasia_6D_350_Block1_Run1.vhdr
P9_S4/anonymized/auditoryAphasia_6D_350_Block1_Run2.vhdr
P9_S4/anonymized/auditoryAphasia_6D_350_Block1_Run3.vhdr
P9_S4/anonymized/auditoryAphasia_6D_350_Block1_Run4.vhdr
P9_S4/anonymized/auditoryAphasia_6D_350_Block1_Run5.vhdr
P9_S4/anonymized/auditoryAphasia_6D_350_Block1_Run6.vhdr
P9_S4/anonymized/auditoryAphasia_6D_350_Block2_Run1.vhdr
P9_S4/anonymized/auditoryAphasia_6D_350_Block2_Run2.vhdr
P9_S4/anonymized/auditoryAphasia_6D_350_Block2_Run3.vhdr
P9_S4/anonymized/auditoryAphasia_6D_350_Block2_Run4.vhdr
P9_S4/anonymized/auditoryAphasia_6D_350_Block2_Run5.vhdr
P9_S4/anonymized/auditoryAphasia_6D_350_Block2_Run6.vhdr
P9_S4/anonymized/auditoryAphasia_6D_350_Block3_Run1.vhdr
P9_S4/anonymized/auditoryAphasia_6D_350_Block3_Run2.vhdr
P9_S5/anonymized/auditoryAphasia_6D_350_Block1_Run1.vhdr
P9_S5/anonymized/auditoryAphasia_6D_350_Block1_Run2.vhdr
P9_S5/anonymized/auditoryAphasia_6D_350_Block1_Run3.vhdr
P9_S5/anonymized/auditoryAphasia_6D_350_Block1_Run4.vhdr
P9_S5/anonymized/auditoryAphasia_6D_350_Block1_Run5.vhdr
P9_S5/anonymized/auditoryAphasia_6D_350_Block1_Run6.vhdr
P9_S5/anonymized/auditoryAphasia_6D_350_Block2_Run1.vhdr
P9_S5/anonymized/auditoryAphasia_6D_350_Block2_Run2.vhdr
P9_S5/anonymized/auditoryAphasia_6D_350_Block2_Run3.vhdr
P9_S5/anonymized/auditoryAphasia_6D_350_Block2_Run4.vhdr
P9_S5/anonymized/auditoryAphasia_6D_350_Block2_Run5.vhdr
P9_S5/anonymized/auditoryAphasia_6D_350_Block2_Run6.vhdr
P9_S5/anonymized/auditoryAphasia_6D_350_Block3_Run1.vhdr
P9_S6/anonymized/auditoryAphasia_6D_350_Block1_Run1.vhdr
P9_S6/anonymized/auditoryAphasia_6D_350_Block1_Run2.vhdr
P9_S6/anonymized/auditoryAphasia_6D_350_Block1_Run3.vhdr
P9_S6/anonymized/auditoryAphasia_6D_350_Block1_Run4.vhdr
P9_S6/anonymized/auditoryAphasia_6D_350_Block1_Run5.vhdr
P9_S6/anonymized/auditoryAphasia_6D_350_Block1_Run6.vhdr
P9_S6/anonymized/auditoryAphasia_6D_350_Block2_Run1.vhdr
P9_S6/anonymized/auditoryAphasia_6D_350_Block2_Run2.vhdr
P9_S6/anonymized/auditoryAphasia_6D_350_Block2_Run3.vhdr
P9_S6/anonymized/auditoryAphasia_6D_350_Block2_Run4.vhdr
P9_S6/anonymized/auditoryAphasia_6D_350_Block2_Run5.vhdr
P9_S6/anonymized/auditoryAphasia_6D_350_Block2_Run6.vhdr
P9_S6/anonymized/auditoryAphasia_6D_350_Block3_Run1.vhdr
P9_S6/anonymized/auditoryAphasia_6D_350_Block3_Run2.vhdr
P9_S6/anonymized/auditoryAphasia_6D_350_Block3_Run3.vhdr
P9_S6/anonymized/auditoryAphasia_6D_350_Block3_Run4.vhdr
P9_S7/anonymized/auditoryAphasia_6D_350_Block1_Run1.vhdr
P9_S7/anonymized/auditoryAphasia_6D_350_Block1_Run2.vhdr
P9_S7/anonymized/auditoryAphasia_6D_350_Block1_Run3.vhdr
P9_S7/anonymized/auditoryAphasia_6D_350_Block1_Run4.vhdr
P9_S7/anonymized/auditoryAphasia_6D_350_Block1_Run5.vhdr
P9_S7/anonymized/auditoryAphasia_6D_350_Block1_Run6.vhdr
P9_S7/anonymized/auditoryAphasia_6D_350_Block2_Run1.vhdr
P9_S7/anonymized/auditoryAphasia_6D_350_Block2_Run2.vhdr
P9_S7/anonymized/auditoryAphasia_6D_350_Block2_Run3.vhdr
P9_S7/anonymized/auditoryAphasia_6D_350_Block2_Run4.vhdr
P9_S7/anonymized/auditoryAphasia_6D_350_Block2_Run5.vhdr
P9_S7/anonymized/auditoryAphasia_6D_350_Block2_Run6.vhdr
P9_S7/anonymized/auditoryAphasia_6D_350_Block3_Run1.vhdr
P9_S7/anonymized/auditoryAphasia_6D_350_Block3_Run2.vhdr
P9_S7/anonymized/auditoryAphasia_6D_350_Block3_Run3.vhdr
P9_S7/anonymized/auditoryAphasia_6D_350_Block3_Run4.vhdr
P9_S8/anonymized/auditoryAphasia_6D_350_Block1_Run1.vhdr
P9_S8/anonymized/auditoryAphasia_6D_350_Block1_Run2.vhdr
P9_S8/anonymized/auditoryAphasia_6D_350_Block1_Run3.vhdr
P9_S8/anonymized/auditoryAphasia_6D_350_Block1_Run4.vhdr
P9_S8/anonymized/auditoryAphasia_6D_350_Block1_Run5.vhdr
P9_S8/anonymized/auditoryAphasia_6D_350_Block1_Run6.vhdr
P9_S8/anonymized/auditoryAphasia_6D_350_Block2_Run1.vhdr
P9_S8/anonymized/auditoryAphasia_6D_350_Block2_Run2.vhdr
P9_S8/anonymized/auditoryAphasia_6D_350_Block2_Run3.vhdr
P9_S8/anonymized/auditoryAphasia_6D_350_Block2_Run4.vhdr
P9_S8/anonymized/auditoryAphasia_6D_350_Block2_Run5.vhdr
P9_S8/anonymized/auditoryAphasia_6D_350_Block2_Run6.vhdr
P9_S8/anonymized/auditoryAphasia_6D_350_Block3_Run1.vhdr
P9_S8/anonymized/auditoryAphasia_6D_350_Block3_Run2.vhdr
P9_S8/anonymized/auditoryAphasia_6D_350_Block3_Run3.vhdr
P9_S8/anonymized/auditoryAphasia_6D_350_Block3_Run4.vhdr
P9_S8/anonymized/auditoryAphasia_6D_350_Block3_Run5.vhdr
P9_S8/anonymized/auditoryAphasia_6D_350_Block3_Run6.vhdr
P9_S9/anonymized/auditoryAphasia_6D_350_Block1_Run1.vhdr
P9_S9/anonymized/auditoryAphasia_6D_350_Block1_Run2.vhdr
P9_S9/anonymized/auditoryAphasia_6D_350_Block1_Run3.vhdr
P9_S9/anonymized/auditoryAphasia_6D_350_Block1_Run4.vhdr
P9_S9/anonymized/auditoryAphasia_6D_350_Block1_Run5.vhdr
P9_S9/anonymized/auditoryAphasia_6D_350_Block1_Run6.vhdr
P9_S9/anonymized/auditoryAphasia_6D_350_Block2_Run1.vhdr
P9_S9/anonymized/auditoryAphasia_6D_350_Block2_Run2.vhdr
P9_S9/anonymized/auditoryAphasia_6D_350_Block2_Run3.vhdr
P9_S9/anonymized/auditoryAphasia_6D_350_Block2_Run4.vhdr
P9_S9/anonymized/auditoryAphasia_6D_350_Block2_Run5.vhdr
P9_S9/anonymized/auditoryAphasia_6D_350_Block2_Run6.vhdr
P9_S9/anonymized/auditoryAphasia_6D_350_Block3_Run1.vhdr
P9_S9/anonymized/auditoryAphasia_6D_350_Block3_Run2.vhdr
P9_S9/anonymized/auditoryAphasia_6D_350_Block3_Run3.vhdr
P9_S9/anonymized/auditoryAphasia_6D_350_Block3_Run4.vhdr
P9_S10/anonymized/auditoryAphasia_6D_350_Block1_Run1.vhdr
P9_S10/anonymized/auditoryAphasia_6D_350_Block1_Run2.vhdr
P9_S10/anonymized/auditoryAphasia_6D_350_Block1_Run3.vhdr
P9_S10/anonymized/auditoryAphasia_6D_350_Block1_Run4.vhdr
P9_S10/anonymized/auditoryAphasia_6D_350_Block1_Run5.vhdr
P9_S10/anonymized/auditoryAphasia_6D_350_Block1_Run6.vhdr
P9_S10/anonymized/auditoryAphasia_6D_350_Block2_Run1.vhdr
P9_S10/anonymized/auditoryAphasia_6D_350_Block2_Run2.vhdr
P9_S10/anonymized/auditoryAphasia_6D_350_Block2_Run3.vhdr
P9_S10/anonymized/auditoryAphasia_6D_350_Block2_Run4.vhdr
P9_S10/anonymized/auditoryAphasia_6D_350_Block2_Run5.vhdr
P9_S10/anonymized/auditoryAphasia_6D_350_Block2_Run6.vhdr
P9_S10/anonymized/auditoryAphasia_6D_350_Block3_Run1.vhdr
P9_S10/anonymized/auditoryAphasia_6D_350_Block3_Run2.vhdr
P9_S10/anonymized/auditoryAphasia_6D_350_Block3_Run3.vhdr
P9_S11/anonymized/auditoryAphasia_HP_350_Block1_Run1.vhdr
P9_S11/anonymized/auditoryAphasia_HP_350_Block1_Run2.vhdr
P9_S11/anonymized/auditoryAphasia_HP_350_Block1_Run3.vhdr
P9_S11/anonymized/auditoryAphasia_HP_350_Block1_Run4.vhdr
P9_S11/anonymized/auditoryAphasia_HP_350_Block1_Run5.vhdr
P9_S11/anonymized/auditoryAphasia_HP_350_Block1_Run6.vhdr
P9_S11/anonymized/auditoryAphasia_HP_350_Block2_Run1.vhdr
P9_S11/anonymized/auditoryAphasia_HP_350_Block2_Run2.vhdr
P9_S11/anonymized/auditoryAphasia_HP_350_Block2_Run3.vhdr
P9_S11/anonymized/auditoryAphasia_HP_350_Block2_Run4.vhdr
P9_S11/anonymized/auditoryAphasia_HP_350_Block2_Run5.vhdr
P9_S11/anonymized/auditoryAphasia_HP_350_Block2_Run6.vhdr
P9_S11/anonymized/auditoryAphasia_HP_350_Block3_Run1.vhdr
P9_S11/anonymized/auditoryAphasia_HP_350_Block3_Run2.vhdr
P9_S12/anonymized/auditoryAphasia_HP_350_Block1_Run1.vhdr
P9_S12/anonymized/auditoryAphasia_HP_350_Block1_Run2.vhdr
P9_S12/anonymized/auditoryAphasia_HP_350_Block1_Run3.vhdr
P9_S12/anonymized/auditoryAphasia_HP_350_Block1_Run4.vhdr
P9_S12/anonymized/auditoryAphasia_HP_350_Block1_Run5.vhdr
P9_S12/anonymized/auditoryAphasia_HP_350_Block1_Run6.vhdr
P9_S12/anonymized/auditoryAphasia_HP_350_Block2_Run1.vhdr
P9_S12/anonymized/auditoryAphasia_HP_350_Block2_Run2.vhdr
P9_S12/anonymized/auditoryAphasia_HP_350_Block2_Run3.vhdr
P9_S12/anonymized/auditoryAphasia_HP_350_Block2_Run4.vhdr
P9_S12/anonymized/auditoryAphasia_HP_350_Block2_Run5.vhdr
P9_S12/anonymized/auditoryAphasia_HP_350_Block2_Run6.vhdr
P9_S12/anonymized/auditoryAphasia_HP_350_Block3_Run1.vhdr
P9_S12/anonymized/auditoryAphasia_HP_350_Block3_Run2.vhdr
P9_S12/anonymized/auditoryAphasia_HP_350_Block3_Run3.vhdr
P9_S13/anonymized/auditoryAphasia_HP_350_Block1_Run1.vhdr
P9_S13/anonymized/auditoryAphasia_HP_350_Block1_Run2.vhdr
P9_S13/anonymized/auditoryAphasia_HP_350_Block1_Run3.vhdr
P9_S13/anonymized/auditoryAphasia_HP_350_Block1_Run4.vhdr
P9_S13/anonymized/auditoryAphasia_HP_500_Block1_Run5.vhdr
P9_S13/anonymized/auditoryAphasia_HP_500_Block1_Run6.vhdr
P9_S13/anonymized/auditoryAphasia_HP_500_Block2_Run1.vhdr
P9_S13/anonymized/auditoryAphasia_HP_500_Block2_Run2.vhdr
P9_S13/anonymized/auditoryAphasia_HP_500_Block2_Run3.vhdr
P9_S13/anonymized/auditoryAphasia_HP_500_Block2_Run4.vhdr
P9_S13/anonymized/auditoryAphasia_HP_500_Block2_Run5.vhdr
P9_S13/anonymized/auditoryAphasia_HP_500_Block2_Run6.vhdr
P9_S13/anonymized/auditoryAphasia_HP_750_Block3_Run1.vhdr
P9_S13/anonymized/auditoryAphasia_HP_750_Block3_Run2.vhdr
P9_S14/anonymized/auditoryAphasia_HP_1000_Block1_Run1.vhdr
P9_S14/anonymized/auditoryAphasia_HP_1000_Block1_Run2.vhdr
P9_S14/anonymized/auditoryAphasia_HP_1000_Block1_Run3.vhdr
P9_S14/anonymized/auditoryAphasia_HP_1000_Block1_Run4.vhdr
P9_S14/anonymized/auditoryAphasia_HP_1000_Block1_Run5.vhdr
P9_S14/anonymized/auditoryAphasia_HP_1000_Block1_Run6.vhdr
P9_S14/anonymized/auditoryAphasia_HP_1000_Block2_Run1.vhdr
P9_S14/anonymized/auditoryAphasia_HP_1000_Block2_Run2.vhdr
P9_S14/anonymized/auditoryAphasia_HP_1000_Block2_Run3.vhdr
P9_S14/anonymized/auditoryAphasia_HP_1000_Block2_Run4.vhdr
P9_S14/anonymized/auditoryAphasia_HP_1000_Block2_Run5.vhdr
P9_S14/anonymized/auditoryAphasia_HP_1000_Block2_Run6.vhdr
P9_S14/anonymized/auditoryAphasia_HP_1000_Block3_Run1.vhdr
P9_S15/anonymized/auditoryAphasia_01HP_650_Block1_Run1.vhdr
P9_S15/anonymized/auditoryAphasia_02HP_650_Block1_Run2.vhdr
P9_S15/anonymized/auditoryAphasia_03HP_650_Block1_Run3.vhdr
P9_S15/anonymized/auditoryAphasia_04HP_650_Block1_Run4.vhdr
P9_S15/anonymized/auditoryAphasia_05HP_650_Block1_Run5.vhdr
P9_S15/anonymized/auditoryAphasia_06HP_650_Block1_Run6.vhdr
P9_S15/anonymized/auditoryAphasia_HP_1000_Block2_Run1.vhdr
P9_S15/anonymized/auditoryAphasia_HP_1000_Block2_Run2.vhdr
P9_S15/anonymized/auditoryAphasia_HP_1000_Block2_Run3.vhdr
P9_S15/anonymized/auditoryAphasia_HP_1000_Block2_Run4.vhdr
P9_S15/anonymized/auditoryAphasia_HP_1000_Block2_Run5.vhdr
P9_S15/anonymized/auditoryAphasia_HP_1000_Block2_Run6.vhdr
P9_S15/anonymized/auditoryAphasia_HP_1000_Block3_Run1.vhdr
P9_S16/anonymized/auditoryAphasia_HP_1000_Block1_Run1.vhdr
P9_S16/anonymized/auditoryAphasia_HP_1000_Block1_Run2.vhdr
P9_S16/anonymized/auditoryAphasia_HP_1000_Block1_Run3.vhdr
P9_S16/anonymized/auditoryAphasia_HP_1000_Block1_Run4.vhdr
P9_S16/anonymized/auditoryAphasia_HP_1000_Block1_Run5.vhdr
P9_S16/anonymized/auditoryAphasia_HP_1000_Block1_Run6.vhdr
P9_S16/anonymized/auditoryAphasia_HP_1000_Block2_Run1.vhdr
P9_S16/anonymized/auditoryAphasia_HP_1000_Block2_Run2.vhdr
P9_S16/anonymized/auditoryAphasia_HP_1000_Block2_Run3.vhdr
P9_S16/anonymized/auditoryAphasia_HP_1000_Block2_Run4.vhdr
P9_S16/anonymized/auditoryAphasia_HP_1000_Block2_Run5.vhdr
P9_S16/anonymized/auditoryAphasia_HP_1000_Block2_Run6.vhdr
P9_S16/anonymized/auditoryAphasia_HP_1000_Block3_Run1.vhdr
P9_S17/anonymized/auditoryAphasia_HP_1000_Block1_Run1.vhdr
P9_S17/anonymized/auditoryAphasia_HP_1000_Block1_Run2.vhdr
P9_S17/anonymized/auditoryAphasia_HP_1000_Block1_Run3.vhdr
P9_S17/anonymized/auditoryAphasia_HP_1000_Block1_Run4.vhdr
P9_S17/anonymized/auditoryAphasia_HP_1000_Block1_Run5.vhdr
P9_S17/anonymized/auditoryAphasia_HP_1000_Block1_Run6.vhdr
P9_S17/anonymized/auditoryAphasia_HP_1000_Block2_Run1.vhdr
P9_S17/anonymized/auditoryAphasia_HP_1000_Block2_Run2.vhdr
P9_S17/anonymized/auditoryAphasia_HP_1000_Block2_Run3.vhdr
P9_S17/anonymized/auditoryAphasia_HP_1000_Block2_Run4.vhdr
P9_S17/anonymized/auditoryAphasia_HP_1000_Block2_Run5.vhdr
P9_S17/anonymized/auditoryAphasia_HP_1000_Block2_Run6.vhdr
P9_S17/anonymized/auditoryAphasia_HP_1000_Block3_Run1.vhdr