Stored as "sizes_scores_2_4.pkl"
Epochs interval: [n_epochs/4 - 2*(n_epochs/4)+1] = [23760 - 23760*2 + 1]
Number of sizes: 37
Sizes: [  90  120  150  180  210  240  270  300  330  360  390  420  450  480
  510  540  570  600  630  660  690  720  750  780  810  840  870  900
  930  960  990 1020 1050 1080 1110 1140 1170]
Step size: 90
Trials total: 1302
Epochs total: 23760
Time intervals: [0.1  0.15 0.2  0.25 0.3  0.35 0.4  0.45 0.5 ]
Computing average auc score for size 90 (out of 37)
	 interval: [23760,23850] / 47520
	 interval: [23850,23940] / 47520
	 interval: [23940,24030] / 47520
	 interval: [24030,24120] / 47520
	 interval: [24120,24210] / 47520
	 interval: [24210,24300] / 47520
	 interval: [24300,24390] / 47520
	 interval: [24390,24480] / 47520
	 interval: [24480,24570] / 47520
	 interval: [24570,24660] / 47520
	 interval: [24660,24750] / 47520
	 interval: [24750,24840] / 47520
	 interval: [24840,24930] / 47520
	 interval: [24930,25020] / 47520
	 interval: [25020,25110] / 47520
	 interval: [25110,25200] / 47520
	 interval: [25200,25290] / 47520
	 interval: [25290,25380] / 47520
	 interval: [25380,25470] / 47520
	 interval: [25470,25560] / 47520
	 interval: [25560,25650] / 47520
	 interval: [25650,25740] / 47520
	 interval: [25740,25830] / 47520
	 interval: [25830,25920] / 47520
	 interval: [25920,26010] / 47520
	 interval: [26010,26100] / 47520
	 interval: [26100,26190] / 47520
	 interval: [26190,26280] / 47520
	 interval: [26280,26370] / 47520
	 interval: [26370,26460] / 47520
	 interval: [26460,26550] / 47520
	 interval: [26550,26640] / 47520
	 interval: [26640,26730] / 47520
	 interval: [26730,26820] / 47520
	 interval: [26820,26910] / 47520
	 interval: [26910,27000] / 47520
	 interval: [27000,27090] / 47520
	 interval: [27090,27180] / 47520
	 interval: [27180,27270] / 47520
	 interval: [27270,27360] / 47520
	 interval: [27360,27450] / 47520
	 interval: [27450,27540] / 47520
	 interval: [27540,27630] / 47520
	 interval: [27630,27720] / 47520
	 interval: [27720,27810] / 47520
	 interval: [27810,27900] / 47520
	 interval: [27900,27990] / 47520
	 interval: [27990,28080] / 47520
	 interval: [28080,28170] / 47520
	 interval: [28170,28260] / 47520
	 interval: [28260,28350] / 47520
	 interval: [28350,28440] / 47520
	 interval: [28440,28530] / 47520
	 interval: [28530,28620] / 47520
	 interval: [28620,28710] / 47520
	 interval: [28710,28800] / 47520
	 interval: [28800,28890] / 47520
	 interval: [28890,28980] / 47520
	 interval: [28980,29070] / 47520
	 interval: [29070,29160] / 47520
	 interval: [29160,29250] / 47520
	 interval: [29250,29340] / 47520
	 interval: [29340,29430] / 47520
	 interval: [29430,29520] / 47520
	 interval: [29520,29610] / 47520
	 interval: [29610,29700] / 47520
	 interval: [29700,29790] / 47520
	 interval: [29790,29880] / 47520
	 interval: [29880,29970] / 47520
	 interval: [29970,30060] / 47520
	 interval: [30060,30150] / 47520
	 interval: [30150,30240] / 47520
	 interval: [30240,30330] / 47520
	 interval: [30330,30420] / 47520
	 interval: [30420,30510] / 47520
	 interval: [30510,30600] / 47520
	 interval: [30600,30690] / 47520
	 interval: [30690,30780] / 47520
	 interval: [30780,30870] / 47520
	 interval: [30870,30960] / 47520
	 interval: [30960,31050] / 47520
	 interval: [31050,31140] / 47520
	 interval: [31140,31230] / 47520
	 interval: [31230,31320] / 47520
	 interval: [31320,31410] / 47520
	 interval: [31410,31500] / 47520
	 interval: [31500,31590] / 47520
	 interval: [31590,31680] / 47520
	 interval: [31680,31770] / 47520
	 interval: [31770,31860] / 47520
	 interval: [31860,31950] / 47520
	 interval: [31950,32040] / 47520
	 interval: [32040,32130] / 47520
	 interval: [32130,32220] / 47520
	 interval: [32220,32310] / 47520
	 interval: [32310,32400] / 47520
	 interval: [32400,32490] / 47520
	 interval: [32490,32580] / 47520
	 interval: [32580,32670] / 47520
	 interval: [32670,32760] / 47520
	 interval: [32760,32850] / 47520
	 interval: [32850,32940] / 47520
	 interval: [32940,33030] / 47520
	 interval: [33030,33120] / 47520
	 interval: [33120,33210] / 47520
	 interval: [33210,33300] / 47520
	 interval: [33300,33390] / 47520
	 interval: [33390,33480] / 47520
	 interval: [33480,33570] / 47520
	 interval: [33570,33660] / 47520
	 interval: [33660,33750] / 47520
	 interval: [33750,33840] / 47520
	 interval: [33840,33930] / 47520
	 interval: [33930,34020] / 47520
	 interval: [34020,34110] / 47520
	 interval: [34110,34200] / 47520
	 interval: [34200,34290] / 47520
	 interval: [34290,34380] / 47520
	 interval: [34380,34470] / 47520
	 interval: [34470,34560] / 47520
	 interval: [34560,34650] / 47520
	 interval: [34650,34740] / 47520
	 interval: [34740,34830] / 47520
	 interval: [34830,34920] / 47520
	 interval: [34920,35010] / 47520
	 interval: [35010,35100] / 47520
	 interval: [35100,35190] / 47520
	 interval: [35190,35280] / 47520
	 interval: [35280,35370] / 47520
	 interval: [35370,35460] / 47520
	 interval: [35460,35550] / 47520
	 interval: [35550,35640] / 47520
	 interval: [35640,35730] / 47520
	 interval: [35730,35820] / 47520
	 interval: [35820,35910] / 47520
	 interval: [35910,36000] / 47520
	 interval: [36000,36090] / 47520
	 interval: [36090,36180] / 47520
	 interval: [36180,36270] / 47520
	 interval: [36270,36360] / 47520
	 interval: [36360,36450] / 47520
	 interval: [36450,36540] / 47520
	 interval: [36540,36630] / 47520
	 interval: [36630,36720] / 47520
	 interval: [36720,36810] / 47520
	 interval: [36810,36900] / 47520
	 interval: [36900,36990] / 47520
	 interval: [36990,37080] / 47520
	 interval: [37080,37170] / 47520
	 interval: [37170,37260] / 47520
	 interval: [37260,37350] / 47520
	 interval: [37350,37440] / 47520
	 interval: [37440,37530] / 47520
	 interval: [37530,37620] / 47520
	 interval: [37620,37710] / 47520
	 interval: [37710,37800] / 47520
	 interval: [37800,37890] / 47520
	 interval: [37890,37980] / 47520
	 interval: [37980,38070] / 47520
	 interval: [38070,38160] / 47520
	 interval: [38160,38250] / 47520
	 interval: [38250,38340] / 47520
	 interval: [38340,38430] / 47520
	 interval: [38430,38520] / 47520
	 interval: [38520,38610] / 47520
	 interval: [38610,38700] / 47520
	 interval: [38700,38790] / 47520
	 interval: [38790,38880] / 47520
	 interval: [38880,38970] / 47520
	 interval: [38970,39060] / 47520
	 interval: [39060,39150] / 47520
	 interval: [39150,39240] / 47520
	 interval: [39240,39330] / 47520
	 interval: [39330,39420] / 47520
	 interval: [39420,39510] / 47520
	 interval: [39510,39600] / 47520
	 interval: [39600,39690] / 47520
	 interval: [39690,39780] / 47520
	 interval: [39780,39870] / 47520
	 interval: [39870,39960] / 47520
	 interval: [39960,40050] / 47520
	 interval: [40050,40140] / 47520
	 interval: [40140,40230] / 47520
	 interval: [40230,40320] / 47520
	 interval: [40320,40410] / 47520
	 interval: [40410,40500] / 47520
	 interval: [40500,40590] / 47520
	 interval: [40590,40680] / 47520
	 interval: [40680,40770] / 47520
	 interval: [40770,40860] / 47520
	 interval: [40860,40950] / 47520
	 interval: [40950,41040] / 47520
	 interval: [41040,41130] / 47520
	 interval: [41130,41220] / 47520
	 interval: [41220,41310] / 47520
	 interval: [41310,41400] / 47520
	 interval: [41400,41490] / 47520
	 interval: [41490,41580] / 47520
	 interval: [41580,41670] / 47520
	 interval: [41670,41760] / 47520
	 interval: [41760,41850] / 47520
	 interval: [41850,41940] / 47520
	 interval: [41940,42030] / 47520
	 interval: [42030,42120] / 47520
	 interval: [42120,42210] / 47520
	 interval: [42210,42300] / 47520
	 interval: [42300,42390] / 47520
	 interval: [42390,42480] / 47520
	 interval: [42480,42570] / 47520
	 interval: [42570,42660] / 47520
	 interval: [42660,42750] / 47520
	 interval: [42750,42840] / 47520
	 interval: [42840,42930] / 47520
	 interval: [42930,43020] / 47520
	 interval: [43020,43110] / 47520
	 interval: [43110,43200] / 47520
	 interval: [43200,43290] / 47520
	 interval: [43290,43380] / 47520
	 interval: [43380,43470] / 47520
	 interval: [43470,43560] / 47520
	 interval: [43560,43650] / 47520
	 interval: [43650,43740] / 47520
	 interval: [43740,43830] / 47520
	 interval: [43830,43920] / 47520
	 interval: [43920,44010] / 47520
	 interval: [44010,44100] / 47520
	 interval: [44100,44190] / 47520
	 interval: [44190,44280] / 47520
	 interval: [44280,44370] / 47520
	 interval: [44370,44460] / 47520
	 interval: [44460,44550] / 47520
	 interval: [44550,44640] / 47520
	 interval: [44640,44730] / 47520
	 interval: [44730,44820] / 47520
	 interval: [44820,44910] / 47520
	 interval: [44910,45000] / 47520
	 interval: [45000,45090] / 47520
	 interval: [45090,45180] / 47520
	 interval: [45180,45270] / 47520
	 interval: [45270,45360] / 47520
	 interval: [45360,45450] / 47520
	 interval: [45450,45540] / 47520
	 interval: [45540,45630] / 47520
	 interval: [45630,45720] / 47520
	 interval: [45720,45810] / 47520
	 interval: [45810,45900] / 47520
	 interval: [45900,45990] / 47520
	 interval: [45990,46080] / 47520
	 interval: [46080,46170] / 47520
	 interval: [46170,46260] / 47520
	 interval: [46260,46350] / 47520
	 interval: [46350,46440] / 47520
	 interval: [46440,46530] / 47520
	 interval: [46530,46620] / 47520
	 interval: [46620,46710] / 47520
	 interval: [46710,46800] / 47520
	 interval: [46800,46890] / 47520
	 interval: [46890,46980] / 47520
	 interval: [46980,47070] / 47520
	 interval: [47070,47160] / 47520
	 interval: [47160,47250] / 47520
	 interval: [47250,47340] / 47520
	 interval: [47340,47430] / 47520
	 interval: [47430,47520] / 47520
avg auc score: btlda 0.6524820643812437
Computing average auc score for size 120 (out of 37)
	 interval: [23760,23880] / 47520
	 interval: [23880,24000] / 47520
	 interval: [24000,24120] / 47520
	 interval: [24120,24240] / 47520
	 interval: [24240,24360] / 47520
	 interval: [24360,24480] / 47520
	 interval: [24480,24600] / 47520
	 interval: [24600,24720] / 47520
	 interval: [24720,24840] / 47520
	 interval: [24840,24960] / 47520
	 interval: [24960,25080] / 47520
	 interval: [25080,25200] / 47520
	 interval: [25200,25320] / 47520
	 interval: [25320,25440] / 47520
	 interval: [25440,25560] / 47520
	 interval: [25560,25680] / 47520
	 interval: [25680,25800] / 47520
	 interval: [25800,25920] / 47520
	 interval: [25920,26040] / 47520
	 interval: [26040,26160] / 47520
	 interval: [26160,26280] / 47520
	 interval: [26280,26400] / 47520
	 interval: [26400,26520] / 47520
	 interval: [26520,26640] / 47520
	 interval: [26640,26760] / 47520
	 interval: [26760,26880] / 47520
	 interval: [26880,27000] / 47520
	 interval: [27000,27120] / 47520
	 interval: [27120,27240] / 47520
	 interval: [27240,27360] / 47520
	 interval: [27360,27480] / 47520
	 interval: [27480,27600] / 47520
	 interval: [27600,27720] / 47520
	 interval: [27720,27840] / 47520
	 interval: [27840,27960] / 47520
	 interval: [27960,28080] / 47520
	 interval: [28080,28200] / 47520
	 interval: [28200,28320] / 47520
	 interval: [28320,28440] / 47520
	 interval: [28440,28560] / 47520
	 interval: [28560,28680] / 47520
	 interval: [28680,28800] / 47520
	 interval: [28800,28920] / 47520
	 interval: [28920,29040] / 47520
	 interval: [29040,29160] / 47520
	 interval: [29160,29280] / 47520
	 interval: [29280,29400] / 47520
	 interval: [29400,29520] / 47520
	 interval: [29520,29640] / 47520
	 interval: [29640,29760] / 47520
	 interval: [29760,29880] / 47520
	 interval: [29880,30000] / 47520
	 interval: [30000,30120] / 47520
	 interval: [30120,30240] / 47520
	 interval: [30240,30360] / 47520
	 interval: [30360,30480] / 47520
	 interval: [30480,30600] / 47520
	 interval: [30600,30720] / 47520
	 interval: [30720,30840] / 47520
	 interval: [30840,30960] / 47520
	 interval: [30960,31080] / 47520
	 interval: [31080,31200] / 47520
	 interval: [31200,31320] / 47520
	 interval: [31320,31440] / 47520
	 interval: [31440,31560] / 47520
	 interval: [31560,31680] / 47520
	 interval: [31680,31800] / 47520
	 interval: [31800,31920] / 47520
	 interval: [31920,32040] / 47520
	 interval: [32040,32160] / 47520
	 interval: [32160,32280] / 47520
	 interval: [32280,32400] / 47520
	 interval: [32400,32520] / 47520
	 interval: [32520,32640] / 47520
	 interval: [32640,32760] / 47520
	 interval: [32760,32880] / 47520
	 interval: [32880,33000] / 47520
	 interval: [33000,33120] / 47520
	 interval: [33120,33240] / 47520
	 interval: [33240,33360] / 47520
	 interval: [33360,33480] / 47520
	 interval: [33480,33600] / 47520
	 interval: [33600,33720] / 47520
	 interval: [33720,33840] / 47520
	 interval: [33840,33960] / 47520
	 interval: [33960,34080] / 47520
	 interval: [34080,34200] / 47520
	 interval: [34200,34320] / 47520
	 interval: [34320,34440] / 47520
	 interval: [34440,34560] / 47520
	 interval: [34560,34680] / 47520
	 interval: [34680,34800] / 47520
	 interval: [34800,34920] / 47520
	 interval: [34920,35040] / 47520
	 interval: [35040,35160] / 47520
	 interval: [35160,35280] / 47520
	 interval: [35280,35400] / 47520
	 interval: [35400,35520] / 47520
	 interval: [35520,35640] / 47520
	 interval: [35640,35760] / 47520
	 interval: [35760,35880] / 47520
	 interval: [35880,36000] / 47520
	 interval: [36000,36120] / 47520
	 interval: [36120,36240] / 47520
	 interval: [36240,36360] / 47520
	 interval: [36360,36480] / 47520
	 interval: [36480,36600] / 47520
	 interval: [36600,36720] / 47520
	 interval: [36720,36840] / 47520
	 interval: [36840,36960] / 47520
	 interval: [36960,37080] / 47520
	 interval: [37080,37200] / 47520
	 interval: [37200,37320] / 47520
	 interval: [37320,37440] / 47520
	 interval: [37440,37560] / 47520
	 interval: [37560,37680] / 47520
	 interval: [37680,37800] / 47520
	 interval: [37800,37920] / 47520
	 interval: [37920,38040] / 47520
	 interval: [38040,38160] / 47520
	 interval: [38160,38280] / 47520
	 interval: [38280,38400] / 47520
	 interval: [38400,38520] / 47520
	 interval: [38520,38640] / 47520
	 interval: [38640,38760] / 47520
	 interval: [38760,38880] / 47520
	 interval: [38880,39000] / 47520
	 interval: [39000,39120] / 47520
	 interval: [39120,39240] / 47520
	 interval: [39240,39360] / 47520
	 interval: [39360,39480] / 47520
	 interval: [39480,39600] / 47520
	 interval: [39600,39720] / 47520
	 interval: [39720,39840] / 47520
	 interval: [39840,39960] / 47520
	 interval: [39960,40080] / 47520
	 interval: [40080,40200] / 47520
	 interval: [40200,40320] / 47520
	 interval: [40320,40440] / 47520
	 interval: [40440,40560] / 47520
	 interval: [40560,40680] / 47520
	 interval: [40680,40800] / 47520
	 interval: [40800,40920] / 47520
	 interval: [40920,41040] / 47520
	 interval: [41040,41160] / 47520
	 interval: [41160,41280] / 47520
	 interval: [41280,41400] / 47520
	 interval: [41400,41520] / 47520
	 interval: [41520,41640] / 47520
	 interval: [41640,41760] / 47520
	 interval: [41760,41880] / 47520
	 interval: [41880,42000] / 47520
	 interval: [42000,42120] / 47520
	 interval: [42120,42240] / 47520
	 interval: [42240,42360] / 47520
	 interval: [42360,42480] / 47520
	 interval: [42480,42600] / 47520
	 interval: [42600,42720] / 47520
	 interval: [42720,42840] / 47520
	 interval: [42840,42960] / 47520
	 interval: [42960,43080] / 47520
	 interval: [43080,43200] / 47520
	 interval: [43200,43320] / 47520
	 interval: [43320,43440] / 47520
	 interval: [43440,43560] / 47520
	 interval: [43560,43680] / 47520
	 interval: [43680,43800] / 47520
	 interval: [43800,43920] / 47520
	 interval: [43920,44040] / 47520
	 interval: [44040,44160] / 47520
	 interval: [44160,44280] / 47520
	 interval: [44280,44400] / 47520
	 interval: [44400,44520] / 47520
	 interval: [44520,44640] / 47520
	 interval: [44640,44760] / 47520
	 interval: [44760,44880] / 47520
	 interval: [44880,45000] / 47520
	 interval: [45000,45120] / 47520
	 interval: [45120,45240] / 47520
	 interval: [45240,45360] / 47520
	 interval: [45360,45480] / 47520
	 interval: [45480,45600] / 47520
	 interval: [45600,45720] / 47520
	 interval: [45720,45840] / 47520
	 interval: [45840,45960] / 47520
	 interval: [45960,46080] / 47520
	 interval: [46080,46200] / 47520
	 interval: [46200,46320] / 47520
	 interval: [46320,46440] / 47520
	 interval: [46440,46560] / 47520
	 interval: [46560,46680] / 47520
	 interval: [46680,46800] / 47520
	 interval: [46800,46920] / 47520
	 interval: [46920,47040] / 47520
	 interval: [47040,47160] / 47520
	 interval: [47160,47280] / 47520
	 interval: [47280,47400] / 47520
	 interval: [47400,47520] / 47520
avg auc score: btlda 0.6524321401427212
Computing average auc score for size 150 (out of 37)
	 interval: [23760,23910] / 47520
	 interval: [23910,24060] / 47520
	 interval: [24060,24210] / 47520
	 interval: [24210,24360] / 47520
	 interval: [24360,24510] / 47520
	 interval: [24510,24660] / 47520
	 interval: [24660,24810] / 47520
	 interval: [24810,24960] / 47520
	 interval: [24960,25110] / 47520
	 interval: [25110,25260] / 47520
	 interval: [25260,25410] / 47520
	 interval: [25410,25560] / 47520
	 interval: [25560,25710] / 47520
	 interval: [25710,25860] / 47520
	 interval: [25860,26010] / 47520
	 interval: [26010,26160] / 47520
	 interval: [26160,26310] / 47520
	 interval: [26310,26460] / 47520
	 interval: [26460,26610] / 47520
	 interval: [26610,26760] / 47520
	 interval: [26760,26910] / 47520
	 interval: [26910,27060] / 47520
	 interval: [27060,27210] / 47520
	 interval: [27210,27360] / 47520
	 interval: [27360,27510] / 47520
	 interval: [27510,27660] / 47520
	 interval: [27660,27810] / 47520
	 interval: [27810,27960] / 47520
	 interval: [27960,28110] / 47520
	 interval: [28110,28260] / 47520
	 interval: [28260,28410] / 47520
	 interval: [28410,28560] / 47520
	 interval: [28560,28710] / 47520
	 interval: [28710,28860] / 47520
	 interval: [28860,29010] / 47520
	 interval: [29010,29160] / 47520
	 interval: [29160,29310] / 47520
	 interval: [29310,29460] / 47520
	 interval: [29460,29610] / 47520
	 interval: [29610,29760] / 47520
	 interval: [29760,29910] / 47520
	 interval: [29910,30060] / 47520
	 interval: [30060,30210] / 47520
	 interval: [30210,30360] / 47520
	 interval: [30360,30510] / 47520
	 interval: [30510,30660] / 47520
	 interval: [30660,30810] / 47520
	 interval: [30810,30960] / 47520
	 interval: [30960,31110] / 47520
	 interval: [31110,31260] / 47520
	 interval: [31260,31410] / 47520
	 interval: [31410,31560] / 47520
	 interval: [31560,31710] / 47520
	 interval: [31710,31860] / 47520
	 interval: [31860,32010] / 47520
	 interval: [32010,32160] / 47520
	 interval: [32160,32310] / 47520
	 interval: [32310,32460] / 47520
	 interval: [32460,32610] / 47520
	 interval: [32610,32760] / 47520
	 interval: [32760,32910] / 47520
	 interval: [32910,33060] / 47520
	 interval: [33060,33210] / 47520
	 interval: [33210,33360] / 47520
	 interval: [33360,33510] / 47520
	 interval: [33510,33660] / 47520
	 interval: [33660,33810] / 47520
	 interval: [33810,33960] / 47520
	 interval: [33960,34110] / 47520
	 interval: [34110,34260] / 47520
	 interval: [34260,34410] / 47520
	 interval: [34410,34560] / 47520
	 interval: [34560,34710] / 47520
	 interval: [34710,34860] / 47520
	 interval: [34860,35010] / 47520
	 interval: [35010,35160] / 47520
	 interval: [35160,35310] / 47520
	 interval: [35310,35460] / 47520
	 interval: [35460,35610] / 47520
	 interval: [35610,35760] / 47520
	 interval: [35760,35910] / 47520
	 interval: [35910,36060] / 47520
	 interval: [36060,36210] / 47520
	 interval: [36210,36360] / 47520
	 interval: [36360,36510] / 47520
	 interval: [36510,36660] / 47520
	 interval: [36660,36810] / 47520
	 interval: [36810,36960] / 47520
	 interval: [36960,37110] / 47520
	 interval: [37110,37260] / 47520
	 interval: [37260,37410] / 47520
	 interval: [37410,37560] / 47520
	 interval: [37560,37710] / 47520
	 interval: [37710,37860] / 47520
	 interval: [37860,38010] / 47520
	 interval: [38010,38160] / 47520
	 interval: [38160,38310] / 47520
	 interval: [38310,38460] / 47520
	 interval: [38460,38610] / 47520
	 interval: [38610,38760] / 47520
	 interval: [38760,38910] / 47520
	 interval: [38910,39060] / 47520
	 interval: [39060,39210] / 47520
	 interval: [39210,39360] / 47520
	 interval: [39360,39510] / 47520
	 interval: [39510,39660] / 47520
	 interval: [39660,39810] / 47520
	 interval: [39810,39960] / 47520
	 interval: [39960,40110] / 47520
	 interval: [40110,40260] / 47520
	 interval: [40260,40410] / 47520
	 interval: [40410,40560] / 47520
	 interval: [40560,40710] / 47520
	 interval: [40710,40860] / 47520
	 interval: [40860,41010] / 47520
	 interval: [41010,41160] / 47520
	 interval: [41160,41310] / 47520
	 interval: [41310,41460] / 47520
	 interval: [41460,41610] / 47520
	 interval: [41610,41760] / 47520
	 interval: [41760,41910] / 47520
	 interval: [41910,42060] / 47520
	 interval: [42060,42210] / 47520
	 interval: [42210,42360] / 47520
	 interval: [42360,42510] / 47520
	 interval: [42510,42660] / 47520
	 interval: [42660,42810] / 47520
	 interval: [42810,42960] / 47520
	 interval: [42960,43110] / 47520
	 interval: [43110,43260] / 47520
	 interval: [43260,43410] / 47520
	 interval: [43410,43560] / 47520
	 interval: [43560,43710] / 47520
	 interval: [43710,43860] / 47520
	 interval: [43860,44010] / 47520
	 interval: [44010,44160] / 47520
	 interval: [44160,44310] / 47520
	 interval: [44310,44460] / 47520
	 interval: [44460,44610] / 47520
	 interval: [44610,44760] / 47520
	 interval: [44760,44910] / 47520
	 interval: [44910,45060] / 47520
	 interval: [45060,45210] / 47520
	 interval: [45210,45360] / 47520
	 interval: [45360,45510] / 47520
	 interval: [45510,45660] / 47520
	 interval: [45660,45810] / 47520
	 interval: [45810,45960] / 47520
	 interval: [45960,46110] / 47520
	 interval: [46110,46260] / 47520
	 interval: [46260,46410] / 47520
	 interval: [46410,46560] / 47520
	 interval: [46560,46710] / 47520
	 interval: [46710,46860] / 47520
	 interval: [46860,47010] / 47520
	 interval: [47010,47160] / 47520
	 interval: [47160,47310] / 47520
	 interval: [47310,47460] / 47520
avg auc score: btlda 0.6525889019324279
Computing average auc score for size 180 (out of 37)
	 interval: [23760,23940] / 47520
	 interval: [23940,24120] / 47520
	 interval: [24120,24300] / 47520
	 interval: [24300,24480] / 47520
	 interval: [24480,24660] / 47520
	 interval: [24660,24840] / 47520
	 interval: [24840,25020] / 47520
	 interval: [25020,25200] / 47520
	 interval: [25200,25380] / 47520
	 interval: [25380,25560] / 47520
	 interval: [25560,25740] / 47520
	 interval: [25740,25920] / 47520
	 interval: [25920,26100] / 47520
	 interval: [26100,26280] / 47520
	 interval: [26280,26460] / 47520
	 interval: [26460,26640] / 47520
	 interval: [26640,26820] / 47520
	 interval: [26820,27000] / 47520
	 interval: [27000,27180] / 47520
	 interval: [27180,27360] / 47520
	 interval: [27360,27540] / 47520
	 interval: [27540,27720] / 47520
	 interval: [27720,27900] / 47520
	 interval: [27900,28080] / 47520
	 interval: [28080,28260] / 47520
	 interval: [28260,28440] / 47520
	 interval: [28440,28620] / 47520
	 interval: [28620,28800] / 47520
	 interval: [28800,28980] / 47520
	 interval: [28980,29160] / 47520
	 interval: [29160,29340] / 47520
	 interval: [29340,29520] / 47520
	 interval: [29520,29700] / 47520
	 interval: [29700,29880] / 47520
	 interval: [29880,30060] / 47520
	 interval: [30060,30240] / 47520
	 interval: [30240,30420] / 47520
	 interval: [30420,30600] / 47520
	 interval: [30600,30780] / 47520
	 interval: [30780,30960] / 47520
	 interval: [30960,31140] / 47520
	 interval: [31140,31320] / 47520
	 interval: [31320,31500] / 47520
	 interval: [31500,31680] / 47520
	 interval: [31680,31860] / 47520
	 interval: [31860,32040] / 47520
	 interval: [32040,32220] / 47520
	 interval: [32220,32400] / 47520
	 interval: [32400,32580] / 47520
	 interval: [32580,32760] / 47520
	 interval: [32760,32940] / 47520
	 interval: [32940,33120] / 47520
	 interval: [33120,33300] / 47520
	 interval: [33300,33480] / 47520
	 interval: [33480,33660] / 47520
	 interval: [33660,33840] / 47520
	 interval: [33840,34020] / 47520
	 interval: [34020,34200] / 47520
	 interval: [34200,34380] / 47520
	 interval: [34380,34560] / 47520
	 interval: [34560,34740] / 47520
	 interval: [34740,34920] / 47520
	 interval: [34920,35100] / 47520
	 interval: [35100,35280] / 47520
	 interval: [35280,35460] / 47520
	 interval: [35460,35640] / 47520
	 interval: [35640,35820] / 47520
	 interval: [35820,36000] / 47520
	 interval: [36000,36180] / 47520
	 interval: [36180,36360] / 47520
	 interval: [36360,36540] / 47520
	 interval: [36540,36720] / 47520
	 interval: [36720,36900] / 47520
	 interval: [36900,37080] / 47520
	 interval: [37080,37260] / 47520
	 interval: [37260,37440] / 47520
	 interval: [37440,37620] / 47520
	 interval: [37620,37800] / 47520
	 interval: [37800,37980] / 47520
	 interval: [37980,38160] / 47520
	 interval: [38160,38340] / 47520
	 interval: [38340,38520] / 47520
	 interval: [38520,38700] / 47520
	 interval: [38700,38880] / 47520
	 interval: [38880,39060] / 47520
	 interval: [39060,39240] / 47520
	 interval: [39240,39420] / 47520
	 interval: [39420,39600] / 47520
	 interval: [39600,39780] / 47520
	 interval: [39780,39960] / 47520
	 interval: [39960,40140] / 47520
	 interval: [40140,40320] / 47520
	 interval: [40320,40500] / 47520
	 interval: [40500,40680] / 47520
	 interval: [40680,40860] / 47520
	 interval: [40860,41040] / 47520
	 interval: [41040,41220] / 47520
	 interval: [41220,41400] / 47520
	 interval: [41400,41580] / 47520
	 interval: [41580,41760] / 47520
	 interval: [41760,41940] / 47520
	 interval: [41940,42120] / 47520
	 interval: [42120,42300] / 47520
	 interval: [42300,42480] / 47520
	 interval: [42480,42660] / 47520
	 interval: [42660,42840] / 47520
	 interval: [42840,43020] / 47520
	 interval: [43020,43200] / 47520
	 interval: [43200,43380] / 47520
	 interval: [43380,43560] / 47520
	 interval: [43560,43740] / 47520
	 interval: [43740,43920] / 47520
	 interval: [43920,44100] / 47520
	 interval: [44100,44280] / 47520
	 interval: [44280,44460] / 47520
	 interval: [44460,44640] / 47520
	 interval: [44640,44820] / 47520
	 interval: [44820,45000] / 47520
	 interval: [45000,45180] / 47520
	 interval: [45180,45360] / 47520
	 interval: [45360,45540] / 47520
	 interval: [45540,45720] / 47520
	 interval: [45720,45900] / 47520
	 interval: [45900,46080] / 47520
	 interval: [46080,46260] / 47520
	 interval: [46260,46440] / 47520
	 interval: [46440,46620] / 47520
	 interval: [46620,46800] / 47520
	 interval: [46800,46980] / 47520
	 interval: [46980,47160] / 47520
	 interval: [47160,47340] / 47520
	 interval: [47340,47520] / 47520
avg auc score: btlda 0.6524703673561052
Computing average auc score for size 210 (out of 37)
	 interval: [23760,23970] / 47520
	 interval: [23970,24180] / 47520
	 interval: [24180,24390] / 47520
	 interval: [24390,24600] / 47520
	 interval: [24600,24810] / 47520
	 interval: [24810,25020] / 47520
	 interval: [25020,25230] / 47520
	 interval: [25230,25440] / 47520
	 interval: [25440,25650] / 47520
	 interval: [25650,25860] / 47520
	 interval: [25860,26070] / 47520
	 interval: [26070,26280] / 47520
	 interval: [26280,26490] / 47520
	 interval: [26490,26700] / 47520
	 interval: [26700,26910] / 47520
	 interval: [26910,27120] / 47520
	 interval: [27120,27330] / 47520
	 interval: [27330,27540] / 47520
	 interval: [27540,27750] / 47520
	 interval: [27750,27960] / 47520
	 interval: [27960,28170] / 47520
	 interval: [28170,28380] / 47520
	 interval: [28380,28590] / 47520
	 interval: [28590,28800] / 47520
	 interval: [28800,29010] / 47520
	 interval: [29010,29220] / 47520
	 interval: [29220,29430] / 47520
	 interval: [29430,29640] / 47520
	 interval: [29640,29850] / 47520
	 interval: [29850,30060] / 47520
	 interval: [30060,30270] / 47520
	 interval: [30270,30480] / 47520
	 interval: [30480,30690] / 47520
	 interval: [30690,30900] / 47520
	 interval: [30900,31110] / 47520
	 interval: [31110,31320] / 47520
	 interval: [31320,31530] / 47520
	 interval: [31530,31740] / 47520
	 interval: [31740,31950] / 47520
	 interval: [31950,32160] / 47520
	 interval: [32160,32370] / 47520
	 interval: [32370,32580] / 47520
	 interval: [32580,32790] / 47520
	 interval: [32790,33000] / 47520
	 interval: [33000,33210] / 47520
	 interval: [33210,33420] / 47520
	 interval: [33420,33630] / 47520
	 interval: [33630,33840] / 47520
	 interval: [33840,34050] / 47520
	 interval: [34050,34260] / 47520
	 interval: [34260,34470] / 47520
	 interval: [34470,34680] / 47520
	 interval: [34680,34890] / 47520
	 interval: [34890,35100] / 47520
	 interval: [35100,35310] / 47520
	 interval: [35310,35520] / 47520
	 interval: [35520,35730] / 47520
	 interval: [35730,35940] / 47520
	 interval: [35940,36150] / 47520
	 interval: [36150,36360] / 47520
	 interval: [36360,36570] / 47520
	 interval: [36570,36780] / 47520
	 interval: [36780,36990] / 47520
	 interval: [36990,37200] / 47520
	 interval: [37200,37410] / 47520
	 interval: [37410,37620] / 47520
	 interval: [37620,37830] / 47520
	 interval: [37830,38040] / 47520
	 interval: [38040,38250] / 47520
	 interval: [38250,38460] / 47520
	 interval: [38460,38670] / 47520
	 interval: [38670,38880] / 47520
	 interval: [38880,39090] / 47520
	 interval: [39090,39300] / 47520
	 interval: [39300,39510] / 47520
	 interval: [39510,39720] / 47520
	 interval: [39720,39930] / 47520
	 interval: [39930,40140] / 47520
	 interval: [40140,40350] / 47520
	 interval: [40350,40560] / 47520
	 interval: [40560,40770] / 47520
	 interval: [40770,40980] / 47520
	 interval: [40980,41190] / 47520
	 interval: [41190,41400] / 47520
	 interval: [41400,41610] / 47520
	 interval: [41610,41820] / 47520
	 interval: [41820,42030] / 47520
	 interval: [42030,42240] / 47520
	 interval: [42240,42450] / 47520
	 interval: [42450,42660] / 47520
	 interval: [42660,42870] / 47520
	 interval: [42870,43080] / 47520
	 interval: [43080,43290] / 47520
	 interval: [43290,43500] / 47520
	 interval: [43500,43710] / 47520
	 interval: [43710,43920] / 47520
	 interval: [43920,44130] / 47520
	 interval: [44130,44340] / 47520
	 interval: [44340,44550] / 47520
	 interval: [44550,44760] / 47520
	 interval: [44760,44970] / 47520
	 interval: [44970,45180] / 47520
	 interval: [45180,45390] / 47520
	 interval: [45390,45600] / 47520
	 interval: [45600,45810] / 47520
	 interval: [45810,46020] / 47520
	 interval: [46020,46230] / 47520
	 interval: [46230,46440] / 47520
	 interval: [46440,46650] / 47520
	 interval: [46650,46860] / 47520
	 interval: [46860,47070] / 47520
	 interval: [47070,47280] / 47520
	 interval: [47280,47490] / 47520
avg auc score: btlda 0.6524852559401075
Computing average auc score for size 240 (out of 37)
	 interval: [23760,24000] / 47520
	 interval: [24000,24240] / 47520
	 interval: [24240,24480] / 47520
	 interval: [24480,24720] / 47520
	 interval: [24720,24960] / 47520
	 interval: [24960,25200] / 47520
	 interval: [25200,25440] / 47520
	 interval: [25440,25680] / 47520
	 interval: [25680,25920] / 47520
	 interval: [25920,26160] / 47520
	 interval: [26160,26400] / 47520
	 interval: [26400,26640] / 47520
	 interval: [26640,26880] / 47520
	 interval: [26880,27120] / 47520
	 interval: [27120,27360] / 47520
	 interval: [27360,27600] / 47520
	 interval: [27600,27840] / 47520
	 interval: [27840,28080] / 47520
	 interval: [28080,28320] / 47520
	 interval: [28320,28560] / 47520
	 interval: [28560,28800] / 47520
	 interval: [28800,29040] / 47520
	 interval: [29040,29280] / 47520
	 interval: [29280,29520] / 47520
	 interval: [29520,29760] / 47520
	 interval: [29760,30000] / 47520
	 interval: [30000,30240] / 47520
	 interval: [30240,30480] / 47520
	 interval: [30480,30720] / 47520
	 interval: [30720,30960] / 47520
	 interval: [30960,31200] / 47520
	 interval: [31200,31440] / 47520
	 interval: [31440,31680] / 47520
	 interval: [31680,31920] / 47520
	 interval: [31920,32160] / 47520
	 interval: [32160,32400] / 47520
	 interval: [32400,32640] / 47520
	 interval: [32640,32880] / 47520
	 interval: [32880,33120] / 47520
	 interval: [33120,33360] / 47520
	 interval: [33360,33600] / 47520
	 interval: [33600,33840] / 47520
	 interval: [33840,34080] / 47520
	 interval: [34080,34320] / 47520
	 interval: [34320,34560] / 47520
	 interval: [34560,34800] / 47520
	 interval: [34800,35040] / 47520
	 interval: [35040,35280] / 47520
	 interval: [35280,35520] / 47520
	 interval: [35520,35760] / 47520
	 interval: [35760,36000] / 47520
	 interval: [36000,36240] / 47520
	 interval: [36240,36480] / 47520
	 interval: [36480,36720] / 47520
	 interval: [36720,36960] / 47520
	 interval: [36960,37200] / 47520
	 interval: [37200,37440] / 47520
	 interval: [37440,37680] / 47520
	 interval: [37680,37920] / 47520
	 interval: [37920,38160] / 47520
	 interval: [38160,38400] / 47520
	 interval: [38400,38640] / 47520
	 interval: [38640,38880] / 47520
	 interval: [38880,39120] / 47520
	 interval: [39120,39360] / 47520
	 interval: [39360,39600] / 47520
	 interval: [39600,39840] / 47520
	 interval: [39840,40080] / 47520
	 interval: [40080,40320] / 47520
	 interval: [40320,40560] / 47520
	 interval: [40560,40800] / 47520
	 interval: [40800,41040] / 47520
	 interval: [41040,41280] / 47520
	 interval: [41280,41520] / 47520
	 interval: [41520,41760] / 47520
	 interval: [41760,42000] / 47520
	 interval: [42000,42240] / 47520
	 interval: [42240,42480] / 47520
	 interval: [42480,42720] / 47520
	 interval: [42720,42960] / 47520
	 interval: [42960,43200] / 47520
	 interval: [43200,43440] / 47520
	 interval: [43440,43680] / 47520
	 interval: [43680,43920] / 47520
	 interval: [43920,44160] / 47520
	 interval: [44160,44400] / 47520
	 interval: [44400,44640] / 47520
	 interval: [44640,44880] / 47520
	 interval: [44880,45120] / 47520
	 interval: [45120,45360] / 47520
	 interval: [45360,45600] / 47520
	 interval: [45600,45840] / 47520
	 interval: [45840,46080] / 47520
	 interval: [46080,46320] / 47520
	 interval: [46320,46560] / 47520
	 interval: [46560,46800] / 47520
	 interval: [46800,47040] / 47520
	 interval: [47040,47280] / 47520
	 interval: [47280,47520] / 47520
avg auc score: btlda 0.6524613141923898
Computing average auc score for size 270 (out of 37)
	 interval: [23760,24030] / 47520
	 interval: [24030,24300] / 47520
	 interval: [24300,24570] / 47520
	 interval: [24570,24840] / 47520
	 interval: [24840,25110] / 47520
	 interval: [25110,25380] / 47520
	 interval: [25380,25650] / 47520
	 interval: [25650,25920] / 47520
	 interval: [25920,26190] / 47520
	 interval: [26190,26460] / 47520
	 interval: [26460,26730] / 47520
	 interval: [26730,27000] / 47520
	 interval: [27000,27270] / 47520
	 interval: [27270,27540] / 47520
	 interval: [27540,27810] / 47520
	 interval: [27810,28080] / 47520
	 interval: [28080,28350] / 47520
	 interval: [28350,28620] / 47520
	 interval: [28620,28890] / 47520
	 interval: [28890,29160] / 47520
	 interval: [29160,29430] / 47520
	 interval: [29430,29700] / 47520
	 interval: [29700,29970] / 47520
	 interval: [29970,30240] / 47520
	 interval: [30240,30510] / 47520
	 interval: [30510,30780] / 47520
	 interval: [30780,31050] / 47520
	 interval: [31050,31320] / 47520
	 interval: [31320,31590] / 47520
	 interval: [31590,31860] / 47520
	 interval: [31860,32130] / 47520
	 interval: [32130,32400] / 47520
	 interval: [32400,32670] / 47520
	 interval: [32670,32940] / 47520
	 interval: [32940,33210] / 47520
	 interval: [33210,33480] / 47520
	 interval: [33480,33750] / 47520
	 interval: [33750,34020] / 47520
	 interval: [34020,34290] / 47520
	 interval: [34290,34560] / 47520
	 interval: [34560,34830] / 47520
	 interval: [34830,35100] / 47520
	 interval: [35100,35370] / 47520
	 interval: [35370,35640] / 47520
	 interval: [35640,35910] / 47520
	 interval: [35910,36180] / 47520
	 interval: [36180,36450] / 47520
	 interval: [36450,36720] / 47520
	 interval: [36720,36990] / 47520
	 interval: [36990,37260] / 47520
	 interval: [37260,37530] / 47520
	 interval: [37530,37800] / 47520
	 interval: [37800,38070] / 47520
	 interval: [38070,38340] / 47520
	 interval: [38340,38610] / 47520
	 interval: [38610,38880] / 47520
	 interval: [38880,39150] / 47520
	 interval: [39150,39420] / 47520
	 interval: [39420,39690] / 47520
	 interval: [39690,39960] / 47520
	 interval: [39960,40230] / 47520
	 interval: [40230,40500] / 47520
	 interval: [40500,40770] / 47520
	 interval: [40770,41040] / 47520
	 interval: [41040,41310] / 47520
	 interval: [41310,41580] / 47520
	 interval: [41580,41850] / 47520
	 interval: [41850,42120] / 47520
	 interval: [42120,42390] / 47520
	 interval: [42390,42660] / 47520
	 interval: [42660,42930] / 47520
	 interval: [42930,43200] / 47520
	 interval: [43200,43470] / 47520
	 interval: [43470,43740] / 47520
	 interval: [43740,44010] / 47520
	 interval: [44010,44280] / 47520
	 interval: [44280,44550] / 47520
	 interval: [44550,44820] / 47520
	 interval: [44820,45090] / 47520
	 interval: [45090,45360] / 47520
	 interval: [45360,45630] / 47520
	 interval: [45630,45900] / 47520
	 interval: [45900,46170] / 47520
	 interval: [46170,46440] / 47520
	 interval: [46440,46710] / 47520
	 interval: [46710,46980] / 47520
	 interval: [46980,47250] / 47520
	 interval: [47250,47520] / 47520
avg auc score: btlda 0.6524654435139928
Computing average auc score for size 300 (out of 37)
	 interval: [23760,24060] / 47520
	 interval: [24060,24360] / 47520
	 interval: [24360,24660] / 47520
	 interval: [24660,24960] / 47520
	 interval: [24960,25260] / 47520
	 interval: [25260,25560] / 47520
	 interval: [25560,25860] / 47520
	 interval: [25860,26160] / 47520
	 interval: [26160,26460] / 47520
	 interval: [26460,26760] / 47520
	 interval: [26760,27060] / 47520
	 interval: [27060,27360] / 47520
	 interval: [27360,27660] / 47520
	 interval: [27660,27960] / 47520
	 interval: [27960,28260] / 47520
	 interval: [28260,28560] / 47520
	 interval: [28560,28860] / 47520
	 interval: [28860,29160] / 47520
	 interval: [29160,29460] / 47520
	 interval: [29460,29760] / 47520
	 interval: [29760,30060] / 47520
	 interval: [30060,30360] / 47520
	 interval: [30360,30660] / 47520
	 interval: [30660,30960] / 47520
	 interval: [30960,31260] / 47520
	 interval: [31260,31560] / 47520
	 interval: [31560,31860] / 47520
	 interval: [31860,32160] / 47520
	 interval: [32160,32460] / 47520
	 interval: [32460,32760] / 47520
	 interval: [32760,33060] / 47520
	 interval: [33060,33360] / 47520
	 interval: [33360,33660] / 47520
	 interval: [33660,33960] / 47520
	 interval: [33960,34260] / 47520
	 interval: [34260,34560] / 47520
	 interval: [34560,34860] / 47520
	 interval: [34860,35160] / 47520
	 interval: [35160,35460] / 47520
	 interval: [35460,35760] / 47520
	 interval: [35760,36060] / 47520
	 interval: [36060,36360] / 47520
	 interval: [36360,36660] / 47520
	 interval: [36660,36960] / 47520
	 interval: [36960,37260] / 47520
	 interval: [37260,37560] / 47520
	 interval: [37560,37860] / 47520
	 interval: [37860,38160] / 47520
	 interval: [38160,38460] / 47520
	 interval: [38460,38760] / 47520
	 interval: [38760,39060] / 47520
	 interval: [39060,39360] / 47520
	 interval: [39360,39660] / 47520
	 interval: [39660,39960] / 47520
	 interval: [39960,40260] / 47520
	 interval: [40260,40560] / 47520
	 interval: [40560,40860] / 47520
	 interval: [40860,41160] / 47520
	 interval: [41160,41460] / 47520
	 interval: [41460,41760] / 47520
	 interval: [41760,42060] / 47520
	 interval: [42060,42360] / 47520
	 interval: [42360,42660] / 47520
	 interval: [42660,42960] / 47520
	 interval: [42960,43260] / 47520
	 interval: [43260,43560] / 47520
	 interval: [43560,43860] / 47520
	 interval: [43860,44160] / 47520
	 interval: [44160,44460] / 47520
	 interval: [44460,44760] / 47520
	 interval: [44760,45060] / 47520
	 interval: [45060,45360] / 47520
	 interval: [45360,45660] / 47520
	 interval: [45660,45960] / 47520
	 interval: [45960,46260] / 47520
	 interval: [46260,46560] / 47520
	 interval: [46560,46860] / 47520
	 interval: [46860,47160] / 47520
	 interval: [47160,47460] / 47520
avg auc score: btlda 0.6525079675424714
Computing average auc score for size 330 (out of 37)
	 interval: [23760,24090] / 47520
	 interval: [24090,24420] / 47520
	 interval: [24420,24750] / 47520
	 interval: [24750,25080] / 47520
	 interval: [25080,25410] / 47520
	 interval: [25410,25740] / 47520
	 interval: [25740,26070] / 47520
	 interval: [26070,26400] / 47520
	 interval: [26400,26730] / 47520
	 interval: [26730,27060] / 47520
	 interval: [27060,27390] / 47520
	 interval: [27390,27720] / 47520
	 interval: [27720,28050] / 47520
	 interval: [28050,28380] / 47520
	 interval: [28380,28710] / 47520
	 interval: [28710,29040] / 47520
	 interval: [29040,29370] / 47520
	 interval: [29370,29700] / 47520
	 interval: [29700,30030] / 47520
	 interval: [30030,30360] / 47520
	 interval: [30360,30690] / 47520
	 interval: [30690,31020] / 47520
	 interval: [31020,31350] / 47520
	 interval: [31350,31680] / 47520
	 interval: [31680,32010] / 47520
	 interval: [32010,32340] / 47520
	 interval: [32340,32670] / 47520
	 interval: [32670,33000] / 47520
	 interval: [33000,33330] / 47520
	 interval: [33330,33660] / 47520
	 interval: [33660,33990] / 47520
	 interval: [33990,34320] / 47520
	 interval: [34320,34650] / 47520
	 interval: [34650,34980] / 47520
	 interval: [34980,35310] / 47520
	 interval: [35310,35640] / 47520
	 interval: [35640,35970] / 47520
	 interval: [35970,36300] / 47520
	 interval: [36300,36630] / 47520
	 interval: [36630,36960] / 47520
	 interval: [36960,37290] / 47520
	 interval: [37290,37620] / 47520
	 interval: [37620,37950] / 47520
	 interval: [37950,38280] / 47520
	 interval: [38280,38610] / 47520
	 interval: [38610,38940] / 47520
	 interval: [38940,39270] / 47520
	 interval: [39270,39600] / 47520
	 interval: [39600,39930] / 47520
	 interval: [39930,40260] / 47520
	 interval: [40260,40590] / 47520
	 interval: [40590,40920] / 47520
	 interval: [40920,41250] / 47520
	 interval: [41250,41580] / 47520
	 interval: [41580,41910] / 47520
	 interval: [41910,42240] / 47520
	 interval: [42240,42570] / 47520
	 interval: [42570,42900] / 47520
	 interval: [42900,43230] / 47520
	 interval: [43230,43560] / 47520
	 interval: [43560,43890] / 47520
	 interval: [43890,44220] / 47520
	 interval: [44220,44550] / 47520
	 interval: [44550,44880] / 47520
	 interval: [44880,45210] / 47520
	 interval: [45210,45540] / 47520
	 interval: [45540,45870] / 47520
	 interval: [45870,46200] / 47520
	 interval: [46200,46530] / 47520
	 interval: [46530,46860] / 47520
	 interval: [46860,47190] / 47520
	 interval: [47190,47520] / 47520
avg auc score: btlda 0.6525157537714307
Computing average auc score for size 360 (out of 37)
	 interval: [23760,24120] / 47520
	 interval: [24120,24480] / 47520
	 interval: [24480,24840] / 47520
	 interval: [24840,25200] / 47520
	 interval: [25200,25560] / 47520
	 interval: [25560,25920] / 47520
	 interval: [25920,26280] / 47520
	 interval: [26280,26640] / 47520
	 interval: [26640,27000] / 47520
	 interval: [27000,27360] / 47520
	 interval: [27360,27720] / 47520
	 interval: [27720,28080] / 47520
	 interval: [28080,28440] / 47520
	 interval: [28440,28800] / 47520
	 interval: [28800,29160] / 47520
	 interval: [29160,29520] / 47520
	 interval: [29520,29880] / 47520
	 interval: [29880,30240] / 47520
	 interval: [30240,30600] / 47520
	 interval: [30600,30960] / 47520
	 interval: [30960,31320] / 47520
	 interval: [31320,31680] / 47520
	 interval: [31680,32040] / 47520
	 interval: [32040,32400] / 47520
	 interval: [32400,32760] / 47520
	 interval: [32760,33120] / 47520
	 interval: [33120,33480] / 47520
	 interval: [33480,33840] / 47520
	 interval: [33840,34200] / 47520
	 interval: [34200,34560] / 47520
	 interval: [34560,34920] / 47520
	 interval: [34920,35280] / 47520
	 interval: [35280,35640] / 47520
	 interval: [35640,36000] / 47520
	 interval: [36000,36360] / 47520
	 interval: [36360,36720] / 47520
	 interval: [36720,37080] / 47520
	 interval: [37080,37440] / 47520
	 interval: [37440,37800] / 47520
	 interval: [37800,38160] / 47520
	 interval: [38160,38520] / 47520
	 interval: [38520,38880] / 47520
	 interval: [38880,39240] / 47520
	 interval: [39240,39600] / 47520
	 interval: [39600,39960] / 47520
	 interval: [39960,40320] / 47520
	 interval: [40320,40680] / 47520
	 interval: [40680,41040] / 47520
	 interval: [41040,41400] / 47520
	 interval: [41400,41760] / 47520
	 interval: [41760,42120] / 47520
	 interval: [42120,42480] / 47520
	 interval: [42480,42840] / 47520
	 interval: [42840,43200] / 47520
	 interval: [43200,43560] / 47520
	 interval: [43560,43920] / 47520
	 interval: [43920,44280] / 47520
	 interval: [44280,44640] / 47520
	 interval: [44640,45000] / 47520
	 interval: [45000,45360] / 47520
	 interval: [45360,45720] / 47520
	 interval: [45720,46080] / 47520
	 interval: [46080,46440] / 47520
	 interval: [46440,46800] / 47520
	 interval: [46800,47160] / 47520
	 interval: [47160,47520] / 47520
avg auc score: btlda 0.6523730938953385
Computing average auc score for size 390 (out of 37)
	 interval: [23760,24150] / 47520
	 interval: [24150,24540] / 47520
	 interval: [24540,24930] / 47520
	 interval: [24930,25320] / 47520
	 interval: [25320,25710] / 47520
	 interval: [25710,26100] / 47520
	 interval: [26100,26490] / 47520
	 interval: [26490,26880] / 47520
	 interval: [26880,27270] / 47520
	 interval: [27270,27660] / 47520
	 interval: [27660,28050] / 47520
	 interval: [28050,28440] / 47520
	 interval: [28440,28830] / 47520
	 interval: [28830,29220] / 47520
	 interval: [29220,29610] / 47520
	 interval: [29610,30000] / 47520
	 interval: [30000,30390] / 47520
	 interval: [30390,30780] / 47520
	 interval: [30780,31170] / 47520
	 interval: [31170,31560] / 47520
	 interval: [31560,31950] / 47520
	 interval: [31950,32340] / 47520
	 interval: [32340,32730] / 47520
	 interval: [32730,33120] / 47520
	 interval: [33120,33510] / 47520
	 interval: [33510,33900] / 47520
	 interval: [33900,34290] / 47520
	 interval: [34290,34680] / 47520
	 interval: [34680,35070] / 47520
	 interval: [35070,35460] / 47520
	 interval: [35460,35850] / 47520
	 interval: [35850,36240] / 47520
	 interval: [36240,36630] / 47520
	 interval: [36630,37020] / 47520
	 interval: [37020,37410] / 47520
	 interval: [37410,37800] / 47520
	 interval: [37800,38190] / 47520
	 interval: [38190,38580] / 47520
	 interval: [38580,38970] / 47520
	 interval: [38970,39360] / 47520
	 interval: [39360,39750] / 47520
	 interval: [39750,40140] / 47520
	 interval: [40140,40530] / 47520
	 interval: [40530,40920] / 47520
	 interval: [40920,41310] / 47520
	 interval: [41310,41700] / 47520
	 interval: [41700,42090] / 47520
	 interval: [42090,42480] / 47520
	 interval: [42480,42870] / 47520
	 interval: [42870,43260] / 47520
	 interval: [43260,43650] / 47520
	 interval: [43650,44040] / 47520
	 interval: [44040,44430] / 47520
	 interval: [44430,44820] / 47520
	 interval: [44820,45210] / 47520
	 interval: [45210,45600] / 47520
	 interval: [45600,45990] / 47520
	 interval: [45990,46380] / 47520
	 interval: [46380,46770] / 47520
	 interval: [46770,47160] / 47520
avg auc score: btlda 0.6528966158167133
Computing average auc score for size 420 (out of 37)
	 interval: [23760,24180] / 47520
	 interval: [24180,24600] / 47520
	 interval: [24600,25020] / 47520
	 interval: [25020,25440] / 47520
	 interval: [25440,25860] / 47520
	 interval: [25860,26280] / 47520
	 interval: [26280,26700] / 47520
	 interval: [26700,27120] / 47520
	 interval: [27120,27540] / 47520
	 interval: [27540,27960] / 47520
	 interval: [27960,28380] / 47520
	 interval: [28380,28800] / 47520
	 interval: [28800,29220] / 47520
	 interval: [29220,29640] / 47520
	 interval: [29640,30060] / 47520
	 interval: [30060,30480] / 47520
	 interval: [30480,30900] / 47520
	 interval: [30900,31320] / 47520
	 interval: [31320,31740] / 47520
	 interval: [31740,32160] / 47520
	 interval: [32160,32580] / 47520
	 interval: [32580,33000] / 47520
	 interval: [33000,33420] / 47520
	 interval: [33420,33840] / 47520
	 interval: [33840,34260] / 47520
	 interval: [34260,34680] / 47520
	 interval: [34680,35100] / 47520
	 interval: [35100,35520] / 47520
	 interval: [35520,35940] / 47520
	 interval: [35940,36360] / 47520
	 interval: [36360,36780] / 47520
	 interval: [36780,37200] / 47520
	 interval: [37200,37620] / 47520
	 interval: [37620,38040] / 47520
	 interval: [38040,38460] / 47520
	 interval: [38460,38880] / 47520
	 interval: [38880,39300] / 47520
	 interval: [39300,39720] / 47520
	 interval: [39720,40140] / 47520
	 interval: [40140,40560] / 47520
	 interval: [40560,40980] / 47520
	 interval: [40980,41400] / 47520
	 interval: [41400,41820] / 47520
	 interval: [41820,42240] / 47520
	 interval: [42240,42660] / 47520
	 interval: [42660,43080] / 47520
	 interval: [43080,43500] / 47520
	 interval: [43500,43920] / 47520
	 interval: [43920,44340] / 47520
	 interval: [44340,44760] / 47520
	 interval: [44760,45180] / 47520
	 interval: [45180,45600] / 47520
	 interval: [45600,46020] / 47520
	 interval: [46020,46440] / 47520
	 interval: [46440,46860] / 47520
	 interval: [46860,47280] / 47520
avg auc score: btlda 0.6527211554131936
Computing average auc score for size 450 (out of 37)
	 interval: [23760,24210] / 47520
	 interval: [24210,24660] / 47520
	 interval: [24660,25110] / 47520
	 interval: [25110,25560] / 47520
	 interval: [25560,26010] / 47520
	 interval: [26010,26460] / 47520
	 interval: [26460,26910] / 47520
	 interval: [26910,27360] / 47520
	 interval: [27360,27810] / 47520
	 interval: [27810,28260] / 47520
	 interval: [28260,28710] / 47520
	 interval: [28710,29160] / 47520
	 interval: [29160,29610] / 47520
	 interval: [29610,30060] / 47520
	 interval: [30060,30510] / 47520
	 interval: [30510,30960] / 47520
	 interval: [30960,31410] / 47520
	 interval: [31410,31860] / 47520
	 interval: [31860,32310] / 47520
	 interval: [32310,32760] / 47520
	 interval: [32760,33210] / 47520
	 interval: [33210,33660] / 47520
	 interval: [33660,34110] / 47520
	 interval: [34110,34560] / 47520
	 interval: [34560,35010] / 47520
	 interval: [35010,35460] / 47520
	 interval: [35460,35910] / 47520
	 interval: [35910,36360] / 47520
	 interval: [36360,36810] / 47520
	 interval: [36810,37260] / 47520
	 interval: [37260,37710] / 47520
	 interval: [37710,38160] / 47520
	 interval: [38160,38610] / 47520
	 interval: [38610,39060] / 47520
	 interval: [39060,39510] / 47520
	 interval: [39510,39960] / 47520
	 interval: [39960,40410] / 47520
	 interval: [40410,40860] / 47520
	 interval: [40860,41310] / 47520
	 interval: [41310,41760] / 47520
	 interval: [41760,42210] / 47520
	 interval: [42210,42660] / 47520
	 interval: [42660,43110] / 47520
	 interval: [43110,43560] / 47520
	 interval: [43560,44010] / 47520
	 interval: [44010,44460] / 47520
	 interval: [44460,44910] / 47520
	 interval: [44910,45360] / 47520
	 interval: [45360,45810] / 47520
	 interval: [45810,46260] / 47520
	 interval: [46260,46710] / 47520
	 interval: [46710,47160] / 47520
avg auc score: btlda 0.652648888596067
Computing average auc score for size 480 (out of 37)
	 interval: [23760,24240] / 47520
	 interval: [24240,24720] / 47520
	 interval: [24720,25200] / 47520
	 interval: [25200,25680] / 47520
	 interval: [25680,26160] / 47520
	 interval: [26160,26640] / 47520
	 interval: [26640,27120] / 47520
	 interval: [27120,27600] / 47520
	 interval: [27600,28080] / 47520
	 interval: [28080,28560] / 47520
	 interval: [28560,29040] / 47520
	 interval: [29040,29520] / 47520
	 interval: [29520,30000] / 47520
	 interval: [30000,30480] / 47520
	 interval: [30480,30960] / 47520
	 interval: [30960,31440] / 47520
	 interval: [31440,31920] / 47520
	 interval: [31920,32400] / 47520
	 interval: [32400,32880] / 47520
	 interval: [32880,33360] / 47520
	 interval: [33360,33840] / 47520
	 interval: [33840,34320] / 47520
	 interval: [34320,34800] / 47520
	 interval: [34800,35280] / 47520
	 interval: [35280,35760] / 47520
	 interval: [35760,36240] / 47520
	 interval: [36240,36720] / 47520
	 interval: [36720,37200] / 47520
	 interval: [37200,37680] / 47520
	 interval: [37680,38160] / 47520
	 interval: [38160,38640] / 47520
	 interval: [38640,39120] / 47520
	 interval: [39120,39600] / 47520
	 interval: [39600,40080] / 47520
	 interval: [40080,40560] / 47520
	 interval: [40560,41040] / 47520
	 interval: [41040,41520] / 47520
	 interval: [41520,42000] / 47520
	 interval: [42000,42480] / 47520
	 interval: [42480,42960] / 47520
	 interval: [42960,43440] / 47520
	 interval: [43440,43920] / 47520
	 interval: [43920,44400] / 47520
	 interval: [44400,44880] / 47520
	 interval: [44880,45360] / 47520
	 interval: [45360,45840] / 47520
	 interval: [45840,46320] / 47520
	 interval: [46320,46800] / 47520
	 interval: [46800,47280] / 47520
avg auc score: btlda 0.6524661466029613
Computing average auc score for size 510 (out of 37)
	 interval: [23760,24270] / 47520
	 interval: [24270,24780] / 47520
	 interval: [24780,25290] / 47520
	 interval: [25290,25800] / 47520
	 interval: [25800,26310] / 47520
	 interval: [26310,26820] / 47520
	 interval: [26820,27330] / 47520
	 interval: [27330,27840] / 47520
	 interval: [27840,28350] / 47520
	 interval: [28350,28860] / 47520
	 interval: [28860,29370] / 47520
	 interval: [29370,29880] / 47520
	 interval: [29880,30390] / 47520
	 interval: [30390,30900] / 47520
	 interval: [30900,31410] / 47520
	 interval: [31410,31920] / 47520
	 interval: [31920,32430] / 47520
	 interval: [32430,32940] / 47520
	 interval: [32940,33450] / 47520
	 interval: [33450,33960] / 47520
	 interval: [33960,34470] / 47520
	 interval: [34470,34980] / 47520
	 interval: [34980,35490] / 47520
	 interval: [35490,36000] / 47520
	 interval: [36000,36510] / 47520
	 interval: [36510,37020] / 47520
	 interval: [37020,37530] / 47520
	 interval: [37530,38040] / 47520
	 interval: [38040,38550] / 47520
	 interval: [38550,39060] / 47520
	 interval: [39060,39570] / 47520
	 interval: [39570,40080] / 47520
	 interval: [40080,40590] / 47520
	 interval: [40590,41100] / 47520
	 interval: [41100,41610] / 47520
	 interval: [41610,42120] / 47520
	 interval: [42120,42630] / 47520
	 interval: [42630,43140] / 47520
	 interval: [43140,43650] / 47520
	 interval: [43650,44160] / 47520
	 interval: [44160,44670] / 47520
	 interval: [44670,45180] / 47520
	 interval: [45180,45690] / 47520
	 interval: [45690,46200] / 47520
	 interval: [46200,46710] / 47520
	 interval: [46710,47220] / 47520
avg auc score: btlda 0.6528116189802454
Computing average auc score for size 540 (out of 37)
	 interval: [23760,24300] / 47520
	 interval: [24300,24840] / 47520
	 interval: [24840,25380] / 47520
	 interval: [25380,25920] / 47520
	 interval: [25920,26460] / 47520
	 interval: [26460,27000] / 47520
	 interval: [27000,27540] / 47520
	 interval: [27540,28080] / 47520
	 interval: [28080,28620] / 47520
	 interval: [28620,29160] / 47520
	 interval: [29160,29700] / 47520
	 interval: [29700,30240] / 47520
	 interval: [30240,30780] / 47520
	 interval: [30780,31320] / 47520
	 interval: [31320,31860] / 47520
	 interval: [31860,32400] / 47520
	 interval: [32400,32940] / 47520
	 interval: [32940,33480] / 47520
	 interval: [33480,34020] / 47520
	 interval: [34020,34560] / 47520
	 interval: [34560,35100] / 47520
	 interval: [35100,35640] / 47520
	 interval: [35640,36180] / 47520
	 interval: [36180,36720] / 47520
	 interval: [36720,37260] / 47520
	 interval: [37260,37800] / 47520
	 interval: [37800,38340] / 47520
	 interval: [38340,38880] / 47520
	 interval: [38880,39420] / 47520
	 interval: [39420,39960] / 47520
	 interval: [39960,40500] / 47520
	 interval: [40500,41040] / 47520
	 interval: [41040,41580] / 47520
	 interval: [41580,42120] / 47520
	 interval: [42120,42660] / 47520
	 interval: [42660,43200] / 47520
	 interval: [43200,43740] / 47520
	 interval: [43740,44280] / 47520
	 interval: [44280,44820] / 47520
	 interval: [44820,45360] / 47520
	 interval: [45360,45900] / 47520
	 interval: [45900,46440] / 47520
	 interval: [46440,46980] / 47520
	 interval: [46980,47520] / 47520
avg auc score: btlda 0.6521995231503701
Computing average auc score for size 570 (out of 37)
	 interval: [23760,24330] / 47520
	 interval: [24330,24900] / 47520
	 interval: [24900,25470] / 47520
	 interval: [25470,26040] / 47520
	 interval: [26040,26610] / 47520
	 interval: [26610,27180] / 47520
	 interval: [27180,27750] / 47520
	 interval: [27750,28320] / 47520
	 interval: [28320,28890] / 47520
	 interval: [28890,29460] / 47520
	 interval: [29460,30030] / 47520
	 interval: [30030,30600] / 47520
	 interval: [30600,31170] / 47520
	 interval: [31170,31740] / 47520
	 interval: [31740,32310] / 47520
	 interval: [32310,32880] / 47520
	 interval: [32880,33450] / 47520
	 interval: [33450,34020] / 47520
	 interval: [34020,34590] / 47520
	 interval: [34590,35160] / 47520
	 interval: [35160,35730] / 47520
	 interval: [35730,36300] / 47520
	 interval: [36300,36870] / 47520
	 interval: [36870,37440] / 47520
	 interval: [37440,38010] / 47520
	 interval: [38010,38580] / 47520
	 interval: [38580,39150] / 47520
	 interval: [39150,39720] / 47520
	 interval: [39720,40290] / 47520
	 interval: [40290,40860] / 47520
	 interval: [40860,41430] / 47520
	 interval: [41430,42000] / 47520
	 interval: [42000,42570] / 47520
	 interval: [42570,43140] / 47520
	 interval: [43140,43710] / 47520
	 interval: [43710,44280] / 47520
	 interval: [44280,44850] / 47520
	 interval: [44850,45420] / 47520
	 interval: [45420,45990] / 47520
	 interval: [45990,46560] / 47520
	 interval: [46560,47130] / 47520
avg auc score: btlda 0.6526409729512587
Computing average auc score for size 600 (out of 37)
	 interval: [23760,24360] / 47520
	 interval: [24360,24960] / 47520
	 interval: [24960,25560] / 47520
	 interval: [25560,26160] / 47520
	 interval: [26160,26760] / 47520
	 interval: [26760,27360] / 47520
	 interval: [27360,27960] / 47520
	 interval: [27960,28560] / 47520
	 interval: [28560,29160] / 47520
	 interval: [29160,29760] / 47520
	 interval: [29760,30360] / 47520
	 interval: [30360,30960] / 47520
	 interval: [30960,31560] / 47520
	 interval: [31560,32160] / 47520
	 interval: [32160,32760] / 47520
	 interval: [32760,33360] / 47520
	 interval: [33360,33960] / 47520
	 interval: [33960,34560] / 47520
	 interval: [34560,35160] / 47520
	 interval: [35160,35760] / 47520
	 interval: [35760,36360] / 47520
	 interval: [36360,36960] / 47520
	 interval: [36960,37560] / 47520
	 interval: [37560,38160] / 47520
	 interval: [38160,38760] / 47520
	 interval: [38760,39360] / 47520
	 interval: [39360,39960] / 47520
	 interval: [39960,40560] / 47520
	 interval: [40560,41160] / 47520
	 interval: [41160,41760] / 47520
	 interval: [41760,42360] / 47520
	 interval: [42360,42960] / 47520
	 interval: [42960,43560] / 47520
	 interval: [43560,44160] / 47520
	 interval: [44160,44760] / 47520
	 interval: [44760,45360] / 47520
	 interval: [45360,45960] / 47520
	 interval: [45960,46560] / 47520
	 interval: [46560,47160] / 47520
avg auc score: btlda 0.6525374890814932
Computing average auc score for size 630 (out of 37)
	 interval: [23760,24390] / 47520
	 interval: [24390,25020] / 47520
	 interval: [25020,25650] / 47520
	 interval: [25650,26280] / 47520
	 interval: [26280,26910] / 47520
	 interval: [26910,27540] / 47520
	 interval: [27540,28170] / 47520
	 interval: [28170,28800] / 47520
	 interval: [28800,29430] / 47520
	 interval: [29430,30060] / 47520
	 interval: [30060,30690] / 47520
	 interval: [30690,31320] / 47520
	 interval: [31320,31950] / 47520
	 interval: [31950,32580] / 47520
	 interval: [32580,33210] / 47520
	 interval: [33210,33840] / 47520
	 interval: [33840,34470] / 47520
	 interval: [34470,35100] / 47520
	 interval: [35100,35730] / 47520
	 interval: [35730,36360] / 47520
	 interval: [36360,36990] / 47520
	 interval: [36990,37620] / 47520
	 interval: [37620,38250] / 47520
	 interval: [38250,38880] / 47520
	 interval: [38880,39510] / 47520
	 interval: [39510,40140] / 47520
	 interval: [40140,40770] / 47520
	 interval: [40770,41400] / 47520
	 interval: [41400,42030] / 47520
	 interval: [42030,42660] / 47520
	 interval: [42660,43290] / 47520
	 interval: [43290,43920] / 47520
	 interval: [43920,44550] / 47520
	 interval: [44550,45180] / 47520
	 interval: [45180,45810] / 47520
	 interval: [45810,46440] / 47520
	 interval: [46440,47070] / 47520
avg auc score: btlda 0.6529600503050825
Computing average auc score for size 660 (out of 37)
	 interval: [23760,24420] / 47520
	 interval: [24420,25080] / 47520
	 interval: [25080,25740] / 47520
	 interval: [25740,26400] / 47520
	 interval: [26400,27060] / 47520
	 interval: [27060,27720] / 47520
	 interval: [27720,28380] / 47520
	 interval: [28380,29040] / 47520
	 interval: [29040,29700] / 47520
	 interval: [29700,30360] / 47520
	 interval: [30360,31020] / 47520
	 interval: [31020,31680] / 47520
	 interval: [31680,32340] / 47520
	 interval: [32340,33000] / 47520
	 interval: [33000,33660] / 47520
	 interval: [33660,34320] / 47520
	 interval: [34320,34980] / 47520
	 interval: [34980,35640] / 47520
	 interval: [35640,36300] / 47520
	 interval: [36300,36960] / 47520
	 interval: [36960,37620] / 47520
	 interval: [37620,38280] / 47520
	 interval: [38280,38940] / 47520
	 interval: [38940,39600] / 47520
	 interval: [39600,40260] / 47520
	 interval: [40260,40920] / 47520
	 interval: [40920,41580] / 47520
	 interval: [41580,42240] / 47520
	 interval: [42240,42900] / 47520
	 interval: [42900,43560] / 47520
	 interval: [43560,44220] / 47520
	 interval: [44220,44880] / 47520
	 interval: [44880,45540] / 47520
	 interval: [45540,46200] / 47520
	 interval: [46200,46860] / 47520
	 interval: [46860,47520] / 47520
avg auc score: btlda 0.6523079349713841
Computing average auc score for size 690 (out of 37)
	 interval: [23760,24450] / 47520
	 interval: [24450,25140] / 47520
	 interval: [25140,25830] / 47520
	 interval: [25830,26520] / 47520
	 interval: [26520,27210] / 47520
	 interval: [27210,27900] / 47520
	 interval: [27900,28590] / 47520
	 interval: [28590,29280] / 47520
	 interval: [29280,29970] / 47520
	 interval: [29970,30660] / 47520
	 interval: [30660,31350] / 47520
	 interval: [31350,32040] / 47520
	 interval: [32040,32730] / 47520
	 interval: [32730,33420] / 47520
	 interval: [33420,34110] / 47520
	 interval: [34110,34800] / 47520
	 interval: [34800,35490] / 47520
	 interval: [35490,36180] / 47520
	 interval: [36180,36870] / 47520
	 interval: [36870,37560] / 47520
	 interval: [37560,38250] / 47520
	 interval: [38250,38940] / 47520
	 interval: [38940,39630] / 47520
	 interval: [39630,40320] / 47520
	 interval: [40320,41010] / 47520
	 interval: [41010,41700] / 47520
	 interval: [41700,42390] / 47520
	 interval: [42390,43080] / 47520
	 interval: [43080,43770] / 47520
	 interval: [43770,44460] / 47520
	 interval: [44460,45150] / 47520
	 interval: [45150,45840] / 47520
	 interval: [45840,46530] / 47520
	 interval: [46530,47220] / 47520
avg auc score: btlda 0.6527471288548455
Computing average auc score for size 720 (out of 37)
	 interval: [23760,24480] / 47520
	 interval: [24480,25200] / 47520
	 interval: [25200,25920] / 47520
	 interval: [25920,26640] / 47520
	 interval: [26640,27360] / 47520
	 interval: [27360,28080] / 47520
	 interval: [28080,28800] / 47520
	 interval: [28800,29520] / 47520
	 interval: [29520,30240] / 47520
	 interval: [30240,30960] / 47520
	 interval: [30960,31680] / 47520
	 interval: [31680,32400] / 47520
	 interval: [32400,33120] / 47520
	 interval: [33120,33840] / 47520
	 interval: [33840,34560] / 47520
	 interval: [34560,35280] / 47520
	 interval: [35280,36000] / 47520
	 interval: [36000,36720] / 47520
	 interval: [36720,37440] / 47520
	 interval: [37440,38160] / 47520
	 interval: [38160,38880] / 47520
	 interval: [38880,39600] / 47520
	 interval: [39600,40320] / 47520
	 interval: [40320,41040] / 47520
	 interval: [41040,41760] / 47520
	 interval: [41760,42480] / 47520
	 interval: [42480,43200] / 47520
	 interval: [43200,43920] / 47520
	 interval: [43920,44640] / 47520
	 interval: [44640,45360] / 47520
	 interval: [45360,46080] / 47520
	 interval: [46080,46800] / 47520
	 interval: [46800,47520] / 47520
avg auc score: btlda 0.6519862142214057
Computing average auc score for size 750 (out of 37)
	 interval: [23760,24510] / 47520
	 interval: [24510,25260] / 47520
	 interval: [25260,26010] / 47520
	 interval: [26010,26760] / 47520
	 interval: [26760,27510] / 47520
	 interval: [27510,28260] / 47520
	 interval: [28260,29010] / 47520
	 interval: [29010,29760] / 47520
	 interval: [29760,30510] / 47520
	 interval: [30510,31260] / 47520
	 interval: [31260,32010] / 47520
	 interval: [32010,32760] / 47520
	 interval: [32760,33510] / 47520
	 interval: [33510,34260] / 47520
	 interval: [34260,35010] / 47520
	 interval: [35010,35760] / 47520
	 interval: [35760,36510] / 47520
	 interval: [36510,37260] / 47520
	 interval: [37260,38010] / 47520
	 interval: [38010,38760] / 47520
	 interval: [38760,39510] / 47520
	 interval: [39510,40260] / 47520
	 interval: [40260,41010] / 47520
	 interval: [41010,41760] / 47520
	 interval: [41760,42510] / 47520
	 interval: [42510,43260] / 47520
	 interval: [43260,44010] / 47520
	 interval: [44010,44760] / 47520
	 interval: [44760,45510] / 47520
	 interval: [45510,46260] / 47520
	 interval: [46260,47010] / 47520
avg auc score: btlda 0.6527212609821389
Computing average auc score for size 780 (out of 37)
	 interval: [23760,24540] / 47520
	 interval: [24540,25320] / 47520
	 interval: [25320,26100] / 47520
	 interval: [26100,26880] / 47520
	 interval: [26880,27660] / 47520
	 interval: [27660,28440] / 47520
	 interval: [28440,29220] / 47520
	 interval: [29220,30000] / 47520
	 interval: [30000,30780] / 47520
	 interval: [30780,31560] / 47520
	 interval: [31560,32340] / 47520
	 interval: [32340,33120] / 47520
	 interval: [33120,33900] / 47520
	 interval: [33900,34680] / 47520
	 interval: [34680,35460] / 47520
	 interval: [35460,36240] / 47520
	 interval: [36240,37020] / 47520
	 interval: [37020,37800] / 47520
	 interval: [37800,38580] / 47520
	 interval: [38580,39360] / 47520
	 interval: [39360,40140] / 47520
	 interval: [40140,40920] / 47520
	 interval: [40920,41700] / 47520
	 interval: [41700,42480] / 47520
	 interval: [42480,43260] / 47520
	 interval: [43260,44040] / 47520
	 interval: [44040,44820] / 47520
	 interval: [44820,45600] / 47520
	 interval: [45600,46380] / 47520
	 interval: [46380,47160] / 47520
avg auc score: btlda 0.6526306711458569
Computing average auc score for size 810 (out of 37)
	 interval: [23760,24570] / 47520
	 interval: [24570,25380] / 47520
	 interval: [25380,26190] / 47520
	 interval: [26190,27000] / 47520
	 interval: [27000,27810] / 47520
	 interval: [27810,28620] / 47520
	 interval: [28620,29430] / 47520
	 interval: [29430,30240] / 47520
	 interval: [30240,31050] / 47520
	 interval: [31050,31860] / 47520
	 interval: [31860,32670] / 47520
	 interval: [32670,33480] / 47520
	 interval: [33480,34290] / 47520
	 interval: [34290,35100] / 47520
	 interval: [35100,35910] / 47520
	 interval: [35910,36720] / 47520
	 interval: [36720,37530] / 47520
	 interval: [37530,38340] / 47520
	 interval: [38340,39150] / 47520
	 interval: [39150,39960] / 47520
	 interval: [39960,40770] / 47520
	 interval: [40770,41580] / 47520
	 interval: [41580,42390] / 47520
	 interval: [42390,43200] / 47520
	 interval: [43200,44010] / 47520
	 interval: [44010,44820] / 47520
	 interval: [44820,45630] / 47520
	 interval: [45630,46440] / 47520
	 interval: [46440,47250] / 47520
avg auc score: btlda 0.6526086419385106
Computing average auc score for size 840 (out of 37)
	 interval: [23760,24600] / 47520
	 interval: [24600,25440] / 47520
	 interval: [25440,26280] / 47520
	 interval: [26280,27120] / 47520
	 interval: [27120,27960] / 47520
	 interval: [27960,28800] / 47520
	 interval: [28800,29640] / 47520
	 interval: [29640,30480] / 47520
	 interval: [30480,31320] / 47520
	 interval: [31320,32160] / 47520
	 interval: [32160,33000] / 47520
	 interval: [33000,33840] / 47520
	 interval: [33840,34680] / 47520
	 interval: [34680,35520] / 47520
	 interval: [35520,36360] / 47520
	 interval: [36360,37200] / 47520
	 interval: [37200,38040] / 47520
	 interval: [38040,38880] / 47520
	 interval: [38880,39720] / 47520
	 interval: [39720,40560] / 47520
	 interval: [40560,41400] / 47520
	 interval: [41400,42240] / 47520
	 interval: [42240,43080] / 47520
	 interval: [43080,43920] / 47520
	 interval: [43920,44760] / 47520
	 interval: [44760,45600] / 47520
	 interval: [45600,46440] / 47520
	 interval: [46440,47280] / 47520
avg auc score: btlda 0.6525425739126182
Computing average auc score for size 870 (out of 37)
	 interval: [23760,24630] / 47520
	 interval: [24630,25500] / 47520
	 interval: [25500,26370] / 47520
	 interval: [26370,27240] / 47520
	 interval: [27240,28110] / 47520
	 interval: [28110,28980] / 47520
	 interval: [28980,29850] / 47520
	 interval: [29850,30720] / 47520
	 interval: [30720,31590] / 47520
	 interval: [31590,32460] / 47520
	 interval: [32460,33330] / 47520
	 interval: [33330,34200] / 47520
	 interval: [34200,35070] / 47520
	 interval: [35070,35940] / 47520
	 interval: [35940,36810] / 47520
	 interval: [36810,37680] / 47520
	 interval: [37680,38550] / 47520
	 interval: [38550,39420] / 47520
	 interval: [39420,40290] / 47520
	 interval: [40290,41160] / 47520
	 interval: [41160,42030] / 47520
	 interval: [42030,42900] / 47520
	 interval: [42900,43770] / 47520
	 interval: [43770,44640] / 47520
	 interval: [44640,45510] / 47520
	 interval: [45510,46380] / 47520
	 interval: [46380,47250] / 47520
avg auc score: btlda 0.652315959156804
Computing average auc score for size 900 (out of 37)
	 interval: [23760,24660] / 47520
	 interval: [24660,25560] / 47520
	 interval: [25560,26460] / 47520
	 interval: [26460,27360] / 47520
	 interval: [27360,28260] / 47520
	 interval: [28260,29160] / 47520
	 interval: [29160,30060] / 47520
	 interval: [30060,30960] / 47520
	 interval: [30960,31860] / 47520
	 interval: [31860,32760] / 47520
	 interval: [32760,33660] / 47520
	 interval: [33660,34560] / 47520
	 interval: [34560,35460] / 47520
	 interval: [35460,36360] / 47520
	 interval: [36360,37260] / 47520
	 interval: [37260,38160] / 47520
	 interval: [38160,39060] / 47520
	 interval: [39060,39960] / 47520
	 interval: [39960,40860] / 47520
	 interval: [40860,41760] / 47520
	 interval: [41760,42660] / 47520
	 interval: [42660,43560] / 47520
	 interval: [43560,44460] / 47520
	 interval: [44460,45360] / 47520
	 interval: [45360,46260] / 47520
	 interval: [46260,47160] / 47520
avg auc score: btlda 0.652125446462392
Computing average auc score for size 930 (out of 37)
	 interval: [23760,24690] / 47520
	 interval: [24690,25620] / 47520
	 interval: [25620,26550] / 47520
	 interval: [26550,27480] / 47520
	 interval: [27480,28410] / 47520
	 interval: [28410,29340] / 47520
	 interval: [29340,30270] / 47520
	 interval: [30270,31200] / 47520
	 interval: [31200,32130] / 47520
	 interval: [32130,33060] / 47520
	 interval: [33060,33990] / 47520
	 interval: [33990,34920] / 47520
	 interval: [34920,35850] / 47520
	 interval: [35850,36780] / 47520
	 interval: [36780,37710] / 47520
	 interval: [37710,38640] / 47520
	 interval: [38640,39570] / 47520
	 interval: [39570,40500] / 47520
	 interval: [40500,41430] / 47520
	 interval: [41430,42360] / 47520
	 interval: [42360,43290] / 47520
	 interval: [43290,44220] / 47520
	 interval: [44220,45150] / 47520
	 interval: [45150,46080] / 47520
	 interval: [46080,47010] / 47520
avg auc score: btlda 0.6529514890216186
Computing average auc score for size 960 (out of 37)
	 interval: [23760,24720] / 47520
	 interval: [24720,25680] / 47520
	 interval: [25680,26640] / 47520
	 interval: [26640,27600] / 47520
	 interval: [27600,28560] / 47520
	 interval: [28560,29520] / 47520
	 interval: [29520,30480] / 47520
	 interval: [30480,31440] / 47520
	 interval: [31440,32400] / 47520
	 interval: [32400,33360] / 47520
	 interval: [33360,34320] / 47520
	 interval: [34320,35280] / 47520
	 interval: [35280,36240] / 47520
	 interval: [36240,37200] / 47520
	 interval: [37200,38160] / 47520
	 interval: [38160,39120] / 47520
	 interval: [39120,40080] / 47520
	 interval: [40080,41040] / 47520
	 interval: [41040,42000] / 47520
	 interval: [42000,42960] / 47520
	 interval: [42960,43920] / 47520
	 interval: [43920,44880] / 47520
	 interval: [44880,45840] / 47520
	 interval: [45840,46800] / 47520
avg auc score: btlda 0.6531204772481732
Computing average auc score for size 990 (out of 37)
	 interval: [23760,24750] / 47520
	 interval: [24750,25740] / 47520
	 interval: [25740,26730] / 47520
	 interval: [26730,27720] / 47520
	 interval: [27720,28710] / 47520
	 interval: [28710,29700] / 47520
	 interval: [29700,30690] / 47520
	 interval: [30690,31680] / 47520
	 interval: [31680,32670] / 47520
	 interval: [32670,33660] / 47520
	 interval: [33660,34650] / 47520
	 interval: [34650,35640] / 47520
	 interval: [35640,36630] / 47520
	 interval: [36630,37620] / 47520
	 interval: [37620,38610] / 47520
	 interval: [38610,39600] / 47520
	 interval: [39600,40590] / 47520
	 interval: [40590,41580] / 47520
	 interval: [41580,42570] / 47520
	 interval: [42570,43560] / 47520
	 interval: [43560,44550] / 47520
	 interval: [44550,45540] / 47520
	 interval: [45540,46530] / 47520
	 interval: [46530,47520] / 47520
avg auc score: btlda 0.6519954587190554
Computing average auc score for size 1020 (out of 37)
	 interval: [23760,24780] / 47520
	 interval: [24780,25800] / 47520
	 interval: [25800,26820] / 47520
	 interval: [26820,27840] / 47520
	 interval: [27840,28860] / 47520
	 interval: [28860,29880] / 47520
	 interval: [29880,30900] / 47520
	 interval: [30900,31920] / 47520
	 interval: [31920,32940] / 47520
	 interval: [32940,33960] / 47520
	 interval: [33960,34980] / 47520
	 interval: [34980,36000] / 47520
	 interval: [36000,37020] / 47520
	 interval: [37020,38040] / 47520
	 interval: [38040,39060] / 47520
	 interval: [39060,40080] / 47520
	 interval: [40080,41100] / 47520
	 interval: [41100,42120] / 47520
	 interval: [42120,43140] / 47520
	 interval: [43140,44160] / 47520
	 interval: [44160,45180] / 47520
	 interval: [45180,46200] / 47520
	 interval: [46200,47220] / 47520
avg auc score: btlda 0.652807746964725
Computing average auc score for size 1050 (out of 37)
	 interval: [23760,24810] / 47520
	 interval: [24810,25860] / 47520
	 interval: [25860,26910] / 47520
	 interval: [26910,27960] / 47520
	 interval: [27960,29010] / 47520
	 interval: [29010,30060] / 47520
	 interval: [30060,31110] / 47520
	 interval: [31110,32160] / 47520
	 interval: [32160,33210] / 47520
	 interval: [33210,34260] / 47520
	 interval: [34260,35310] / 47520
	 interval: [35310,36360] / 47520
	 interval: [36360,37410] / 47520
	 interval: [37410,38460] / 47520
	 interval: [38460,39510] / 47520
	 interval: [39510,40560] / 47520
	 interval: [40560,41610] / 47520
	 interval: [41610,42660] / 47520
	 interval: [42660,43710] / 47520
	 interval: [43710,44760] / 47520
	 interval: [44760,45810] / 47520
	 interval: [45810,46860] / 47520
avg auc score: btlda 0.6529059507227628
Computing average auc score for size 1080 (out of 37)
	 interval: [23760,24840] / 47520
	 interval: [24840,25920] / 47520
	 interval: [25920,27000] / 47520
	 interval: [27000,28080] / 47520
	 interval: [28080,29160] / 47520
	 interval: [29160,30240] / 47520
	 interval: [30240,31320] / 47520
	 interval: [31320,32400] / 47520
	 interval: [32400,33480] / 47520
	 interval: [33480,34560] / 47520
	 interval: [34560,35640] / 47520
	 interval: [35640,36720] / 47520
	 interval: [36720,37800] / 47520
	 interval: [37800,38880] / 47520
	 interval: [38880,39960] / 47520
	 interval: [39960,41040] / 47520
	 interval: [41040,42120] / 47520
	 interval: [42120,43200] / 47520
	 interval: [43200,44280] / 47520
	 interval: [44280,45360] / 47520
	 interval: [45360,46440] / 47520
	 interval: [46440,47520] / 47520
avg auc score: btlda 0.6517083718568709
Computing average auc score for size 1110 (out of 37)
	 interval: [23760,24870] / 47520
	 interval: [24870,25980] / 47520
	 interval: [25980,27090] / 47520
	 interval: [27090,28200] / 47520
	 interval: [28200,29310] / 47520
	 interval: [29310,30420] / 47520
	 interval: [30420,31530] / 47520
	 interval: [31530,32640] / 47520
	 interval: [32640,33750] / 47520
	 interval: [33750,34860] / 47520
	 interval: [34860,35970] / 47520
	 interval: [35970,37080] / 47520
	 interval: [37080,38190] / 47520
	 interval: [38190,39300] / 47520
	 interval: [39300,40410] / 47520
	 interval: [40410,41520] / 47520
	 interval: [41520,42630] / 47520
	 interval: [42630,43740] / 47520
	 interval: [43740,44850] / 47520
	 interval: [44850,45960] / 47520
	 interval: [45960,47070] / 47520
avg auc score: btlda 0.6529587067679886
Computing average auc score for size 1140 (out of 37)
	 interval: [23760,24900] / 47520
	 interval: [24900,26040] / 47520
	 interval: [26040,27180] / 47520
	 interval: [27180,28320] / 47520
	 interval: [28320,29460] / 47520
	 interval: [29460,30600] / 47520
	 interval: [30600,31740] / 47520
	 interval: [31740,32880] / 47520
	 interval: [32880,34020] / 47520
	 interval: [34020,35160] / 47520
	 interval: [35160,36300] / 47520
	 interval: [36300,37440] / 47520
	 interval: [37440,38580] / 47520
	 interval: [38580,39720] / 47520
	 interval: [39720,40860] / 47520
	 interval: [40860,42000] / 47520
	 interval: [42000,43140] / 47520
	 interval: [43140,44280] / 47520
	 interval: [44280,45420] / 47520
	 interval: [45420,46560] / 47520
avg auc score: btlda 0.6526654553602028
Computing average auc score for size 1170 (out of 37)
	 interval: [23760,24930] / 47520
	 interval: [24930,26100] / 47520
	 interval: [26100,27270] / 47520
	 interval: [27270,28440] / 47520
	 interval: [28440,29610] / 47520
	 interval: [29610,30780] / 47520
	 interval: [30780,31950] / 47520
	 interval: [31950,33120] / 47520
	 interval: [33120,34290] / 47520
	 interval: [34290,35460] / 47520
	 interval: [35460,36630] / 47520
	 interval: [36630,37800] / 47520
	 interval: [37800,38970] / 47520
	 interval: [38970,40140] / 47520
	 interval: [40140,41310] / 47520
	 interval: [41310,42480] / 47520
	 interval: [42480,43650] / 47520
	 interval: [43650,44820] / 47520
	 interval: [44820,45990] / 47520
	 interval: [45990,47160] / 47520
avg auc score: btlda 0.6527682384462511