2025-05-21 18:08:31
Patient 2 marker information of all sessions 1-14

Common markers across all runs, for each session
Session 1: [101, 102, 103, 104, 105, 106, 111, 112, 113, 114, 115, 116, 200, 201, 202, 203, 204, 205, 255, 99999]
Session 2: [101, 102, 103, 104, 105, 106, 111, 112, 113, 114, 115, 116, 200, 201, 202, 203, 204, 205, 255, 99999]
Session 3: [101, 102, 103, 104, 105, 106, 111, 112, 113, 114, 115, 116, 200, 201, 202, 203, 204, 205, 255, 99999]
Session 4: [101, 102, 103, 104, 105, 106, 111, 112, 113, 114, 115, 116, 200, 201, 202, 203, 204, 205, 255, 99999]
Session 5: [101, 102, 103, 104, 105, 106, 111, 112, 113, 114, 115, 116, 200, 201, 202, 203, 204, 205, 255, 99999]
Session 6: [101, 102, 103, 104, 105, 106, 111, 112, 113, 114, 115, 116, 200, 201, 202, 203, 204, 205, 255, 99999]
Session 7: [101, 102, 103, 104, 105, 106, 111, 112, 113, 114, 115, 116, 200, 201, 202, 203, 204, 205, 255, 99999]
Session 8: [101, 102, 103, 104, 105, 106, 111, 112, 113, 114, 115, 116, 200, 201, 202, 203, 204, 205, 255, 99999]
Session 9: [101, 102, 103, 104, 105, 106, 111, 112, 113, 114, 115, 116, 200, 201, 202, 203, 204, 205, 255, 99999]
Session 10: [101, 102, 103, 104, 105, 106, 111, 112, 113, 114, 115, 116, 200, 201, 202, 203, 204, 205, 255, 99999]
Session 11: [101, 102, 103, 104, 105, 106, 111, 112, 113, 114, 115, 116, 200, 201, 202, 203, 204, 205, 255, 99999]
Session 12: [101, 102, 103, 104, 105, 106, 111, 112, 113, 114, 115, 116, 200, 201, 202, 203, 204, 205, 255, 99999]
Session 13: [200, 99999]
Session 14: [101, 102, 103, 104, 105, 106, 111, 112, 113, 114, 115, 116, 200, 201, 202, 203, 204, 205, 255, 99999]

Markers that do not appear in all runs, for each session
Session 1: -
Session 2: -
Session 3: -
Session 4: -
Session 5: -
Session 6: {206}
Session 7: {206}
Session 8: -
Session 9: -
Session 10: -
Session 11: -
Session 12: {206}
Session 13: {201, 202, 203, 204, 205, 206, 207, 10001, 101, 102, 103, 104, 105, 106, 111, 112, 113, 114, 115, 116, 255}
Session 14: -

Searching for the uncommon markers: [  101   102   103   104   105   106   111   112   113   114   115   116
   201   202   203   204   205   206   207   255 10001]
[filename]: [(marker, count)]
P2_S1/anonymized/auditoryAphasia_6D_long_350_Block1_Run1.vhdr: [(101, 75), (102, 75), (103, 75), (104, 75), (105, 75), (106, 75), (111, 15), (112, 15), (113, 15), (114, 15), (115, 15), (116, 15), (201, 1), (202, 1), (203, 1), (204, 1), (205, 1), (255, 1)]
P2_S1/anonymized/auditoryAphasia_6D_long_350_Block2_Run1.vhdr: [(101, 75), (102, 75), (103, 75), (104, 75), (105, 75), (106, 75), (111, 15), (112, 15), (113, 15), (114, 15), (115, 15), (116, 15), (201, 1), (202, 1), (203, 1), (204, 1), (205, 1), (255, 1)]
P2_S1/anonymized/auditoryAphasia_6D_long_350_Block3_Run1.vhdr: [(101, 75), (102, 75), (103, 75), (104, 75), (105, 75), (106, 75), (111, 15), (112, 15), (113, 15), (114, 15), (115, 15), (116, 15), (201, 1), (202, 1), (203, 1), (204, 1), (205, 1), (255, 1)]
P2_S1/anonymized/auditoryAphasia_6D_short_250_Block1_Run4.vhdr: [(101, 75), (102, 75), (103, 75), (104, 75), (105, 75), (106, 75), (111, 15), (112, 15), (113, 15), (114, 15), (115, 15), (116, 15), (201, 1), (202, 1), (203, 1), (204, 1), (205, 1), (255, 1)]
P2_S1/anonymized/auditoryAphasia_6D_short_250_Block2_Run3.vhdr: [(101, 75), (102, 75), (103, 75), (104, 75), (105, 75), (106, 75), (111, 15), (112, 15), (113, 15), (114, 15), (115, 15), (116, 15), (201, 1), (202, 1), (203, 1), (204, 1), (205, 1), (255, 1)]
P2_S1/anonymized/auditoryAphasia_6D_short_250_Block3_Run3.vhdr: [(101, 75), (102, 75), (103, 75), (104, 75), (105, 75), (106, 75), (111, 15), (112, 15), (113, 15), (114, 15), (115, 15), (116, 15), (201, 1), (202, 1), (203, 1), (204, 1), (205, 1), (255, 1)]
P2_S1/anonymized/auditoryAphasia_HP_long_350_Block1_Run2.vhdr: [(101, 75), (102, 75), (103, 75), (104, 75), (105, 75), (106, 75), (111, 15), (112, 15), (113, 15), (114, 15), (115, 15), (116, 15), (201, 1), (202, 1), (203, 1), (204, 1), (205, 1), (255, 1)]
P2_S1/anonymized/auditoryAphasia_HP_long_350_Block2_Run2.vhdr: [(101, 75), (102, 75), (103, 75), (104, 75), (105, 75), (106, 75), (111, 15), (112, 15), (113, 15), (114, 15), (115, 15), (116, 15), (201, 1), (202, 1), (203, 1), (204, 1), (205, 1), (255, 1)]
P2_S1/anonymized/auditoryAphasia_HP_long_350_Block3_Run2.vhdr: [(101, 75), (102, 75), (103, 75), (104, 75), (105, 75), (106, 75), (111, 15), (112, 15), (113, 15), (114, 15), (115, 15), (116, 15), (201, 1), (202, 1), (203, 1), (204, 1), (205, 1), (255, 1)]
P2_S1/anonymized/auditoryAphasia_HP_short_250_Block1_Run5.vhdr: [(101, 75), (102, 75), (103, 75), (104, 75), (105, 75), (106, 75), (111, 15), (112, 15), (113, 15), (114, 15), (115, 15), (116, 15), (201, 1), (202, 1), (203, 1), (204, 1), (205, 1), (255, 1)]
P2_S1/anonymized/auditoryAphasia_HP_short_250_Block2_Run4.vhdr: [(101, 75), (102, 75), (103, 75), (104, 75), (105, 75), (106, 75), (111, 15), (112, 15), (113, 15), (114, 15), (115, 15), (116, 15), (201, 1), (202, 1), (203, 1), (204, 1), (205, 1), (255, 1)]
P2_S1/anonymized/auditoryAphasia_HP_short_250_Block3_Run4.vhdr: [(101, 75), (102, 75), (103, 75), (104, 75), (105, 75), (106, 75), (111, 15), (112, 15), (113, 15), (114, 15), (115, 15), (116, 15), (201, 1), (202, 1), (203, 1), (204, 1), (205, 1), (255, 1)]
P2_S2/anonymized/auditoryAphasia_6D_long_350_Block1_Run1.vhdr: [(101, 75), (102, 75), (103, 75), (104, 75), (105, 75), (106, 75), (111, 15), (112, 15), (113, 15), (114, 15), (115, 15), (116, 15), (201, 1), (202, 1), (203, 1), (204, 1), (205, 1), (255, 1)]
P2_S2/anonymized/auditoryAphasia_6D_long_350_Block2_Run1.vhdr: [(101, 75), (102, 75), (103, 75), (104, 75), (105, 75), (106, 75), (111, 15), (112, 15), (113, 15), (114, 15), (115, 15), (116, 15), (201, 1), (202, 1), (203, 1), (204, 1), (205, 1), (255, 1)]
P2_S2/anonymized/auditoryAphasia_6D_long_350_Block3_Run1.vhdr: [(101, 75), (102, 75), (103, 75), (104, 75), (105, 75), (106, 75), (111, 15), (112, 15), (113, 15), (114, 15), (115, 15), (116, 15), (201, 1), (202, 1), (203, 1), (204, 1), (205, 1), (255, 1)]
P2_S2/anonymized/auditoryAphasia_6D_long_350_Block4_Run1.vhdr: [(101, 75), (102, 75), (103, 75), (104, 75), (105, 75), (106, 75), (111, 15), (112, 15), (113, 15), (114, 15), (115, 15), (116, 15), (201, 1), (202, 1), (203, 1), (204, 1), (205, 1), (255, 1)]
P2_S2/anonymized/auditoryAphasia_6D_long_350_Block5_Run1.vhdr: [(101, 75), (102, 75), (103, 75), (104, 75), (105, 75), (106, 75), (111, 15), (112, 15), (113, 15), (114, 15), (115, 15), (116, 15), (201, 1), (202, 1), (203, 1), (204, 1), (205, 1), (255, 1)]
P2_S2/anonymized/auditoryAphasia_6D_short_250_Block1_Run3.vhdr: [(101, 75), (102, 75), (103, 75), (104, 75), (105, 75), (106, 75), (111, 15), (112, 15), (113, 15), (114, 15), (115, 15), (116, 15), (201, 1), (202, 1), (203, 1), (204, 1), (205, 1), (255, 1)]
P2_S2/anonymized/auditoryAphasia_6D_short_250_Block2_Run3.vhdr: [(101, 75), (102, 75), (103, 75), (104, 75), (105, 75), (106, 75), (111, 15), (112, 15), (113, 15), (114, 15), (115, 15), (116, 15), (201, 1), (202, 1), (203, 1), (204, 1), (205, 1), (255, 1)]
P2_S2/anonymized/auditoryAphasia_6D_short_250_Block3_Run3.vhdr: [(101, 75), (102, 75), (103, 75), (104, 75), (105, 75), (106, 75), (111, 15), (112, 15), (113, 15), (114, 15), (115, 15), (116, 15), (201, 1), (202, 1), (203, 1), (204, 1), (205, 1), (255, 1)]
P2_S2/anonymized/auditoryAphasia_6D_short_250_Block4_Run3.vhdr: [(101, 75), (102, 75), (103, 75), (104, 75), (105, 75), (106, 75), (111, 15), (112, 15), (113, 15), (114, 15), (115, 15), (116, 15), (201, 1), (202, 1), (203, 1), (204, 1), (205, 1), (255, 1)]
P2_S2/anonymized/auditoryAphasia_HP_long_350_Block1_Run2.vhdr: [(101, 75), (102, 75), (103, 75), (104, 75), (105, 75), (106, 75), (111, 15), (112, 15), (113, 15), (114, 15), (115, 15), (116, 15), (201, 1), (202, 1), (203, 1), (204, 1), (205, 1), (255, 1)]
P2_S2/anonymized/auditoryAphasia_HP_long_350_Block2_Run2.vhdr: [(101, 75), (102, 75), (103, 75), (104, 75), (105, 75), (106, 75), (111, 15), (112, 15), (113, 15), (114, 15), (115, 15), (116, 15), (201, 1), (202, 1), (203, 1), (204, 1), (205, 1), (255, 1)]
P2_S2/anonymized/auditoryAphasia_HP_long_350_Block3_Run2.vhdr: [(101, 75), (102, 75), (103, 75), (104, 75), (105, 75), (106, 75), (111, 15), (112, 15), (113, 15), (114, 15), (115, 15), (116, 15), (201, 1), (202, 1), (203, 1), (204, 1), (205, 1), (255, 1)]
P2_S2/anonymized/auditoryAphasia_HP_long_350_Block4_Run2.vhdr: [(101, 75), (102, 75), (103, 75), (104, 75), (105, 75), (106, 75), (111, 15), (112, 15), (113, 15), (114, 15), (115, 15), (116, 15), (201, 1), (202, 1), (203, 1), (204, 1), (205, 1), (255, 1)]
P2_S2/anonymized/auditoryAphasia_HP_short_250_Block1_Run4.vhdr: [(101, 75), (102, 75), (103, 75), (104, 75), (105, 75), (106, 75), (111, 15), (112, 15), (113, 15), (114, 15), (115, 15), (116, 15), (201, 1), (202, 1), (203, 1), (204, 1), (205, 1), (255, 1)]
P2_S2/anonymized/auditoryAphasia_HP_short_250_Block2_Run4.vhdr: [(101, 75), (102, 75), (103, 75), (104, 75), (105, 75), (106, 75), (111, 15), (112, 15), (113, 15), (114, 15), (115, 15), (116, 15), (201, 1), (202, 1), (203, 1), (204, 1), (205, 1), (255, 1)]
P2_S2/anonymized/auditoryAphasia_HP_short_250_Block3_Run4.vhdr: [(101, 75), (102, 75), (103, 75), (104, 75), (105, 75), (106, 75), (111, 15), (112, 15), (113, 15), (114, 15), (115, 15), (116, 15), (201, 1), (202, 1), (203, 1), (204, 1), (205, 1), (255, 1)]
P2_S2/anonymized/auditoryAphasia_HP_short_250_Block4_Run4.vhdr: [(101, 75), (102, 75), (103, 75), (104, 75), (105, 75), (106, 75), (111, 15), (112, 15), (113, 15), (114, 15), (115, 15), (116, 15), (201, 1), (202, 1), (203, 1), (204, 1), (205, 1), (255, 1)]
P2_S3/anonymized/auditoryAphasia_6D_350_Block1_Run1.vhdr: [(101, 75), (102, 75), (103, 75), (104, 75), (105, 75), (106, 75), (111, 15), (112, 15), (113, 15), (114, 15), (115, 15), (116, 15), (201, 1), (202, 1), (203, 1), (204, 1), (205, 1), (255, 1)]
P2_S3/anonymized/auditoryAphasia_6D_350_Block1_Run2.vhdr: [(101, 75), (102, 75), (103, 75), (104, 75), (105, 75), (106, 75), (111, 15), (112, 15), (113, 15), (114, 15), (115, 15), (116, 15), (201, 1), (202, 1), (203, 1), (204, 1), (205, 1), (255, 1)]
P2_S3/anonymized/auditoryAphasia_6D_350_Block1_Run3.vhdr: [(101, 75), (102, 75), (103, 75), (104, 75), (105, 75), (106, 75), (111, 15), (112, 15), (113, 15), (114, 15), (115, 15), (116, 15), (201, 1), (202, 1), (203, 1), (204, 1), (205, 1), (255, 1)]
P2_S3/anonymized/auditoryAphasia_6D_350_Block1_Run4.vhdr: [(101, 75), (102, 75), (103, 75), (104, 75), (105, 75), (106, 75), (111, 15), (112, 15), (113, 15), (114, 15), (115, 15), (116, 15), (201, 1), (202, 1), (203, 1), (204, 1), (205, 1), (255, 1)]
P2_S3/anonymized/auditoryAphasia_6D_350_Block1_Run5.vhdr: [(101, 75), (102, 75), (103, 75), (104, 75), (105, 75), (106, 75), (111, 15), (112, 15), (113, 15), (114, 15), (115, 15), (116, 15), (201, 1), (202, 1), (203, 1), (204, 1), (205, 1), (255, 1)]
P2_S3/anonymized/auditoryAphasia_6D_350_Block1_Run6.vhdr: [(101, 75), (102, 75), (103, 75), (104, 75), (105, 75), (106, 75), (111, 15), (112, 15), (113, 15), (114, 15), (115, 15), (116, 15), (201, 1), (202, 1), (203, 1), (204, 1), (205, 1), (255, 1)]
P2_S3/anonymized/auditoryAphasia_6D_350_Block2_Run1.vhdr: [(101, 75), (102, 69), (103, 69), (104, 69), (105, 69), (106, 69), (111, 9), (112, 15), (113, 15), (114, 15), (115, 15), (116, 15), (201, 1), (202, 1), (203, 1), (204, 1), (205, 1), (255, 1)]
P2_S3/anonymized/auditoryAphasia_6D_350_Block2_Run2.vhdr: [(101, 68), (102, 68), (103, 68), (104, 75), (105, 68), (106, 68), (111, 15), (112, 15), (113, 15), (114, 8), (115, 15), (116, 15), (201, 1), (202, 1), (203, 1), (204, 1), (205, 1), (255, 1)]
P2_S3/anonymized/auditoryAphasia_6D_350_Block2_Run3.vhdr: [(101, 74), (102, 74), (103, 75), (104, 74), (105, 74), (106, 74), (111, 15), (112, 15), (113, 14), (114, 15), (115, 15), (116, 15), (201, 1), (202, 1), (203, 1), (204, 1), (205, 1), (255, 1)]
P2_S3/anonymized/auditoryAphasia_6D_350_Block2_Run4.vhdr: [(101, 75), (102, 69), (103, 69), (104, 69), (105, 69), (106, 69), (111, 9), (112, 15), (113, 15), (114, 15), (115, 15), (116, 15), (201, 1), (202, 1), (203, 1), (204, 1), (205, 1), (255, 1)]
P2_S3/anonymized/auditoryAphasia_6D_350_Block2_Run5.vhdr: [(101, 75), (102, 68), (103, 68), (104, 68), (105, 68), (106, 68), (111, 8), (112, 15), (113, 15), (114, 15), (115, 15), (116, 15), (201, 1), (202, 1), (203, 1), (204, 1), (205, 1), (255, 1)]
P2_S3/anonymized/auditoryAphasia_6D_350_Block2_Run6.vhdr: [(101, 72), (102, 72), (103, 75), (104, 72), (105, 72), (106, 72), (111, 15), (112, 15), (113, 12), (114, 15), (115, 15), (116, 15), (201, 1), (202, 1), (203, 1), (204, 1), (205, 1), (255, 1)]
P2_S3/anonymized/auditoryAphasia_6D_350_Block3_Run1.vhdr: [(101, 69), (102, 75), (103, 69), (104, 69), (105, 69), (106, 69), (111, 15), (112, 9), (113, 15), (114, 15), (115, 15), (116, 15), (201, 1), (202, 1), (203, 1), (204, 1), (205, 1), (255, 1)]
P2_S3/anonymized/auditoryAphasia_6D_350_Block3_Run2.vhdr: [(101, 75), (102, 75), (103, 75), (104, 75), (105, 75), (106, 75), (111, 15), (112, 15), (113, 15), (114, 15), (115, 15), (116, 15), (201, 1), (202, 1), (203, 1), (204, 1), (205, 1), (255, 1)]
P2_S3/anonymized/auditoryAphasia_6D_350_Block3_Run3.vhdr: [(101, 75), (102, 75), (103, 75), (104, 75), (105, 75), (106, 75), (111, 15), (112, 15), (113, 15), (114, 15), (115, 15), (116, 15), (201, 1), (202, 1), (203, 1), (204, 1), (205, 1), (255, 1)]
P2_S3/anonymized/auditoryAphasia_6D_350_Block3_Run4.vhdr: [(101, 72), (102, 72), (103, 75), (104, 72), (105, 72), (106, 72), (111, 15), (112, 15), (113, 12), (114, 15), (115, 15), (116, 15), (201, 1), (202, 1), (203, 1), (204, 1), (205, 1), (255, 1)]
P2_S3/anonymized/auditoryAphasia_6D_350_Block3_Run5.vhdr: [(101, 68), (102, 66), (103, 63), (104, 63), (105, 67), (106, 63), (111, 10), (112, 12), (113, 15), (114, 15), (115, 11), (116, 15), (201, 1), (202, 1), (203, 1), (204, 1), (205, 1), (255, 1)]
P2_S3/anonymized/auditoryAphasia_6D_350_Block3_Run6.vhdr: [(101, 70), (102, 70), (103, 70), (104, 70), (105, 70), (106, 75), (111, 15), (112, 15), (113, 15), (114, 15), (115, 15), (116, 10), (201, 1), (202, 1), (203, 1), (204, 1), (205, 1), (255, 1)]
P2_S3/anonymized/auditoryAphasia_6D_350_Block4_Run1.vhdr: [(101, 75), (102, 75), (103, 75), (104, 75), (105, 75), (106, 75), (111, 15), (112, 15), (113, 15), (114, 15), (115, 15), (116, 15), (201, 1), (202, 1), (203, 1), (204, 1), (205, 1), (255, 1)]
P2_S3/anonymized/auditoryAphasia_6D_350_Block4_Run2.vhdr: [(101, 75), (102, 75), (103, 75), (104, 75), (105, 75), (106, 75), (111, 15), (112, 15), (113, 15), (114, 15), (115, 15), (116, 15), (201, 1), (202, 1), (203, 1), (204, 1), (205, 1), (255, 1)]
P2_S4/anonymized/auditoryAphasia_6D_350_Block1_Run1.vhdr: [(101, 75), (102, 75), (103, 75), (104, 75), (105, 75), (106, 75), (111, 15), (112, 15), (113, 15), (114, 15), (115, 15), (116, 15), (201, 1), (202, 1), (203, 1), (204, 1), (205, 1), (255, 1)]
P2_S4/anonymized/auditoryAphasia_6D_350_Block1_Run2.vhdr: [(101, 75), (102, 75), (103, 75), (104, 75), (105, 75), (106, 75), (111, 15), (112, 15), (113, 15), (114, 15), (115, 15), (116, 15), (201, 1), (202, 1), (203, 1), (204, 1), (205, 1), (255, 1)]
P2_S4/anonymized/auditoryAphasia_6D_350_Block1_Run3.vhdr: [(101, 75), (102, 75), (103, 75), (104, 75), (105, 75), (106, 75), (111, 15), (112, 15), (113, 15), (114, 15), (115, 15), (116, 15), (201, 1), (202, 1), (203, 1), (204, 1), (205, 1), (255, 1)]
P2_S4/anonymized/auditoryAphasia_6D_350_Block1_Run4.vhdr: [(101, 75), (102, 75), (103, 75), (104, 75), (105, 75), (106, 75), (111, 15), (112, 15), (113, 15), (114, 15), (115, 15), (116, 15), (201, 1), (202, 1), (203, 1), (204, 1), (205, 1), (255, 1)]
P2_S4/anonymized/auditoryAphasia_6D_350_Block1_Run5.vhdr: [(101, 68), (102, 75), (103, 68), (104, 68), (105, 68), (106, 68), (111, 15), (112, 8), (113, 15), (114, 15), (115, 15), (116, 15), (201, 1), (202, 1), (203, 1), (204, 1), (205, 1), (255, 1)]
P2_S4/anonymized/auditoryAphasia_6D_350_Block1_Run6.vhdr: [(101, 75), (102, 68), (103, 68), (104, 68), (105, 68), (106, 68), (111, 8), (112, 15), (113, 15), (114, 15), (115, 15), (116, 15), (201, 1), (202, 1), (203, 1), (204, 1), (205, 1), (255, 1)]
P2_S4/anonymized/auditoryAphasia_6D_350_Block2_Run1.vhdr: [(101, 67), (102, 70), (103, 67), (104, 67), (105, 72), (106, 67), (111, 15), (112, 12), (113, 15), (114, 15), (115, 10), (116, 15), (201, 1), (202, 1), (203, 1), (204, 1), (205, 1), (255, 1)]
P2_S4/anonymized/auditoryAphasia_6D_350_Block2_Run2.vhdr: [(101, 75), (102, 75), (103, 75), (104, 75), (105, 75), (106, 75), (111, 15), (112, 15), (113, 15), (114, 15), (115, 15), (116, 15), (201, 1), (202, 1), (203, 1), (204, 1), (205, 1), (255, 1)]
P2_S4/anonymized/auditoryAphasia_6D_350_Block2_Run3.vhdr: [(101, 69), (102, 69), (103, 69), (104, 69), (105, 69), (106, 75), (111, 15), (112, 15), (113, 15), (114, 15), (115, 15), (116, 9), (201, 1), (202, 1), (203, 1), (204, 1), (205, 1), (255, 1)]
P2_S4/anonymized/auditoryAphasia_6D_350_Block2_Run4.vhdr: [(101, 75), (102, 75), (103, 75), (104, 75), (105, 75), (106, 75), (111, 15), (112, 15), (113, 15), (114, 15), (115, 15), (116, 15), (201, 1), (202, 1), (203, 1), (204, 1), (205, 1), (255, 1)]
P2_S4/anonymized/auditoryAphasia_6D_350_Block2_Run5.vhdr: [(101, 75), (102, 75), (103, 75), (104, 75), (105, 75), (106, 75), (111, 15), (112, 15), (113, 15), (114, 15), (115, 15), (116, 15), (201, 1), (202, 1), (203, 1), (204, 1), (205, 1), (255, 1)]
P2_S4/anonymized/auditoryAphasia_6D_350_Block2_Run6.vhdr: [(101, 67), (102, 71), (103, 67), (104, 71), (105, 67), (106, 67), (111, 15), (112, 11), (113, 15), (114, 11), (115, 15), (116, 15), (201, 1), (202, 1), (203, 1), (204, 1), (205, 1), (255, 1)]
P2_S4/anonymized/auditoryAphasia_6D_350_Block3_Run1.vhdr: [(101, 75), (102, 75), (103, 75), (104, 75), (105, 75), (106, 75), (111, 15), (112, 15), (113, 15), (114, 15), (115, 15), (116, 15), (201, 1), (202, 1), (203, 1), (204, 1), (205, 1), (255, 1)]
P2_S4/anonymized/auditoryAphasia_6D_350_Block3_Run2.vhdr: [(101, 75), (102, 75), (103, 75), (104, 75), (105, 75), (106, 75), (111, 15), (112, 15), (113, 15), (114, 15), (115, 15), (116, 15), (201, 1), (202, 1), (203, 1), (204, 1), (205, 1), (255, 1)]
P2_S4/anonymized/auditoryAphasia_6D_350_Block3_Run3.vhdr: [(101, 75), (102, 75), (103, 75), (104, 75), (105, 75), (106, 75), (111, 15), (112, 15), (113, 15), (114, 15), (115, 15), (116, 15), (201, 1), (202, 1), (203, 1), (204, 1), (205, 1), (255, 1)]
P2_S4/anonymized/auditoryAphasia_6D_350_Block3_Run4.vhdr: [(101, 75), (102, 75), (103, 75), (104, 75), (105, 75), (106, 75), (111, 15), (112, 15), (113, 15), (114, 15), (115, 15), (116, 15), (201, 1), (202, 1), (203, 1), (204, 1), (205, 1), (255, 1)]
P2_S4/anonymized/auditoryAphasia_6D_350_Block3_Run5.vhdr: [(101, 75), (102, 75), (103, 75), (104, 75), (105, 75), (106, 75), (111, 15), (112, 15), (113, 15), (114, 15), (115, 15), (116, 15), (201, 1), (202, 1), (203, 1), (204, 1), (205, 1), (255, 1)]
P2_S4/anonymized/auditoryAphasia_6D_350_Block3_Run6.vhdr: [(101, 75), (102, 75), (103, 75), (104, 75), (105, 75), (106, 75), (111, 15), (112, 15), (113, 15), (114, 15), (115, 15), (116, 15), (201, 1), (202, 1), (203, 1), (204, 1), (205, 1), (255, 1)]
P2_S4/anonymized/auditoryAphasia_6D_350_Block4_Run1.vhdr: [(101, 75), (102, 75), (103, 75), (104, 75), (105, 75), (106, 75), (111, 15), (112, 15), (113, 15), (114, 15), (115, 15), (116, 15), (201, 1), (202, 1), (203, 1), (204, 1), (205, 1), (255, 1)]
P2_S4/anonymized/auditoryAphasia_6D_350_Block4_Run2.vhdr: [(101, 75), (102, 71), (103, 71), (104, 71), (105, 71), (106, 71), (111, 11), (112, 15), (113, 15), (114, 15), (115, 15), (116, 15), (201, 1), (202, 1), (203, 1), (204, 1), (205, 1), (255, 1)]
P2_S5/anonymized/auditoryAphasia_6D_350_Block1_Run1.vhdr: [(101, 75), (102, 75), (103, 75), (104, 75), (105, 75), (106, 75), (111, 15), (112, 15), (113, 15), (114, 15), (115, 15), (116, 15), (201, 1), (202, 1), (203, 1), (204, 1), (205, 1), (255, 1)]
P2_S5/anonymized/auditoryAphasia_6D_350_Block1_Run2.vhdr: [(101, 75), (102, 75), (103, 75), (104, 75), (105, 75), (106, 75), (111, 15), (112, 15), (113, 15), (114, 15), (115, 15), (116, 15), (201, 1), (202, 1), (203, 1), (204, 1), (205, 1), (255, 1)]
P2_S5/anonymized/auditoryAphasia_6D_350_Block1_Run3.vhdr: [(101, 75), (102, 75), (103, 75), (104, 75), (105, 75), (106, 75), (111, 15), (112, 15), (113, 15), (114, 15), (115, 15), (116, 15), (201, 1), (202, 1), (203, 1), (204, 1), (205, 1), (255, 1)]
P2_S5/anonymized/auditoryAphasia_6D_350_Block1_Run4.vhdr: [(101, 75), (102, 75), (103, 75), (104, 75), (105, 75), (106, 75), (111, 15), (112, 15), (113, 15), (114, 15), (115, 15), (116, 15), (201, 1), (202, 1), (203, 1), (204, 1), (205, 1), (255, 1)]
P2_S5/anonymized/auditoryAphasia_6D_350_Block1_Run5.vhdr: [(101, 75), (102, 75), (103, 75), (104, 75), (105, 75), (106, 75), (111, 15), (112, 15), (113, 15), (114, 15), (115, 15), (116, 15), (201, 1), (202, 1), (203, 1), (204, 1), (205, 1), (255, 1)]
P2_S5/anonymized/auditoryAphasia_6D_350_Block1_Run6.vhdr: [(101, 75), (102, 75), (103, 75), (104, 75), (105, 75), (106, 75), (111, 15), (112, 15), (113, 15), (114, 15), (115, 15), (116, 15), (201, 1), (202, 1), (203, 1), (204, 1), (205, 1), (255, 1)]
P2_S5/anonymized/auditoryAphasia_6D_350_Block2_Run1.vhdr: [(101, 75), (102, 75), (103, 75), (104, 75), (105, 75), (106, 75), (111, 15), (112, 15), (113, 15), (114, 15), (115, 15), (116, 15), (201, 1), (202, 1), (203, 1), (204, 1), (205, 1), (255, 1)]
P2_S5/anonymized/auditoryAphasia_6D_350_Block2_Run2.vhdr: [(101, 75), (102, 75), (103, 75), (104, 75), (105, 75), (106, 75), (111, 15), (112, 15), (113, 15), (114, 15), (115, 15), (116, 15), (201, 1), (202, 1), (203, 1), (204, 1), (205, 1), (255, 1)]
P2_S5/anonymized/auditoryAphasia_6D_350_Block2_Run3.vhdr: [(101, 73), (102, 75), (103, 73), (104, 73), (105, 73), (106, 73), (111, 15), (112, 13), (113, 15), (114, 15), (115, 15), (116, 15), (201, 1), (202, 1), (203, 1), (204, 1), (205, 1), (255, 1)]
P2_S5/anonymized/auditoryAphasia_6D_350_Block2_Run4.vhdr: [(101, 75), (102, 75), (103, 75), (104, 75), (105, 75), (106, 75), (111, 15), (112, 15), (113, 15), (114, 15), (115, 15), (116, 15), (201, 1), (202, 1), (203, 1), (204, 1), (205, 1), (255, 1)]
P2_S5/anonymized/auditoryAphasia_6D_350_Block2_Run5.vhdr: [(101, 75), (102, 75), (103, 75), (104, 75), (105, 75), (106, 75), (111, 15), (112, 15), (113, 15), (114, 15), (115, 15), (116, 15), (201, 1), (202, 1), (203, 1), (204, 1), (205, 1), (255, 1)]
P2_S5/anonymized/auditoryAphasia_6D_350_Block2_Run6.vhdr: [(101, 75), (102, 75), (103, 75), (104, 75), (105, 75), (106, 75), (111, 15), (112, 15), (113, 15), (114, 15), (115, 15), (116, 15), (201, 1), (202, 1), (203, 1), (204, 1), (205, 1), (255, 1)]
P2_S5/anonymized/auditoryAphasia_6D_350_Block3_Run1.vhdr: [(101, 75), (102, 75), (103, 75), (104, 75), (105, 75), (106, 75), (111, 15), (112, 15), (113, 15), (114, 15), (115, 15), (116, 15), (201, 1), (202, 1), (203, 1), (204, 1), (205, 1), (255, 1)]
P2_S5/anonymized/auditoryAphasia_6D_350_Block3_Run2.vhdr: [(101, 75), (102, 75), (103, 75), (104, 75), (105, 75), (106, 75), (111, 15), (112, 15), (113, 15), (114, 15), (115, 15), (116, 15), (201, 1), (202, 1), (203, 1), (204, 1), (205, 1), (255, 1)]
P2_S5/anonymized/auditoryAphasia_6D_350_Block3_Run3.vhdr: [(101, 75), (102, 75), (103, 75), (104, 75), (105, 75), (106, 75), (111, 15), (112, 15), (113, 15), (114, 15), (115, 15), (116, 15), (201, 1), (202, 1), (203, 1), (204, 1), (205, 1), (255, 1)]
P2_S5/anonymized/auditoryAphasia_6D_350_Block3_Run4.vhdr: [(101, 75), (102, 75), (103, 75), (104, 75), (105, 75), (106, 75), (111, 15), (112, 15), (113, 15), (114, 15), (115, 15), (116, 15), (201, 1), (202, 1), (203, 1), (204, 1), (205, 1), (255, 1)]
P2_S5/anonymized/auditoryAphasia_6D_350_Block3_Run5.vhdr: [(101, 68), (102, 68), (103, 68), (104, 75), (105, 68), (106, 68), (111, 15), (112, 15), (113, 15), (114, 8), (115, 15), (116, 15), (201, 1), (202, 1), (203, 1), (204, 1), (205, 1), (255, 1)]
P2_S5/anonymized/auditoryAphasia_6D_350_Block3_Run6.vhdr: [(101, 75), (102, 75), (103, 75), (104, 75), (105, 75), (106, 75), (111, 15), (112, 15), (113, 15), (114, 15), (115, 15), (116, 15), (201, 1), (202, 1), (203, 1), (204, 1), (205, 1), (255, 1)]
P2_S5/anonymized/auditoryAphasia_6D_350_Block4_Run1.vhdr: [(101, 75), (102, 75), (103, 75), (104, 75), (105, 75), (106, 75), (111, 15), (112, 15), (113, 15), (114, 15), (115, 15), (116, 15), (201, 1), (202, 1), (203, 1), (204, 1), (205, 1), (255, 1)]
P2_S5/anonymized/auditoryAphasia_6D_350_Block4_Run2.vhdr: [(101, 75), (102, 75), (103, 75), (104, 75), (105, 75), (106, 75), (111, 15), (112, 15), (113, 15), (114, 15), (115, 15), (116, 15), (201, 1), (202, 1), (203, 1), (204, 1), (205, 1), (255, 1)]
P2_S5/anonymized/auditoryAphasia_6D_350_Block4_Run3.vhdr: [(101, 75), (102, 75), (103, 75), (104, 75), (105, 75), (106, 75), (111, 15), (112, 15), (113, 15), (114, 15), (115, 15), (116, 15), (201, 1), (202, 1), (203, 1), (204, 1), (205, 1), (255, 1)]
P2_S5/anonymized/auditoryAphasia_6D_350_Block4_Run4.vhdr: [(101, 75), (102, 75), (103, 75), (104, 75), (105, 75), (106, 75), (111, 15), (112, 15), (113, 15), (114, 15), (115, 15), (116, 15), (201, 1), (202, 1), (203, 1), (204, 1), (205, 1), (255, 1)]
P2_S5/anonymized/auditoryAphasia_6D_350_Block4_Run5.vhdr: [(101, 68), (102, 75), (103, 68), (104, 68), (105, 68), (106, 68), (111, 15), (112, 8), (113, 15), (114, 15), (115, 15), (116, 15), (201, 1), (202, 1), (203, 1), (204, 1), (205, 1), (255, 1)]
P2_S6/anonymized/auditoryAphasia_6D_350_Block1_Run1.vhdr: [(101, 75), (102, 75), (103, 75), (104, 75), (105, 75), (106, 75), (111, 15), (112, 15), (113, 15), (114, 15), (115, 15), (116, 15), (201, 1), (202, 1), (203, 1), (204, 1), (205, 1), (255, 1)]
P2_S6/anonymized/auditoryAphasia_6D_350_Block1_Run2.vhdr: [(101, 75), (102, 75), (103, 75), (104, 75), (105, 75), (106, 75), (111, 15), (112, 15), (113, 15), (114, 15), (115, 15), (116, 15), (201, 1), (202, 1), (203, 1), (204, 1), (205, 1), (255, 1)]
P2_S6/anonymized/auditoryAphasia_6D_350_Block1_Run3.vhdr: [(101, 75), (102, 75), (103, 75), (104, 75), (105, 75), (106, 75), (111, 15), (112, 15), (113, 15), (114, 15), (115, 15), (116, 15), (201, 1), (202, 1), (203, 1), (204, 1), (205, 1), (255, 1)]
P2_S6/anonymized/auditoryAphasia_6D_350_Block1_Run4.vhdr: [(101, 73), (102, 73), (103, 73), (104, 73), (105, 75), (106, 73), (111, 15), (112, 15), (113, 15), (114, 15), (115, 13), (116, 15), (201, 1), (202, 1), (203, 1), (204, 1), (205, 1), (255, 1)]
P2_S6/anonymized/auditoryAphasia_6D_350_Block1_Run5.vhdr: [(101, 75), (102, 75), (103, 75), (104, 75), (105, 75), (106, 75), (111, 15), (112, 15), (113, 15), (114, 15), (115, 15), (116, 15), (201, 1), (202, 1), (203, 1), (204, 1), (205, 1), (206, 1), (255, 1)]
P2_S6/anonymized/auditoryAphasia_6D_350_Block1_Run6.vhdr: [(101, 75), (102, 75), (103, 75), (104, 75), (105, 75), (106, 75), (111, 15), (112, 15), (113, 15), (114, 15), (115, 15), (116, 15), (201, 1), (202, 1), (203, 1), (204, 1), (205, 1), (255, 1)]
P2_S6/anonymized/auditoryAphasia_6D_350_Block2_Run1.vhdr: [(101, 75), (102, 75), (103, 75), (104, 75), (105, 75), (106, 75), (111, 15), (112, 15), (113, 15), (114, 15), (115, 15), (116, 15), (201, 1), (202, 1), (203, 1), (204, 1), (205, 1), (255, 1)]
P2_S6/anonymized/auditoryAphasia_6D_350_Block2_Run2.vhdr: [(101, 75), (102, 75), (103, 75), (104, 75), (105, 75), (106, 75), (111, 15), (112, 15), (113, 15), (114, 15), (115, 15), (116, 15), (201, 1), (202, 1), (203, 1), (204, 1), (205, 1), (255, 1)]
P2_S6/anonymized/auditoryAphasia_6D_350_Block2_Run3.vhdr: [(101, 72), (102, 72), (103, 72), (104, 75), (105, 72), (106, 72), (111, 15), (112, 15), (113, 15), (114, 12), (115, 15), (116, 15), (201, 1), (202, 1), (203, 1), (204, 1), (205, 1), (255, 1)]
P2_S6/anonymized/auditoryAphasia_6D_350_Block2_Run4.vhdr: [(101, 75), (102, 75), (103, 75), (104, 75), (105, 75), (106, 75), (111, 15), (112, 15), (113, 15), (114, 15), (115, 15), (116, 15), (201, 1), (202, 1), (203, 1), (204, 1), (205, 1), (255, 1)]
P2_S6/anonymized/auditoryAphasia_6D_350_Block2_Run5.vhdr: [(101, 75), (102, 75), (103, 75), (104, 75), (105, 75), (106, 75), (111, 15), (112, 15), (113, 15), (114, 15), (115, 15), (116, 15), (201, 1), (202, 1), (203, 1), (204, 1), (205, 1), (255, 1)]
P2_S6/anonymized/auditoryAphasia_6D_350_Block2_Run6.vhdr: [(101, 75), (102, 75), (103, 75), (104, 75), (105, 75), (106, 75), (111, 15), (112, 15), (113, 15), (114, 15), (115, 15), (116, 15), (201, 1), (202, 1), (203, 1), (204, 1), (205, 1), (255, 1)]
P2_S6/anonymized/auditoryAphasia_6D_350_Block3_Run1.vhdr: [(101, 75), (102, 75), (103, 75), (104, 75), (105, 75), (106, 75), (111, 15), (112, 15), (113, 15), (114, 15), (115, 15), (116, 15), (201, 1), (202, 1), (203, 1), (204, 1), (205, 1), (255, 1)]
P2_S6/anonymized/auditoryAphasia_6D_350_Block3_Run2.vhdr: [(101, 75), (102, 75), (103, 75), (104, 75), (105, 75), (106, 75), (111, 15), (112, 15), (113, 15), (114, 15), (115, 15), (116, 15), (201, 1), (202, 1), (203, 1), (204, 1), (205, 1), (255, 1)]
P2_S6/anonymized/auditoryAphasia_6D_350_Block3_Run3.vhdr: [(101, 75), (102, 75), (103, 75), (104, 75), (105, 75), (106, 75), (111, 15), (112, 15), (113, 15), (114, 15), (115, 15), (116, 15), (201, 1), (202, 1), (203, 1), (204, 1), (205, 1), (255, 1)]
P2_S6/anonymized/auditoryAphasia_6D_350_Block3_Run4.vhdr: [(101, 68), (102, 68), (103, 68), (104, 68), (105, 75), (106, 68), (111, 15), (112, 15), (113, 15), (114, 15), (115, 8), (116, 15), (201, 1), (202, 1), (203, 1), (204, 1), (205, 1), (255, 1)]
P2_S6/anonymized/auditoryAphasia_6D_350_Block3_Run5.vhdr: [(101, 75), (102, 75), (103, 75), (104, 75), (105, 75), (106, 75), (111, 15), (112, 15), (113, 15), (114, 15), (115, 15), (116, 15), (201, 1), (202, 1), (203, 1), (204, 1), (205, 1), (255, 1)]
P2_S6/anonymized/auditoryAphasia_6D_350_Block3_Run6.vhdr: [(101, 75), (102, 75), (103, 75), (104, 75), (105, 75), (106, 75), (111, 15), (112, 15), (113, 15), (114, 15), (115, 15), (116, 15), (201, 1), (202, 1), (203, 1), (204, 1), (205, 1), (255, 1)]
P2_S6/anonymized/auditoryAphasia_6D_350_Block4_Run1.vhdr: [(101, 75), (102, 75), (103, 75), (104, 75), (105, 75), (106, 75), (111, 15), (112, 15), (113, 15), (114, 15), (115, 15), (116, 15), (201, 1), (202, 1), (203, 1), (204, 1), (205, 1), (255, 1)]
P2_S7/anonymized/auditoryAphasia_6D_350_Block1_Run1.vhdr: [(101, 75), (102, 75), (103, 75), (104, 75), (105, 75), (106, 75), (111, 15), (112, 15), (113, 15), (114, 15), (115, 15), (116, 15), (201, 1), (202, 1), (203, 1), (204, 1), (205, 1), (255, 1)]
P2_S7/anonymized/auditoryAphasia_6D_350_Block1_Run2.vhdr: [(101, 75), (102, 75), (103, 75), (104, 75), (105, 75), (106, 75), (111, 15), (112, 15), (113, 15), (114, 15), (115, 15), (116, 15), (201, 1), (202, 1), (203, 1), (204, 1), (205, 1), (255, 1)]
P2_S7/anonymized/auditoryAphasia_6D_350_Block1_Run3.vhdr: [(101, 75), (102, 75), (103, 75), (104, 75), (105, 75), (106, 75), (111, 15), (112, 15), (113, 15), (114, 15), (115, 15), (116, 15), (201, 1), (202, 1), (203, 1), (204, 1), (205, 1), (255, 1)]
P2_S7/anonymized/auditoryAphasia_6D_350_Block1_Run4.vhdr: [(101, 75), (102, 75), (103, 75), (104, 75), (105, 75), (106, 75), (111, 15), (112, 15), (113, 15), (114, 15), (115, 15), (116, 15), (201, 1), (202, 1), (203, 1), (204, 1), (205, 1), (255, 1)]
P2_S7/anonymized/auditoryAphasia_6D_350_Block1_Run5.vhdr: [(101, 75), (102, 75), (103, 75), (104, 75), (105, 75), (106, 75), (111, 15), (112, 15), (113, 15), (114, 15), (115, 15), (116, 15), (201, 1), (202, 1), (203, 1), (204, 1), (205, 1), (255, 1)]
P2_S7/anonymized/auditoryAphasia_6D_350_Block1_Run6.vhdr: [(101, 75), (102, 75), (103, 75), (104, 75), (105, 75), (106, 75), (111, 15), (112, 15), (113, 15), (114, 15), (115, 15), (116, 15), (201, 1), (202, 1), (203, 1), (204, 1), (205, 1), (255, 1)]
P2_S7/anonymized/auditoryAphasia_6D_350_Block2_Run1.vhdr: [(101, 68), (102, 68), (103, 75), (104, 68), (105, 68), (106, 68), (111, 15), (112, 15), (113, 8), (114, 15), (115, 15), (116, 15), (201, 1), (202, 1), (203, 1), (204, 1), (205, 1), (255, 1)]
P2_S7/anonymized/auditoryAphasia_6D_350_Block2_Run2.vhdr: [(101, 75), (102, 75), (103, 75), (104, 75), (105, 75), (106, 75), (111, 15), (112, 15), (113, 15), (114, 15), (115, 15), (116, 15), (201, 1), (202, 1), (203, 1), (204, 1), (205, 1), (255, 1)]
P2_S7/anonymized/auditoryAphasia_6D_350_Block2_Run3.vhdr: [(101, 73), (102, 66), (103, 66), (104, 66), (105, 68), (106, 66), (111, 8), (112, 15), (113, 15), (114, 15), (115, 13), (116, 15), (201, 1), (202, 1), (203, 1), (204, 1), (205, 1), (206, 1), (255, 1)]
P2_S7/anonymized/auditoryAphasia_6D_350_Block2_Run4.vhdr: [(101, 75), (102, 75), (103, 75), (104, 75), (105, 75), (106, 75), (111, 15), (112, 15), (113, 15), (114, 15), (115, 15), (116, 15), (201, 1), (202, 1), (203, 1), (204, 1), (205, 1), (255, 1)]
P2_S7/anonymized/auditoryAphasia_6D_350_Block2_Run5.vhdr: [(101, 68), (102, 62), (103, 62), (104, 62), (105, 66), (106, 65), (111, 9), (112, 15), (113, 15), (114, 15), (115, 11), (116, 12), (201, 1), (202, 1), (203, 1), (204, 1), (205, 1), (255, 1)]
P2_S7/anonymized/auditoryAphasia_6D_350_Block2_Run6.vhdr: [(101, 70), (102, 70), (103, 70), (104, 75), (105, 70), (106, 70), (111, 15), (112, 15), (113, 15), (114, 10), (115, 15), (116, 15), (201, 1), (202, 1), (203, 1), (204, 1), (205, 1), (255, 1)]
P2_S7/anonymized/auditoryAphasia_6D_350_Block3_Run1.vhdr: [(101, 75), (102, 75), (103, 75), (104, 75), (105, 75), (106, 75), (111, 15), (112, 15), (113, 15), (114, 15), (115, 15), (116, 15), (201, 1), (202, 1), (203, 1), (204, 1), (205, 1), (255, 1)]
P2_S7/anonymized/auditoryAphasia_6D_350_Block3_Run2.vhdr: [(101, 69), (102, 69), (103, 75), (104, 69), (105, 69), (106, 69), (111, 15), (112, 15), (113, 9), (114, 15), (115, 15), (116, 15), (201, 1), (202, 1), (203, 1), (204, 1), (205, 1), (255, 1)]
P2_S8/anonymized/auditoryAphasia_6D_350_Block1_Run1.vhdr: [(101, 75), (102, 74), (103, 74), (104, 74), (105, 74), (106, 74), (111, 14), (112, 15), (113, 15), (114, 15), (115, 15), (116, 15), (201, 1), (202, 1), (203, 1), (204, 1), (205, 1), (255, 1)]
P2_S8/anonymized/auditoryAphasia_6D_350_Block1_Run2.vhdr: [(101, 75), (102, 75), (103, 75), (104, 75), (105, 75), (106, 75), (111, 15), (112, 15), (113, 15), (114, 15), (115, 15), (116, 15), (201, 1), (202, 1), (203, 1), (204, 1), (205, 1), (255, 1)]
P2_S8/anonymized/auditoryAphasia_6D_350_Block1_Run3.vhdr: [(101, 75), (102, 75), (103, 75), (104, 75), (105, 75), (106, 75), (111, 15), (112, 15), (113, 15), (114, 15), (115, 15), (116, 15), (201, 1), (202, 1), (203, 1), (204, 1), (205, 1), (255, 1)]
P2_S8/anonymized/auditoryAphasia_6D_350_Block1_Run4.vhdr: [(101, 75), (102, 75), (103, 75), (104, 75), (105, 75), (106, 75), (111, 15), (112, 15), (113, 15), (114, 15), (115, 15), (116, 15), (201, 1), (202, 1), (203, 1), (204, 1), (205, 1), (255, 1)]
P2_S8/anonymized/auditoryAphasia_6D_350_Block1_Run5.vhdr: [(101, 68), (102, 68), (103, 72), (104, 68), (105, 68), (106, 71), (111, 15), (112, 15), (113, 11), (114, 15), (115, 15), (116, 12), (201, 1), (202, 1), (203, 1), (204, 1), (205, 1), (255, 1)]
P2_S8/anonymized/auditoryAphasia_6D_350_Block1_Run6.vhdr: [(101, 75), (102, 75), (103, 75), (104, 75), (105, 75), (106, 75), (111, 15), (112, 15), (113, 15), (114, 15), (115, 15), (116, 15), (201, 1), (202, 1), (203, 1), (204, 1), (205, 1), (255, 1)]
P2_S8/anonymized/auditoryAphasia_6D_350_Block2_Run1.vhdr: [(101, 75), (102, 75), (103, 75), (104, 75), (105, 75), (106, 75), (111, 15), (112, 15), (113, 15), (114, 15), (115, 15), (116, 15), (201, 1), (202, 1), (203, 1), (204, 1), (205, 1), (255, 1)]
P2_S8/anonymized/auditoryAphasia_6D_350_Block2_Run2.vhdr: [(101, 75), (102, 75), (103, 75), (104, 75), (105, 75), (106, 75), (111, 15), (112, 15), (113, 15), (114, 15), (115, 15), (116, 15), (201, 1), (202, 1), (203, 1), (204, 1), (205, 1), (255, 1)]
P2_S8/anonymized/auditoryAphasia_6D_350_Block2_Run3.vhdr: [(101, 75), (102, 72), (103, 72), (104, 72), (105, 72), (106, 72), (111, 12), (112, 15), (113, 15), (114, 15), (115, 15), (116, 15), (201, 1), (202, 1), (203, 1), (204, 1), (205, 1), (255, 1)]
P2_S8/anonymized/auditoryAphasia_6D_350_Block2_Run4.vhdr: [(101, 75), (102, 75), (103, 75), (104, 75), (105, 75), (106, 75), (111, 15), (112, 15), (113, 15), (114, 15), (115, 15), (116, 15), (201, 1), (202, 1), (203, 1), (204, 1), (205, 1), (255, 1)]
P2_S8/anonymized/auditoryAphasia_6D_350_Block2_Run5.vhdr: [(101, 68), (102, 68), (103, 75), (104, 68), (105, 68), (106, 68), (111, 15), (112, 15), (113, 8), (114, 15), (115, 15), (116, 15), (201, 1), (202, 1), (203, 1), (204, 1), (205, 1), (255, 1)]
P2_S8/anonymized/auditoryAphasia_6D_350_Block2_Run6.vhdr: [(101, 64), (102, 68), (103, 64), (104, 64), (105, 65), (106, 70), (111, 15), (112, 11), (113, 15), (114, 15), (115, 14), (116, 9), (201, 1), (202, 1), (203, 1), (204, 1), (205, 1), (255, 1)]
P2_S8/anonymized/auditoryAphasia_6D_350_Block3_Run1.vhdr: [(101, 65), (102, 67), (103, 65), (104, 66), (105, 65), (106, 72), (111, 15), (112, 13), (113, 15), (114, 14), (115, 15), (116, 8), (201, 1), (202, 1), (203, 1), (204, 1), (205, 1), (255, 1)]
P2_S8/anonymized/auditoryAphasia_6D_350_Block3_Run2.vhdr: [(101, 69), (102, 69), (103, 75), (104, 69), (105, 69), (106, 69), (111, 15), (112, 15), (113, 9), (114, 15), (115, 15), (116, 15), (201, 1), (202, 1), (203, 1), (204, 1), (205, 1), (255, 1)]
P2_S8/anonymized/auditoryAphasia_6D_350_Block3_Run3.vhdr: [(101, 75), (102, 75), (103, 75), (104, 75), (105, 75), (106, 75), (111, 15), (112, 15), (113, 15), (114, 15), (115, 15), (116, 15), (201, 1), (202, 1), (203, 1), (204, 1), (205, 1), (255, 1)]
P2_S8/anonymized/auditoryAphasia_6D_350_Block3_Run4.vhdr: [(101, 75), (102, 75), (103, 75), (104, 75), (105, 75), (106, 75), (111, 15), (112, 15), (113, 15), (114, 15), (115, 15), (116, 15), (201, 1), (202, 1), (203, 1), (204, 1), (205, 1), (255, 1)]
P2_S8/anonymized/auditoryAphasia_6D_350_Block3_Run5.vhdr: [(101, 75), (102, 75), (103, 75), (104, 75), (105, 75), (106, 75), (111, 15), (112, 15), (113, 15), (114, 15), (115, 15), (116, 15), (201, 1), (202, 1), (203, 1), (204, 1), (205, 1), (255, 1)]
P2_S8/anonymized/auditoryAphasia_6D_350_Block3_Run6.vhdr: [(101, 68), (102, 68), (103, 68), (104, 75), (105, 68), (106, 68), (111, 15), (112, 15), (113, 15), (114, 8), (115, 15), (116, 15), (201, 1), (202, 1), (203, 1), (204, 1), (205, 1), (255, 1)]
P2_S9/anonymized/auditoryAphasia_6D_350_Block1_Run1.vhdr: [(101, 73), (102, 73), (103, 73), (104, 73), (105, 73), (106, 75), (111, 15), (112, 15), (113, 15), (114, 15), (115, 15), (116, 13), (201, 1), (202, 1), (203, 1), (204, 1), (205, 1), (255, 1)]
P2_S9/anonymized/auditoryAphasia_6D_350_Block1_Run2.vhdr: [(101, 75), (102, 71), (103, 71), (104, 71), (105, 71), (106, 71), (111, 11), (112, 15), (113, 15), (114, 15), (115, 15), (116, 15), (201, 1), (202, 1), (203, 1), (204, 1), (205, 1), (255, 1)]
P2_S9/anonymized/auditoryAphasia_6D_350_Block1_Run3.vhdr: [(101, 75), (102, 75), (103, 75), (104, 75), (105, 75), (106, 75), (111, 15), (112, 15), (113, 15), (114, 15), (115, 15), (116, 15), (201, 1), (202, 1), (203, 1), (204, 1), (205, 1), (255, 1)]
P2_S9/anonymized/auditoryAphasia_6D_350_Block1_Run4.vhdr: [(101, 75), (102, 75), (103, 75), (104, 75), (105, 75), (106, 75), (111, 15), (112, 15), (113, 15), (114, 15), (115, 15), (116, 15), (201, 1), (202, 1), (203, 1), (204, 1), (205, 1), (255, 1)]
P2_S9/anonymized/auditoryAphasia_6D_350_Block1_Run5.vhdr: [(101, 73), (102, 73), (103, 75), (104, 73), (105, 73), (106, 73), (111, 15), (112, 15), (113, 13), (114, 15), (115, 15), (116, 15), (201, 1), (202, 1), (203, 1), (204, 1), (205, 1), (255, 1)]
P2_S9/anonymized/auditoryAphasia_6D_350_Block1_Run6.vhdr: [(101, 75), (102, 75), (103, 75), (104, 75), (105, 75), (106, 75), (111, 15), (112, 15), (113, 15), (114, 15), (115, 15), (116, 15), (201, 1), (202, 1), (203, 1), (204, 1), (205, 1), (255, 1)]
P2_S9/anonymized/auditoryAphasia_6D_350_Block2_Run1.vhdr: [(101, 75), (102, 75), (103, 75), (104, 75), (105, 75), (106, 75), (111, 15), (112, 15), (113, 15), (114, 15), (115, 15), (116, 15), (201, 1), (202, 1), (203, 1), (204, 1), (205, 1), (255, 1)]
P2_S9/anonymized/auditoryAphasia_6D_350_Block2_Run2.vhdr: [(101, 70), (102, 75), (103, 70), (104, 70), (105, 70), (106, 70), (111, 15), (112, 10), (113, 15), (114, 15), (115, 15), (116, 15), (201, 1), (202, 1), (203, 1), (204, 1), (205, 1), (255, 1)]
P2_S9/anonymized/auditoryAphasia_6D_350_Block2_Run3.vhdr: [(101, 68), (102, 68), (103, 68), (104, 75), (105, 68), (106, 68), (111, 15), (112, 15), (113, 15), (114, 8), (115, 15), (116, 15), (201, 1), (202, 1), (203, 1), (204, 1), (205, 1), (255, 1)]
P2_S9/anonymized/auditoryAphasia_6D_350_Block2_Run4.vhdr: [(101, 75), (102, 75), (103, 75), (104, 75), (105, 75), (106, 75), (111, 15), (112, 15), (113, 15), (114, 15), (115, 15), (116, 15), (201, 1), (202, 1), (203, 1), (204, 1), (205, 1), (255, 1)]
P2_S9/anonymized/auditoryAphasia_6D_350_Block2_Run5.vhdr: [(101, 75), (102, 75), (103, 75), (104, 75), (105, 75), (106, 75), (111, 15), (112, 15), (113, 15), (114, 15), (115, 15), (116, 15), (201, 1), (202, 1), (203, 1), (204, 1), (205, 1), (255, 1)]
P2_S9/anonymized/auditoryAphasia_6D_350_Block2_Run6.vhdr: [(101, 74), (102, 74), (103, 74), (104, 75), (105, 74), (106, 74), (111, 15), (112, 15), (113, 15), (114, 14), (115, 15), (116, 15), (201, 1), (202, 1), (203, 1), (204, 1), (205, 1), (255, 1)]
P2_S9/anonymized/auditoryAphasia_6D_350_Block3_Run1.vhdr: [(101, 75), (102, 75), (103, 75), (104, 75), (105, 75), (106, 75), (111, 15), (112, 15), (113, 15), (114, 15), (115, 15), (116, 15), (201, 1), (202, 1), (203, 1), (204, 1), (205, 1), (255, 1)]
P2_S9/anonymized/auditoryAphasia_6D_350_Block3_Run2.vhdr: [(101, 75), (102, 75), (103, 75), (104, 75), (105, 75), (106, 75), (111, 15), (112, 15), (113, 15), (114, 15), (115, 15), (116, 15), (201, 1), (202, 1), (203, 1), (204, 1), (205, 1), (255, 1)]
P2_S10/anonymized/auditoryAphasia_6D_350_Block1_Run1.vhdr: [(101, 60), (102, 60), (103, 60), (104, 60), (105, 60), (106, 60), (111, 12), (112, 12), (113, 12), (114, 12), (115, 12), (116, 12), (201, 1), (202, 1), (203, 1), (204, 1), (205, 1), (255, 1)]
P2_S10/anonymized/auditoryAphasia_6D_350_Block1_Run2.vhdr: [(101, 60), (102, 60), (103, 60), (104, 60), (105, 60), (106, 60), (111, 12), (112, 12), (113, 12), (114, 12), (115, 12), (116, 12), (201, 1), (202, 1), (203, 1), (204, 1), (205, 1), (255, 1)]
P2_S10/anonymized/auditoryAphasia_6D_350_Block1_Run3.vhdr: [(101, 60), (102, 60), (103, 60), (104, 60), (105, 60), (106, 60), (111, 12), (112, 12), (113, 12), (114, 12), (115, 12), (116, 12), (201, 1), (202, 1), (203, 1), (204, 1), (205, 1), (255, 1)]
P2_S10/anonymized/auditoryAphasia_6D_350_Block1_Run4.vhdr: [(101, 60), (102, 60), (103, 60), (104, 60), (105, 60), (106, 60), (111, 12), (112, 12), (113, 12), (114, 12), (115, 12), (116, 12), (201, 1), (202, 1), (203, 1), (204, 1), (205, 1), (255, 1)]
P2_S10/anonymized/auditoryAphasia_6D_350_Block1_Run5.vhdr: [(101, 60), (102, 60), (103, 60), (104, 60), (105, 60), (106, 60), (111, 12), (112, 12), (113, 12), (114, 12), (115, 12), (116, 12), (201, 1), (202, 1), (203, 1), (204, 1), (205, 1), (255, 1)]
P2_S10/anonymized/auditoryAphasia_6D_350_Block1_Run6.vhdr: [(101, 60), (102, 56), (103, 56), (104, 56), (105, 56), (106, 56), (111, 8), (112, 12), (113, 12), (114, 12), (115, 12), (116, 12), (201, 1), (202, 1), (203, 1), (204, 1), (205, 1), (255, 1)]
P2_S10/anonymized/auditoryAphasia_6D_350_Block2_Run1.vhdr: [(101, 56), (102, 52), (103, 56), (104, 52), (105, 52), (106, 52), (111, 8), (112, 12), (113, 8), (114, 12), (115, 12), (116, 12), (201, 1), (202, 1), (203, 1), (204, 1), (205, 1), (255, 1)]
P2_S10/anonymized/auditoryAphasia_6D_350_Block2_Run2.vhdr: [(101, 60), (102, 60), (103, 60), (104, 60), (105, 60), (106, 60), (111, 12), (112, 12), (113, 12), (114, 12), (115, 12), (116, 12), (201, 1), (202, 1), (203, 1), (204, 1), (205, 1), (255, 1)]
P2_S10/anonymized/auditoryAphasia_6D_350_Block2_Run3.vhdr: [(101, 60), (102, 60), (103, 60), (104, 60), (105, 60), (106, 60), (111, 12), (112, 12), (113, 12), (114, 12), (115, 12), (116, 12), (201, 1), (202, 1), (203, 1), (204, 1), (205, 1), (255, 1)]
P2_S10/anonymized/auditoryAphasia_6D_350_Block2_Run4.vhdr: [(101, 60), (102, 60), (103, 60), (104, 60), (105, 60), (106, 60), (111, 12), (112, 12), (113, 12), (114, 12), (115, 12), (116, 12), (201, 1), (202, 1), (203, 1), (204, 1), (205, 1), (255, 1)]
P2_S10/anonymized/auditoryAphasia_6D_350_Block2_Run5.vhdr: [(101, 60), (102, 60), (103, 60), (104, 60), (105, 60), (106, 60), (111, 12), (112, 12), (113, 12), (114, 12), (115, 12), (116, 12), (201, 1), (202, 1), (203, 1), (204, 1), (205, 1), (255, 1)]
P2_S10/anonymized/auditoryAphasia_6D_350_Block2_Run6.vhdr: [(101, 56), (102, 56), (103, 56), (104, 56), (105, 56), (106, 60), (111, 12), (112, 12), (113, 12), (114, 12), (115, 12), (116, 8), (201, 1), (202, 1), (203, 1), (204, 1), (205, 1), (255, 1)]
P2_S10/anonymized/auditoryAphasia_6D_350_Block3_Run1.vhdr: [(101, 56), (102, 56), (103, 56), (104, 56), (105, 60), (106, 56), (111, 12), (112, 12), (113, 12), (114, 12), (115, 8), (116, 12), (201, 1), (202, 1), (203, 1), (204, 1), (205, 1), (255, 1)]
P2_S10/anonymized/auditoryAphasia_6D_350_Block3_Run2.vhdr: [(101, 60), (102, 60), (103, 60), (104, 60), (105, 60), (106, 60), (111, 12), (112, 12), (113, 12), (114, 12), (115, 12), (116, 12), (201, 1), (202, 1), (203, 1), (204, 1), (205, 1), (255, 1)]
P2_S10/anonymized/auditoryAphasia_6D_350_Block3_Run3.vhdr: [(101, 59), (102, 59), (103, 59), (104, 59), (105, 59), (106, 60), (111, 12), (112, 12), (113, 12), (114, 12), (115, 12), (116, 11), (201, 1), (202, 1), (203, 1), (204, 1), (205, 1), (255, 1)]
P2_S10/anonymized/auditoryAphasia_6D_350_Block3_Run4.vhdr: [(101, 60), (102, 60), (103, 60), (104, 60), (105, 60), (106, 60), (111, 12), (112, 12), (113, 12), (114, 12), (115, 12), (116, 12), (201, 1), (202, 1), (203, 1), (204, 1), (205, 1), (255, 1)]
P2_S10/anonymized/auditoryAphasia_6D_350_Block3_Run5.vhdr: [(101, 60), (102, 60), (103, 60), (104, 60), (105, 60), (106, 60), (111, 12), (112, 12), (113, 12), (114, 12), (115, 12), (116, 12), (201, 1), (202, 1), (203, 1), (204, 1), (205, 1), (255, 1)]
P2_S10/anonymized/auditoryAphasia_6D_350_Block3_Run6.vhdr: [(101, 60), (102, 60), (103, 60), (104, 60), (105, 60), (106, 60), (111, 12), (112, 12), (113, 12), (114, 12), (115, 12), (116, 12), (201, 1), (202, 1), (203, 1), (204, 1), (205, 1), (255, 1)]
P2_S10/anonymized/auditoryAphasia_6D_350_Block4_Run1.vhdr: [(101, 60), (102, 60), (103, 60), (104, 60), (105, 60), (106, 60), (111, 12), (112, 12), (113, 12), (114, 12), (115, 12), (116, 12), (201, 1), (202, 1), (203, 1), (204, 1), (205, 1), (255, 1)]
P2_S10/anonymized/auditoryAphasia_6D_350_Block4_Run2.vhdr: [(101, 60), (102, 60), (103, 60), (104, 60), (105, 60), (106, 60), (111, 12), (112, 12), (113, 12), (114, 12), (115, 12), (116, 12), (201, 1), (202, 1), (203, 1), (204, 1), (205, 1), (255, 1)]
P2_S10/anonymized/auditoryAphasia_6D_350_Block4_Run3.vhdr: [(101, 60), (102, 60), (103, 60), (104, 60), (105, 60), (106, 60), (111, 12), (112, 12), (113, 12), (114, 12), (115, 12), (116, 12), (201, 1), (202, 1), (203, 1), (204, 1), (205, 1), (255, 1)]
P2_S11/anonymized/auditoryAphasia_6D_350_Block1_Run1.vhdr: [(101, 60), (102, 60), (103, 60), (104, 60), (105, 60), (106, 60), (111, 12), (112, 12), (113, 12), (114, 12), (115, 12), (116, 12), (201, 1), (202, 1), (203, 1), (204, 1), (205, 1), (255, 1)]
P2_S11/anonymized/auditoryAphasia_6D_350_Block1_Run2.vhdr: [(101, 60), (102, 60), (103, 60), (104, 60), (105, 60), (106, 60), (111, 12), (112, 12), (113, 12), (114, 12), (115, 12), (116, 12), (201, 1), (202, 1), (203, 1), (204, 1), (205, 1), (255, 1)]
P2_S11/anonymized/auditoryAphasia_6D_350_Block1_Run3.vhdr: [(101, 60), (102, 60), (103, 60), (104, 60), (105, 60), (106, 60), (111, 12), (112, 12), (113, 12), (114, 12), (115, 12), (116, 12), (201, 1), (202, 1), (203, 1), (204, 1), (205, 1), (255, 1)]
P2_S11/anonymized/auditoryAphasia_6D_350_Block1_Run4.vhdr: [(101, 60), (102, 60), (103, 60), (104, 60), (105, 60), (106, 60), (111, 12), (112, 12), (113, 12), (114, 12), (115, 12), (116, 12), (201, 1), (202, 1), (203, 1), (204, 1), (205, 1), (255, 1)]
P2_S11/anonymized/auditoryAphasia_6D_350_Block1_Run5.vhdr: [(101, 56), (102, 60), (103, 56), (104, 56), (105, 56), (106, 56), (111, 12), (112, 8), (113, 12), (114, 12), (115, 12), (116, 12), (201, 1), (202, 1), (203, 1), (204, 1), (205, 1), (255, 1)]
P2_S11/anonymized/auditoryAphasia_6D_350_Block1_Run6.vhdr: [(101, 60), (102, 60), (103, 60), (104, 60), (105, 60), (106, 60), (111, 12), (112, 12), (113, 12), (114, 12), (115, 12), (116, 12), (201, 1), (202, 1), (203, 1), (204, 1), (205, 1), (255, 1)]
P2_S11/anonymized/auditoryAphasia_6D_500_Block2_Run1.vhdr: [(101, 60), (102, 60), (103, 60), (104, 60), (105, 60), (106, 60), (111, 12), (112, 12), (113, 12), (114, 12), (115, 12), (116, 12), (201, 1), (202, 1), (203, 1), (204, 1), (205, 1), (255, 1)]
P2_S11/anonymized/auditoryAphasia_6D_500_Block2_Run2.vhdr: [(101, 51), (102, 53), (103, 54), (104, 52), (105, 50), (106, 50), (111, 11), (112, 9), (113, 8), (114, 10), (115, 12), (116, 12), (201, 1), (202, 1), (203, 1), (204, 1), (205, 1), (255, 1)]
P2_S11/anonymized/auditoryAphasia_6D_500_Block2_Run3.vhdr: [(101, 53), (102, 57), (103, 54), (104, 53), (105, 53), (106, 55), (111, 12), (112, 8), (113, 11), (114, 12), (115, 12), (116, 10), (201, 1), (202, 1), (203, 1), (204, 1), (205, 1), (255, 1)]
P2_S11/anonymized/auditoryAphasia_6D_500_Block2_Run4.vhdr: [(101, 53), (102, 57), (103, 53), (104, 53), (105, 53), (106, 56), (111, 12), (112, 8), (113, 12), (114, 12), (115, 12), (116, 9), (201, 1), (202, 1), (203, 1), (204, 1), (205, 1), (255, 1)]
P2_S11/anonymized/auditoryAphasia_6D_500_Block2_Run5.vhdr: [(101, 54), (102, 51), (103, 53), (104, 55), (105, 51), (106, 51), (111, 9), (112, 12), (113, 10), (114, 8), (115, 12), (116, 12), (201, 1), (202, 1), (203, 1), (204, 1), (205, 1), (255, 1)]
P2_S11/anonymized/auditoryAphasia_6D_500_Block2_Run6.vhdr: [(101, 60), (102, 60), (103, 60), (104, 60), (105, 60), (106, 60), (111, 12), (112, 12), (113, 12), (114, 12), (115, 12), (116, 12), (201, 1), (202, 1), (203, 1), (204, 1), (205, 1), (255, 1)]
P2_S11/anonymized/auditoryAphasia_6D_500_Block3_Run1.vhdr: [(101, 56), (102, 56), (103, 56), (104, 56), (105, 56), (106, 60), (111, 12), (112, 12), (113, 12), (114, 12), (115, 12), (116, 8), (201, 1), (202, 1), (203, 1), (204, 1), (205, 1), (255, 1)]
P2_S11/anonymized/auditoryAphasia_6D_500_Block3_Run2.vhdr: [(101, 60), (102, 60), (103, 60), (104, 60), (105, 60), (106, 60), (111, 12), (112, 12), (113, 12), (114, 12), (115, 12), (116, 12), (201, 1), (202, 1), (203, 1), (204, 1), (205, 1), (255, 1)]
P2_S11/anonymized/auditoryAphasia_6D_500_Block3_Run3.vhdr: [(101, 56), (102, 56), (103, 56), (104, 56), (105, 60), (106, 56), (111, 12), (112, 12), (113, 12), (114, 12), (115, 8), (116, 12), (201, 1), (202, 1), (203, 1), (204, 1), (205, 1), (255, 1)]
P2_S11/anonymized/auditoryAphasia_6D_500_Block3_Run4.vhdr: [(101, 54), (102, 58), (103, 54), (104, 54), (105, 56), (106, 54), (111, 12), (112, 8), (113, 12), (114, 12), (115, 10), (116, 12), (201, 1), (202, 1), (203, 1), (204, 1), (205, 1), (255, 1)]
P2_S11/anonymized/auditoryAphasia_6D_500_Block3_Run5.vhdr: [(101, 57), (102, 60), (103, 57), (104, 57), (105, 57), (106, 57), (111, 12), (112, 9), (113, 12), (114, 12), (115, 12), (116, 12), (201, 1), (202, 1), (203, 1), (204, 1), (205, 1), (255, 1)]
P2_S12/anonymized/auditoryAphasia_6D_500_Block1_Run1.vhdr: [(101, 60), (102, 60), (103, 60), (104, 60), (105, 60), (106, 60), (111, 12), (112, 12), (113, 12), (114, 12), (115, 12), (116, 12), (201, 1), (202, 1), (203, 1), (204, 1), (205, 1), (255, 1)]
P2_S12/anonymized/auditoryAphasia_6D_500_Block1_Run2.vhdr: [(101, 60), (102, 60), (103, 60), (104, 60), (105, 60), (106, 60), (111, 12), (112, 12), (113, 12), (114, 12), (115, 12), (116, 12), (201, 1), (202, 1), (203, 1), (204, 1), (205, 1), (255, 1)]
P2_S12/anonymized/auditoryAphasia_6D_500_Block1_Run3.vhdr: [(101, 60), (102, 60), (103, 60), (104, 60), (105, 60), (106, 60), (111, 12), (112, 12), (113, 12), (114, 12), (115, 12), (116, 12), (201, 1), (202, 1), (203, 1), (204, 1), (205, 1), (255, 1)]
P2_S12/anonymized/auditoryAphasia_6D_500_Block1_Run4.vhdr: [(101, 52), (102, 52), (103, 52), (104, 56), (105, 56), (106, 52), (111, 12), (112, 12), (113, 12), (114, 8), (115, 8), (116, 12), (201, 1), (202, 1), (203, 1), (204, 1), (205, 1), (255, 1)]
P2_S12/anonymized/auditoryAphasia_6D_500_Block1_Run5.vhdr: [(101, 48), (102, 52), (103, 48), (104, 52), (105, 52), (106, 48), (111, 12), (112, 8), (113, 12), (114, 8), (115, 8), (116, 12), (201, 1), (202, 1), (203, 1), (204, 1), (205, 1), (255, 1)]
P2_S12/anonymized/auditoryAphasia_6D_500_Block1_Run6.vhdr: [(101, 60), (102, 60), (103, 60), (104, 60), (105, 60), (106, 60), (111, 12), (112, 12), (113, 12), (114, 12), (115, 12), (116, 12), (201, 1), (202, 1), (203, 1), (204, 1), (205, 1), (206, 1), (255, 1)]
P2_S12/anonymized/auditoryAphasia_6D_500_Block2_Run1.vhdr: [(101, 48), (102, 46), (103, 50), (104, 46), (105, 50), (106, 50), (111, 10), (112, 12), (113, 8), (114, 12), (115, 8), (116, 8), (201, 1), (202, 1), (203, 1), (204, 1), (205, 1), (255, 1)]
P2_S12/anonymized/auditoryAphasia_6D_500_Block2_Run2.vhdr: [(101, 50), (102, 54), (103, 54), (104, 50), (105, 50), (106, 52), (111, 12), (112, 8), (113, 8), (114, 12), (115, 12), (116, 10), (201, 1), (202, 1), (203, 1), (204, 1), (205, 1), (255, 1)]
P2_S12/anonymized/auditoryAphasia_6D_500_Block2_Run3.vhdr: [(101, 52), (102, 56), (103, 52), (104, 52), (105, 52), (106, 56), (111, 12), (112, 8), (113, 12), (114, 12), (115, 12), (116, 8), (201, 1), (202, 1), (203, 1), (204, 1), (205, 1), (255, 1)]
P2_S12/anonymized/auditoryAphasia_6D_500_Block2_Run4.vhdr: [(101, 56), (102, 55), (103, 55), (104, 59), (105, 55), (106, 55), (111, 11), (112, 12), (113, 12), (114, 8), (115, 12), (116, 12), (201, 1), (202, 1), (203, 1), (204, 1), (205, 1), (255, 1)]
P2_S12/anonymized/auditoryAphasia_6D_500_Block2_Run5.vhdr: [(101, 53), (102, 55), (103, 54), (104, 53), (105, 53), (106, 57), (111, 12), (112, 10), (113, 11), (114, 12), (115, 12), (116, 8), (201, 1), (202, 1), (203, 1), (204, 1), (205, 1), (255, 1)]
P2_S12/anonymized/auditoryAphasia_6D_500_Block2_Run6.vhdr: [(101, 51), (102, 54), (103, 51), (104, 55), (105, 51), (106, 53), (111, 12), (112, 9), (113, 12), (114, 8), (115, 12), (116, 10), (201, 1), (202, 1), (203, 1), (204, 1), (205, 1), (255, 1)]
P2_S12/anonymized/auditoryAphasia_6D_500_Block3_Run1.vhdr: [(101, 56), (102, 56), (103, 52), (104, 52), (105, 52), (106, 52), (111, 8), (112, 8), (113, 12), (114, 12), (115, 12), (116, 12), (201, 1), (202, 1), (203, 1), (204, 1), (205, 1), (255, 1)]
P2_S12/anonymized/auditoryAphasia_6D_500_Block3_Run2.vhdr: [(101, 56), (102, 56), (103, 56), (104, 60), (105, 56), (106, 56), (111, 12), (112, 12), (113, 12), (114, 8), (115, 12), (116, 12), (201, 1), (202, 1), (203, 1), (204, 1), (205, 1), (255, 1)]
P2_S13/anonymized/auditoryAphasia_6D_350_Block1_Run1.vhdr: [(101, 56), (102, 56), (103, 56), (104, 60), (105, 56), (106, 56), (111, 12), (112, 12), (113, 12), (114, 8), (115, 12), (116, 12), (201, 1), (202, 1), (203, 1), (204, 1), (205, 1), (255, 1)]
P2_S13/anonymized/auditoryAphasia_6D_350_Block1_Run2.vhdr: [(101, 57), (102, 57), (103, 57), (104, 57), (105, 57), (106, 60), (111, 12), (112, 12), (113, 12), (114, 12), (115, 12), (116, 9), (201, 1), (202, 1), (203, 1), (204, 1), (205, 1), (255, 1)]
P2_S13/anonymized/auditoryAphasia_6D_350_Block1_Run3.vhdr: [(101, 60), (102, 60), (103, 60), (104, 60), (105, 60), (106, 60), (111, 12), (112, 12), (113, 12), (114, 12), (115, 12), (116, 12), (201, 1), (202, 1), (203, 1), (204, 1), (205, 1), (255, 1)]
P2_S13/anonymized/auditoryAphasia_6D_350_Block1_Run4.vhdr: [(101, 60), (102, 60), (103, 60), (104, 60), (105, 60), (106, 60), (111, 12), (112, 12), (113, 12), (114, 12), (115, 12), (116, 12), (201, 1), (202, 1), (203, 1), (204, 1), (205, 1), (255, 1)]
P2_S13/anonymized/auditoryAphasia_6D_350_Block1_Run5.vhdr: [(101, 58), (102, 60), (103, 58), (104, 58), (105, 58), (106, 58), (111, 12), (112, 10), (113, 12), (114, 12), (115, 12), (116, 12), (201, 1), (202, 1), (203, 1), (204, 1), (205, 1), (255, 1)]
P2_S13/anonymized/auditoryAphasia_6D_350_Block1_Run6.vhdr: [(101, 54), (102, 52), (103, 50), (104, 50), (105, 50), (106, 54), (111, 8), (112, 10), (113, 12), (114, 12), (115, 12), (116, 8), (201, 1), (202, 1), (203, 1), (204, 1), (205, 1), (255, 1)]
P2_S13/anonymized/auditoryAphasia_6D_350_Block2_Run1.vhdr: [(101, 52), (102, 52), (103, 52), (104, 56), (105, 56), (106, 52), (111, 12), (112, 12), (113, 12), (114, 8), (115, 8), (116, 12), (201, 1), (202, 1), (203, 1), (204, 1), (205, 1), (206, 1), (255, 1)]
P2_S13/anonymized/auditoryAphasia_6D_350_Block2_Run2.vhdr: [(101, 56), (102, 59), (103, 55), (104, 55), (105, 55), (106, 55), (111, 11), (112, 8), (113, 12), (114, 12), (115, 12), (116, 12), (201, 1), (202, 1), (203, 1), (204, 1), (205, 1), (207, 1), (255, 1), (10001, 1)]
P2_S13/anonymized/auditoryAphasia_6D_350_Block2_Run3.vhdr: [(101, 59), (102, 59), (103, 59), (104, 59), (105, 59), (106, 60), (111, 12), (112, 12), (113, 12), (114, 12), (115, 12), (116, 11), (201, 1), (202, 1), (203, 1), (204, 1), (205, 1), (255, 1)]
P2_S13/anonymized/auditoryAphasia_6D_350_Block2_Run4.vhdr: [(101, 52), (102, 52), (103, 52), (104, 52), (105, 56), (106, 56), (111, 12), (112, 12), (113, 12), (114, 12), (115, 8), (116, 8), (201, 1), (202, 1), (203, 1), (204, 1), (205, 1), (255, 1)]
P2_S13/anonymized/auditoryAphasia_6D_350_Block2_Run5.vhdr: [(101, 51), (102, 52), (103, 51), (104, 51), (105, 55), (106, 55), (111, 12), (112, 11), (113, 12), (114, 12), (115, 8), (116, 8), (201, 1), (202, 1), (203, 1), (204, 1), (205, 1), (255, 1)]
P2_S13/anonymized/auditoryAphasia_6D_350_Block2_Run6.vhdr: [(101, 60), (102, 60), (103, 60), (104, 60), (105, 60), (106, 60), (111, 12), (112, 12), (113, 12), (114, 12), (115, 12), (116, 12), (201, 1), (202, 1), (203, 1), (204, 1), (205, 1), (255, 1)]
P2_S13/anonymized/auditoryAphasia_6D_350_Block3_Run1.vhdr: [(101, 57), (102, 57), (103, 57), (104, 57), (105, 60), (106, 57), (111, 12), (112, 12), (113, 12), (114, 12), (115, 9), (116, 12), (201, 1), (202, 1), (203, 1), (204, 1), (205, 1), (255, 1)]
P2_S13/anonymized/auditoryAphasia_6D_350_Block3_Run2.vhdr: [(101, 54), (102, 54), (103, 56), (104, 54), (105, 54), (106, 58), (111, 12), (112, 12), (113, 10), (114, 12), (115, 12), (116, 8), (201, 1), (202, 1), (203, 1), (204, 1), (205, 1), (255, 1)]
P2_S13/anonymized/auditoryAphasia_6D_350_Block3_Run3.vhdr: [(101, 58), (102, 59), (103, 57), (104, 57), (105, 57), (106, 57), (111, 11), (112, 10), (113, 12), (114, 12), (115, 12), (116, 12), (201, 1), (202, 1), (203, 1), (204, 1), (205, 1), (255, 1)]
P2_S13/anonymized/auditoryAphasia_6D_350_Block3_Run4.vhdr: [(101, 60), (102, 60), (103, 60), (104, 60), (105, 60), (106, 60), (111, 12), (112, 12), (113, 12), (114, 12), (115, 12), (116, 12), (201, 1), (202, 1), (203, 1), (204, 1), (205, 1), (255, 1)]
P2_S14/anonymized/auditoryAphasia_6D_long_350_Block1_Run1.vhdr: [(101, 75), (102, 75), (103, 75), (104, 75), (105, 75), (106, 75), (111, 15), (112, 15), (113, 15), (114, 15), (115, 15), (116, 15), (201, 1), (202, 1), (203, 1), (204, 1), (205, 1), (255, 1)]
P2_S14/anonymized/auditoryAphasia_6D_long_350_Block2_Run1.vhdr: [(101, 75), (102, 75), (103, 75), (104, 75), (105, 75), (106, 75), (111, 15), (112, 15), (113, 15), (114, 15), (115, 15), (116, 15), (201, 1), (202, 1), (203, 1), (204, 1), (205, 1), (255, 1)]
P2_S14/anonymized/auditoryAphasia_6D_long_350_Block3_Run1.vhdr: [(101, 75), (102, 75), (103, 75), (104, 75), (105, 75), (106, 75), (111, 15), (112, 15), (113, 15), (114, 15), (115, 15), (116, 15), (201, 1), (202, 1), (203, 1), (204, 1), (205, 1), (255, 1)]
P2_S14/anonymized/auditoryAphasia_6D_short_250_Block1_Run3.vhdr: [(101, 75), (102, 75), (103, 75), (104, 75), (105, 75), (106, 75), (111, 15), (112, 15), (113, 15), (114, 15), (115, 15), (116, 15), (201, 1), (202, 1), (203, 1), (204, 1), (205, 1), (255, 1)]
P2_S14/anonymized/auditoryAphasia_6D_short_250_Block2_Run3.vhdr: [(101, 75), (102, 75), (103, 75), (104, 75), (105, 75), (106, 75), (111, 15), (112, 15), (113, 15), (114, 15), (115, 15), (116, 15), (201, 1), (202, 1), (203, 1), (204, 1), (205, 1), (255, 1)]
P2_S14/anonymized/auditoryAphasia_6D_short_250_Block3_Run3.vhdr: [(101, 75), (102, 75), (103, 75), (104, 75), (105, 75), (106, 75), (111, 15), (112, 15), (113, 15), (114, 15), (115, 15), (116, 15), (201, 1), (202, 1), (203, 1), (204, 1), (205, 1), (255, 1)]
P2_S14/anonymized/auditoryAphasia_HP_long_350_Block1_Run2.vhdr: [(101, 75), (102, 75), (103, 75), (104, 75), (105, 75), (106, 75), (111, 15), (112, 15), (113, 15), (114, 15), (115, 15), (116, 15), (201, 1), (202, 1), (203, 1), (204, 1), (205, 1), (255, 1)]
P2_S14/anonymized/auditoryAphasia_HP_long_350_Block2_Run2.vhdr: [(101, 75), (102, 75), (103, 75), (104, 75), (105, 75), (106, 75), (111, 15), (112, 15), (113, 15), (114, 15), (115, 15), (116, 15), (201, 1), (202, 1), (203, 1), (204, 1), (205, 1), (255, 1)]
P2_S14/anonymized/auditoryAphasia_HP_long_350_Block3_Run2.vhdr: [(101, 75), (102, 75), (103, 75), (104, 75), (105, 75), (106, 75), (111, 15), (112, 15), (113, 15), (114, 15), (115, 15), (116, 15), (201, 1), (202, 1), (203, 1), (204, 1), (205, 1), (255, 1)]
P2_S14/anonymized/auditoryAphasia_HP_short_250_Block1_Run4.vhdr: [(101, 75), (102, 75), (103, 75), (104, 75), (105, 75), (106, 75), (111, 15), (112, 15), (113, 15), (114, 15), (115, 15), (116, 15), (201, 1), (202, 1), (203, 1), (204, 1), (205, 1), (255, 1)]
P2_S14/anonymized/auditoryAphasia_HP_short_250_Block2_Run4.vhdr: [(101, 75), (102, 75), (103, 75), (104, 75), (105, 75), (106, 75), (111, 15), (112, 15), (113, 15), (114, 15), (115, 15), (116, 15), (201, 1), (202, 1), (203, 1), (204, 1), (205, 1), (255, 1)]
P2_S14/anonymized/auditoryAphasia_HP_short_250_Block3_Run4.vhdr: [(101, 75), (102, 75), (103, 75), (104, 75), (105, 75), (106, 75), (111, 15), (112, 15), (113, 15), (114, 15), (115, 15), (116, 15), (201, 1), (202, 1), (203, 1), (204, 1), (205, 1), (255, 1)]

End of log file
