2025-05-21 18:23:21
Patient 7 marker information of all sessions 1-28

Common markers across all runs, for each session
Session 1: [101, 102, 103, 104, 105, 106, 111, 112, 113, 114, 115, 116, 200, 201, 202, 203, 204, 205, 210, 255, 99999]
Session 2: [101, 102, 103, 104, 105, 106, 111, 112, 113, 114, 115, 116, 200, 201, 202, 203, 204, 205, 210, 255, 99999]
Session 3: [101, 102, 103, 104, 105, 106, 111, 112, 113, 114, 115, 116, 200, 201, 202, 203, 204, 205, 210, 211, 255, 99999]
Session 4: [101, 102, 103, 104, 105, 106, 111, 112, 113, 114, 115, 116, 200, 201, 202, 203, 204, 205, 210, 211, 255, 99999]
Session 5: [101, 102, 103, 104, 105, 106, 111, 112, 113, 114, 115, 116, 200, 201, 202, 203, 204, 205, 210, 211, 255, 99999]
Session 6: [101, 102, 103, 104, 105, 106, 111, 112, 113, 114, 115, 116, 200, 201, 202, 203, 204, 205, 210, 211, 255, 99999]
Session 7: [101, 102, 103, 104, 105, 106, 111, 112, 113, 114, 115, 116, 200, 201, 202, 203, 204, 205, 210, 211, 255, 99999]
Session 8: [101, 102, 103, 104, 105, 106, 111, 112, 113, 114, 115, 116, 200, 201, 202, 203, 204, 205, 210, 211, 255, 99999]
Session 9: [101, 102, 103, 104, 105, 106, 111, 112, 113, 114, 115, 116, 200, 201, 202, 203, 204, 205, 210, 211, 255, 99999]
Session 10: [101, 102, 103, 104, 105, 106, 111, 112, 113, 114, 115, 116, 200, 201, 202, 203, 204, 205, 210, 211, 255, 99999]
Session 11: [101, 102, 103, 104, 105, 106, 111, 112, 113, 114, 115, 116, 200, 201, 202, 203, 204, 205, 210, 211, 255, 99999]
Session 12: [101, 102, 103, 104, 105, 106, 111, 112, 113, 114, 115, 116, 200, 201, 202, 203, 204, 205, 210, 211, 255, 99999]
Session 13: [101, 102, 103, 104, 105, 106, 111, 112, 113, 114, 115, 116, 200, 201, 202, 203, 204, 205, 210, 211, 255, 99999]
Session 14: [101, 102, 103, 104, 105, 106, 111, 112, 113, 114, 115, 116, 200, 201, 202, 203, 204, 205, 210, 211, 255, 99999]
Session 15: [101, 102, 103, 104, 105, 106, 111, 112, 113, 114, 115, 116, 200, 201, 202, 203, 204, 205, 210, 211, 255, 99999]
Session 16: [101, 102, 103, 104, 105, 106, 111, 112, 113, 114, 115, 116, 200, 201, 202, 203, 204, 205, 210, 211, 255, 99999]
Session 17: [101, 102, 103, 104, 105, 106, 111, 112, 113, 114, 115, 116, 200, 201, 202, 203, 204, 205, 210, 211, 255, 99999]
Session 18: [101, 102, 103, 104, 105, 106, 111, 112, 113, 114, 115, 116, 200, 201, 202, 203, 204, 205, 210, 211, 255, 99999]
Session 19: [101, 102, 103, 104, 105, 106, 111, 112, 113, 114, 115, 116, 200, 201, 202, 203, 204, 205, 210, 211, 255, 99999]
Session 20: [101, 102, 103, 104, 105, 106, 111, 112, 113, 114, 115, 116, 200, 201, 202, 203, 204, 205, 210, 211, 255, 99999]
Session 21: [101, 102, 103, 104, 105, 106, 111, 112, 113, 114, 115, 116, 200, 201, 202, 203, 204, 205, 210, 211, 255, 99999]
Session 22: [101, 102, 103, 104, 105, 106, 111, 112, 113, 114, 115, 116, 200, 201, 202, 203, 204, 205, 210, 211, 255, 99999]
Session 23: [101, 102, 103, 104, 105, 106, 111, 112, 113, 114, 115, 116, 200, 201, 202, 203, 204, 205, 210, 211, 255, 99999]
Session 24: [101, 102, 103, 104, 105, 106, 111, 112, 113, 114, 115, 116, 200, 201, 202, 203, 204, 205, 210, 211, 255, 99999]
Session 25: [101, 102, 103, 104, 105, 106, 111, 112, 113, 114, 115, 116, 200, 201, 202, 203, 204, 205, 210, 211, 255, 99999]
Session 26: [101, 102, 103, 104, 105, 106, 111, 112, 113, 114, 115, 116, 200, 201, 202, 203, 204, 205, 210, 211, 255, 99999]
Session 27: [101, 102, 103, 104, 105, 106, 111, 112, 113, 114, 115, 116, 200, 201, 202, 203, 204, 205, 210, 211, 255, 99999]
Session 28: [101, 102, 103, 104, 105, 106, 111, 112, 113, 114, 115, 116, 200, 201, 202, 203, 204, 205, 210, 255, 99999]

Markers that do not appear in all runs, for each session
Session 1: -
Session 2: {10001}
Session 3: {10001}
Session 4: {10001}
Session 5: {10001}
Session 6: -
Session 7: {10001}
Session 8: {10001}
Session 9: -
Session 10: -
Session 11: {10001}
Session 12: {10001}
Session 13: {10001}
Session 14: {10001}
Session 15: -
Session 16: {10001}
Session 17: -
Session 18: -
Session 19: {10001}
Session 20: -
Session 21: {10001}
Session 22: {10001}
Session 23: {10001}
Session 24: -
Session 25: {10001}
Session 26: -
Session 27: -
Session 28: -

Searching for the uncommon markers: [10001]
[filename]: [(marker, count)]
P7_S2/anonymized/auditoryAphasia_6D_long_350_Block1_Run1.vhdr: [(10001, 1)]
P7_S3/anonymized/auditoryAphasia_6D_350_Block1_Run3.vhdr: [(10001, 3)]
P7_S4/anonymized/auditoryAphasia_6D_350_Block1_Run2.vhdr: [(10001, 2)]
P7_S5/anonymized/auditoryAphasia_6D_350_Block1_Run2.vhdr: [(10001, 2)]
P7_S7/anonymized/auditoryAphasia_6D_350_Block1_Run1.vhdr: [(10001, 1)]
P7_S7/anonymized/auditoryAphasia_6D_350_Block1_Run3.vhdr: [(10001, 2)]
P7_S8/anonymized/auditoryAphasia_6D_350_Block2_Run2.vhdr: [(10001, 1)]
P7_S11/anonymized/auditoryAphasia_6D_350_Block1_Run5.vhdr: [(10001, 1)]
P7_S12/anonymized/auditoryAphasia_6D_350_Block1_Run2.vhdr: [(10001, 3)]
P7_S13/anonymized/auditoryAphasia_6D_350_Block1_Run6.vhdr: [(10001, 1)]
P7_S14/anonymized/auditoryAphasia_6D_350_Block1_Run1.vhdr: [(10001, 2)]
P7_S14/anonymized/auditoryAphasia_6D_350_Block1_Run2.vhdr: [(10001, 1)]
P7_S16/anonymized/auditoryAphasia_6D_350_Block1_Run5.vhdr: [(10001, 1)]
P7_S19/anonymized/auditoryAphasia_6D_350_Block1_Run6.vhdr: [(10001, 1)]
P7_S21/anonymized/auditoryAphasia_6D_350_Block1_Run4.vhdr: [(10001, 4)]
P7_S21/anonymized/auditoryAphasia_6D_350_Block1_Run5.vhdr: [(10001, 1)]
P7_S22/anonymized/auditoryAphasia_6D_350_Block1_Run5.vhdr: [(10001, 2)]
P7_S23/anonymized/auditoryAphasia_6D_350_Block1_Run5.vhdr: [(10001, 1)]
P7_S23/anonymized/auditoryAphasia_6D_350_Block2_Run1.vhdr: [(10001, 1)]
P7_S25/anonymized/auditoryAphasia_6D_350_Block1_Run4.vhdr: [(10001, 1)]

End of log file
