2025-05-21 18:25:49
Patient 8 marker information of all sessions 1-19

Common markers across all runs, for each session
Session 1: [101, 102, 103, 104, 105, 106, 111, 112, 113, 114, 115, 116, 200, 201, 202, 203, 204, 205, 210, 255, 99999]
Session 2: [101, 102, 103, 104, 105, 106, 111, 112, 113, 114, 115, 116, 200, 201, 202, 203, 204, 205, 210, 255, 99999]
Session 3: [101, 102, 103, 104, 105, 106, 111, 112, 113, 114, 115, 116, 200, 201, 202, 203, 204, 205, 210, 255, 99999]
Session 4: [101, 102, 103, 104, 105, 106, 111, 112, 113, 114, 115, 116, 200, 201, 202, 203, 204, 205, 210, 211, 255, 99999]
Session 5: [101, 102, 103, 104, 105, 106, 111, 112, 113, 114, 115, 116, 200, 201, 202, 203, 204, 205, 210, 211, 255, 99999]
Session 6: [101, 102, 103, 104, 105, 106, 111, 112, 113, 114, 115, 116, 200, 201, 202, 203, 204, 205, 210, 211, 255, 99999]
Session 7: [101, 102, 103, 104, 105, 106, 111, 112, 113, 114, 115, 116, 200, 201, 202, 203, 204, 205, 210, 211, 255, 99999]
Session 8: [101, 102, 103, 104, 105, 106, 111, 112, 113, 114, 115, 116, 200, 201, 202, 203, 204, 205, 210, 211, 255, 99999]
Session 9: [101, 102, 103, 104, 105, 106, 111, 112, 113, 114, 115, 116, 200, 201, 202, 203, 204, 205, 210, 211, 255, 99999]
Session 10: [101, 102, 103, 104, 105, 106, 111, 112, 113, 114, 115, 116, 200, 201, 202, 203, 204, 205, 210, 211, 255, 99999]
Session 11: [101, 102, 103, 104, 105, 106, 111, 112, 113, 114, 115, 116, 200, 201, 202, 203, 204, 205, 210, 211, 255, 99999]
Session 12: [101, 102, 103, 104, 105, 106, 111, 112, 113, 114, 115, 116, 200, 201, 202, 203, 204, 205, 210, 211, 255, 99999]
Session 13: [101, 102, 103, 104, 105, 106, 111, 112, 113, 114, 115, 116, 200, 201, 202, 203, 204, 205, 210, 211, 255, 99999]
Session 14: [101, 102, 103, 104, 105, 106, 111, 112, 113, 114, 115, 116, 200, 201, 202, 203, 204, 205, 210, 211, 255, 99999]
Session 15: [101, 102, 103, 104, 105, 106, 111, 112, 113, 114, 115, 116, 200, 201, 202, 203, 204, 205, 210, 211, 255, 99999]
Session 16: [101, 102, 103, 104, 105, 106, 111, 112, 113, 114, 115, 116, 200, 201, 202, 203, 204, 205, 210, 211, 255, 99999]
Session 17: [101, 102, 103, 104, 105, 106, 111, 112, 113, 114, 115, 116, 200, 201, 202, 203, 204, 205, 210, 211, 255, 99999]
Session 18: [101, 102, 103, 104, 105, 106, 111, 112, 113, 114, 115, 116, 200, 201, 202, 203, 204, 205, 210, 211, 255, 99999]
Session 19: [101, 102, 103, 104, 105, 106, 111, 112, 113, 114, 115, 116, 200, 201, 202, 203, 204, 205, 210, 255, 99999]

Markers that do not appear in all runs, for each session
Session 1: {214}
Session 2: {10001}
Session 3: {10001}
Session 4: -
Session 5: -
Session 6: -
Session 7: -
Session 8: -
Session 9: -
Session 10: -
Session 11: {10001, 251, 247}
Session 12: -
Session 13: {251, 247}
Session 14: {10001, 251}
Session 15: {10001}
Session 16: {251}
Session 17: {251, 247}
Session 18: {243, 251}
Session 19: -

Searching for the uncommon markers: [  214   243   247   251 10001]
[filename]: [(marker, count)]
P8_S1/anonymized/auditoryAphasia_HP_long_350_Block2_Run2.vhdr: [(214, 1)]
P8_S2/anonymized/auditoryAphasia_6D_long_350_Block1_Run1.vhdr: [(10001, 1)]
P8_S2/anonymized/auditoryAphasia_6D_long_350_Block2_Run1.vhdr: [(10001, 1)]
P8_S3/anonymized/auditoryAphasia_6D_long_350_Block4_Run1.vhdr: [(10001, 1)]
P8_S11/anonymized/auditoryAphasia_HP_250_Block2_Run4.vhdr: [(247, 1)]
P8_S11/anonymized/auditoryAphasia_HP_250_Block2_Run5.vhdr: [(251, 1)]
P8_S11/anonymized/auditoryAphasia_HP_250_Block2_Run6.vhdr: [(251, 1)]
P8_S11/anonymized/auditoryAphasia_HP_250_Block4_Run1.vhdr: [(10001, 1)]
P8_S13/anonymized/auditoryAphasia_HP_250_Block2_Run5.vhdr: [(251, 1)]
P8_S13/anonymized/auditoryAphasia_HP_250_Block2_Run6.vhdr: [(247, 1)]
P8_S14/anonymized/auditoryAphasia_HP_250_Block3_Run1.vhdr: [(251, 1)]
P8_S14/anonymized/auditoryAphasia_HP_250_Block3_Run2.vhdr: [(251, 1)]
P8_S14/anonymized/auditoryAphasia_HP_250_Block3_Run4.vhdr: [(10001, 1)]
P8_S14/anonymized/auditoryAphasia_HP_250_Block3_Run6.vhdr: [(10001, 1)]
P8_S15/anonymized/auditoryAphasia_HP_250_Block3_Run2.vhdr: [(10001, 1)]
P8_S16/anonymized/auditoryAphasia_HP_250_Block1_Run3.vhdr: [(251, 1)]
P8_S16/anonymized/auditoryAphasia_HP_250_Block2_Run6.vhdr: [(251, 1)]
P8_S17/anonymized/auditoryAphasia_HP_250_Block1_Run2.vhdr: [(247, 1), (251, 1)]
P8_S17/anonymized/auditoryAphasia_HP_250_Block3_Run2.vhdr: [(251, 1)]
P8_S18/anonymized/auditoryAphasia_HP_250_Block2_Run2.vhdr: [(243, 1)]
P8_S18/anonymized/auditoryAphasia_HP_250_Block3_Run4.vhdr: [(251, 1)]

End of log file
