Patient 2 marker information of all sessions 1-14
-------------------- Unique markers --------------------
[  101   102   103   104   105   106   111   112   113   114   115   116
   200   201   202   203   204   205   206   207   255 10001 99999]
-------------------- Marker information --------------------
New Segment/:99999
Stimulus/S101:101
Stimulus/S102:102
Stimulus/S103:103
Stimulus/S104:104
Stimulus/S105:105
Stimulus/S106:106
Stimulus/S111:111
Stimulus/S112:112
Stimulus/S113:113
Stimulus/S114:114
Stimulus/S115:115
Stimulus/S116:116
Stimulus/S200:200
Stimulus/S201:201
Stimulus/S202:202
Stimulus/S203:203
Stimulus/S204:204
Stimulus/S205:205
Stimulus/S255:255
Stimulus/S206:206
DC Correction/:10001
Stimulus/S207:207
-------------------- Loaded filenames --------------------
P2_S1/anonymized/auditoryAphasia_6D_long_350_Block1_Run1.vhdr
P2_S1/anonymized/auditoryAphasia_6D_long_350_Block2_Run1.vhdr
P2_S1/anonymized/auditoryAphasia_6D_long_350_Block3_Run1.vhdr
P2_S1/anonymized/auditoryAphasia_6D_short_250_Block1_Run4.vhdr
P2_S1/anonymized/auditoryAphasia_6D_short_250_Block2_Run3.vhdr
P2_S1/anonymized/auditoryAphasia_6D_short_250_Block3_Run3.vhdr
P2_S1/anonymized/auditoryAphasia_HP_long_350_Block1_Run2.vhdr
P2_S1/anonymized/auditoryAphasia_HP_long_350_Block2_Run2.vhdr
P2_S1/anonymized/auditoryAphasia_HP_long_350_Block3_Run2.vhdr
P2_S1/anonymized/auditoryAphasia_HP_short_250_Block1_Run5.vhdr
P2_S1/anonymized/auditoryAphasia_HP_short_250_Block2_Run4.vhdr
P2_S1/anonymized/auditoryAphasia_HP_short_250_Block3_Run4.vhdr
P2_S2/anonymized/auditoryAphasia_6D_long_350_Block1_Run1.vhdr
P2_S2/anonymized/auditoryAphasia_6D_long_350_Block2_Run1.vhdr
P2_S2/anonymized/auditoryAphasia_6D_long_350_Block3_Run1.vhdr
P2_S2/anonymized/auditoryAphasia_6D_long_350_Block4_Run1.vhdr
P2_S2/anonymized/auditoryAphasia_6D_long_350_Block5_Run1.vhdr
P2_S2/anonymized/auditoryAphasia_6D_short_250_Block1_Run3.vhdr
P2_S2/anonymized/auditoryAphasia_6D_short_250_Block2_Run3.vhdr
P2_S2/anonymized/auditoryAphasia_6D_short_250_Block3_Run3.vhdr
P2_S2/anonymized/auditoryAphasia_6D_short_250_Block4_Run3.vhdr
P2_S2/anonymized/auditoryAphasia_HP_long_350_Block1_Run2.vhdr
P2_S2/anonymized/auditoryAphasia_HP_long_350_Block2_Run2.vhdr
P2_S2/anonymized/auditoryAphasia_HP_long_350_Block3_Run2.vhdr
P2_S2/anonymized/auditoryAphasia_HP_long_350_Block4_Run2.vhdr
P2_S2/anonymized/auditoryAphasia_HP_short_250_Block1_Run4.vhdr
P2_S2/anonymized/auditoryAphasia_HP_short_250_Block2_Run4.vhdr
P2_S2/anonymized/auditoryAphasia_HP_short_250_Block3_Run4.vhdr
P2_S2/anonymized/auditoryAphasia_HP_short_250_Block4_Run4.vhdr
P2_S3/anonymized/auditoryAphasia_6D_350_Block1_Run1.vhdr
P2_S3/anonymized/auditoryAphasia_6D_350_Block1_Run2.vhdr
P2_S3/anonymized/auditoryAphasia_6D_350_Block1_Run3.vhdr
P2_S3/anonymized/auditoryAphasia_6D_350_Block1_Run4.vhdr
P2_S3/anonymized/auditoryAphasia_6D_350_Block1_Run5.vhdr
P2_S3/anonymized/auditoryAphasia_6D_350_Block1_Run6.vhdr
P2_S3/anonymized/auditoryAphasia_6D_350_Block2_Run1.vhdr
P2_S3/anonymized/auditoryAphasia_6D_350_Block2_Run2.vhdr
P2_S3/anonymized/auditoryAphasia_6D_350_Block2_Run3.vhdr
P2_S3/anonymized/auditoryAphasia_6D_350_Block2_Run4.vhdr
P2_S3/anonymized/auditoryAphasia_6D_350_Block2_Run5.vhdr
P2_S3/anonymized/auditoryAphasia_6D_350_Block2_Run6.vhdr
P2_S3/anonymized/auditoryAphasia_6D_350_Block3_Run1.vhdr
P2_S3/anonymized/auditoryAphasia_6D_350_Block3_Run2.vhdr
P2_S3/anonymized/auditoryAphasia_6D_350_Block3_Run3.vhdr
P2_S3/anonymized/auditoryAphasia_6D_350_Block3_Run4.vhdr
P2_S3/anonymized/auditoryAphasia_6D_350_Block3_Run5.vhdr
P2_S3/anonymized/auditoryAphasia_6D_350_Block3_Run6.vhdr
P2_S3/anonymized/auditoryAphasia_6D_350_Block4_Run1.vhdr
P2_S3/anonymized/auditoryAphasia_6D_350_Block4_Run2.vhdr
P2_S4/anonymized/auditoryAphasia_6D_350_Block1_Run1.vhdr
P2_S4/anonymized/auditoryAphasia_6D_350_Block1_Run2.vhdr
P2_S4/anonymized/auditoryAphasia_6D_350_Block1_Run3.vhdr
P2_S4/anonymized/auditoryAphasia_6D_350_Block1_Run4.vhdr
P2_S4/anonymized/auditoryAphasia_6D_350_Block1_Run5.vhdr
P2_S4/anonymized/auditoryAphasia_6D_350_Block1_Run6.vhdr
P2_S4/anonymized/auditoryAphasia_6D_350_Block2_Run1.vhdr
P2_S4/anonymized/auditoryAphasia_6D_350_Block2_Run2.vhdr
P2_S4/anonymized/auditoryAphasia_6D_350_Block2_Run3.vhdr
P2_S4/anonymized/auditoryAphasia_6D_350_Block2_Run4.vhdr
P2_S4/anonymized/auditoryAphasia_6D_350_Block2_Run5.vhdr
P2_S4/anonymized/auditoryAphasia_6D_350_Block2_Run6.vhdr
P2_S4/anonymized/auditoryAphasia_6D_350_Block3_Run1.vhdr
P2_S4/anonymized/auditoryAphasia_6D_350_Block3_Run2.vhdr
P2_S4/anonymized/auditoryAphasia_6D_350_Block3_Run3.vhdr
P2_S4/anonymized/auditoryAphasia_6D_350_Block3_Run4.vhdr
P2_S4/anonymized/auditoryAphasia_6D_350_Block3_Run5.vhdr
P2_S4/anonymized/auditoryAphasia_6D_350_Block3_Run6.vhdr
P2_S4/anonymized/auditoryAphasia_6D_350_Block4_Run1.vhdr
P2_S4/anonymized/auditoryAphasia_6D_350_Block4_Run2.vhdr
P2_S5/anonymized/auditoryAphasia_6D_350_Block1_Run1.vhdr
P2_S5/anonymized/auditoryAphasia_6D_350_Block1_Run2.vhdr
P2_S5/anonymized/auditoryAphasia_6D_350_Block1_Run3.vhdr
P2_S5/anonymized/auditoryAphasia_6D_350_Block1_Run4.vhdr
P2_S5/anonymized/auditoryAphasia_6D_350_Block1_Run5.vhdr
P2_S5/anonymized/auditoryAphasia_6D_350_Block1_Run6.vhdr
P2_S5/anonymized/auditoryAphasia_6D_350_Block2_Run1.vhdr
P2_S5/anonymized/auditoryAphasia_6D_350_Block2_Run2.vhdr
P2_S5/anonymized/auditoryAphasia_6D_350_Block2_Run3.vhdr
P2_S5/anonymized/auditoryAphasia_6D_350_Block2_Run4.vhdr
P2_S5/anonymized/auditoryAphasia_6D_350_Block2_Run5.vhdr
P2_S5/anonymized/auditoryAphasia_6D_350_Block2_Run6.vhdr
P2_S5/anonymized/auditoryAphasia_6D_350_Block3_Run1.vhdr
P2_S5/anonymized/auditoryAphasia_6D_350_Block3_Run2.vhdr
P2_S5/anonymized/auditoryAphasia_6D_350_Block3_Run3.vhdr
P2_S5/anonymized/auditoryAphasia_6D_350_Block3_Run4.vhdr
P2_S5/anonymized/auditoryAphasia_6D_350_Block3_Run5.vhdr
P2_S5/anonymized/auditoryAphasia_6D_350_Block3_Run6.vhdr
P2_S5/anonymized/auditoryAphasia_6D_350_Block4_Run1.vhdr
P2_S5/anonymized/auditoryAphasia_6D_350_Block4_Run2.vhdr
P2_S5/anonymized/auditoryAphasia_6D_350_Block4_Run3.vhdr
P2_S5/anonymized/auditoryAphasia_6D_350_Block4_Run4.vhdr
P2_S5/anonymized/auditoryAphasia_6D_350_Block4_Run5.vhdr
P2_S6/anonymized/auditoryAphasia_6D_350_Block1_Run1.vhdr
P2_S6/anonymized/auditoryAphasia_6D_350_Block1_Run2.vhdr
P2_S6/anonymized/auditoryAphasia_6D_350_Block1_Run3.vhdr
P2_S6/anonymized/auditoryAphasia_6D_350_Block1_Run4.vhdr
P2_S6/anonymized/auditoryAphasia_6D_350_Block1_Run5.vhdr
P2_S6/anonymized/auditoryAphasia_6D_350_Block1_Run6.vhdr
P2_S6/anonymized/auditoryAphasia_6D_350_Block2_Run1.vhdr
P2_S6/anonymized/auditoryAphasia_6D_350_Block2_Run2.vhdr
P2_S6/anonymized/auditoryAphasia_6D_350_Block2_Run3.vhdr
P2_S6/anonymized/auditoryAphasia_6D_350_Block2_Run4.vhdr
P2_S6/anonymized/auditoryAphasia_6D_350_Block2_Run5.vhdr
P2_S6/anonymized/auditoryAphasia_6D_350_Block2_Run6.vhdr
P2_S6/anonymized/auditoryAphasia_6D_350_Block3_Run1.vhdr
P2_S6/anonymized/auditoryAphasia_6D_350_Block3_Run2.vhdr
P2_S6/anonymized/auditoryAphasia_6D_350_Block3_Run3.vhdr
P2_S6/anonymized/auditoryAphasia_6D_350_Block3_Run4.vhdr
P2_S6/anonymized/auditoryAphasia_6D_350_Block3_Run5.vhdr
P2_S6/anonymized/auditoryAphasia_6D_350_Block3_Run6.vhdr
P2_S6/anonymized/auditoryAphasia_6D_350_Block4_Run1.vhdr
P2_S7/anonymized/auditoryAphasia_6D_350_Block1_Run1.vhdr
P2_S7/anonymized/auditoryAphasia_6D_350_Block1_Run2.vhdr
P2_S7/anonymized/auditoryAphasia_6D_350_Block1_Run3.vhdr
P2_S7/anonymized/auditoryAphasia_6D_350_Block1_Run4.vhdr
P2_S7/anonymized/auditoryAphasia_6D_350_Block1_Run5.vhdr
P2_S7/anonymized/auditoryAphasia_6D_350_Block1_Run6.vhdr
P2_S7/anonymized/auditoryAphasia_6D_350_Block2_Run1.vhdr
P2_S7/anonymized/auditoryAphasia_6D_350_Block2_Run2.vhdr
P2_S7/anonymized/auditoryAphasia_6D_350_Block2_Run3.vhdr
P2_S7/anonymized/auditoryAphasia_6D_350_Block2_Run4.vhdr
P2_S7/anonymized/auditoryAphasia_6D_350_Block2_Run5.vhdr
P2_S7/anonymized/auditoryAphasia_6D_350_Block2_Run6.vhdr
P2_S7/anonymized/auditoryAphasia_6D_350_Block3_Run1.vhdr
P2_S7/anonymized/auditoryAphasia_6D_350_Block3_Run2.vhdr
P2_S8/anonymized/auditoryAphasia_6D_350_Block1_Run1.vhdr
P2_S8/anonymized/auditoryAphasia_6D_350_Block1_Run2.vhdr
P2_S8/anonymized/auditoryAphasia_6D_350_Block1_Run3.vhdr
P2_S8/anonymized/auditoryAphasia_6D_350_Block1_Run4.vhdr
P2_S8/anonymized/auditoryAphasia_6D_350_Block1_Run5.vhdr
P2_S8/anonymized/auditoryAphasia_6D_350_Block1_Run6.vhdr
P2_S8/anonymized/auditoryAphasia_6D_350_Block2_Run1.vhdr
P2_S8/anonymized/auditoryAphasia_6D_350_Block2_Run2.vhdr
P2_S8/anonymized/auditoryAphasia_6D_350_Block2_Run3.vhdr
P2_S8/anonymized/auditoryAphasia_6D_350_Block2_Run4.vhdr
P2_S8/anonymized/auditoryAphasia_6D_350_Block2_Run5.vhdr
P2_S8/anonymized/auditoryAphasia_6D_350_Block2_Run6.vhdr
P2_S8/anonymized/auditoryAphasia_6D_350_Block3_Run1.vhdr
P2_S8/anonymized/auditoryAphasia_6D_350_Block3_Run2.vhdr
P2_S8/anonymized/auditoryAphasia_6D_350_Block3_Run3.vhdr
P2_S8/anonymized/auditoryAphasia_6D_350_Block3_Run4.vhdr
P2_S8/anonymized/auditoryAphasia_6D_350_Block3_Run5.vhdr
P2_S8/anonymized/auditoryAphasia_6D_350_Block3_Run6.vhdr
P2_S9/anonymized/auditoryAphasia_6D_350_Block1_Run1.vhdr
P2_S9/anonymized/auditoryAphasia_6D_350_Block1_Run2.vhdr
P2_S9/anonymized/auditoryAphasia_6D_350_Block1_Run3.vhdr
P2_S9/anonymized/auditoryAphasia_6D_350_Block1_Run4.vhdr
P2_S9/anonymized/auditoryAphasia_6D_350_Block1_Run5.vhdr
P2_S9/anonymized/auditoryAphasia_6D_350_Block1_Run6.vhdr
P2_S9/anonymized/auditoryAphasia_6D_350_Block2_Run1.vhdr
P2_S9/anonymized/auditoryAphasia_6D_350_Block2_Run2.vhdr
P2_S9/anonymized/auditoryAphasia_6D_350_Block2_Run3.vhdr
P2_S9/anonymized/auditoryAphasia_6D_350_Block2_Run4.vhdr
P2_S9/anonymized/auditoryAphasia_6D_350_Block2_Run5.vhdr
P2_S9/anonymized/auditoryAphasia_6D_350_Block2_Run6.vhdr
P2_S9/anonymized/auditoryAphasia_6D_350_Block3_Run1.vhdr
P2_S9/anonymized/auditoryAphasia_6D_350_Block3_Run2.vhdr
P2_S10/anonymized/auditoryAphasia_6D_350_Block1_Run1.vhdr
P2_S10/anonymized/auditoryAphasia_6D_350_Block1_Run2.vhdr
P2_S10/anonymized/auditoryAphasia_6D_350_Block1_Run3.vhdr
P2_S10/anonymized/auditoryAphasia_6D_350_Block1_Run4.vhdr
P2_S10/anonymized/auditoryAphasia_6D_350_Block1_Run5.vhdr
P2_S10/anonymized/auditoryAphasia_6D_350_Block1_Run6.vhdr
P2_S10/anonymized/auditoryAphasia_6D_350_Block2_Run1.vhdr
P2_S10/anonymized/auditoryAphasia_6D_350_Block2_Run2.vhdr
P2_S10/anonymized/auditoryAphasia_6D_350_Block2_Run3.vhdr
P2_S10/anonymized/auditoryAphasia_6D_350_Block2_Run4.vhdr
P2_S10/anonymized/auditoryAphasia_6D_350_Block2_Run5.vhdr
P2_S10/anonymized/auditoryAphasia_6D_350_Block2_Run6.vhdr
P2_S10/anonymized/auditoryAphasia_6D_350_Block3_Run1.vhdr
P2_S10/anonymized/auditoryAphasia_6D_350_Block3_Run2.vhdr
P2_S10/anonymized/auditoryAphasia_6D_350_Block3_Run3.vhdr
P2_S10/anonymized/auditoryAphasia_6D_350_Block3_Run4.vhdr
P2_S10/anonymized/auditoryAphasia_6D_350_Block3_Run5.vhdr
P2_S10/anonymized/auditoryAphasia_6D_350_Block3_Run6.vhdr
P2_S10/anonymized/auditoryAphasia_6D_350_Block4_Run1.vhdr
P2_S10/anonymized/auditoryAphasia_6D_350_Block4_Run2.vhdr
P2_S10/anonymized/auditoryAphasia_6D_350_Block4_Run3.vhdr
P2_S11/anonymized/auditoryAphasia_6D_350_Block1_Run1.vhdr
P2_S11/anonymized/auditoryAphasia_6D_350_Block1_Run2.vhdr
P2_S11/anonymized/auditoryAphasia_6D_350_Block1_Run3.vhdr
P2_S11/anonymized/auditoryAphasia_6D_350_Block1_Run4.vhdr
P2_S11/anonymized/auditoryAphasia_6D_350_Block1_Run5.vhdr
P2_S11/anonymized/auditoryAphasia_6D_350_Block1_Run6.vhdr
P2_S11/anonymized/auditoryAphasia_6D_500_Block2_Run1.vhdr
P2_S11/anonymized/auditoryAphasia_6D_500_Block2_Run2.vhdr
P2_S11/anonymized/auditoryAphasia_6D_500_Block2_Run3.vhdr
P2_S11/anonymized/auditoryAphasia_6D_500_Block2_Run4.vhdr
P2_S11/anonymized/auditoryAphasia_6D_500_Block2_Run5.vhdr
P2_S11/anonymized/auditoryAphasia_6D_500_Block2_Run6.vhdr
P2_S11/anonymized/auditoryAphasia_6D_500_Block3_Run1.vhdr
P2_S11/anonymized/auditoryAphasia_6D_500_Block3_Run2.vhdr
P2_S11/anonymized/auditoryAphasia_6D_500_Block3_Run3.vhdr
P2_S11/anonymized/auditoryAphasia_6D_500_Block3_Run4.vhdr
P2_S11/anonymized/auditoryAphasia_6D_500_Block3_Run5.vhdr
P2_S12/anonymized/auditoryAphasia_6D_500_Block1_Run1.vhdr
P2_S12/anonymized/auditoryAphasia_6D_500_Block1_Run2.vhdr
P2_S12/anonymized/auditoryAphasia_6D_500_Block1_Run3.vhdr
P2_S12/anonymized/auditoryAphasia_6D_500_Block1_Run4.vhdr
P2_S12/anonymized/auditoryAphasia_6D_500_Block1_Run5.vhdr
P2_S12/anonymized/auditoryAphasia_6D_500_Block1_Run6.vhdr
P2_S12/anonymized/auditoryAphasia_6D_500_Block2_Run1.vhdr
P2_S12/anonymized/auditoryAphasia_6D_500_Block2_Run2.vhdr
P2_S12/anonymized/auditoryAphasia_6D_500_Block2_Run3.vhdr
P2_S12/anonymized/auditoryAphasia_6D_500_Block2_Run4.vhdr
P2_S12/anonymized/auditoryAphasia_6D_500_Block2_Run5.vhdr
P2_S12/anonymized/auditoryAphasia_6D_500_Block2_Run6.vhdr
P2_S12/anonymized/auditoryAphasia_6D_500_Block3_Run1.vhdr
P2_S12/anonymized/auditoryAphasia_6D_500_Block3_Run2.vhdr
P2_S13/anonymized/auditoryAphasia_6D_350_Block1_Run1.vhdr
P2_S13/anonymized/auditoryAphasia_6D_350_Block1_Run2.vhdr
P2_S13/anonymized/auditoryAphasia_6D_350_Block1_Run3.vhdr
P2_S13/anonymized/auditoryAphasia_6D_350_Block1_Run4.vhdr
P2_S13/anonymized/auditoryAphasia_6D_350_Block1_Run5.vhdr
P2_S13/anonymized/auditoryAphasia_6D_350_Block1_Run6.vhdr
P2_S13/anonymized/auditoryAphasia_6D_350_Block2_Run1.vhdr
P2_S13/anonymized/auditoryAphasia_6D_350_Block2_Run2.vhdr
P2_S13/anonymized/auditoryAphasia_6D_350_Block2_Run3.vhdr
P2_S13/anonymized/auditoryAphasia_6D_350_Block2_Run4.vhdr
P2_S13/anonymized/auditoryAphasia_6D_350_Block2_Run5.vhdr
P2_S13/anonymized/auditoryAphasia_6D_350_Block2_Run6.vhdr
P2_S13/anonymized/auditoryAphasia_6D_350_Block3_Run1.vhdr
P2_S13/anonymized/auditoryAphasia_6D_350_Block3_Run2.vhdr
P2_S13/anonymized/auditoryAphasia_6D_350_Block3_Run3.vhdr
P2_S13/anonymized/auditoryAphasia_6D_350_Block3_Run4.vhdr
P2_S13/anonymized/auditoryAphasia_6D_350_Block3_Run5.vhdr
P2_S14/anonymized/auditoryAphasia_6D_long_350_Block1_Run1.vhdr
P2_S14/anonymized/auditoryAphasia_6D_long_350_Block2_Run1.vhdr
P2_S14/anonymized/auditoryAphasia_6D_long_350_Block3_Run1.vhdr
P2_S14/anonymized/auditoryAphasia_6D_short_250_Block1_Run3.vhdr
P2_S14/anonymized/auditoryAphasia_6D_short_250_Block2_Run3.vhdr
P2_S14/anonymized/auditoryAphasia_6D_short_250_Block3_Run3.vhdr
P2_S14/anonymized/auditoryAphasia_HP_long_350_Block1_Run2.vhdr
P2_S14/anonymized/auditoryAphasia_HP_long_350_Block2_Run2.vhdr
P2_S14/anonymized/auditoryAphasia_HP_long_350_Block3_Run2.vhdr
P2_S14/anonymized/auditoryAphasia_HP_short_250_Block1_Run4.vhdr
P2_S14/anonymized/auditoryAphasia_HP_short_250_Block2_Run4.vhdr
P2_S14/anonymized/auditoryAphasia_HP_short_250_Block3_Run4.vhdr