2025-05-21 18:05:10
Patient 1 marker information of all sessions 1-18

Common markers across all runs, for each session
Session 1: [101, 102, 103, 104, 105, 106, 111, 112, 113, 114, 115, 116, 200, 201, 202, 203, 204, 205, 255, 99999]
Session 2: [101, 102, 103, 104, 105, 106, 111, 112, 113, 114, 115, 116, 200, 201, 202, 203, 204, 205, 255, 99999]
Session 3: [101, 102, 103, 104, 105, 106, 111, 112, 113, 114, 115, 116, 200, 201, 202, 203, 204, 205, 255, 99999]
Session 4: [101, 102, 103, 104, 105, 106, 111, 112, 113, 114, 115, 116, 200, 201, 202, 203, 204, 205, 255, 99999]
Session 5: [101, 102, 103, 104, 105, 106, 111, 112, 113, 114, 115, 116, 200, 201, 202, 203, 204, 205, 255, 99999]
Session 6: [101, 102, 103, 104, 105, 106, 111, 112, 113, 114, 115, 116, 200, 201, 202, 203, 204, 205, 255, 99999]
Session 7: [101, 102, 103, 104, 105, 106, 111, 112, 113, 114, 115, 116, 200, 201, 202, 203, 204, 205, 255, 99999]
Session 8: [101, 102, 103, 104, 105, 106, 111, 112, 113, 114, 115, 116, 200, 201, 202, 203, 204, 205, 255, 99999]
Session 9: [101, 102, 103, 104, 105, 106, 111, 112, 113, 114, 115, 116, 200, 201, 202, 203, 204, 205, 255, 99999]
Session 10: [101, 102, 103, 104, 105, 106, 111, 112, 113, 114, 115, 116, 200, 201, 202, 203, 204, 205, 255, 99999]
Session 11: [101, 102, 103, 104, 105, 106, 111, 112, 113, 114, 115, 116, 200, 201, 202, 203, 204, 205, 255, 99999]
Session 12: [101, 102, 103, 104, 105, 106, 111, 112, 113, 114, 115, 116, 200, 201, 202, 203, 204, 205, 255, 99999]
Session 13: [101, 102, 103, 104, 105, 106, 111, 112, 113, 114, 115, 116, 200, 201, 202, 203, 204, 205, 255, 99999]
Session 14: [101, 102, 103, 104, 105, 106, 111, 112, 113, 114, 115, 116, 200, 201, 202, 203, 204, 205, 255, 99999]
Session 15: [101, 102, 103, 104, 105, 106, 111, 112, 113, 114, 115, 116, 200, 201, 202, 203, 204, 205, 255, 99999]
Session 16: [101, 102, 103, 104, 105, 106, 111, 112, 113, 114, 115, 116, 200, 201, 202, 203, 204, 205, 255, 99999]
Session 17: [101, 102, 103, 104, 105, 106, 111, 112, 113, 114, 115, 116, 200, 201, 202, 203, 204, 205, 255, 99999]
Session 18: [101, 102, 103, 104, 105, 106, 111, 112, 113, 114, 115, 116, 200, 201, 202, 203, 204, 205, 255, 99999]

Markers that do not appear in all runs, for each session
Session 1: -
Session 2: -
Session 3: {206}
Session 4: -
Session 5: {206}
Session 6: {207}
Session 7: {206}
Session 8: {206}
Session 9: {10001}
Session 10: {206, 207}
Session 11: -
Session 12: {206}
Session 13: {238, 207}
Session 14: {207}
Session 15: {207}
Session 16: -
Session 17: -
Session 18: {207}

Searching for the uncommon markers: [  206   207   238 10001]
[filename]: [(marker, count)]
P1_S3/anonymized/auditoryAphasia_6D_350_Block1_Run1.vhdr: [(206, 1)]
P1_S5/anonymized/auditoryAphasia_6D_350_Block2_Run1.vhdr: [(206, 1)]
P1_S6/anonymized/auditoryAphasia_6D_350_Block3_Run1.vhdr: [(207, 1)]
P1_S7/anonymized/auditoryAphasia_6D_350_Block1_Run2.vhdr: [(206, 1)]
P1_S8/anonymized/auditoryAphasia_6D_350_Block3_Run1.vhdr: [(206, 1)]
P1_S9/anonymized/auditoryAphasia_6D_350_Block1_Run6.vhdr: [(10001, 1)]
P1_S10/anonymized/auditoryAphasia_6D_350_Block2_Run6.vhdr: [(206, 1)]
P1_S10/anonymized/auditoryAphasia_6D_350_Block3_Run4.vhdr: [(207, 1)]
P1_S12/anonymized/auditoryAphasia_6D_350_Block3_Run2.vhdr: [(206, 1)]
P1_S13/anonymized/auditoryAphasia_6D_350_Block1_Run2.vhdr: [(207, 1)]
P1_S13/anonymized/auditoryAphasia_6D_350_Block2_Run5.vhdr: [(238, 1)]
P1_S14/anonymized/auditoryAphasia_6D_350_Block1_Run2.vhdr: [(207, 1)]
P1_S15/anonymized/auditoryAphasia_6D_350_Block4_Run4.vhdr: [(207, 1)]
P1_S18/anonymized/auditoryAphasia_6D_long_350_Block5_Run1.vhdr: [(207, 1)]

End of log file
