2025-05-21 22:57:18
Patient 2 marker information of all sessions 1-14

Common markers across all runs, for each session
Session 1: [101, 102, 103, 104, 105, 106, 111, 112, 113, 114, 115, 116, 200, 201, 202, 203, 204, 205, 255, 99999]
Session 2: [101, 102, 103, 104, 105, 106, 111, 112, 113, 114, 115, 116, 200, 201, 202, 203, 204, 205, 255, 99999]
Session 3: [101, 102, 103, 104, 105, 106, 111, 112, 113, 114, 115, 116, 200, 201, 202, 203, 204, 205, 255, 99999]
Session 4: [101, 102, 103, 104, 105, 106, 111, 112, 113, 114, 115, 116, 200, 201, 202, 203, 204, 205, 255, 99999]
Session 5: [101, 102, 103, 104, 105, 106, 111, 112, 113, 114, 115, 116, 200, 201, 202, 203, 204, 205, 255, 99999]
Session 6: [101, 102, 103, 104, 105, 106, 111, 112, 113, 114, 115, 116, 200, 201, 202, 203, 204, 205, 255, 99999]
Session 7: [101, 102, 103, 104, 105, 106, 111, 112, 113, 114, 115, 116, 200, 201, 202, 203, 204, 205, 255, 99999]
Session 8: [101, 102, 103, 104, 105, 106, 111, 112, 113, 114, 115, 116, 200, 201, 202, 203, 204, 205, 255, 99999]
Session 9: [101, 102, 103, 104, 105, 106, 111, 112, 113, 114, 115, 116, 200, 201, 202, 203, 204, 205, 255, 99999]
Session 10: [101, 102, 103, 104, 105, 106, 111, 112, 113, 114, 115, 116, 200, 201, 202, 203, 204, 205, 255, 99999]
Session 11: [101, 102, 103, 104, 105, 106, 111, 112, 113, 114, 115, 116, 200, 201, 202, 203, 204, 205, 255, 99999]
Session 12: [101, 102, 103, 104, 105, 106, 111, 112, 113, 114, 115, 116, 200, 201, 202, 203, 204, 205, 255, 99999]
Session 13: [101, 102, 103, 104, 105, 106, 111, 112, 113, 114, 115, 116, 200, 201, 202, 203, 204, 205, 255, 99999]
Session 14: [101, 102, 103, 104, 105, 106, 111, 112, 113, 114, 115, 116, 200, 201, 202, 203, 204, 205, 255, 99999]

Markers that do not appear in all runs, for each session
Session 1: -
Session 2: -
Session 3: -
Session 4: -
Session 5: -
Session 6: {206}
Session 7: {206}
Session 8: -
Session 9: -
Session 10: -
Session 11: -
Session 12: {206}
Session 13: {10001, 206, 207}
Session 14: -

Searching for the uncommon markers: [  206   207 10001]
[filename]: [(marker, count)]
P2_S6/anonymized/auditoryAphasia_6D_350_Block1_Run5.vhdr: [(206, 1)]
P2_S7/anonymized/auditoryAphasia_6D_350_Block2_Run3.vhdr: [(206, 1)]
P2_S12/anonymized/auditoryAphasia_6D_500_Block1_Run6.vhdr: [(206, 1)]
P2_S13/anonymized/auditoryAphasia_6D_350_Block2_Run1.vhdr: [(206, 1)]
P2_S13/anonymized/auditoryAphasia_6D_350_Block2_Run2.vhdr: [(207, 1), (10001, 1)]

End of log file
