2025-05-21 18:13:25
Patient 4 marker information of all sessions 1-20

Common markers across all runs, for each session
Session 1: [101, 102, 103, 104, 105, 106, 111, 112, 113, 114, 115, 116, 200, 201, 202, 203, 204, 205, 210, 255, 99999]
Session 2: [101, 102, 103, 104, 105, 106, 111, 112, 113, 114, 115, 116, 200, 201, 202, 203, 204, 205, 210, 255, 99999]
Session 3: [101, 102, 103, 104, 105, 106, 111, 112, 113, 114, 115, 116, 200, 201, 202, 203, 204, 205, 210, 211, 255, 99999]
Session 4: [101, 102, 103, 104, 105, 106, 111, 112, 113, 114, 115, 116, 200, 201, 202, 203, 204, 205, 210, 211, 255, 99999]
Session 5: [101, 102, 103, 104, 105, 106, 111, 112, 113, 114, 115, 116, 200, 201, 202, 203, 204, 205, 210, 211, 255, 99999]
Session 6: [101, 102, 103, 104, 105, 106, 111, 112, 113, 114, 115, 116, 200, 201, 202, 203, 204, 205, 210, 211, 255, 99999]
Session 7: [101, 102, 103, 104, 105, 106, 111, 112, 113, 114, 115, 116, 200, 201, 202, 203, 204, 205, 210, 211, 255, 99999]
Session 8: [101, 102, 103, 104, 105, 106, 111, 112, 113, 114, 115, 116, 200, 201, 202, 203, 204, 205, 210, 211, 255, 99999]
Session 9: [101, 102, 103, 104, 105, 106, 111, 113, 200, 202, 210, 211, 99999]
Session 10: [101, 102, 103, 104, 105, 106, 111, 112, 113, 114, 115, 116, 200, 201, 202, 203, 204, 205, 210, 211, 255, 99999]
Session 11: [101, 102, 103, 104, 105, 106, 111, 112, 113, 114, 115, 116, 200, 201, 202, 203, 204, 205, 210, 211, 255, 99999]
Session 12: [101, 102, 103, 104, 105, 106, 111, 112, 113, 114, 115, 116, 200, 201, 202, 203, 204, 205, 210, 211, 255, 99999]
Session 13: [101, 102, 103, 104, 105, 106, 111, 112, 113, 114, 115, 116, 200, 201, 202, 203, 204, 205, 210, 211, 255, 99999]
Session 14: [101, 102, 103, 104, 105, 106, 111, 112, 113, 114, 115, 116, 200, 201, 202, 203, 204, 205, 210, 211, 255, 99999]
Session 15: [101, 102, 103, 104, 105, 106, 111, 112, 113, 114, 115, 116, 200, 201, 202, 203, 204, 205, 210, 211, 255, 99999]
Session 16: [101, 102, 103, 104, 105, 106, 111, 112, 113, 114, 115, 116, 200, 201, 202, 203, 204, 205, 210, 211, 255, 99999]
Session 17: [101, 102, 103, 104, 105, 106, 111, 112, 113, 114, 115, 116, 200, 201, 202, 203, 204, 205, 210, 211, 255, 99999]
Session 18: [101, 102, 103, 104, 105, 106, 111, 112, 113, 114, 115, 116, 200, 201, 202, 203, 204, 205, 210, 211, 255, 99999]
Session 19: [101, 102, 103, 104, 105, 106, 111, 112, 113, 114, 115, 116, 200, 201, 202, 203, 204, 205, 210, 211, 255, 99999]
Session 20: [101, 102, 103, 104, 105, 106, 111, 112, 113, 114, 115, 116, 200, 201, 202, 203, 204, 205, 210, 255, 99999]

Markers that do not appear in all runs, for each session
Session 1: -
Session 2: {10001}
Session 3: -
Session 4: {10001, 214}
Session 5: {10001}
Session 6: {250, 243}
Session 7: {251, 247}
Session 8: {10001}
Session 9: {201, 203, 204, 205, 112, 114, 115, 116, 255}
Session 10: {247}
Session 11: {10001}
Session 12: -
Session 13: -
Session 14: -
Session 15: -
Session 16: {247}
Session 17: {10001}
Session 18: -
Session 19: -
Session 20: {10001}

Searching for the uncommon markers: [  112   114   115   116   201   203   204   205   214   243   247   250
   251   255 10001]
[filename]: [(marker, count)]
P4_S1/anonymized/auditoryAphasia_6D_long_350_Block1_Run1.vhdr: [(112, 15), (114, 15), (115, 15), (116, 15), (201, 1), (203, 1), (204, 1), (205, 1), (255, 1)]
P4_S1/anonymized/auditoryAphasia_6D_long_350_Block2_Run1.vhdr: [(112, 15), (114, 15), (115, 15), (116, 15), (201, 1), (203, 1), (204, 1), (205, 1), (255, 1)]
P4_S1/anonymized/auditoryAphasia_6D_short_250_Block1_Run3.vhdr: [(112, 15), (114, 15), (115, 15), (116, 15), (201, 1), (203, 1), (204, 1), (205, 1), (255, 1)]
P4_S1/anonymized/auditoryAphasia_6D_short_250_Block2_Run3.vhdr: [(112, 15), (114, 15), (115, 15), (116, 15), (201, 1), (203, 1), (204, 1), (205, 1), (255, 1)]
P4_S1/anonymized/auditoryAphasia_HP_long_350_Block1_Run2.vhdr: [(112, 15), (114, 15), (115, 15), (116, 15), (201, 1), (203, 1), (204, 1), (205, 1), (255, 1)]
P4_S1/anonymized/auditoryAphasia_HP_long_350_Block2_Run2.vhdr: [(112, 15), (114, 15), (115, 15), (116, 15), (201, 1), (203, 1), (204, 1), (205, 1), (255, 1)]
P4_S1/anonymized/auditoryAphasia_HP_short_250_Block1_Run4.vhdr: [(112, 15), (114, 15), (115, 15), (116, 15), (201, 1), (203, 1), (204, 1), (205, 1), (255, 1)]
P4_S1/anonymized/auditoryAphasia_HP_short_250_Block2_Run4.vhdr: [(112, 15), (114, 15), (115, 15), (116, 15), (201, 1), (203, 1), (204, 1), (205, 1), (255, 1)]
P4_S2/anonymized/auditoryAphasia_6D_long_350_Block1_Run1.vhdr: [(112, 15), (114, 15), (115, 15), (116, 15), (201, 1), (203, 1), (204, 1), (205, 1), (255, 1), (10001, 1)]
P4_S2/anonymized/auditoryAphasia_6D_long_350_Block2_Run1.vhdr: [(112, 15), (114, 15), (115, 15), (116, 15), (201, 1), (203, 1), (204, 1), (205, 1), (255, 1)]
P4_S2/anonymized/auditoryAphasia_6D_long_350_Block3_Run1.vhdr: [(112, 15), (114, 15), (115, 15), (116, 15), (201, 1), (203, 1), (204, 1), (205, 1), (255, 1)]
P4_S2/anonymized/auditoryAphasia_6D_short_250_Block1_Run3.vhdr: [(112, 15), (114, 15), (115, 15), (116, 15), (201, 1), (203, 1), (204, 1), (205, 1), (255, 1)]
P4_S2/anonymized/auditoryAphasia_6D_short_250_Block2_Run3.vhdr: [(112, 15), (114, 15), (115, 15), (116, 15), (201, 1), (203, 1), (204, 1), (205, 1), (255, 1)]
P4_S2/anonymized/auditoryAphasia_6D_short_250_Block3_Run3.vhdr: [(112, 15), (114, 15), (115, 15), (116, 15), (201, 1), (203, 1), (204, 1), (205, 1), (255, 1)]
P4_S2/anonymized/auditoryAphasia_HP_long_350_Block1_Run2.vhdr: [(112, 15), (114, 15), (115, 15), (116, 15), (201, 1), (203, 1), (204, 1), (205, 1), (255, 1)]
P4_S2/anonymized/auditoryAphasia_HP_long_350_Block2_Run2.vhdr: [(112, 15), (114, 15), (115, 15), (116, 15), (201, 1), (203, 1), (204, 1), (205, 1), (255, 1)]
P4_S2/anonymized/auditoryAphasia_HP_long_350_Block3_Run2.vhdr: [(112, 15), (114, 15), (115, 15), (116, 15), (201, 1), (203, 1), (204, 1), (205, 1), (255, 1)]
P4_S2/anonymized/auditoryAphasia_HP_short_250_Block1_Run4.vhdr: [(112, 15), (114, 15), (115, 15), (116, 15), (201, 1), (203, 1), (204, 1), (205, 1), (255, 1)]
P4_S2/anonymized/auditoryAphasia_HP_short_250_Block2_Run4.vhdr: [(112, 15), (114, 15), (115, 15), (116, 15), (201, 1), (203, 1), (204, 1), (205, 1), (255, 1)]
P4_S2/anonymized/auditoryAphasia_HP_short_250_Block3_Run4.vhdr: [(112, 15), (114, 15), (115, 15), (116, 15), (201, 1), (203, 1), (204, 1), (205, 1), (255, 1)]
P4_S3/anonymized/auditoryAphasia_6D_350_Block1_Run1.vhdr: [(112, 15), (114, 15), (115, 15), (116, 15), (201, 1), (203, 1), (204, 1), (205, 1), (255, 1)]
P4_S3/anonymized/auditoryAphasia_6D_350_Block1_Run2.vhdr: [(112, 15), (114, 15), (115, 15), (116, 15), (201, 1), (203, 1), (204, 1), (205, 1), (255, 1)]
P4_S3/anonymized/auditoryAphasia_6D_350_Block1_Run3.vhdr: [(112, 15), (114, 15), (115, 15), (116, 15), (201, 1), (203, 1), (204, 1), (205, 1), (255, 1)]
P4_S3/anonymized/auditoryAphasia_6D_350_Block1_Run4.vhdr: [(112, 15), (114, 15), (115, 15), (116, 15), (201, 1), (203, 1), (204, 1), (205, 1), (255, 1)]
P4_S3/anonymized/auditoryAphasia_6D_350_Block1_Run5.vhdr: [(112, 15), (114, 15), (115, 15), (116, 15), (201, 1), (203, 1), (204, 1), (205, 1), (255, 1)]
P4_S3/anonymized/auditoryAphasia_6D_350_Block1_Run6.vhdr: [(112, 15), (114, 15), (115, 15), (116, 15), (201, 1), (203, 1), (204, 1), (205, 1), (255, 1)]
P4_S3/anonymized/auditoryAphasia_6D_350_Block2_Run1.vhdr: [(112, 15), (114, 15), (115, 15), (116, 15), (201, 1), (203, 1), (204, 1), (205, 1), (255, 1)]
P4_S3/anonymized/auditoryAphasia_6D_350_Block2_Run2.vhdr: [(112, 15), (114, 15), (115, 15), (116, 15), (201, 1), (203, 1), (204, 1), (205, 1), (255, 1)]
P4_S3/anonymized/auditoryAphasia_6D_350_Block2_Run3.vhdr: [(112, 15), (114, 15), (115, 15), (116, 15), (201, 1), (203, 1), (204, 1), (205, 1), (255, 1)]
P4_S3/anonymized/auditoryAphasia_6D_350_Block2_Run4.vhdr: [(112, 15), (114, 15), (115, 15), (116, 15), (201, 1), (203, 1), (204, 1), (205, 1), (255, 1)]
P4_S4/anonymized/auditoryAphasia_6D_350_Block1_Run1.vhdr: [(112, 15), (114, 15), (115, 15), (116, 15), (201, 1), (203, 1), (204, 1), (205, 1), (214, 1), (255, 1)]
P4_S4/anonymized/auditoryAphasia_6D_350_Block1_Run2.vhdr: [(112, 15), (114, 15), (115, 15), (116, 15), (201, 1), (203, 1), (204, 1), (205, 1), (255, 1)]
P4_S4/anonymized/auditoryAphasia_6D_350_Block1_Run3.vhdr: [(112, 15), (114, 15), (115, 15), (116, 15), (201, 1), (203, 1), (204, 1), (205, 1), (255, 1)]
P4_S4/anonymized/auditoryAphasia_6D_350_Block1_Run4.vhdr: [(112, 15), (114, 15), (115, 15), (116, 15), (201, 1), (203, 1), (204, 1), (205, 1), (255, 1)]
P4_S4/anonymized/auditoryAphasia_6D_350_Block1_Run5.vhdr: [(112, 15), (114, 15), (115, 15), (116, 15), (201, 1), (203, 1), (204, 1), (205, 1), (255, 1), (10001, 1)]
P4_S4/anonymized/auditoryAphasia_6D_350_Block1_Run6.vhdr: [(112, 15), (114, 15), (115, 15), (116, 15), (201, 1), (203, 1), (204, 1), (205, 1), (214, 1), (255, 1)]
P4_S4/anonymized/auditoryAphasia_6D_350_Block2_Run1.vhdr: [(112, 15), (114, 15), (115, 15), (116, 15), (201, 1), (203, 1), (204, 1), (205, 1), (255, 1)]
P4_S4/anonymized/auditoryAphasia_6D_350_Block2_Run2.vhdr: [(112, 15), (114, 15), (115, 15), (116, 15), (201, 1), (203, 1), (204, 1), (205, 1), (255, 1)]
P4_S5/anonymized/auditoryAphasia_6D_350_Block1_Run1.vhdr: [(112, 15), (114, 15), (115, 15), (116, 15), (201, 1), (203, 1), (204, 1), (205, 1), (255, 1)]
P4_S5/anonymized/auditoryAphasia_6D_350_Block1_Run2.vhdr: [(112, 15), (114, 15), (115, 15), (116, 15), (201, 1), (203, 1), (204, 1), (205, 1), (255, 1)]
P4_S5/anonymized/auditoryAphasia_6D_350_Block1_Run3.vhdr: [(112, 15), (114, 15), (115, 15), (116, 15), (201, 1), (203, 1), (204, 1), (205, 1), (255, 1)]
P4_S5/anonymized/auditoryAphasia_6D_350_Block1_Run4.vhdr: [(112, 15), (114, 15), (115, 15), (116, 15), (201, 1), (203, 1), (204, 1), (205, 1), (255, 1)]
P4_S5/anonymized/auditoryAphasia_6D_350_Block1_Run5.vhdr: [(112, 15), (114, 15), (115, 15), (116, 15), (201, 1), (203, 1), (204, 1), (205, 1), (255, 1), (10001, 1)]
P4_S5/anonymized/auditoryAphasia_6D_350_Block1_Run6.vhdr: [(112, 15), (114, 15), (115, 15), (116, 15), (201, 1), (203, 1), (204, 1), (205, 1), (255, 1)]
P4_S5/anonymized/auditoryAphasia_6D_350_Block2_Run1.vhdr: [(112, 15), (114, 15), (115, 15), (116, 15), (201, 1), (203, 1), (204, 1), (205, 1), (255, 1)]
P4_S5/anonymized/auditoryAphasia_6D_350_Block2_Run2.vhdr: [(112, 15), (114, 15), (115, 15), (116, 15), (201, 1), (203, 1), (204, 1), (205, 1), (255, 1)]
P4_S5/anonymized/auditoryAphasia_6D_350_Block2_Run3.vhdr: [(112, 15), (114, 15), (115, 15), (116, 15), (201, 1), (203, 1), (204, 1), (205, 1), (255, 1)]
P4_S5/anonymized/auditoryAphasia_6D_350_Block2_Run4.vhdr: [(112, 15), (114, 15), (115, 15), (116, 15), (201, 1), (203, 1), (204, 1), (205, 1), (255, 1), (10001, 1)]
P4_S5/anonymized/auditoryAphasia_6D_350_Block2_Run5.vhdr: [(112, 15), (114, 15), (115, 15), (116, 15), (201, 1), (203, 1), (204, 1), (205, 1), (255, 1)]
P4_S5/anonymized/auditoryAphasia_6D_350_Block2_Run6.vhdr: [(112, 15), (114, 15), (115, 15), (116, 15), (201, 1), (203, 1), (204, 1), (205, 1), (255, 1)]
P4_S6/anonymized/auditoryAphasia_6D_350_Block1_Run1.vhdr: [(112, 15), (114, 15), (115, 15), (116, 15), (201, 1), (203, 1), (204, 1), (205, 1), (255, 1)]
P4_S6/anonymized/auditoryAphasia_6D_350_Block1_Run2.vhdr: [(112, 8), (114, 15), (115, 8), (116, 15), (201, 1), (203, 1), (204, 1), (205, 1), (255, 1)]
P4_S6/anonymized/auditoryAphasia_6D_350_Block1_Run3.vhdr: [(112, 8), (114, 8), (115, 15), (116, 10), (201, 1), (203, 1), (204, 1), (205, 1), (255, 1)]
P4_S6/anonymized/auditoryAphasia_6D_350_Block1_Run4.vhdr: [(112, 11), (114, 8), (115, 10), (116, 8), (201, 1), (203, 1), (204, 1), (205, 1), (255, 1)]
P4_S6/anonymized/auditoryAphasia_6D_350_Block1_Run5.vhdr: [(112, 8), (114, 8), (115, 9), (116, 8), (201, 1), (203, 1), (204, 1), (205, 1), (255, 1)]
P4_S6/anonymized/auditoryAphasia_6D_350_Block1_Run6.vhdr: [(112, 8), (114, 8), (115, 8), (116, 8), (201, 1), (203, 1), (204, 1), (205, 1), (255, 1)]
P4_S6/anonymized/auditoryAphasia_6D_350_Block2_Run1.vhdr: [(112, 8), (114, 8), (115, 8), (116, 8), (201, 1), (203, 1), (204, 1), (205, 1), (255, 1)]
P4_S6/anonymized/auditoryAphasia_6D_350_Block2_Run2.vhdr: [(112, 9), (114, 8), (115, 8), (116, 8), (201, 1), (203, 1), (204, 1), (205, 1), (255, 1)]
P4_S6/anonymized/auditoryAphasia_6D_350_Block2_Run3.vhdr: [(112, 8), (114, 8), (115, 8), (116, 8), (201, 1), (203, 1), (204, 1), (205, 1), (250, 1), (255, 1)]
P4_S6/anonymized/auditoryAphasia_6D_350_Block2_Run4.vhdr: [(112, 8), (114, 8), (115, 8), (116, 8), (201, 1), (203, 1), (204, 1), (205, 1), (255, 1)]
P4_S6/anonymized/auditoryAphasia_6D_350_Block2_Run5.vhdr: [(112, 8), (114, 9), (115, 8), (116, 8), (201, 1), (203, 1), (204, 1), (205, 1), (243, 1), (255, 1)]
P4_S6/anonymized/auditoryAphasia_6D_350_Block2_Run6.vhdr: [(112, 8), (114, 8), (115, 8), (116, 8), (201, 1), (203, 1), (204, 1), (205, 1), (255, 1)]
P4_S6/anonymized/auditoryAphasia_6D_350_Block3_Run1.vhdr: [(112, 15), (114, 15), (115, 8), (116, 8), (201, 1), (203, 1), (204, 1), (205, 1), (255, 1)]
P4_S6/anonymized/auditoryAphasia_6D_350_Block3_Run2.vhdr: [(112, 8), (114, 8), (115, 8), (116, 8), (201, 1), (203, 1), (204, 1), (205, 1), (255, 1)]
P4_S6/anonymized/auditoryAphasia_6D_350_Block3_Run3.vhdr: [(112, 8), (114, 8), (115, 8), (116, 8), (201, 1), (203, 1), (204, 1), (205, 1), (255, 1)]
P4_S6/anonymized/auditoryAphasia_6D_350_Block3_Run4.vhdr: [(112, 10), (114, 15), (115, 8), (116, 9), (201, 1), (203, 1), (204, 1), (205, 1), (255, 1)]
P4_S6/anonymized/auditoryAphasia_6D_350_Block3_Run5.vhdr: [(112, 8), (114, 8), (115, 15), (116, 8), (201, 1), (203, 1), (204, 1), (205, 1), (255, 1)]
P4_S6/anonymized/auditoryAphasia_6D_350_Block3_Run6.vhdr: [(112, 8), (114, 9), (115, 8), (116, 15), (201, 1), (203, 1), (204, 1), (205, 1), (255, 1)]
P4_S7/anonymized/auditoryAphasia_6D_350_Block1_Run1.vhdr: [(112, 15), (114, 15), (115, 12), (116, 8), (201, 1), (203, 1), (204, 1), (205, 1), (247, 1), (255, 1)]
P4_S7/anonymized/auditoryAphasia_6D_350_Block1_Run2.vhdr: [(112, 8), (114, 15), (115, 15), (116, 15), (201, 1), (203, 1), (204, 1), (205, 1), (255, 1)]
P4_S7/anonymized/auditoryAphasia_6D_350_Block1_Run3.vhdr: [(112, 15), (114, 15), (115, 15), (116, 15), (201, 1), (203, 1), (204, 1), (205, 1), (255, 1)]
P4_S7/anonymized/auditoryAphasia_6D_350_Block1_Run4.vhdr: [(112, 15), (114, 15), (115, 15), (116, 13), (201, 1), (203, 1), (204, 1), (205, 1), (255, 1)]
P4_S7/anonymized/auditoryAphasia_6D_350_Block1_Run5.vhdr: [(112, 15), (114, 15), (115, 15), (116, 8), (201, 1), (203, 1), (204, 1), (205, 1), (255, 1)]
P4_S7/anonymized/auditoryAphasia_6D_350_Block1_Run6.vhdr: [(112, 15), (114, 15), (115, 15), (116, 15), (201, 1), (203, 1), (204, 1), (205, 1), (255, 1)]
P4_S7/anonymized/auditoryAphasia_6D_350_Block2_Run1.vhdr: [(112, 15), (114, 15), (115, 15), (116, 8), (201, 1), (203, 1), (204, 1), (205, 1), (255, 1)]
P4_S7/anonymized/auditoryAphasia_6D_350_Block2_Run2.vhdr: [(112, 15), (114, 12), (115, 13), (116, 15), (201, 1), (203, 1), (204, 1), (205, 1), (255, 1)]
P4_S7/anonymized/auditoryAphasia_6D_350_Block2_Run3.vhdr: [(112, 15), (114, 15), (115, 9), (116, 15), (201, 1), (203, 1), (204, 1), (205, 1), (255, 1)]
P4_S7/anonymized/auditoryAphasia_6D_350_Block2_Run4.vhdr: [(112, 8), (114, 9), (115, 15), (116, 15), (201, 1), (203, 1), (204, 1), (205, 1), (255, 1)]
P4_S7/anonymized/auditoryAphasia_6D_350_Block2_Run5.vhdr: [(112, 15), (114, 15), (115, 15), (116, 14), (201, 1), (203, 1), (204, 1), (205, 1), (251, 1), (255, 1)]
P4_S7/anonymized/auditoryAphasia_6D_350_Block2_Run6.vhdr: [(112, 15), (114, 15), (115, 15), (116, 15), (201, 1), (203, 1), (204, 1), (205, 1), (255, 1)]
P4_S7/anonymized/auditoryAphasia_6D_350_Block3_Run1.vhdr: [(112, 15), (114, 15), (115, 15), (116, 11), (201, 1), (203, 1), (204, 1), (205, 1), (255, 1)]
P4_S7/anonymized/auditoryAphasia_6D_350_Block3_Run2.vhdr: [(112, 15), (114, 15), (115, 15), (116, 9), (201, 1), (203, 1), (204, 1), (205, 1), (255, 1)]
P4_S7/anonymized/auditoryAphasia_6D_350_Block3_Run3.vhdr: [(112, 15), (114, 15), (115, 8), (116, 15), (201, 1), (203, 1), (204, 1), (205, 1), (255, 1)]
P4_S7/anonymized/auditoryAphasia_6D_350_Block3_Run4.vhdr: [(112, 15), (114, 15), (115, 15), (116, 10), (201, 1), (203, 1), (204, 1), (205, 1), (255, 1)]
P4_S7/anonymized/auditoryAphasia_6D_350_Block3_Run5.vhdr: [(112, 9), (114, 15), (115, 15), (116, 15), (201, 1), (203, 1), (204, 1), (205, 1), (255, 1)]
P4_S7/anonymized/auditoryAphasia_6D_350_Block3_Run6.vhdr: [(112, 15), (114, 15), (115, 15), (116, 15), (201, 1), (203, 1), (204, 1), (205, 1), (255, 1)]
P4_S8/anonymized/auditoryAphasia_6D_350_Block1_Run1.vhdr: [(112, 15), (114, 8), (115, 15), (116, 15), (201, 1), (203, 1), (204, 1), (205, 1), (255, 1)]
P4_S8/anonymized/auditoryAphasia_6D_350_Block1_Run2.vhdr: [(112, 15), (114, 15), (115, 15), (116, 15), (201, 1), (203, 1), (204, 1), (205, 1), (255, 1)]
P4_S8/anonymized/auditoryAphasia_6D_350_Block1_Run3.vhdr: [(112, 15), (114, 15), (115, 15), (116, 15), (201, 1), (203, 1), (204, 1), (205, 1), (255, 1)]
P4_S8/anonymized/auditoryAphasia_6D_350_Block1_Run4.vhdr: [(112, 15), (114, 15), (115, 15), (116, 15), (201, 1), (203, 1), (204, 1), (205, 1), (255, 1)]
P4_S8/anonymized/auditoryAphasia_6D_350_Block1_Run5.vhdr: [(112, 15), (114, 15), (115, 15), (116, 15), (201, 1), (203, 1), (204, 1), (205, 1), (255, 1)]
P4_S8/anonymized/auditoryAphasia_6D_350_Block1_Run6.vhdr: [(112, 9), (114, 8), (115, 15), (116, 15), (201, 1), (203, 1), (204, 1), (205, 1), (255, 1), (10001, 1)]
P4_S8/anonymized/auditoryAphasia_6D_350_Block2_Run1.vhdr: [(112, 15), (114, 15), (115, 10), (116, 14), (201, 1), (203, 1), (204, 1), (205, 1), (255, 1)]
P4_S8/anonymized/auditoryAphasia_6D_350_Block2_Run2.vhdr: [(112, 10), (114, 15), (115, 15), (116, 11), (201, 1), (203, 1), (204, 1), (205, 1), (255, 1)]
P4_S8/anonymized/auditoryAphasia_6D_350_Block2_Run3.vhdr: [(112, 15), (114, 12), (115, 15), (116, 15), (201, 1), (203, 1), (204, 1), (205, 1), (255, 1)]
P4_S8/anonymized/auditoryAphasia_6D_350_Block2_Run4.vhdr: [(112, 13), (114, 15), (115, 8), (116, 15), (201, 1), (203, 1), (204, 1), (205, 1), (255, 1)]
P4_S8/anonymized/auditoryAphasia_6D_350_Block2_Run5.vhdr: [(112, 12), (114, 12), (115, 15), (116, 15), (201, 1), (203, 1), (204, 1), (205, 1), (255, 1)]
P4_S8/anonymized/auditoryAphasia_6D_350_Block2_Run6.vhdr: [(112, 15), (114, 15), (115, 8), (116, 15), (201, 1), (203, 1), (204, 1), (205, 1), (255, 1)]
P4_S8/anonymized/auditoryAphasia_6D_350_Block3_Run1.vhdr: [(112, 9), (114, 15), (115, 8), (116, 8), (201, 1), (203, 1), (204, 1), (205, 1), (255, 1)]
P4_S8/anonymized/auditoryAphasia_6D_350_Block3_Run2.vhdr: [(112, 8), (114, 8), (115, 8), (116, 15), (201, 1), (203, 1), (204, 1), (205, 1), (255, 1)]
P4_S8/anonymized/auditoryAphasia_6D_350_Block3_Run3.vhdr: [(112, 9), (114, 14), (115, 11), (116, 15), (201, 1), (203, 1), (204, 1), (205, 1), (255, 1)]
P4_S8/anonymized/auditoryAphasia_6D_350_Block3_Run4.vhdr: [(112, 10), (114, 13), (115, 8), (116, 11), (201, 1), (203, 1), (204, 1), (205, 1), (255, 1)]
P4_S8/anonymized/auditoryAphasia_6D_350_Block3_Run5.vhdr: [(112, 14), (114, 15), (115, 15), (116, 15), (201, 1), (203, 1), (204, 1), (205, 1), (255, 1)]
P4_S8/anonymized/auditoryAphasia_6D_350_Block3_Run6.vhdr: [(112, 15), (114, 15), (115, 8), (116, 10), (201, 1), (203, 1), (204, 1), (205, 1), (255, 1)]
P4_S8/anonymized/auditoryAphasia_6D_350_Block4_Run1.vhdr: [(112, 15), (114, 15), (115, 12), (116, 11), (201, 1), (203, 1), (204, 1), (205, 1), (255, 1)]
P4_S9/anonymized/auditoryAphasia_6D_350_Block1_Run1.vhdr: [(112, 15), (114, 15), (115, 15), (116, 15), (201, 1), (203, 1), (204, 1), (205, 1), (255, 1)]
P4_S9/anonymized/auditoryAphasia_6D_350_Block1_Run2.vhdr: [(112, 15), (114, 15), (115, 8), (116, 15), (201, 1), (203, 1), (204, 1), (205, 1), (255, 1)]
P4_S9/anonymized/auditoryAphasia_6D_350_Block1_Run3.vhdr: [(112, 10), (114, 15), (115, 15), (116, 8), (201, 1), (203, 1), (204, 1), (205, 1), (255, 1)]
P4_S9/anonymized/auditoryAphasia_6D_350_Block1_Run4.vhdr: [(112, 15), (114, 15), (115, 15), (116, 8), (201, 1), (203, 1), (204, 1), (205, 1), (255, 1)]
P4_S9/anonymized/auditoryAphasia_6D_350_Block1_Run5.vhdr: [(112, 15), (114, 12), (115, 15), (116, 15), (201, 1), (203, 1), (204, 1), (205, 1), (255, 1)]
P4_S9/anonymized/auditoryAphasia_6D_350_Block1_Run6.vhdr: [(112, 9), (114, 15), (115, 15), (116, 13), (201, 1), (203, 1), (204, 1), (205, 1), (255, 1)]
P4_S9/anonymized/auditoryAphasia_6D_350_Block2_Run1.vhdr: [(112, 8), (114, 12), (115, 10), (116, 10), (201, 1), (203, 1), (204, 1), (205, 1), (255, 1)]
P4_S9/anonymized/auditoryAphasia_6D_350_Block2_Run2.vhdr: [(112, 15), (114, 9), (115, 15), (116, 8), (201, 1), (203, 1), (204, 1), (205, 1), (255, 1)]
P4_S9/anonymized/auditoryAphasia_6D_350_Block2_Run3.vhdr: [(112, 15), (114, 15), (115, 15), (116, 15), (201, 1), (203, 1), (204, 1), (205, 1), (255, 1)]
P4_S9/anonymized/auditoryAphasia_6D_350_Block2_Run4.vhdr: [(112, 15), (114, 15), (115, 15), (116, 15), (201, 1), (203, 1), (204, 1), (205, 1), (255, 1)]
P4_S9/anonymized/auditoryAphasia_6D_350_Block2_Run5.vhdr: [(112, 12), (114, 15), (115, 15), (116, 11), (201, 1), (203, 1), (204, 1), (205, 1), (255, 1)]
P4_S9/anonymized/auditoryAphasia_6D_350_Block2_Run6.vhdr: [(112, 15), (114, 15), (115, 9), (116, 15), (201, 1), (203, 1), (204, 1), (205, 1), (255, 1)]
P4_S9/anonymized/auditoryAphasia_6D_350_Block3_Run1.vhdr: [(112, 15), (114, 14), (115, 15), (116, 15), (201, 1), (203, 1), (204, 1), (205, 1), (255, 1)]
P4_S9/anonymized/auditoryAphasia_6D_350_Block3_Run2.vhdr: [(112, 15), (114, 15), (115, 15), (116, 15), (201, 1), (203, 1), (204, 1), (205, 1), (255, 1)]
P4_S9/anonymized/auditoryAphasia_6D_350_Block3_Run3.vhdr: [(112, 15), (114, 9), (115, 9), (116, 14), (201, 1), (203, 1), (204, 1), (205, 1), (255, 1)]
P4_S9/anonymized/auditoryAphasia_6D_350_Block3_Run4.vhdr: [(112, 9), (114, 15), (115, 9), (116, 14), (201, 1), (203, 1), (204, 1), (205, 1), (255, 1)]
P4_S9/anonymized/auditoryAphasia_6D_350_Block3_Run5.vhdr: [(112, 15), (114, 12), (115, 15), (116, 10), (201, 1), (203, 1), (204, 1), (205, 1), (255, 1)]
P4_S10/anonymized/auditoryAphasia_6D_350_Block1_Run1.vhdr: [(112, 15), (114, 8), (115, 15), (116, 15), (201, 1), (203, 1), (204, 1), (205, 1), (247, 1), (255, 1)]
P4_S10/anonymized/auditoryAphasia_6D_350_Block1_Run2.vhdr: [(112, 8), (114, 13), (115, 15), (116, 13), (201, 1), (203, 1), (204, 1), (205, 1), (255, 1)]
P4_S10/anonymized/auditoryAphasia_6D_350_Block1_Run3.vhdr: [(112, 15), (114, 9), (115, 12), (116, 12), (201, 1), (203, 1), (204, 1), (205, 1), (255, 1)]
P4_S10/anonymized/auditoryAphasia_6D_350_Block1_Run4.vhdr: [(112, 15), (114, 13), (115, 11), (116, 11), (201, 1), (203, 1), (204, 1), (205, 1), (255, 1)]
P4_S10/anonymized/auditoryAphasia_6D_350_Block1_Run5.vhdr: [(112, 15), (114, 15), (115, 15), (116, 14), (201, 1), (203, 1), (204, 1), (205, 1), (255, 1)]
P4_S10/anonymized/auditoryAphasia_6D_350_Block1_Run6.vhdr: [(112, 15), (114, 15), (115, 9), (116, 15), (201, 1), (203, 1), (204, 1), (205, 1), (255, 1)]
P4_S10/anonymized/auditoryAphasia_6D_350_Block2_Run1.vhdr: [(112, 9), (114, 15), (115, 14), (116, 14), (201, 1), (203, 1), (204, 1), (205, 1), (255, 1)]
P4_S10/anonymized/auditoryAphasia_6D_350_Block2_Run2.vhdr: [(112, 9), (114, 9), (115, 9), (116, 8), (201, 1), (203, 1), (204, 1), (205, 1), (255, 1)]
P4_S10/anonymized/auditoryAphasia_6D_350_Block2_Run3.vhdr: [(112, 15), (114, 15), (115, 15), (116, 15), (201, 1), (203, 1), (204, 1), (205, 1), (255, 1)]
P4_S10/anonymized/auditoryAphasia_6D_350_Block2_Run4.vhdr: [(112, 15), (114, 15), (115, 15), (116, 13), (201, 1), (203, 1), (204, 1), (205, 1), (255, 1)]
P4_S10/anonymized/auditoryAphasia_6D_350_Block2_Run5.vhdr: [(112, 15), (114, 15), (115, 15), (116, 15), (201, 1), (203, 1), (204, 1), (205, 1), (255, 1)]
P4_S10/anonymized/auditoryAphasia_6D_350_Block2_Run6.vhdr: [(112, 15), (114, 15), (115, 15), (116, 15), (201, 1), (203, 1), (204, 1), (205, 1), (255, 1)]
P4_S10/anonymized/auditoryAphasia_6D_350_Block3_Run1.vhdr: [(112, 15), (114, 13), (115, 12), (116, 11), (201, 1), (203, 1), (204, 1), (205, 1), (255, 1)]
P4_S10/anonymized/auditoryAphasia_6D_350_Block3_Run2.vhdr: [(112, 15), (114, 15), (115, 13), (116, 15), (201, 1), (203, 1), (204, 1), (205, 1), (255, 1)]
P4_S10/anonymized/auditoryAphasia_6D_350_Block3_Run3.vhdr: [(112, 15), (114, 15), (115, 15), (116, 9), (201, 1), (203, 1), (204, 1), (205, 1), (255, 1)]
P4_S10/anonymized/auditoryAphasia_6D_350_Block3_Run4.vhdr: [(112, 15), (114, 15), (115, 15), (116, 15), (201, 1), (203, 1), (204, 1), (205, 1), (255, 1)]
P4_S10/anonymized/auditoryAphasia_6D_350_Block3_Run5.vhdr: [(112, 15), (114, 15), (115, 15), (116, 15), (201, 1), (203, 1), (204, 1), (205, 1), (255, 1)]
P4_S10/anonymized/auditoryAphasia_6D_350_Block3_Run6.vhdr: [(112, 12), (114, 15), (115, 15), (116, 13), (201, 1), (203, 1), (204, 1), (205, 1), (255, 1)]
P4_S10/anonymized/auditoryAphasia_6D_350_Block4_Run1.vhdr: [(112, 15), (114, 15), (115, 9), (116, 14), (201, 1), (203, 1), (204, 1), (205, 1), (255, 1)]
P4_S10/anonymized/auditoryAphasia_6D_350_Block4_Run2.vhdr: [(112, 11), (114, 15), (115, 12), (116, 8), (201, 1), (203, 1), (204, 1), (205, 1), (255, 1)]
P4_S11/anonymized/auditoryAphasia_6D_350_Block1_Run1.vhdr: [(112, 9), (114, 10), (115, 8), (116, 8), (201, 1), (203, 1), (204, 1), (205, 1), (255, 1)]
P4_S11/anonymized/auditoryAphasia_6D_350_Block1_Run2.vhdr: [(112, 10), (114, 15), (115, 8), (116, 8), (201, 1), (203, 1), (204, 1), (205, 1), (255, 1)]
P4_S11/anonymized/auditoryAphasia_6D_350_Block1_Run3.vhdr: [(112, 8), (114, 8), (115, 15), (116, 10), (201, 1), (203, 1), (204, 1), (205, 1), (255, 1)]
P4_S11/anonymized/auditoryAphasia_6D_350_Block1_Run4.vhdr: [(112, 8), (114, 12), (115, 12), (116, 15), (201, 1), (203, 1), (204, 1), (205, 1), (255, 1)]
P4_S11/anonymized/auditoryAphasia_6D_350_Block1_Run5.vhdr: [(112, 8), (114, 8), (115, 15), (116, 15), (201, 1), (203, 1), (204, 1), (205, 1), (255, 1)]
P4_S11/anonymized/auditoryAphasia_6D_350_Block1_Run6.vhdr: [(112, 15), (114, 8), (115, 15), (116, 8), (201, 1), (203, 1), (204, 1), (205, 1), (255, 1)]
P4_S11/anonymized/auditoryAphasia_6D_350_Block2_Run1.vhdr: [(112, 8), (114, 15), (115, 15), (116, 8), (201, 1), (203, 1), (204, 1), (205, 1), (255, 1)]
P4_S11/anonymized/auditoryAphasia_6D_350_Block2_Run2.vhdr: [(112, 15), (114, 15), (115, 15), (116, 10), (201, 1), (203, 1), (204, 1), (205, 1), (255, 1)]
P4_S11/anonymized/auditoryAphasia_6D_350_Block2_Run3.vhdr: [(112, 15), (114, 10), (115, 11), (116, 15), (201, 1), (203, 1), (204, 1), (205, 1), (255, 1), (10001, 1)]
P4_S11/anonymized/auditoryAphasia_6D_350_Block2_Run4.vhdr: [(112, 15), (114, 8), (115, 9), (116, 15), (201, 1), (203, 1), (204, 1), (205, 1), (255, 1)]
P4_S11/anonymized/auditoryAphasia_6D_350_Block2_Run5.vhdr: [(112, 8), (114, 15), (115, 8), (116, 15), (201, 1), (203, 1), (204, 1), (205, 1), (255, 1)]
P4_S11/anonymized/auditoryAphasia_6D_350_Block2_Run6.vhdr: [(112, 15), (114, 8), (115, 15), (116, 10), (201, 1), (203, 1), (204, 1), (205, 1), (255, 1)]
P4_S11/anonymized/auditoryAphasia_6D_350_Block3_Run1.vhdr: [(112, 15), (114, 15), (115, 15), (116, 8), (201, 1), (203, 1), (204, 1), (205, 1), (255, 1)]
P4_S11/anonymized/auditoryAphasia_6D_350_Block3_Run2.vhdr: [(112, 15), (114, 15), (115, 13), (116, 10), (201, 1), (203, 1), (204, 1), (205, 1), (255, 1)]
P4_S11/anonymized/auditoryAphasia_6D_350_Block3_Run3.vhdr: [(112, 14), (114, 12), (115, 15), (116, 12), (201, 1), (203, 1), (204, 1), (205, 1), (255, 1)]
P4_S11/anonymized/auditoryAphasia_6D_350_Block3_Run4.vhdr: [(112, 15), (114, 13), (115, 14), (116, 15), (201, 1), (203, 1), (204, 1), (205, 1), (255, 1)]
P4_S11/anonymized/auditoryAphasia_6D_350_Block3_Run5.vhdr: [(112, 12), (114, 8), (115, 9), (116, 8), (201, 1), (203, 1), (204, 1), (205, 1), (255, 1)]
P4_S11/anonymized/auditoryAphasia_6D_350_Block3_Run6.vhdr: [(112, 14), (114, 9), (115, 15), (116, 8), (201, 1), (203, 1), (204, 1), (205, 1), (255, 1)]
P4_S11/anonymized/auditoryAphasia_6D_350_Block4_Run1.vhdr: [(112, 15), (114, 15), (115, 15), (116, 10), (201, 1), (203, 1), (204, 1), (205, 1), (255, 1)]
P4_S11/anonymized/auditoryAphasia_6D_350_Block4_Run2.vhdr: [(112, 15), (114, 14), (115, 8), (116, 9), (201, 1), (203, 1), (204, 1), (205, 1), (255, 1)]
P4_S11/anonymized/auditoryAphasia_6D_350_Block4_Run3.vhdr: [(112, 8), (114, 10), (115, 15), (116, 15), (201, 1), (203, 1), (204, 1), (205, 1), (255, 1)]
P4_S11/anonymized/auditoryAphasia_6D_350_Block4_Run4.vhdr: [(112, 12), (114, 15), (115, 15), (116, 9), (201, 1), (203, 1), (204, 1), (205, 1), (255, 1)]
P4_S12/anonymized/auditoryAphasia_HP_350_Block1_Run1.vhdr: [(112, 15), (114, 15), (115, 15), (116, 15), (201, 1), (203, 1), (204, 1), (205, 1), (255, 1)]
P4_S12/anonymized/auditoryAphasia_HP_350_Block1_Run2.vhdr: [(112, 15), (114, 15), (115, 15), (116, 15), (201, 1), (203, 1), (204, 1), (205, 1), (255, 1)]
P4_S12/anonymized/auditoryAphasia_HP_350_Block1_Run3.vhdr: [(112, 15), (114, 15), (115, 15), (116, 15), (201, 1), (203, 1), (204, 1), (205, 1), (255, 1)]
P4_S12/anonymized/auditoryAphasia_HP_350_Block1_Run4.vhdr: [(112, 15), (114, 15), (115, 15), (116, 15), (201, 1), (203, 1), (204, 1), (205, 1), (255, 1)]
P4_S12/anonymized/auditoryAphasia_HP_350_Block1_Run5.vhdr: [(112, 15), (114, 15), (115, 15), (116, 12), (201, 1), (203, 1), (204, 1), (205, 1), (255, 1)]
P4_S12/anonymized/auditoryAphasia_HP_350_Block1_Run6.vhdr: [(112, 15), (114, 15), (115, 15), (116, 15), (201, 1), (203, 1), (204, 1), (205, 1), (255, 1)]
P4_S12/anonymized/auditoryAphasia_HP_500_Block2_Run1.vhdr: [(112, 15), (114, 15), (115, 15), (116, 15), (201, 1), (203, 1), (204, 1), (205, 1), (255, 1)]
P4_S12/anonymized/auditoryAphasia_HP_500_Block2_Run2.vhdr: [(112, 15), (114, 15), (115, 15), (116, 15), (201, 1), (203, 1), (204, 1), (205, 1), (255, 1)]
P4_S12/anonymized/auditoryAphasia_HP_500_Block2_Run3.vhdr: [(112, 15), (114, 15), (115, 15), (116, 15), (201, 1), (203, 1), (204, 1), (205, 1), (255, 1)]
P4_S12/anonymized/auditoryAphasia_HP_500_Block2_Run4.vhdr: [(112, 15), (114, 15), (115, 15), (116, 8), (201, 1), (203, 1), (204, 1), (205, 1), (255, 1)]
P4_S12/anonymized/auditoryAphasia_HP_500_Block2_Run5.vhdr: [(112, 15), (114, 15), (115, 8), (116, 15), (201, 1), (203, 1), (204, 1), (205, 1), (255, 1)]
P4_S12/anonymized/auditoryAphasia_HP_500_Block2_Run6.vhdr: [(112, 15), (114, 15), (115, 15), (116, 15), (201, 1), (203, 1), (204, 1), (205, 1), (255, 1)]
P4_S12/anonymized/auditoryAphasia_HP_500_Block3_Run1.vhdr: [(112, 15), (114, 15), (115, 15), (116, 15), (201, 1), (203, 1), (204, 1), (205, 1), (255, 1)]
P4_S12/anonymized/auditoryAphasia_HP_500_Block3_Run2.vhdr: [(112, 15), (114, 15), (115, 15), (116, 15), (201, 1), (203, 1), (204, 1), (205, 1), (255, 1)]
P4_S12/anonymized/auditoryAphasia_HP_500_Block3_Run3.vhdr: [(112, 15), (114, 15), (115, 15), (116, 8), (201, 1), (203, 1), (204, 1), (205, 1), (255, 1)]
P4_S12/anonymized/auditoryAphasia_HP_500_Block3_Run4.vhdr: [(112, 15), (114, 8), (115, 8), (116, 8), (201, 1), (203, 1), (204, 1), (205, 1), (255, 1)]
P4_S12/anonymized/auditoryAphasia_HP_500_Block3_Run5.vhdr: [(112, 15), (114, 15), (115, 15), (116, 15), (201, 1), (203, 1), (204, 1), (205, 1), (255, 1)]
P4_S13/anonymized/auditoryAphasia_HP_350_Block1_Run4.vhdr: [(112, 15), (114, 15), (115, 15), (116, 15), (201, 1), (203, 1), (204, 1), (205, 1), (255, 1)]
P4_S13/anonymized/auditoryAphasia_HP_350_Block1_Run5.vhdr: [(112, 15), (114, 15), (115, 15), (116, 15), (201, 1), (203, 1), (204, 1), (205, 1), (255, 1)]
P4_S13/anonymized/auditoryAphasia_HP_350_Block1_Run6.vhdr: [(112, 15), (114, 15), (115, 15), (116, 15), (201, 1), (203, 1), (204, 1), (205, 1), (255, 1)]
P4_S13/anonymized/auditoryAphasia_HP_350_Block2_Run1.vhdr: [(112, 15), (114, 15), (115, 15), (116, 15), (201, 1), (203, 1), (204, 1), (205, 1), (255, 1)]
P4_S13/anonymized/auditoryAphasia_HP_350_Block2_Run2.vhdr: [(112, 15), (114, 15), (115, 15), (116, 15), (201, 1), (203, 1), (204, 1), (205, 1), (255, 1)]
P4_S13/anonymized/auditoryAphasia_HP_350_Block2_Run3.vhdr: [(112, 15), (114, 15), (115, 8), (116, 12), (201, 1), (203, 1), (204, 1), (205, 1), (255, 1)]
P4_S13/anonymized/auditoryAphasia_HP_350_Block2_Run4.vhdr: [(112, 15), (114, 15), (115, 8), (116, 15), (201, 1), (203, 1), (204, 1), (205, 1), (255, 1)]
P4_S13/anonymized/auditoryAphasia_HP_350_Block2_Run5.vhdr: [(112, 15), (114, 15), (115, 11), (116, 15), (201, 1), (203, 1), (204, 1), (205, 1), (255, 1)]
P4_S13/anonymized/auditoryAphasia_HP_350_Block2_Run6.vhdr: [(112, 15), (114, 15), (115, 15), (116, 15), (201, 1), (203, 1), (204, 1), (205, 1), (255, 1)]
P4_S13/anonymized/auditoryAphasia_HP_350_Block3_Run1.vhdr: [(112, 15), (114, 15), (115, 15), (116, 13), (201, 1), (203, 1), (204, 1), (205, 1), (255, 1)]
P4_S13/anonymized/auditoryAphasia_HP_350_Block3_Run2.vhdr: [(112, 15), (114, 15), (115, 15), (116, 8), (201, 1), (203, 1), (204, 1), (205, 1), (255, 1)]
P4_S13/anonymized/auditoryAphasia_HP_350_Block3_Run3.vhdr: [(112, 15), (114, 15), (115, 8), (116, 15), (201, 1), (203, 1), (204, 1), (205, 1), (255, 1)]
P4_S13/anonymized/auditoryAphasia_HP_350_Block3_Run4.vhdr: [(112, 15), (114, 15), (115, 8), (116, 15), (201, 1), (203, 1), (204, 1), (205, 1), (255, 1)]
P4_S13/anonymized/auditoryAphasia_HP_350_Block3_Run5.vhdr: [(112, 15), (114, 15), (115, 9), (116, 15), (201, 1), (203, 1), (204, 1), (205, 1), (255, 1)]
P4_S13/anonymized/auditoryAphasia_HP_400_Block1_Run3.vhdr: [(112, 15), (114, 15), (115, 15), (116, 8), (201, 1), (203, 1), (204, 1), (205, 1), (255, 1)]
P4_S13/anonymized/auditoryAphasia_HP_450_Block1_Run1.vhdr: [(112, 15), (114, 15), (115, 15), (116, 15), (201, 1), (203, 1), (204, 1), (205, 1), (255, 1)]
P4_S13/anonymized/auditoryAphasia_HP_450_Block1_Run2.vhdr: [(112, 8), (114, 15), (115, 15), (116, 15), (201, 1), (203, 1), (204, 1), (205, 1), (255, 1)]
P4_S14/anonymized/auditoryAphasia_HP_350_Block1_Run1.vhdr: [(112, 15), (114, 15), (115, 15), (116, 15), (201, 1), (203, 1), (204, 1), (205, 1), (255, 1)]
P4_S14/anonymized/auditoryAphasia_HP_350_Block1_Run2.vhdr: [(112, 15), (114, 15), (115, 8), (116, 8), (201, 1), (203, 1), (204, 1), (205, 1), (255, 1)]
P4_S14/anonymized/auditoryAphasia_HP_350_Block1_Run3.vhdr: [(112, 11), (114, 15), (115, 15), (116, 15), (201, 1), (203, 1), (204, 1), (205, 1), (255, 1)]
P4_S14/anonymized/auditoryAphasia_HP_350_Block1_Run4.vhdr: [(112, 15), (114, 15), (115, 15), (116, 15), (201, 1), (203, 1), (204, 1), (205, 1), (255, 1)]
P4_S14/anonymized/auditoryAphasia_HP_350_Block1_Run5.vhdr: [(112, 15), (114, 15), (115, 13), (116, 15), (201, 1), (203, 1), (204, 1), (205, 1), (255, 1)]
P4_S14/anonymized/auditoryAphasia_HP_350_Block1_Run6.vhdr: [(112, 15), (114, 15), (115, 15), (116, 15), (201, 1), (203, 1), (204, 1), (205, 1), (255, 1)]
P4_S14/anonymized/auditoryAphasia_HP_350_Block2_Run1.vhdr: [(112, 15), (114, 15), (115, 15), (116, 15), (201, 1), (203, 1), (204, 1), (205, 1), (255, 1)]
P4_S14/anonymized/auditoryAphasia_HP_350_Block2_Run2.vhdr: [(112, 15), (114, 15), (115, 15), (116, 15), (201, 1), (203, 1), (204, 1), (205, 1), (255, 1)]
P4_S14/anonymized/auditoryAphasia_HP_350_Block2_Run3.vhdr: [(112, 15), (114, 15), (115, 8), (116, 15), (201, 1), (203, 1), (204, 1), (205, 1), (255, 1)]
P4_S14/anonymized/auditoryAphasia_HP_350_Block2_Run4.vhdr: [(112, 15), (114, 13), (115, 12), (116, 15), (201, 1), (203, 1), (204, 1), (205, 1), (255, 1)]
P4_S14/anonymized/auditoryAphasia_HP_350_Block2_Run5.vhdr: [(112, 15), (114, 15), (115, 15), (116, 8), (201, 1), (203, 1), (204, 1), (205, 1), (255, 1)]
P4_S14/anonymized/auditoryAphasia_HP_350_Block2_Run6.vhdr: [(112, 15), (114, 15), (115, 8), (116, 15), (201, 1), (203, 1), (204, 1), (205, 1), (255, 1)]
P4_S14/anonymized/auditoryAphasia_HP_350_Block3_Run1.vhdr: [(112, 15), (114, 15), (115, 15), (116, 15), (201, 1), (203, 1), (204, 1), (205, 1), (255, 1)]
P4_S14/anonymized/auditoryAphasia_HP_350_Block3_Run2.vhdr: [(112, 15), (114, 15), (115, 15), (116, 12), (201, 1), (203, 1), (204, 1), (205, 1), (255, 1)]
P4_S14/anonymized/auditoryAphasia_HP_350_Block3_Run3.vhdr: [(112, 15), (114, 15), (115, 15), (116, 15), (201, 1), (203, 1), (204, 1), (205, 1), (255, 1)]
P4_S14/anonymized/auditoryAphasia_HP_350_Block3_Run4.vhdr: [(112, 15), (114, 15), (115, 15), (116, 15), (201, 1), (203, 1), (204, 1), (205, 1), (255, 1)]
P4_S14/anonymized/auditoryAphasia_HP_350_Block3_Run5.vhdr: [(112, 15), (114, 15), (115, 14), (116, 15), (201, 1), (203, 1), (204, 1), (205, 1), (255, 1)]
P4_S14/anonymized/auditoryAphasia_HP_350_Block3_Run6.vhdr: [(112, 15), (114, 15), (115, 15), (116, 15), (201, 1), (203, 1), (204, 1), (205, 1), (255, 1)]
P4_S14/anonymized/auditoryAphasia_HP_350_Block4_Run1.vhdr: [(112, 15), (114, 15), (115, 15), (116, 15), (201, 1), (203, 1), (204, 1), (205, 1), (255, 1)]
P4_S15/anonymized/auditoryAphasia_HP_350_Block1_Run1.vhdr: [(112, 15), (114, 15), (115, 8), (116, 15), (201, 1), (203, 1), (204, 1), (205, 1), (255, 1)]
P4_S15/anonymized/auditoryAphasia_HP_350_Block1_Run2.vhdr: [(112, 15), (114, 15), (115, 13), (116, 12), (201, 1), (203, 1), (204, 1), (205, 1), (255, 1)]
P4_S15/anonymized/auditoryAphasia_HP_350_Block1_Run3.vhdr: [(112, 15), (114, 15), (115, 15), (116, 15), (201, 1), (203, 1), (204, 1), (205, 1), (255, 1)]
P4_S15/anonymized/auditoryAphasia_HP_350_Block1_Run4.vhdr: [(112, 15), (114, 15), (115, 15), (116, 15), (201, 1), (203, 1), (204, 1), (205, 1), (255, 1)]
P4_S15/anonymized/auditoryAphasia_HP_350_Block1_Run5.vhdr: [(112, 15), (114, 10), (115, 8), (116, 15), (201, 1), (203, 1), (204, 1), (205, 1), (255, 1)]
P4_S15/anonymized/auditoryAphasia_HP_350_Block1_Run6.vhdr: [(112, 15), (114, 15), (115, 8), (116, 15), (201, 1), (203, 1), (204, 1), (205, 1), (255, 1)]
P4_S15/anonymized/auditoryAphasia_HP_350_Block2_Run1.vhdr: [(112, 15), (114, 15), (115, 8), (116, 15), (201, 1), (203, 1), (204, 1), (205, 1), (255, 1)]
P4_S15/anonymized/auditoryAphasia_HP_350_Block2_Run2.vhdr: [(112, 15), (114, 15), (115, 15), (116, 15), (201, 1), (203, 1), (204, 1), (205, 1), (255, 1)]
P4_S15/anonymized/auditoryAphasia_HP_350_Block2_Run3.vhdr: [(112, 15), (114, 15), (115, 15), (116, 15), (201, 1), (203, 1), (204, 1), (205, 1), (255, 1)]
P4_S15/anonymized/auditoryAphasia_HP_350_Block2_Run4.vhdr: [(112, 15), (114, 15), (115, 8), (116, 15), (201, 1), (203, 1), (204, 1), (205, 1), (255, 1)]
P4_S15/anonymized/auditoryAphasia_HP_350_Block2_Run5.vhdr: [(112, 15), (114, 15), (115, 15), (116, 15), (201, 1), (203, 1), (204, 1), (205, 1), (255, 1)]
P4_S15/anonymized/auditoryAphasia_HP_350_Block2_Run6.vhdr: [(112, 15), (114, 14), (115, 8), (116, 8), (201, 1), (203, 1), (204, 1), (205, 1), (255, 1)]
P4_S15/anonymized/auditoryAphasia_HP_350_Block3_Run1.vhdr: [(112, 15), (114, 15), (115, 15), (116, 15), (201, 1), (203, 1), (204, 1), (205, 1), (255, 1)]
P4_S15/anonymized/auditoryAphasia_HP_350_Block3_Run2.vhdr: [(112, 15), (114, 15), (115, 15), (116, 15), (201, 1), (203, 1), (204, 1), (205, 1), (255, 1)]
P4_S15/anonymized/auditoryAphasia_HP_350_Block3_Run3.vhdr: [(112, 15), (114, 15), (115, 15), (116, 8), (201, 1), (203, 1), (204, 1), (205, 1), (255, 1)]
P4_S15/anonymized/auditoryAphasia_HP_350_Block3_Run4.vhdr: [(112, 15), (114, 15), (115, 15), (116, 15), (201, 1), (203, 1), (204, 1), (205, 1), (255, 1)]
P4_S15/anonymized/auditoryAphasia_HP_350_Block3_Run5.vhdr: [(112, 15), (114, 15), (115, 15), (116, 12), (201, 1), (203, 1), (204, 1), (205, 1), (255, 1)]
P4_S15/anonymized/auditoryAphasia_HP_350_Block3_Run6.vhdr: [(112, 15), (114, 15), (115, 15), (116, 15), (201, 1), (203, 1), (204, 1), (205, 1), (255, 1)]
P4_S16/anonymized/auditoryAphasia_HP_350_Block1_Run1.vhdr: [(112, 15), (114, 12), (115, 15), (116, 14), (201, 1), (203, 1), (204, 1), (205, 1), (247, 1), (255, 1)]
P4_S16/anonymized/auditoryAphasia_HP_350_Block1_Run2.vhdr: [(112, 15), (114, 15), (115, 15), (116, 15), (201, 1), (203, 1), (204, 1), (205, 1), (255, 1)]
P4_S16/anonymized/auditoryAphasia_HP_350_Block1_Run3.vhdr: [(112, 15), (114, 15), (115, 15), (116, 15), (201, 1), (203, 1), (204, 1), (205, 1), (255, 1)]
P4_S16/anonymized/auditoryAphasia_HP_350_Block1_Run4.vhdr: [(112, 15), (114, 15), (115, 15), (116, 12), (201, 1), (203, 1), (204, 1), (205, 1), (255, 1)]
P4_S16/anonymized/auditoryAphasia_HP_350_Block1_Run5.vhdr: [(112, 15), (114, 15), (115, 8), (116, 15), (201, 1), (203, 1), (204, 1), (205, 1), (255, 1)]
P4_S16/anonymized/auditoryAphasia_HP_350_Block1_Run6.vhdr: [(112, 15), (114, 10), (115, 12), (116, 15), (201, 1), (203, 1), (204, 1), (205, 1), (255, 1)]
P4_S16/anonymized/auditoryAphasia_HP_350_Block2_Run1.vhdr: [(112, 15), (114, 8), (115, 8), (116, 13), (201, 1), (203, 1), (204, 1), (205, 1), (255, 1)]
P4_S16/anonymized/auditoryAphasia_HP_350_Block2_Run2.vhdr: [(112, 15), (114, 15), (115, 15), (116, 15), (201, 1), (203, 1), (204, 1), (205, 1), (255, 1)]
P4_S16/anonymized/auditoryAphasia_HP_350_Block2_Run3.vhdr: [(112, 15), (114, 15), (115, 15), (116, 15), (201, 1), (203, 1), (204, 1), (205, 1), (255, 1)]
P4_S16/anonymized/auditoryAphasia_HP_350_Block2_Run4.vhdr: [(112, 15), (114, 15), (115, 8), (116, 8), (201, 1), (203, 1), (204, 1), (205, 1), (255, 1)]
P4_S16/anonymized/auditoryAphasia_HP_350_Block2_Run5.vhdr: [(112, 15), (114, 15), (115, 15), (116, 15), (201, 1), (203, 1), (204, 1), (205, 1), (255, 1)]
P4_S16/anonymized/auditoryAphasia_HP_350_Block2_Run6.vhdr: [(112, 15), (114, 15), (115, 15), (116, 15), (201, 1), (203, 1), (204, 1), (205, 1), (255, 1)]
P4_S16/anonymized/auditoryAphasia_HP_350_Block3_Run1.vhdr: [(112, 15), (114, 15), (115, 15), (116, 15), (201, 1), (203, 1), (204, 1), (205, 1), (255, 1)]
P4_S16/anonymized/auditoryAphasia_HP_350_Block3_Run2.vhdr: [(112, 15), (114, 15), (115, 8), (116, 15), (201, 1), (203, 1), (204, 1), (205, 1), (255, 1)]
P4_S16/anonymized/auditoryAphasia_HP_350_Block3_Run3.vhdr: [(112, 15), (114, 15), (115, 15), (116, 15), (201, 1), (203, 1), (204, 1), (205, 1), (255, 1)]
P4_S16/anonymized/auditoryAphasia_HP_350_Block3_Run4.vhdr: [(112, 15), (114, 15), (115, 15), (116, 15), (201, 1), (203, 1), (204, 1), (205, 1), (255, 1)]
P4_S16/anonymized/auditoryAphasia_HP_350_Block3_Run5.vhdr: [(112, 15), (114, 15), (115, 15), (116, 8), (201, 1), (203, 1), (204, 1), (205, 1), (255, 1)]
P4_S16/anonymized/auditoryAphasia_HP_350_Block3_Run6.vhdr: [(112, 15), (114, 15), (115, 8), (116, 15), (201, 1), (203, 1), (204, 1), (205, 1), (255, 1)]
P4_S17/anonymized/auditoryAphasia_HP_350_Block1_Run1.vhdr: [(112, 8), (114, 15), (115, 15), (116, 15), (201, 1), (203, 1), (204, 1), (205, 1), (255, 1)]
P4_S17/anonymized/auditoryAphasia_HP_350_Block1_Run2.vhdr: [(112, 15), (114, 10), (115, 15), (116, 8), (201, 1), (203, 1), (204, 1), (205, 1), (255, 1)]
P4_S17/anonymized/auditoryAphasia_HP_350_Block1_Run3.vhdr: [(112, 9), (114, 15), (115, 15), (116, 8), (201, 1), (203, 1), (204, 1), (205, 1), (255, 1)]
P4_S17/anonymized/auditoryAphasia_HP_350_Block1_Run4.vhdr: [(112, 13), (114, 15), (115, 15), (116, 8), (201, 1), (203, 1), (204, 1), (205, 1), (255, 1)]
P4_S17/anonymized/auditoryAphasia_HP_350_Block1_Run5.vhdr: [(112, 12), (114, 15), (115, 15), (116, 8), (201, 1), (203, 1), (204, 1), (205, 1), (255, 1)]
P4_S17/anonymized/auditoryAphasia_HP_350_Block1_Run6.vhdr: [(112, 11), (114, 15), (115, 15), (116, 15), (201, 1), (203, 1), (204, 1), (205, 1), (255, 1)]
P4_S17/anonymized/auditoryAphasia_HP_350_Block2_Run1.vhdr: [(112, 15), (114, 15), (115, 8), (116, 8), (201, 1), (203, 1), (204, 1), (205, 1), (255, 1)]
P4_S17/anonymized/auditoryAphasia_HP_350_Block2_Run2.vhdr: [(112, 8), (114, 15), (115, 15), (116, 15), (201, 1), (203, 1), (204, 1), (205, 1), (255, 1)]
P4_S17/anonymized/auditoryAphasia_HP_350_Block2_Run3.vhdr: [(112, 15), (114, 15), (115, 15), (116, 8), (201, 1), (203, 1), (204, 1), (205, 1), (255, 1)]
P4_S17/anonymized/auditoryAphasia_HP_350_Block2_Run4.vhdr: [(112, 11), (114, 15), (115, 15), (116, 15), (201, 1), (203, 1), (204, 1), (205, 1), (255, 1)]
P4_S17/anonymized/auditoryAphasia_HP_350_Block2_Run5.vhdr: [(112, 13), (114, 15), (115, 15), (116, 8), (201, 1), (203, 1), (204, 1), (205, 1), (255, 1), (10001, 1)]
P4_S17/anonymized/auditoryAphasia_HP_350_Block2_Run6.vhdr: [(112, 15), (114, 15), (115, 15), (116, 9), (201, 1), (203, 1), (204, 1), (205, 1), (255, 1), (10001, 1)]
P4_S17/anonymized/auditoryAphasia_HP_350_Block3_Run1.vhdr: [(112, 12), (114, 15), (115, 15), (116, 15), (201, 1), (203, 1), (204, 1), (205, 1), (255, 1), (10001, 1)]
P4_S17/anonymized/auditoryAphasia_HP_350_Block3_Run2.vhdr: [(112, 15), (114, 8), (115, 15), (116, 8), (201, 1), (203, 1), (204, 1), (205, 1), (255, 1), (10001, 1)]
P4_S17/anonymized/auditoryAphasia_HP_350_Block3_Run3.vhdr: [(112, 15), (114, 15), (115, 15), (116, 8), (201, 1), (203, 1), (204, 1), (205, 1), (255, 1)]
P4_S17/anonymized/auditoryAphasia_HP_350_Block3_Run4.vhdr: [(112, 8), (114, 15), (115, 15), (116, 15), (201, 1), (203, 1), (204, 1), (205, 1), (255, 1)]
P4_S17/anonymized/auditoryAphasia_HP_350_Block3_Run5.vhdr: [(112, 15), (114, 15), (115, 10), (116, 9), (201, 1), (203, 1), (204, 1), (205, 1), (255, 1)]
P4_S17/anonymized/auditoryAphasia_HP_350_Block3_Run6.vhdr: [(112, 8), (114, 15), (115, 15), (116, 15), (201, 1), (203, 1), (204, 1), (205, 1), (255, 1)]
P4_S18/anonymized/auditoryAphasia_HP_350_Block1_Run1.vhdr: [(112, 8), (114, 15), (115, 8), (116, 10), (201, 1), (203, 1), (204, 1), (205, 1), (255, 1)]
P4_S18/anonymized/auditoryAphasia_HP_350_Block1_Run2.vhdr: [(112, 15), (114, 15), (115, 15), (116, 9), (201, 1), (203, 1), (204, 1), (205, 1), (255, 1)]
P4_S18/anonymized/auditoryAphasia_HP_350_Block1_Run3.vhdr: [(112, 14), (114, 15), (115, 8), (116, 15), (201, 1), (203, 1), (204, 1), (205, 1), (255, 1)]
P4_S18/anonymized/auditoryAphasia_HP_350_Block1_Run4.vhdr: [(112, 9), (114, 15), (115, 9), (116, 15), (201, 1), (203, 1), (204, 1), (205, 1), (255, 1)]
P4_S18/anonymized/auditoryAphasia_HP_350_Block1_Run5.vhdr: [(112, 15), (114, 15), (115, 15), (116, 15), (201, 1), (203, 1), (204, 1), (205, 1), (255, 1)]
P4_S18/anonymized/auditoryAphasia_HP_350_Block1_Run6.vhdr: [(112, 9), (114, 15), (115, 15), (116, 15), (201, 1), (203, 1), (204, 1), (205, 1), (255, 1)]
P4_S18/anonymized/auditoryAphasia_HP_350_Block2_Run1.vhdr: [(112, 15), (114, 15), (115, 8), (116, 15), (201, 1), (203, 1), (204, 1), (205, 1), (255, 1)]
P4_S18/anonymized/auditoryAphasia_HP_350_Block2_Run2.vhdr: [(112, 15), (114, 15), (115, 8), (116, 15), (201, 1), (203, 1), (204, 1), (205, 1), (255, 1)]
P4_S18/anonymized/auditoryAphasia_HP_350_Block2_Run3.vhdr: [(112, 15), (114, 15), (115, 15), (116, 15), (201, 1), (203, 1), (204, 1), (205, 1), (255, 1)]
P4_S18/anonymized/auditoryAphasia_HP_350_Block2_Run4.vhdr: [(112, 15), (114, 15), (115, 8), (116, 15), (201, 1), (203, 1), (204, 1), (205, 1), (255, 1)]
P4_S18/anonymized/auditoryAphasia_HP_350_Block2_Run5.vhdr: [(112, 10), (114, 15), (115, 15), (116, 10), (201, 1), (203, 1), (204, 1), (205, 1), (255, 1)]
P4_S18/anonymized/auditoryAphasia_HP_350_Block2_Run6.vhdr: [(112, 15), (114, 15), (115, 15), (116, 14), (201, 1), (203, 1), (204, 1), (205, 1), (255, 1)]
P4_S18/anonymized/auditoryAphasia_HP_350_Block3_Run1.vhdr: [(112, 8), (114, 15), (115, 10), (116, 15), (201, 1), (203, 1), (204, 1), (205, 1), (255, 1)]
P4_S18/anonymized/auditoryAphasia_HP_350_Block3_Run2.vhdr: [(112, 15), (114, 15), (115, 8), (116, 9), (201, 1), (203, 1), (204, 1), (205, 1), (255, 1)]
P4_S18/anonymized/auditoryAphasia_HP_350_Block3_Run3.vhdr: [(112, 15), (114, 8), (115, 9), (116, 15), (201, 1), (203, 1), (204, 1), (205, 1), (255, 1)]
P4_S18/anonymized/auditoryAphasia_HP_350_Block3_Run4.vhdr: [(112, 8), (114, 8), (115, 15), (116, 14), (201, 1), (203, 1), (204, 1), (205, 1), (255, 1)]
P4_S18/anonymized/auditoryAphasia_HP_350_Block3_Run5.vhdr: [(112, 8), (114, 13), (115, 11), (116, 15), (201, 1), (203, 1), (204, 1), (205, 1), (255, 1)]
P4_S18/anonymized/auditoryAphasia_HP_350_Block3_Run6.vhdr: [(112, 12), (114, 15), (115, 15), (116, 15), (201, 1), (203, 1), (204, 1), (205, 1), (255, 1)]
P4_S19/anonymized/auditoryAphasia_HP_350_Block1_Run1.vhdr: [(112, 8), (114, 15), (115, 15), (116, 15), (201, 1), (203, 1), (204, 1), (205, 1), (255, 1)]
P4_S19/anonymized/auditoryAphasia_HP_350_Block1_Run2.vhdr: [(112, 8), (114, 15), (115, 15), (116, 15), (201, 1), (203, 1), (204, 1), (205, 1), (255, 1)]
P4_S19/anonymized/auditoryAphasia_HP_350_Block1_Run3.vhdr: [(112, 15), (114, 15), (115, 15), (116, 15), (201, 1), (203, 1), (204, 1), (205, 1), (255, 1)]
P4_S19/anonymized/auditoryAphasia_HP_350_Block1_Run4.vhdr: [(112, 8), (114, 15), (115, 8), (116, 15), (201, 1), (203, 1), (204, 1), (205, 1), (255, 1)]
P4_S19/anonymized/auditoryAphasia_HP_350_Block1_Run5.vhdr: [(112, 8), (114, 15), (115, 8), (116, 15), (201, 1), (203, 1), (204, 1), (205, 1), (255, 1)]
P4_S19/anonymized/auditoryAphasia_HP_350_Block1_Run6.vhdr: [(112, 8), (114, 15), (115, 15), (116, 15), (201, 1), (203, 1), (204, 1), (205, 1), (255, 1)]
P4_S19/anonymized/auditoryAphasia_HP_350_Block2_Run1.vhdr: [(112, 14), (114, 15), (115, 8), (116, 11), (201, 1), (203, 1), (204, 1), (205, 1), (255, 1)]
P4_S19/anonymized/auditoryAphasia_HP_350_Block2_Run2.vhdr: [(112, 15), (114, 15), (115, 15), (116, 15), (201, 1), (203, 1), (204, 1), (205, 1), (255, 1)]
P4_S19/anonymized/auditoryAphasia_HP_350_Block2_Run3.vhdr: [(112, 15), (114, 15), (115, 15), (116, 15), (201, 1), (203, 1), (204, 1), (205, 1), (255, 1)]
P4_S19/anonymized/auditoryAphasia_HP_350_Block2_Run4.vhdr: [(112, 10), (114, 15), (115, 8), (116, 8), (201, 1), (203, 1), (204, 1), (205, 1), (255, 1)]
P4_S19/anonymized/auditoryAphasia_HP_350_Block2_Run5.vhdr: [(112, 15), (114, 15), (115, 15), (116, 15), (201, 1), (203, 1), (204, 1), (205, 1), (255, 1)]
P4_S19/anonymized/auditoryAphasia_HP_350_Block2_Run6.vhdr: [(112, 11), (114, 15), (115, 15), (116, 13), (201, 1), (203, 1), (204, 1), (205, 1), (255, 1)]
P4_S19/anonymized/auditoryAphasia_HP_350_Block3_Run1.vhdr: [(112, 8), (114, 8), (115, 15), (116, 8), (201, 1), (203, 1), (204, 1), (205, 1), (255, 1)]
P4_S19/anonymized/auditoryAphasia_HP_350_Block3_Run2.vhdr: [(112, 8), (114, 15), (115, 15), (116, 9), (201, 1), (203, 1), (204, 1), (205, 1), (255, 1)]
P4_S19/anonymized/auditoryAphasia_HP_350_Block3_Run3.vhdr: [(112, 9), (114, 15), (115, 15), (116, 8), (201, 1), (203, 1), (204, 1), (205, 1), (255, 1)]
P4_S19/anonymized/auditoryAphasia_HP_350_Block3_Run4.vhdr: [(112, 8), (114, 15), (115, 15), (116, 15), (201, 1), (203, 1), (204, 1), (205, 1), (255, 1)]
P4_S19/anonymized/auditoryAphasia_HP_350_Block3_Run5.vhdr: [(112, 8), (114, 15), (115, 15), (116, 15), (201, 1), (203, 1), (204, 1), (205, 1), (255, 1)]
P4_S19/anonymized/auditoryAphasia_HP_350_Block3_Run6.vhdr: [(112, 10), (114, 15), (115, 15), (116, 8), (201, 1), (203, 1), (204, 1), (205, 1), (255, 1)]
P4_S19/anonymized/auditoryAphasia_HP_350_Block4_Run1.vhdr: [(112, 15), (114, 15), (115, 9), (116, 8), (201, 1), (203, 1), (204, 1), (205, 1), (255, 1)]
P4_S20/anonymized/auditoryAphasia_6D_long_350_Block1_Run1.vhdr: [(112, 15), (114, 15), (115, 15), (116, 15), (201, 1), (203, 1), (204, 1), (205, 1), (255, 1), (10001, 1)]
P4_S20/anonymized/auditoryAphasia_6D_long_350_Block2_Run1.vhdr: [(112, 15), (114, 15), (115, 15), (116, 15), (201, 1), (203, 1), (204, 1), (205, 1), (255, 1), (10001, 1)]
P4_S20/anonymized/auditoryAphasia_6D_long_350_Block3_Run1.vhdr: [(112, 15), (114, 15), (115, 15), (116, 15), (201, 1), (203, 1), (204, 1), (205, 1), (255, 1)]
P4_S20/anonymized/auditoryAphasia_6D_long_350_Block4_Run1.vhdr: [(112, 15), (114, 15), (115, 15), (116, 15), (201, 1), (203, 1), (204, 1), (205, 1), (255, 1)]
P4_S20/anonymized/auditoryAphasia_6D_short_250_Block1_Run3.vhdr: [(112, 15), (114, 15), (115, 15), (116, 15), (201, 1), (203, 1), (204, 1), (205, 1), (255, 1)]
P4_S20/anonymized/auditoryAphasia_6D_short_250_Block2_Run3.vhdr: [(112, 15), (114, 15), (115, 15), (116, 15), (201, 1), (203, 1), (204, 1), (205, 1), (255, 1)]
P4_S20/anonymized/auditoryAphasia_6D_short_250_Block3_Run3.vhdr: [(112, 15), (114, 15), (115, 15), (116, 15), (201, 1), (203, 1), (204, 1), (205, 1), (255, 1)]
P4_S20/anonymized/auditoryAphasia_6D_short_250_Block4_Run3.vhdr: [(112, 15), (114, 15), (115, 15), (116, 15), (201, 1), (203, 1), (204, 1), (205, 1), (255, 1)]
P4_S20/anonymized/auditoryAphasia_HP_long_350_Block1_Run2.vhdr: [(112, 15), (114, 15), (115, 15), (116, 15), (201, 1), (203, 1), (204, 1), (205, 1), (255, 1)]
P4_S20/anonymized/auditoryAphasia_HP_long_350_Block2_Run2.vhdr: [(112, 15), (114, 15), (115, 15), (116, 15), (201, 1), (203, 1), (204, 1), (205, 1), (255, 1)]
P4_S20/anonymized/auditoryAphasia_HP_long_350_Block3_Run2.vhdr: [(112, 15), (114, 15), (115, 15), (116, 15), (201, 1), (203, 1), (204, 1), (205, 1), (255, 1)]
P4_S20/anonymized/auditoryAphasia_HP_long_350_Block4_Run2.vhdr: [(112, 15), (114, 15), (115, 15), (116, 15), (201, 1), (203, 1), (204, 1), (205, 1), (255, 1)]
P4_S20/anonymized/auditoryAphasia_HP_short_250_Block1_Run4.vhdr: [(112, 15), (114, 15), (115, 15), (116, 15), (201, 1), (203, 1), (204, 1), (205, 1), (255, 1)]
P4_S20/anonymized/auditoryAphasia_HP_short_250_Block2_Run4.vhdr: [(112, 15), (114, 15), (115, 15), (116, 15), (201, 1), (203, 1), (204, 1), (205, 1), (255, 1)]
P4_S20/anonymized/auditoryAphasia_HP_short_250_Block3_Run4.vhdr: [(112, 15), (114, 15), (115, 15), (116, 15), (201, 1), (203, 1), (204, 1), (205, 1), (255, 1)]
P4_S20/anonymized/auditoryAphasia_HP_short_250_Block4_Run4.vhdr: [(112, 15), (114, 15), (115, 15), (116, 15), (201, 1), (203, 1), (204, 1), (205, 1), (255, 1)]

End of log file
