2025-05-21 18:29:42
Patient 9 marker information of all sessions 1-18

Common markers across all runs, for each session
Session 1: [101, 102, 103, 104, 105, 106, 111, 112, 113, 114, 115, 116, 200, 201, 202, 203, 204, 205, 210, 255, 99999]
Session 2: [101, 102, 103, 104, 105, 106, 111, 112, 113, 114, 115, 116, 200, 201, 202, 203, 204, 205, 210, 255, 99999]
Session 3: [101, 102, 103, 104, 105, 106, 111, 112, 113, 114, 115, 116, 200, 201, 202, 203, 204, 205, 210, 211, 255, 99999]
Session 4: [101, 102, 103, 104, 105, 106, 111, 112, 113, 114, 115, 116, 200, 201, 202, 203, 204, 205, 210, 211, 255, 99999]
Session 5: [101, 102, 103, 104, 105, 106, 111, 112, 113, 114, 115, 116, 200, 201, 202, 203, 204, 205, 210, 211, 255, 99999]
Session 6: [101, 102, 103, 104, 105, 106, 111, 112, 113, 114, 115, 116, 200, 201, 202, 203, 204, 205, 210, 211, 255, 99999]
Session 7: [101, 102, 103, 104, 105, 106, 111, 112, 113, 114, 115, 116, 200, 201, 202, 203, 204, 205, 210, 211, 255, 99999]
Session 8: [101, 102, 103, 104, 105, 106, 111, 112, 113, 114, 115, 116, 200, 201, 202, 203, 204, 205, 210, 211, 255, 99999]
Session 9: [101, 102, 103, 104, 105, 106, 111, 112, 113, 114, 115, 116, 200, 201, 202, 203, 204, 205, 210, 211, 255, 99999]
Session 10: [101, 102, 103, 104, 105, 106, 111, 112, 113, 114, 115, 116, 200, 201, 202, 203, 204, 205, 210, 211, 255, 99999]
Session 11: [101, 102, 103, 104, 105, 106, 111, 112, 113, 114, 115, 116, 200, 201, 202, 203, 204, 205, 210, 211, 255, 99999]
Session 12: [101, 102, 103, 104, 105, 106, 111, 112, 113, 114, 115, 116, 200, 201, 202, 203, 204, 205, 210, 211, 255, 99999]
Session 13: [101, 102, 103, 104, 105, 106, 111, 112, 113, 114, 115, 116, 200, 201, 202, 203, 204, 205, 210, 211, 255, 99999]
Session 14: [101, 102, 103, 104, 105, 106, 111, 112, 113, 114, 115, 116, 200, 201, 202, 203, 204, 205, 210, 211, 255, 99999]
Session 15: [101, 102, 103, 104, 105, 106, 111, 112, 113, 114, 115, 116, 200, 201, 202, 203, 204, 205, 210, 211, 255, 99999]
Session 16: [101, 102, 103, 104, 105, 106, 111, 112, 113, 114, 115, 116, 200, 201, 202, 203, 204, 205, 210, 211, 255, 99999]
Session 17: [101, 102, 103, 104, 105, 106, 111, 112, 113, 114, 115, 116, 200, 201, 202, 203, 204, 205, 210, 211, 255, 99999]
Session 18: [101, 102, 103, 104, 105, 106, 111, 112, 113, 114, 115, 116, 200, 201, 202, 203, 204, 205, 210, 255, 99999]

Markers that do not appear in all runs, for each session
Session 1: {10001}
Session 2: {10001}
Session 3: {10001}
Session 4: {10001}
Session 5: {10001}
Session 6: {10001}
Session 7: {251}
Session 8: {10001}
Session 9: -
Session 10: {10001, 251}
Session 11: {10001}
Session 12: -
Session 13: -
Session 14: {10001}
Session 15: -
Session 16: -
Session 17: {10001}
Session 18: {10001}

Searching for the uncommon markers: [  251 10001]
[filename]: [(marker, count)]
P9_S1/anonymized/auditoryAphasia_6D_long_350_Block1_Run1.vhdr: [(10001, 1)]
P9_S1/anonymized/auditoryAphasia_6D_long_350_Block3_Run1.vhdr: [(10001, 1)]
P9_S1/anonymized/auditoryAphasia_HP_short_250_Block3_Run4.vhdr: [(10001, 1)]
P9_S2/anonymized/auditoryAphasia_6D_short_250_Block1_Run3.vhdr: [(10001, 2)]
P9_S3/anonymized/auditoryAphasia_6D_350_Block2_Run2.vhdr: [(10001, 1)]
P9_S4/anonymized/auditoryAphasia_6D_350_Block1_Run5.vhdr: [(10001, 1)]
P9_S5/anonymized/auditoryAphasia_6D_350_Block1_Run4.vhdr: [(10001, 1)]
P9_S6/anonymized/auditoryAphasia_6D_350_Block2_Run3.vhdr: [(10001, 1)]
P9_S7/anonymized/auditoryAphasia_6D_350_Block2_Run3.vhdr: [(251, 1)]
P9_S8/anonymized/auditoryAphasia_6D_350_Block3_Run6.vhdr: [(10001, 2)]
P9_S10/anonymized/auditoryAphasia_6D_350_Block1_Run5.vhdr: [(251, 1)]
P9_S10/anonymized/auditoryAphasia_6D_350_Block1_Run6.vhdr: [(10001, 1)]
P9_S11/anonymized/auditoryAphasia_HP_350_Block1_Run1.vhdr: [(10001, 1)]
P9_S14/anonymized/auditoryAphasia_HP_1000_Block1_Run1.vhdr: [(10001, 1)]
P9_S14/anonymized/auditoryAphasia_HP_1000_Block1_Run3.vhdr: [(10001, 1)]
P9_S17/anonymized/auditoryAphasia_HP_1000_Block2_Run5.vhdr: [(10001, 1)]
P9_S18/anonymized/auditoryAphasia_HP_long_350_Block1_Run2.vhdr: [(10001, 1)]

End of log file
