Stored as "NEW_big_sizes_scores_6D.pkl"
Number of sizes: 23
Sizes: [ 1200  1800  2400  3000  3600  4200  4800  5400  6000  6600  7200  7800
  8400  9000  9600 10200 10800 11400 12000 12600 13200 13800 14400]
Step size: 90
Trials total: 1302
Epochs total: 95040
Using only epochs 0-60696 (sessions 1-10, incl. - 6D condition)
Time intervals: [0.1  0.15 0.2  0.25 0.3  0.35 0.4  0.45 0.5 ]
Computing average auc score for size 1200 (out of 23)
	 interval: [0,1200] / 95040
	 interval: [1200,2400] / 95040
	 interval: [2400,3600] / 95040
	 interval: [3600,4800] / 95040
	 interval: [4800,6000] / 95040
	 interval: [6000,7200] / 95040
	 interval: [7200,8400] / 95040
	 interval: [8400,9600] / 95040
	 interval: [9600,10800] / 95040
	 interval: [10800,12000] / 95040
	 interval: [12000,13200] / 95040
	 interval: [13200,14400] / 95040
	 interval: [14400,15600] / 95040
	 interval: [15600,16800] / 95040
	 interval: [16800,18000] / 95040
	 interval: [18000,19200] / 95040
	 interval: [19200,20400] / 95040
	 interval: [20400,21600] / 95040
	 interval: [21600,22800] / 95040
	 interval: [22800,24000] / 95040
	 interval: [24000,25200] / 95040
	 interval: [25200,26400] / 95040
	 interval: [26400,27600] / 95040
	 interval: [27600,28800] / 95040
	 interval: [28800,30000] / 95040
	 interval: [30000,31200] / 95040
	 interval: [31200,32400] / 95040
	 interval: [32400,33600] / 95040
	 interval: [33600,34800] / 95040
	 interval: [34800,36000] / 95040
	 interval: [36000,37200] / 95040
	 interval: [37200,38400] / 95040
	 interval: [38400,39600] / 95040
	 interval: [39600,40800] / 95040
	 interval: [40800,42000] / 95040
	 interval: [42000,43200] / 95040
	 interval: [43200,44400] / 95040
	 interval: [44400,45600] / 95040
	 interval: [45600,46800] / 95040
	 interval: [46800,48000] / 95040
	 interval: [48000,49200] / 95040
	 interval: [49200,50400] / 95040
	 interval: [50400,51600] / 95040
	 interval: [51600,52800] / 95040
	 interval: [52800,54000] / 95040
	 interval: [54000,55200] / 95040
	 interval: [55200,56400] / 95040
	 interval: [56400,57600] / 95040
	 interval: [57600,58800] / 95040
	 interval: [58800,60000] / 95040
[0.55646 0.53572 0.51398 0.62734 0.61314 0.70542 0.72726 0.7417  0.7625
 0.68782 0.81244 0.61146 0.5865  0.74046 0.70104 0.77002 0.67516 0.72208
 0.72046 0.78902 0.7277  0.77412 0.73982 0.72976 0.79132 0.7376  0.75264
 0.79088 0.67834 0.67838 0.68428 0.6944  0.726   0.70722 0.67638 0.67682
 0.69134 0.56306 0.69476 0.77492 0.76946 0.74536 0.77892 0.76928 0.79452
 0.81732 0.7376  0.76388 0.7432  0.68198]
avg auc score: btlda 0.7098248000000001
Computing average auc score for size 1800 (out of 23)
	 interval: [0,1800] / 95040
	 interval: [1800,3600] / 95040
	 interval: [3600,5400] / 95040
	 interval: [5400,7200] / 95040
	 interval: [7200,9000] / 95040
	 interval: [9000,10800] / 95040
	 interval: [10800,12600] / 95040
	 interval: [12600,14400] / 95040
	 interval: [14400,16200] / 95040
	 interval: [16200,18000] / 95040
	 interval: [18000,19800] / 95040
	 interval: [19800,21600] / 95040
	 interval: [21600,23400] / 95040
	 interval: [23400,25200] / 95040
	 interval: [25200,27000] / 95040
	 interval: [27000,28800] / 95040
	 interval: [28800,30600] / 95040
	 interval: [30600,32400] / 95040
	 interval: [32400,34200] / 95040
	 interval: [34200,36000] / 95040
	 interval: [36000,37800] / 95040
	 interval: [37800,39600] / 95040
	 interval: [39600,41400] / 95040
	 interval: [41400,43200] / 95040
	 interval: [43200,45000] / 95040
	 interval: [45000,46800] / 95040
	 interval: [46800,48600] / 95040
	 interval: [48600,50400] / 95040
	 interval: [50400,52200] / 95040
	 interval: [52200,54000] / 95040
	 interval: [54000,55800] / 95040
	 interval: [55800,57600] / 95040
	 interval: [57600,59400] / 95040
[0.59582222 0.5248     0.64654222 0.67685333 0.73748444 0.75277333
 0.71798222 0.69376889 0.60770667 0.73094222 0.75716444 0.72911111
 0.74896    0.78868444 0.77159111 0.75375111 0.80103111 0.76801778
 0.76864889 0.70096889 0.71944    0.72312    0.75190222 0.67504
 0.72015111 0.59452444 0.77192    0.81256    0.79310222 0.79895111
 0.78810667 0.74834667 0.76003556]
avg auc score: btlda 0.7251455892255891
Computing average auc score for size 2400 (out of 23)
	 interval: [0,2400] / 95040
	 interval: [2400,4800] / 95040
	 interval: [4800,7200] / 95040
	 interval: [7200,9600] / 95040
	 interval: [9600,12000] / 95040
	 interval: [12000,14400] / 95040
	 interval: [14400,16800] / 95040
	 interval: [16800,19200] / 95040
	 interval: [19200,21600] / 95040
	 interval: [21600,24000] / 95040
	 interval: [24000,26400] / 95040
	 interval: [26400,28800] / 95040
	 interval: [28800,31200] / 95040
	 interval: [31200,33600] / 95040
	 interval: [33600,36000] / 95040
	 interval: [36000,38400] / 95040
	 interval: [38400,40800] / 95040
	 interval: [40800,43200] / 95040
	 interval: [43200,45600] / 95040
	 interval: [45600,48000] / 95040
	 interval: [48000,50400] / 95040
	 interval: [50400,52800] / 95040
	 interval: [52800,55200] / 95040
	 interval: [55200,57600] / 95040
	 interval: [57600,60000] / 95040
[0.558065 0.56002  0.71056  0.754655 0.73831  0.71962  0.6262   0.76968
 0.732435 0.771375 0.78982  0.76567  0.77519  0.805395 0.72307  0.726815
 0.758515 0.710415 0.601885 0.72765  0.801715 0.80547  0.817405 0.779285
 0.74695 ]
avg auc score: btlda 0.7310468
Computing average auc score for size 3000 (out of 23)
	 interval: [0,3000] / 95040
	 interval: [3000,6000] / 95040
	 interval: [6000,9000] / 95040
	 interval: [9000,12000] / 95040
	 interval: [12000,15000] / 95040
	 interval: [15000,18000] / 95040
	 interval: [18000,21000] / 95040
	 interval: [21000,24000] / 95040
	 interval: [24000,27000] / 95040
	 interval: [27000,30000] / 95040
	 interval: [30000,33000] / 95040
	 interval: [33000,36000] / 95040
	 interval: [36000,39000] / 95040
	 interval: [39000,42000] / 95040
	 interval: [42000,45000] / 95040
	 interval: [45000,48000] / 95040
	 interval: [48000,51000] / 95040
	 interval: [51000,54000] / 95040
	 interval: [54000,57000] / 95040
	 interval: [57000,60000] / 95040
[0.5487968 0.6330656 0.74328   0.7471072 0.7401536 0.626496  0.7452288
 0.7799744 0.79152   0.776624  0.800896  0.7290464 0.7271872 0.7404896
 0.7190752 0.6077664 0.8200928 0.8108    0.7866272 0.7649952]
avg auc score: btlda 0.73196112
Computing average auc score for size 3600 (out of 23)
	 interval: [0,3600] / 95040
	 interval: [3600,7200] / 95040
	 interval: [7200,10800] / 95040
	 interval: [10800,14400] / 95040
	 interval: [14400,18000] / 95040
	 interval: [18000,21600] / 95040
	 interval: [21600,25200] / 95040
	 interval: [25200,28800] / 95040
	 interval: [28800,32400] / 95040
	 interval: [32400,36000] / 95040
	 interval: [36000,39600] / 95040
	 interval: [39600,43200] / 95040
	 interval: [43200,46800] / 95040
	 interval: [46800,50400] / 95040
	 interval: [50400,54000] / 95040
	 interval: [54000,57600] / 95040
[0.57210667 0.70928444 0.78125333 0.72294889 0.64448667 0.76524
 0.78205111 0.77576222 0.78081778 0.76245333 0.74487333 0.73243778
 0.61261111 0.81846889 0.81349111 0.79974222]
avg auc score: btlda 0.7386268055555555
Computing average auc score for size 4200 (out of 23)
	 interval: [0,4200] / 95040
	 interval: [4200,8400] / 95040
	 interval: [8400,12600] / 95040
	 interval: [12600,16800] / 95040
	 interval: [16800,21000] / 95040
	 interval: [21000,25200] / 95040
	 interval: [25200,29400] / 95040
	 interval: [29400,33600] / 95040
	 interval: [33600,37800] / 95040
	 interval: [37800,42000] / 95040
	 interval: [42000,46200] / 95040
	 interval: [46200,50400] / 95040
	 interval: [50400,54600] / 95040
	 interval: [54600,58800] / 95040
[0.57732735 0.7303102  0.77060245 0.63843102 0.75557714 0.79318204
 0.77713633 0.79468082 0.73545143 0.74580898 0.59297143 0.80289143
 0.82206041 0.78876571]
avg auc score: btlda 0.7375140524781341
Computing average auc score for size 4800 (out of 23)
	 interval: [0,4800] / 95040
	 interval: [4800,9600] / 95040
	 interval: [9600,14400] / 95040
	 interval: [14400,19200] / 95040
	 interval: [19200,24000] / 95040
	 interval: [24000,28800] / 95040
	 interval: [28800,33600] / 95040
	 interval: [33600,38400] / 95040
	 interval: [38400,43200] / 95040
	 interval: [43200,48000] / 95040
	 interval: [48000,52800] / 95040
	 interval: [52800,57600] / 95040
[0.588055   0.7453875  0.7311725  0.6639075  0.7720525  0.78595125
 0.8011875  0.73492875 0.73726875 0.63694875 0.8233125  0.8010475 ]
avg auc score: btlda 0.7351016666666667
Computing average auc score for size 5400 (out of 23)
	 interval: [0,5400] / 95040
	 interval: [5400,10800] / 95040
	 interval: [10800,16200] / 95040
	 interval: [16200,21600] / 95040
	 interval: [21600,27000] / 95040
	 interval: [27000,32400] / 95040
	 interval: [32400,37800] / 95040
	 interval: [37800,43200] / 95040
	 interval: [43200,48600] / 95040
	 interval: [48600,54000] / 95040
	 interval: [54000,59400] / 95040
[0.58788938 0.76719605 0.63315654 0.76635951 0.7984642  0.78532642
 0.75696988 0.74062617 0.63254123 0.8306242  0.79493432]
avg auc score: btlda 0.7358261728395061
Computing average auc score for size 6000 (out of 23)
	 interval: [0,6000] / 95040
	 interval: [6000,12000] / 95040
	 interval: [12000,18000] / 95040
	 interval: [18000,24000] / 95040
	 interval: [24000,30000] / 95040
	 interval: [30000,36000] / 95040
	 interval: [36000,42000] / 95040
	 interval: [42000,48000] / 95040
	 interval: [48000,54000] / 95040
	 interval: [54000,60000] / 95040
[0.5958648 0.7657816 0.6368168 0.779288  0.7884384 0.7771408 0.7575624
 0.635692  0.8257128 0.7844184]
avg auc score: btlda 0.7346716
Computing average auc score for size 6600 (out of 23)
	 interval: [0,6600] / 95040
	 interval: [6600,13200] / 95040
	 interval: [13200,19800] / 95040
	 interval: [19800,26400] / 95040
	 interval: [26400,33000] / 95040
	 interval: [33000,39600] / 95040
	 interval: [39600,46200] / 95040
	 interval: [46200,52800] / 95040
	 interval: [52800,59400] / 95040
[0.59603636 0.76754182 0.65005686 0.7915081  0.80311537 0.74451174
 0.63731967 0.81493752 0.80090446]
avg auc score: btlda 0.7339924334251607
Computing average auc score for size 7200 (out of 23)
	 interval: [0,7200] / 95040
	 interval: [7200,14400] / 95040
	 interval: [14400,21600] / 95040
	 interval: [21600,28800] / 95040
	 interval: [28800,36000] / 95040
	 interval: [36000,43200] / 95040
	 interval: [43200,50400] / 95040
	 interval: [50400,57600] / 95040
[0.61049944 0.751295   0.66539222 0.79449167 0.78288111 0.748525
 0.647815   0.80818333]
avg auc score: btlda 0.7261353472222223
Computing average auc score for size 7800 (out of 23)
	 interval: [0,7800] / 95040
	 interval: [7800,15600] / 95040
	 interval: [15600,23400] / 95040
	 interval: [23400,31200] / 95040
	 interval: [31200,39000] / 95040
	 interval: [39000,46800] / 95040
	 interval: [46800,54600] / 95040
[0.6207574  0.62639858 0.77543953 0.79561704 0.76820024 0.63598201
 0.82661586]
avg auc score: btlda 0.7212872358410819
Computing average auc score for size 8400 (out of 23)
	 interval: [0,8400] / 95040
	 interval: [8400,16800] / 95040
	 interval: [16800,25200] / 95040
	 interval: [25200,33600] / 95040
	 interval: [33600,42000] / 95040
	 interval: [42000,50400] / 95040
	 interval: [50400,58800] / 95040
[0.63827102 0.64816653 0.78155265 0.79893388 0.75601061 0.64951918
 0.80909224]
avg auc score: btlda 0.7259351603498542
Computing average auc score for size 9000 (out of 23)
	 interval: [0,9000] / 95040
	 interval: [9000,18000] / 95040
	 interval: [18000,27000] / 95040
	 interval: [27000,36000] / 95040
	 interval: [36000,45000] / 95040
	 interval: [45000,54000] / 95040
[0.64166862 0.63445689 0.79371164 0.78670649 0.74716871 0.66464178]
avg auc score: btlda 0.7113923555555556
Computing average auc score for size 9600 (out of 23)
	 interval: [0,9600] / 95040
	 interval: [9600,19200] / 95040
	 interval: [19200,28800] / 95040
	 interval: [28800,38400] / 95040
	 interval: [38400,48000] / 95040
	 interval: [48000,57600] / 95040
[0.65088844 0.64503156 0.78488687 0.7737875  0.63826094 0.81480719]
avg auc score: btlda 0.71794375
Computing average auc score for size 10200 (out of 23)
	 interval: [0,10200] / 95040
	 interval: [10200,20400] / 95040
	 interval: [20400,30600] / 95040
	 interval: [30600,40800] / 95040
	 interval: [40800,51000] / 95040
[0.65447529 0.65138574 0.79291377 0.7718173  0.64564208]
avg auc score: btlda 0.7032468373702423
Computing average auc score for size 10800 (out of 23)
	 interval: [0,10800] / 95040
	 interval: [10800,21600] / 95040
	 interval: [21600,32400] / 95040
	 interval: [32400,43200] / 95040
	 interval: [43200,54000] / 95040
[0.66452296 0.64895877 0.79347383 0.76173432 0.65742963]
avg auc score: btlda 0.7052239012345678
Computing average auc score for size 11400 (out of 23)
	 interval: [0,11400] / 95040
	 interval: [11400,22800] / 95040
	 interval: [22800,34200] / 95040
	 interval: [34200,45600] / 95040
	 interval: [45600,57000] / 95040
[0.66280975 0.6551477  0.79861895 0.64240753 0.80520443]
avg auc score: btlda 0.712837673130194
Computing average auc score for size 12000 (out of 23)
	 interval: [0,12000] / 95040
	 interval: [12000,24000] / 95040
	 interval: [24000,36000] / 95040
	 interval: [36000,48000] / 95040
	 interval: [48000,60000] / 95040
[0.6727162 0.657769  0.7916432 0.6481274 0.8059304]
avg auc score: btlda 0.71523724
Computing average auc score for size 12600 (out of 23)
	 interval: [0,12600] / 95040
	 interval: [12600,25200] / 95040
	 interval: [25200,37800] / 95040
	 interval: [37800,50400] / 95040
[0.67323628 0.66337814 0.78383274 0.65323846]
avg auc score: btlda 0.6934214058956916
Computing average auc score for size 13200 (out of 23)
	 interval: [0,13200] / 95040
	 interval: [13200,26400] / 95040
	 interval: [26400,39600] / 95040
	 interval: [39600,52800] / 95040
[0.67747554 0.66220298 0.78277091 0.65400017]
avg auc score: btlda 0.6941123966942149
Computing average auc score for size 13800 (out of 23)
	 interval: [0,13800] / 95040
	 interval: [13800,27600] / 95040
	 interval: [27600,41400] / 95040
	 interval: [41400,55200] / 95040
[0.67500885 0.66705074 0.78015667 0.65938042]
avg auc score: btlda 0.695399168241966
Computing average auc score for size 14400 (out of 23)
	 interval: [0,14400] / 95040
	 interval: [14400,28800] / 95040
	 interval: [28800,43200] / 95040
	 interval: [43200,57600] / 95040
[0.67479444 0.67399778 0.76970542 0.66611875]
avg auc score: btlda 0.6961540972222222