Stored as "NEW_small_sizes_scores_HP.pkl"
Number of sizes: 14
Sizes: [  90  180  270  360  450  540  630  720  810  900  990 1080 1170 1260]
Step size: 90
Trials total: 1302
Epochs total: 95040
Using only epochs 60696-95040 (sessions 10-17, incl. - HP condition)
Time intervals: [0.1  0.15 0.2  0.25 0.3  0.35 0.4  0.45 0.5 ]
Computing average auc score for size 90 (out of 14)
	 interval: [60696,60786] / 95040
	 interval: [60786,60876] / 95040
	 interval: [60876,60966] / 95040
	 interval: [60966,61056] / 95040
	 interval: [61056,61146] / 95040
	 interval: [61146,61236] / 95040
	 interval: [61236,61326] / 95040
	 interval: [61326,61416] / 95040
	 interval: [61416,61506] / 95040
	 interval: [61506,61596] / 95040
	 interval: [61596,61686] / 95040
	 interval: [61686,61776] / 95040
	 interval: [61776,61866] / 95040
	 interval: [61866,61956] / 95040
	 interval: [61956,62046] / 95040
	 interval: [62046,62136] / 95040
	 interval: [62136,62226] / 95040
	 interval: [62226,62316] / 95040
	 interval: [62316,62406] / 95040
	 interval: [62406,62496] / 95040
	 interval: [62496,62586] / 95040
	 interval: [62586,62676] / 95040
	 interval: [62676,62766] / 95040
	 interval: [62766,62856] / 95040
	 interval: [62856,62946] / 95040
	 interval: [62946,63036] / 95040
	 interval: [63036,63126] / 95040
	 interval: [63126,63216] / 95040
	 interval: [63216,63306] / 95040
	 interval: [63306,63396] / 95040
	 interval: [63396,63486] / 95040
	 interval: [63486,63576] / 95040
	 interval: [63576,63666] / 95040
	 interval: [63666,63756] / 95040
	 interval: [63756,63846] / 95040
	 interval: [63846,63936] / 95040
	 interval: [63936,64026] / 95040
	 interval: [64026,64116] / 95040
	 interval: [64116,64206] / 95040
	 interval: [64206,64296] / 95040
	 interval: [64296,64386] / 95040
	 interval: [64386,64476] / 95040
	 interval: [64476,64566] / 95040
	 interval: [64566,64656] / 95040
	 interval: [64656,64746] / 95040
	 interval: [64746,64836] / 95040
	 interval: [64836,64926] / 95040
	 interval: [64926,65016] / 95040
	 interval: [65016,65106] / 95040
	 interval: [65106,65196] / 95040
	 interval: [65196,65286] / 95040
	 interval: [65286,65376] / 95040
	 interval: [65376,65466] / 95040
	 interval: [65466,65556] / 95040
	 interval: [65556,65646] / 95040
	 interval: [65646,65736] / 95040
	 interval: [65736,65826] / 95040
	 interval: [65826,65916] / 95040
	 interval: [65916,66006] / 95040
	 interval: [66006,66096] / 95040
	 interval: [66096,66186] / 95040
	 interval: [66186,66276] / 95040
	 interval: [66276,66366] / 95040
	 interval: [66366,66456] / 95040
	 interval: [66456,66546] / 95040
	 interval: [66546,66636] / 95040
	 interval: [66636,66726] / 95040
	 interval: [66726,66816] / 95040
	 interval: [66816,66906] / 95040
	 interval: [66906,66996] / 95040
	 interval: [66996,67086] / 95040
	 interval: [67086,67176] / 95040
	 interval: [67176,67266] / 95040
	 interval: [67266,67356] / 95040
	 interval: [67356,67446] / 95040
	 interval: [67446,67536] / 95040
	 interval: [67536,67626] / 95040
	 interval: [67626,67716] / 95040
	 interval: [67716,67806] / 95040
	 interval: [67806,67896] / 95040
	 interval: [67896,67986] / 95040
	 interval: [67986,68076] / 95040
	 interval: [68076,68166] / 95040
	 interval: [68166,68256] / 95040
	 interval: [68256,68346] / 95040
	 interval: [68346,68436] / 95040
	 interval: [68436,68526] / 95040
	 interval: [68526,68616] / 95040
	 interval: [68616,68706] / 95040
	 interval: [68706,68796] / 95040
	 interval: [68796,68886] / 95040
	 interval: [68886,68976] / 95040
	 interval: [68976,69066] / 95040
	 interval: [69066,69156] / 95040
	 interval: [69156,69246] / 95040
	 interval: [69246,69336] / 95040
	 interval: [69336,69426] / 95040
	 interval: [69426,69516] / 95040
	 interval: [69516,69606] / 95040
	 interval: [69606,69696] / 95040
	 interval: [69696,69786] / 95040
	 interval: [69786,69876] / 95040
	 interval: [69876,69966] / 95040
	 interval: [69966,70056] / 95040
	 interval: [70056,70146] / 95040
	 interval: [70146,70236] / 95040
	 interval: [70236,70326] / 95040
	 interval: [70326,70416] / 95040
	 interval: [70416,70506] / 95040
	 interval: [70506,70596] / 95040
	 interval: [70596,70686] / 95040
	 interval: [70686,70776] / 95040
	 interval: [70776,70866] / 95040
	 interval: [70866,70956] / 95040
	 interval: [70956,71046] / 95040
	 interval: [71046,71136] / 95040
	 interval: [71136,71226] / 95040
	 interval: [71226,71316] / 95040
	 interval: [71316,71406] / 95040
	 interval: [71406,71496] / 95040
	 interval: [71496,71586] / 95040
	 interval: [71586,71676] / 95040
	 interval: [71676,71766] / 95040
	 interval: [71766,71856] / 95040
	 interval: [71856,71946] / 95040
	 interval: [71946,72036] / 95040
	 interval: [72036,72126] / 95040
	 interval: [72126,72216] / 95040
	 interval: [72216,72306] / 95040
	 interval: [72306,72396] / 95040
	 interval: [72396,72486] / 95040
	 interval: [72486,72576] / 95040
	 interval: [72576,72666] / 95040
	 interval: [72666,72756] / 95040
	 interval: [72756,72846] / 95040
	 interval: [72846,72936] / 95040
	 interval: [72936,73026] / 95040
	 interval: [73026,73116] / 95040
	 interval: [73116,73206] / 95040
	 interval: [73206,73296] / 95040
	 interval: [73296,73386] / 95040
	 interval: [73386,73476] / 95040
	 interval: [73476,73566] / 95040
	 interval: [73566,73656] / 95040
	 interval: [73656,73746] / 95040
	 interval: [73746,73836] / 95040
	 interval: [73836,73926] / 95040
	 interval: [73926,74016] / 95040
	 interval: [74016,74106] / 95040
	 interval: [74106,74196] / 95040
	 interval: [74196,74286] / 95040
	 interval: [74286,74376] / 95040
	 interval: [74376,74466] / 95040
	 interval: [74466,74556] / 95040
	 interval: [74556,74646] / 95040
	 interval: [74646,74736] / 95040
	 interval: [74736,74826] / 95040
	 interval: [74826,74916] / 95040
	 interval: [74916,75006] / 95040
	 interval: [75006,75096] / 95040
	 interval: [75096,75186] / 95040
	 interval: [75186,75276] / 95040
	 interval: [75276,75366] / 95040
	 interval: [75366,75456] / 95040
	 interval: [75456,75546] / 95040
	 interval: [75546,75636] / 95040
	 interval: [75636,75726] / 95040
	 interval: [75726,75816] / 95040
	 interval: [75816,75906] / 95040
	 interval: [75906,75996] / 95040
	 interval: [75996,76086] / 95040
	 interval: [76086,76176] / 95040
	 interval: [76176,76266] / 95040
	 interval: [76266,76356] / 95040
	 interval: [76356,76446] / 95040
	 interval: [76446,76536] / 95040
	 interval: [76536,76626] / 95040
	 interval: [76626,76716] / 95040
	 interval: [76716,76806] / 95040
	 interval: [76806,76896] / 95040
	 interval: [76896,76986] / 95040
	 interval: [76986,77076] / 95040
	 interval: [77076,77166] / 95040
	 interval: [77166,77256] / 95040
	 interval: [77256,77346] / 95040
	 interval: [77346,77436] / 95040
	 interval: [77436,77526] / 95040
	 interval: [77526,77616] / 95040
	 interval: [77616,77706] / 95040
	 interval: [77706,77796] / 95040
	 interval: [77796,77886] / 95040
	 interval: [77886,77976] / 95040
	 interval: [77976,78066] / 95040
	 interval: [78066,78156] / 95040
	 interval: [78156,78246] / 95040
	 interval: [78246,78336] / 95040
	 interval: [78336,78426] / 95040
	 interval: [78426,78516] / 95040
	 interval: [78516,78606] / 95040
	 interval: [78606,78696] / 95040
	 interval: [78696,78786] / 95040
	 interval: [78786,78876] / 95040
	 interval: [78876,78966] / 95040
	 interval: [78966,79056] / 95040
	 interval: [79056,79146] / 95040
	 interval: [79146,79236] / 95040
	 interval: [79236,79326] / 95040
	 interval: [79326,79416] / 95040
	 interval: [79416,79506] / 95040
	 interval: [79506,79596] / 95040
	 interval: [79596,79686] / 95040
	 interval: [79686,79776] / 95040
	 interval: [79776,79866] / 95040
	 interval: [79866,79956] / 95040
	 interval: [79956,80046] / 95040
	 interval: [80046,80136] / 95040
	 interval: [80136,80226] / 95040
	 interval: [80226,80316] / 95040
	 interval: [80316,80406] / 95040
	 interval: [80406,80496] / 95040
	 interval: [80496,80586] / 95040
	 interval: [80586,80676] / 95040
	 interval: [80676,80766] / 95040
	 interval: [80766,80856] / 95040
	 interval: [80856,80946] / 95040
	 interval: [80946,81036] / 95040
	 interval: [81036,81126] / 95040
	 interval: [81126,81216] / 95040
	 interval: [81216,81306] / 95040
	 interval: [81306,81396] / 95040
	 interval: [81396,81486] / 95040
	 interval: [81486,81576] / 95040
	 interval: [81576,81666] / 95040
	 interval: [81666,81756] / 95040
	 interval: [81756,81846] / 95040
	 interval: [81846,81936] / 95040
	 interval: [81936,82026] / 95040
	 interval: [82026,82116] / 95040
	 interval: [82116,82206] / 95040
	 interval: [82206,82296] / 95040
	 interval: [82296,82386] / 95040
	 interval: [82386,82476] / 95040
	 interval: [82476,82566] / 95040
	 interval: [82566,82656] / 95040
	 interval: [82656,82746] / 95040
	 interval: [82746,82836] / 95040
	 interval: [82836,82926] / 95040
	 interval: [82926,83016] / 95040
	 interval: [83016,83106] / 95040
	 interval: [83106,83196] / 95040
	 interval: [83196,83286] / 95040
	 interval: [83286,83376] / 95040
	 interval: [83376,83466] / 95040
	 interval: [83466,83556] / 95040
	 interval: [83556,83646] / 95040
	 interval: [83646,83736] / 95040
	 interval: [83736,83826] / 95040
	 interval: [83826,83916] / 95040
	 interval: [83916,84006] / 95040
	 interval: [84006,84096] / 95040
	 interval: [84096,84186] / 95040
	 interval: [84186,84276] / 95040
	 interval: [84276,84366] / 95040
	 interval: [84366,84456] / 95040
	 interval: [84456,84546] / 95040
	 interval: [84546,84636] / 95040
	 interval: [84636,84726] / 95040
	 interval: [84726,84816] / 95040
	 interval: [84816,84906] / 95040
	 interval: [84906,84996] / 95040
	 interval: [84996,85086] / 95040
	 interval: [85086,85176] / 95040
	 interval: [85176,85266] / 95040
	 interval: [85266,85356] / 95040
	 interval: [85356,85446] / 95040
	 interval: [85446,85536] / 95040
	 interval: [85536,85626] / 95040
	 interval: [85626,85716] / 95040
	 interval: [85716,85806] / 95040
	 interval: [85806,85896] / 95040
	 interval: [85896,85986] / 95040
	 interval: [85986,86076] / 95040
	 interval: [86076,86166] / 95040
	 interval: [86166,86256] / 95040
	 interval: [86256,86346] / 95040
	 interval: [86346,86436] / 95040
	 interval: [86436,86526] / 95040
	 interval: [86526,86616] / 95040
	 interval: [86616,86706] / 95040
	 interval: [86706,86796] / 95040
	 interval: [86796,86886] / 95040
	 interval: [86886,86976] / 95040
	 interval: [86976,87066] / 95040
	 interval: [87066,87156] / 95040
	 interval: [87156,87246] / 95040
	 interval: [87246,87336] / 95040
	 interval: [87336,87426] / 95040
	 interval: [87426,87516] / 95040
	 interval: [87516,87606] / 95040
	 interval: [87606,87696] / 95040
	 interval: [87696,87786] / 95040
	 interval: [87786,87876] / 95040
	 interval: [87876,87966] / 95040
	 interval: [87966,88056] / 95040
	 interval: [88056,88146] / 95040
	 interval: [88146,88236] / 95040
	 interval: [88236,88326] / 95040
	 interval: [88326,88416] / 95040
	 interval: [88416,88506] / 95040
	 interval: [88506,88596] / 95040
	 interval: [88596,88686] / 95040
	 interval: [88686,88776] / 95040
	 interval: [88776,88866] / 95040
	 interval: [88866,88956] / 95040
	 interval: [88956,89046] / 95040
	 interval: [89046,89136] / 95040
	 interval: [89136,89226] / 95040
	 interval: [89226,89316] / 95040
	 interval: [89316,89406] / 95040
	 interval: [89406,89496] / 95040
	 interval: [89496,89586] / 95040
	 interval: [89586,89676] / 95040
	 interval: [89676,89766] / 95040
	 interval: [89766,89856] / 95040
	 interval: [89856,89946] / 95040
	 interval: [89946,90036] / 95040
	 interval: [90036,90126] / 95040
	 interval: [90126,90216] / 95040
	 interval: [90216,90306] / 95040
	 interval: [90306,90396] / 95040
	 interval: [90396,90486] / 95040
	 interval: [90486,90576] / 95040
	 interval: [90576,90666] / 95040
	 interval: [90666,90756] / 95040
	 interval: [90756,90846] / 95040
	 interval: [90846,90936] / 95040
	 interval: [90936,91026] / 95040
	 interval: [91026,91116] / 95040
	 interval: [91116,91206] / 95040
	 interval: [91206,91296] / 95040
	 interval: [91296,91386] / 95040
	 interval: [91386,91476] / 95040
	 interval: [91476,91566] / 95040
	 interval: [91566,91656] / 95040
	 interval: [91656,91746] / 95040
	 interval: [91746,91836] / 95040
	 interval: [91836,91926] / 95040
	 interval: [91926,92016] / 95040
	 interval: [92016,92106] / 95040
	 interval: [92106,92196] / 95040
	 interval: [92196,92286] / 95040
	 interval: [92286,92376] / 95040
	 interval: [92376,92466] / 95040
	 interval: [92466,92556] / 95040
	 interval: [92556,92646] / 95040
	 interval: [92646,92736] / 95040
	 interval: [92736,92826] / 95040
	 interval: [92826,92916] / 95040
	 interval: [92916,93006] / 95040
	 interval: [93006,93096] / 95040
	 interval: [93096,93186] / 95040
	 interval: [93186,93276] / 95040
	 interval: [93276,93366] / 95040
	 interval: [93366,93456] / 95040
	 interval: [93456,93546] / 95040
	 interval: [93546,93636] / 95040
	 interval: [93636,93726] / 95040
	 interval: [93726,93816] / 95040
	 interval: [93816,93906] / 95040
	 interval: [93906,93996] / 95040
	 interval: [93996,94086] / 95040
	 interval: [94086,94176] / 95040
	 interval: [94176,94266] / 95040
	 interval: [94266,94356] / 95040
	 interval: [94356,94446] / 95040
	 interval: [94446,94536] / 95040
	 interval: [94536,94626] / 95040
	 interval: [94626,94716] / 95040
	 interval: [94716,94806] / 95040
	 interval: [94806,94896] / 95040
	 interval: [94896,94986] / 95040
[0.62682749 0.47203947 0.56195175 0.42415936 0.45705409 0.61659357
 0.47222222 0.61750731 0.4378655  0.46619152 0.43731725 0.55080409
 0.57858187 0.53892544 0.53837719 0.34484649 0.53198099 0.49031433
 0.58333333 0.50402047 0.58534357 0.49013158 0.5869883  0.5440424
 0.60891813 0.43494152 0.36239035 0.5372807  0.35215643 0.36074561
 0.68311404 0.39400585 0.37554825 0.56761696 0.39711257 0.41429094
 0.82108918 0.38888889 0.51260965 0.55281433 0.57711988 0.46546053
 0.25584795 0.6122076  0.55939327 0.62079678 0.47605994 0.25749269
 0.74725877 0.49067982 0.72423246 0.35307018 0.50877193 0.60544591
 0.53417398 0.35599415 0.46929825 0.71728801 0.6811038  0.52101608
 0.64546784 0.69261696 0.30701754 0.59521199 0.65277778 0.22496345
 0.51955409 0.20815058 0.38870614 0.65606725 0.37591374 0.51937135
 0.62664474 0.53472222 0.57291667 0.39144737 0.52211257 0.46290205
 0.50310673 0.45303363 0.67269737 0.42361111 0.35179094 0.54568713
 0.40807749 0.65369152 0.42817982 0.72094298 0.76480263 0.62207602
 0.48300439 0.61111111 0.79623538 0.55793129 0.64967105 0.61695906
 0.6494883  0.67379386 0.58260234 0.54422515 0.5184576  0.29057018
 0.55299708 0.55500731 0.47222222 0.52631579 0.33534357 0.44682018
 0.45833333 0.66447368 0.55244883 0.61312135 0.44225146 0.54586988
 0.39290936 0.53600146 0.5568348  0.56944444 0.55665205 0.65606725
 0.36732456 0.6690424  0.54989035 0.5308845  0.54934211 0.39912281
 0.51443713 0.65844298 0.67032164 0.55939327 0.43402778 0.41081871
 0.52668129 0.33022661 0.61366959 0.42598684 0.66940789 0.26370614
 0.48812135 0.41794591 0.60946637 0.47752193 0.48574561 0.32949561
 0.48976608 0.65095029 0.50730994 0.61074561 0.70851608 0.33680556
 0.57693713 0.68585526 0.39437135 0.58040936 0.51169591 0.54495614
 0.56980994 0.52887427 0.51260965 0.57236842 0.49342105 0.64839181
 0.54002193 0.56652047 0.54111842 0.41684942 0.42434211 0.54130117
 0.44024123 0.62152778 0.38943713 0.72404971 0.73300439 0.57273392
 0.36988304 0.44243421 0.47953216 0.56597222 0.68585526 0.73647661
 0.45614035 0.64656433 0.5621345  0.44517544 0.40789474 0.61038012
 0.62883772 0.58077485 0.64272661 0.47039474 0.33863304 0.76717836
 0.67379386 0.22880117 0.65369152 0.30902778 0.46454678 0.55281433
 0.3441155  0.54294591 0.64894006 0.41282895 0.57255117 0.48958333
 0.42068713 0.41977339 0.44645468 0.61348684 0.42708333 0.53929094
 0.56578947 0.34100877 0.21144006 0.47423246 0.54459064 0.6370614
 0.68128655 0.39236111 0.47770468 0.74232456 0.38961988 0.56469298
 0.5997807  0.30793129 0.36421784 0.3128655  0.54751462 0.31725146
 0.56231725 0.49817251 0.46856725 0.60526316 0.5060307  0.53490497
 0.47295322 0.53819444 0.45339912 0.56140351 0.47331871 0.42251462
 0.67105263 0.45047515 0.51352339 0.54057018 0.69736842 0.50657895
 0.64747807 0.34100877 0.58022661 0.62609649 0.53581871 0.5
 0.44663743 0.59667398 0.67726608 0.7620614  0.57291667 0.73501462
 0.45120614 0.44572368 0.45741959 0.35910088 0.46856725 0.65515351
 0.3625731  0.43366228 0.5813231  0.49908626 0.24122807 0.6246345
 0.70248538 0.59192251 0.54806287 0.41721491 0.57748538 0.39400585
 0.71856725 0.58004386 0.25950292 0.59009503 0.46655702 0.43969298
 0.60416667 0.54440789 0.61915205 0.46875    0.66885965 0.57474415
 0.52156433 0.39747807 0.58845029 0.54038743 0.63249269 0.53892544
 0.55372807 0.58717105 0.67105263 0.52540205 0.68475877 0.4442617
 0.65241228 0.49159357 0.54605263 0.4996345  0.52119883 0.66447368
 0.48538012 0.62134503 0.44901316 0.50785819 0.49067982 0.50511696
 0.67032164 0.76388889 0.59100877 0.56980994 0.59649123 0.44060673
 0.4311038  0.72679094 0.45193713 0.6626462  0.47770468 0.28326023
 0.58333333 0.43128655 0.68439327 0.60471491 0.5933845  0.3877924
 0.53125    0.48026316 0.50877193 0.55811404 0.64510234 0.51663012
 0.57236842 0.66447368 0.20413012 0.22386696 0.63797515 0.68841374
 0.49835526 0.3377193  0.49415205 0.38340643 0.37225877 0.46600877
 0.57218567 0.6754386  0.41666667 0.37024854 0.32711988 0.4247076
 0.59100877 0.52229532 0.3501462  0.58114035 0.27595029 0.57072368
 0.36202485 0.33187135 0.41739766 0.19517544 0.68731725 0.37097953
 0.65222953 0.63669591 0.53216374 0.57273392 0.60380117 0.27174708
 0.44206871 0.49652778 0.52229532 0.57474415 0.62097953 0.63925439
 0.38760965 0.44901316 0.53837719]
avg auc score: btlda 0.519002970023484
Computing average auc score for size 180 (out of 14)
	 interval: [60696,60876] / 95040
	 interval: [60876,61056] / 95040
	 interval: [61056,61236] / 95040
	 interval: [61236,61416] / 95040
	 interval: [61416,61596] / 95040
	 interval: [61596,61776] / 95040
	 interval: [61776,61956] / 95040
	 interval: [61956,62136] / 95040
	 interval: [62136,62316] / 95040
	 interval: [62316,62496] / 95040
	 interval: [62496,62676] / 95040
	 interval: [62676,62856] / 95040
	 interval: [62856,63036] / 95040
	 interval: [63036,63216] / 95040
	 interval: [63216,63396] / 95040
	 interval: [63396,63576] / 95040
	 interval: [63576,63756] / 95040
	 interval: [63756,63936] / 95040
	 interval: [63936,64116] / 95040
	 interval: [64116,64296] / 95040
	 interval: [64296,64476] / 95040
	 interval: [64476,64656] / 95040
	 interval: [64656,64836] / 95040
	 interval: [64836,65016] / 95040
	 interval: [65016,65196] / 95040
	 interval: [65196,65376] / 95040
	 interval: [65376,65556] / 95040
	 interval: [65556,65736] / 95040
	 interval: [65736,65916] / 95040
	 interval: [65916,66096] / 95040
	 interval: [66096,66276] / 95040
	 interval: [66276,66456] / 95040
	 interval: [66456,66636] / 95040
	 interval: [66636,66816] / 95040
	 interval: [66816,66996] / 95040
	 interval: [66996,67176] / 95040
	 interval: [67176,67356] / 95040
	 interval: [67356,67536] / 95040
	 interval: [67536,67716] / 95040
	 interval: [67716,67896] / 95040
	 interval: [67896,68076] / 95040
	 interval: [68076,68256] / 95040
	 interval: [68256,68436] / 95040
	 interval: [68436,68616] / 95040
	 interval: [68616,68796] / 95040
	 interval: [68796,68976] / 95040
	 interval: [68976,69156] / 95040
	 interval: [69156,69336] / 95040
	 interval: [69336,69516] / 95040
	 interval: [69516,69696] / 95040
	 interval: [69696,69876] / 95040
	 interval: [69876,70056] / 95040
	 interval: [70056,70236] / 95040
	 interval: [70236,70416] / 95040
	 interval: [70416,70596] / 95040
	 interval: [70596,70776] / 95040
	 interval: [70776,70956] / 95040
	 interval: [70956,71136] / 95040
	 interval: [71136,71316] / 95040
	 interval: [71316,71496] / 95040
	 interval: [71496,71676] / 95040
	 interval: [71676,71856] / 95040
	 interval: [71856,72036] / 95040
	 interval: [72036,72216] / 95040
	 interval: [72216,72396] / 95040
	 interval: [72396,72576] / 95040
	 interval: [72576,72756] / 95040
	 interval: [72756,72936] / 95040
	 interval: [72936,73116] / 95040
	 interval: [73116,73296] / 95040
	 interval: [73296,73476] / 95040
	 interval: [73476,73656] / 95040
	 interval: [73656,73836] / 95040
	 interval: [73836,74016] / 95040
	 interval: [74016,74196] / 95040
	 interval: [74196,74376] / 95040
	 interval: [74376,74556] / 95040
	 interval: [74556,74736] / 95040
	 interval: [74736,74916] / 95040
	 interval: [74916,75096] / 95040
	 interval: [75096,75276] / 95040
	 interval: [75276,75456] / 95040
	 interval: [75456,75636] / 95040
	 interval: [75636,75816] / 95040
	 interval: [75816,75996] / 95040
	 interval: [75996,76176] / 95040
	 interval: [76176,76356] / 95040
	 interval: [76356,76536] / 95040
	 interval: [76536,76716] / 95040
	 interval: [76716,76896] / 95040
	 interval: [76896,77076] / 95040
	 interval: [77076,77256] / 95040
	 interval: [77256,77436] / 95040
	 interval: [77436,77616] / 95040
	 interval: [77616,77796] / 95040
	 interval: [77796,77976] / 95040
	 interval: [77976,78156] / 95040
	 interval: [78156,78336] / 95040
	 interval: [78336,78516] / 95040
	 interval: [78516,78696] / 95040
	 interval: [78696,78876] / 95040
	 interval: [78876,79056] / 95040
	 interval: [79056,79236] / 95040
	 interval: [79236,79416] / 95040
	 interval: [79416,79596] / 95040
	 interval: [79596,79776] / 95040
	 interval: [79776,79956] / 95040
	 interval: [79956,80136] / 95040
	 interval: [80136,80316] / 95040
	 interval: [80316,80496] / 95040
	 interval: [80496,80676] / 95040
	 interval: [80676,80856] / 95040
	 interval: [80856,81036] / 95040
	 interval: [81036,81216] / 95040
	 interval: [81216,81396] / 95040
	 interval: [81396,81576] / 95040
	 interval: [81576,81756] / 95040
	 interval: [81756,81936] / 95040
	 interval: [81936,82116] / 95040
	 interval: [82116,82296] / 95040
	 interval: [82296,82476] / 95040
	 interval: [82476,82656] / 95040
	 interval: [82656,82836] / 95040
	 interval: [82836,83016] / 95040
	 interval: [83016,83196] / 95040
	 interval: [83196,83376] / 95040
	 interval: [83376,83556] / 95040
	 interval: [83556,83736] / 95040
	 interval: [83736,83916] / 95040
	 interval: [83916,84096] / 95040
	 interval: [84096,84276] / 95040
	 interval: [84276,84456] / 95040
	 interval: [84456,84636] / 95040
	 interval: [84636,84816] / 95040
	 interval: [84816,84996] / 95040
	 interval: [84996,85176] / 95040
	 interval: [85176,85356] / 95040
	 interval: [85356,85536] / 95040
	 interval: [85536,85716] / 95040
	 interval: [85716,85896] / 95040
	 interval: [85896,86076] / 95040
	 interval: [86076,86256] / 95040
	 interval: [86256,86436] / 95040
	 interval: [86436,86616] / 95040
	 interval: [86616,86796] / 95040
	 interval: [86796,86976] / 95040
	 interval: [86976,87156] / 95040
	 interval: [87156,87336] / 95040
	 interval: [87336,87516] / 95040
	 interval: [87516,87696] / 95040
	 interval: [87696,87876] / 95040
	 interval: [87876,88056] / 95040
	 interval: [88056,88236] / 95040
	 interval: [88236,88416] / 95040
	 interval: [88416,88596] / 95040
	 interval: [88596,88776] / 95040
	 interval: [88776,88956] / 95040
	 interval: [88956,89136] / 95040
	 interval: [89136,89316] / 95040
	 interval: [89316,89496] / 95040
	 interval: [89496,89676] / 95040
	 interval: [89676,89856] / 95040
	 interval: [89856,90036] / 95040
	 interval: [90036,90216] / 95040
	 interval: [90216,90396] / 95040
	 interval: [90396,90576] / 95040
	 interval: [90576,90756] / 95040
	 interval: [90756,90936] / 95040
	 interval: [90936,91116] / 95040
	 interval: [91116,91296] / 95040
	 interval: [91296,91476] / 95040
	 interval: [91476,91656] / 95040
	 interval: [91656,91836] / 95040
	 interval: [91836,92016] / 95040
	 interval: [92016,92196] / 95040
	 interval: [92196,92376] / 95040
	 interval: [92376,92556] / 95040
	 interval: [92556,92736] / 95040
	 interval: [92736,92916] / 95040
	 interval: [92916,93096] / 95040
	 interval: [93096,93276] / 95040
	 interval: [93276,93456] / 95040
	 interval: [93456,93636] / 95040
	 interval: [93636,93816] / 95040
	 interval: [93816,93996] / 95040
	 interval: [93996,94176] / 95040
	 interval: [94176,94356] / 95040
	 interval: [94356,94536] / 95040
	 interval: [94536,94716] / 95040
	 interval: [94716,94896] / 95040
[0.57377185 0.40104908 0.61266765 0.45947851 0.49462127 0.60601885
 0.63237274 0.37683525 0.50394991 0.51285943 0.50057153 0.66859505
 0.53283123 0.45536349 0.44635872 0.5748641  0.51776189 0.47736105
 0.70615729 0.43544884 0.57290185 0.39327626 0.54819269 0.38883103
 0.50142883 0.59404847 0.60465988 0.40826941 0.48613087 0.39981076
 0.49366872 0.29766562 0.4763323  0.30599726 0.55445413 0.44659368
 0.46065967 0.48379394 0.57015215 0.45461415 0.48546408 0.44537442
 0.63872942 0.48095534 0.56857092 0.41031421 0.5492532  0.54729095
 0.58451026 0.54249644 0.46881985 0.55180604 0.29165185 0.49667877
 0.56034724 0.56189672 0.52057509 0.5133484  0.60675549 0.66157793
 0.34561065 0.62910867 0.51748882 0.53293919 0.51630131 0.54247104
 0.50536603 0.59604247 0.52637294 0.51258636 0.56712939 0.44070057
 0.59833494 0.57307966 0.60177047 0.63420164 0.37858159 0.60639987
 0.60048771 0.53146591 0.59517883 0.50097795 0.51146871 0.43863671
 0.53732727 0.60867964 0.42764428 0.49773928 0.47003277 0.64264758
 0.51669503 0.49893949 0.49610724 0.42244336 0.665712   0.49561827
 0.51686014 0.51205294 0.43187995 0.53575874 0.42587889 0.55477164
 0.45204227 0.52326763 0.59710933 0.57497206 0.4205319  0.51085272
 0.54377921 0.67855873 0.51374213 0.42051285 0.33911426 0.43134017
 0.41333697 0.48516562 0.50773471 0.45289321 0.54710679 0.33819981
 0.56453846 0.62653043 0.4716394  0.48081564 0.42189088 0.60163077
 0.47925345 0.72367151 0.56846296 0.39843274 0.52877972 0.46624162
 0.5018289  0.53722567 0.41523572 0.57366389 0.55267603 0.60418995
 0.56117278 0.36513158 0.45169935 0.57216521 0.61030532 0.54980568
 0.47362706 0.56230949 0.56792954 0.5160727  0.64193634 0.56944092
 0.52191501 0.52569346 0.56776443 0.35411375 0.45899588 0.49422755
 0.79228053 0.5095382  0.47372231 0.55112655 0.45159139 0.44147531
 0.45004826 0.57399411 0.59812538 0.60097668 0.46378404 0.59613773
 0.64229196 0.46511126 0.61168335 0.36406472 0.50492786 0.45754166
 0.63437945 0.42474853 0.39714362 0.45679232 0.46139631 0.29381731
 0.33762828 0.44030685 0.55761659 0.45154694 0.58350056 0.47900579
 0.59989077 0.45749086 0.57234302 0.56742786]
avg auc score: btlda 0.5124792444304217
Computing average auc score for size 270 (out of 14)
	 interval: [60696,60966] / 95040
	 interval: [60966,61236] / 95040
	 interval: [61236,61506] / 95040
	 interval: [61506,61776] / 95040
	 interval: [61776,62046] / 95040
	 interval: [62046,62316] / 95040
	 interval: [62316,62586] / 95040
	 interval: [62586,62856] / 95040
	 interval: [62856,63126] / 95040
	 interval: [63126,63396] / 95040
	 interval: [63396,63666] / 95040
	 interval: [63666,63936] / 95040
	 interval: [63936,64206] / 95040
	 interval: [64206,64476] / 95040
	 interval: [64476,64746] / 95040
	 interval: [64746,65016] / 95040
	 interval: [65016,65286] / 95040
	 interval: [65286,65556] / 95040
	 interval: [65556,65826] / 95040
	 interval: [65826,66096] / 95040
	 interval: [66096,66366] / 95040
	 interval: [66366,66636] / 95040
	 interval: [66636,66906] / 95040
	 interval: [66906,67176] / 95040
	 interval: [67176,67446] / 95040
	 interval: [67446,67716] / 95040
	 interval: [67716,67986] / 95040
	 interval: [67986,68256] / 95040
	 interval: [68256,68526] / 95040
	 interval: [68526,68796] / 95040
	 interval: [68796,69066] / 95040
	 interval: [69066,69336] / 95040
	 interval: [69336,69606] / 95040
	 interval: [69606,69876] / 95040
	 interval: [69876,70146] / 95040
	 interval: [70146,70416] / 95040
	 interval: [70416,70686] / 95040
	 interval: [70686,70956] / 95040
	 interval: [70956,71226] / 95040
	 interval: [71226,71496] / 95040
	 interval: [71496,71766] / 95040
	 interval: [71766,72036] / 95040
	 interval: [72036,72306] / 95040
	 interval: [72306,72576] / 95040
	 interval: [72576,72846] / 95040
	 interval: [72846,73116] / 95040
	 interval: [73116,73386] / 95040
	 interval: [73386,73656] / 95040
	 interval: [73656,73926] / 95040
	 interval: [73926,74196] / 95040
	 interval: [74196,74466] / 95040
	 interval: [74466,74736] / 95040
	 interval: [74736,75006] / 95040
	 interval: [75006,75276] / 95040
	 interval: [75276,75546] / 95040
	 interval: [75546,75816] / 95040
	 interval: [75816,76086] / 95040
	 interval: [76086,76356] / 95040
	 interval: [76356,76626] / 95040
	 interval: [76626,76896] / 95040
	 interval: [76896,77166] / 95040
	 interval: [77166,77436] / 95040
	 interval: [77436,77706] / 95040
	 interval: [77706,77976] / 95040
	 interval: [77976,78246] / 95040
	 interval: [78246,78516] / 95040
	 interval: [78516,78786] / 95040
	 interval: [78786,79056] / 95040
	 interval: [79056,79326] / 95040
	 interval: [79326,79596] / 95040
	 interval: [79596,79866] / 95040
	 interval: [79866,80136] / 95040
	 interval: [80136,80406] / 95040
	 interval: [80406,80676] / 95040
	 interval: [80676,80946] / 95040
	 interval: [80946,81216] / 95040
	 interval: [81216,81486] / 95040
	 interval: [81486,81756] / 95040
	 interval: [81756,82026] / 95040
	 interval: [82026,82296] / 95040
	 interval: [82296,82566] / 95040
	 interval: [82566,82836] / 95040
	 interval: [82836,83106] / 95040
	 interval: [83106,83376] / 95040
	 interval: [83376,83646] / 95040
	 interval: [83646,83916] / 95040
	 interval: [83916,84186] / 95040
	 interval: [84186,84456] / 95040
	 interval: [84456,84726] / 95040
	 interval: [84726,84996] / 95040
	 interval: [84996,85266] / 95040
	 interval: [85266,85536] / 95040
	 interval: [85536,85806] / 95040
	 interval: [85806,86076] / 95040
	 interval: [86076,86346] / 95040
	 interval: [86346,86616] / 95040
	 interval: [86616,86886] / 95040
	 interval: [86886,87156] / 95040
	 interval: [87156,87426] / 95040
	 interval: [87426,87696] / 95040
	 interval: [87696,87966] / 95040
	 interval: [87966,88236] / 95040
	 interval: [88236,88506] / 95040
	 interval: [88506,88776] / 95040
	 interval: [88776,89046] / 95040
	 interval: [89046,89316] / 95040
	 interval: [89316,89586] / 95040
	 interval: [89586,89856] / 95040
	 interval: [89856,90126] / 95040
	 interval: [90126,90396] / 95040
	 interval: [90396,90666] / 95040
	 interval: [90666,90936] / 95040
	 interval: [90936,91206] / 95040
	 interval: [91206,91476] / 95040
	 interval: [91476,91746] / 95040
	 interval: [91746,92016] / 95040
	 interval: [92016,92286] / 95040
	 interval: [92286,92556] / 95040
	 interval: [92556,92826] / 95040
	 interval: [92826,93096] / 95040
	 interval: [93096,93366] / 95040
	 interval: [93366,93636] / 95040
	 interval: [93636,93906] / 95040
	 interval: [93906,94176] / 95040
	 interval: [94176,94446] / 95040
	 interval: [94446,94716] / 95040
	 interval: [94716,94986] / 95040
[0.5410401  0.50640807 0.45431227 0.55264938 0.47612106 0.44717974
 0.5334323  0.52633359 0.5744724  0.45288826 0.59666211 0.50708803
 0.51676955 0.56080008 0.52451975 0.4201822  0.38269324 0.57107079
 0.44723314 0.40520691 0.47124915 0.47908123 0.45037131 0.41990808
 0.4921341  0.46102828 0.46951719 0.47524351 0.48940711 0.51012296
 0.45436389 0.62957643 0.49612668 0.49946421 0.55082486 0.50293347
 0.53324896 0.45524678 0.55573059 0.63827538 0.41253346 0.62563191
 0.46168333 0.5660725  0.4042724  0.36975963 0.52957144 0.51715226
 0.57211032 0.63003745 0.57331539 0.63367759 0.51158258 0.47392451
 0.40581924 0.47743293 0.44657097 0.49479167 0.52758672 0.50500541
 0.60148596 0.46354701 0.60355434 0.51789986 0.49604124 0.47803102
 0.60050517 0.46565099 0.48746155 0.48167115 0.51271823 0.47112454
 0.527277   0.51783222 0.32343821 0.37558029 0.42498113 0.59115117
 0.33128631 0.52205443 0.58707315 0.53670754 0.48903153 0.5487369
 0.47818054 0.54209387 0.46151423 0.42012168 0.48954061 0.4885082
 0.51901415 0.59280481 0.50331083 0.49715553 0.63754913 0.62220715
 0.4181601  0.53794643 0.52688006 0.45297192 0.54388457 0.50191352
 0.34178664 0.51016568 0.66568588 0.43036569 0.4926414  0.531161
 0.46506002 0.52168418 0.52039723 0.52488999 0.42692135 0.51820069
 0.49925061 0.50569428 0.47529691 0.45182203 0.53870472 0.42679141
 0.40051478 0.50066751 0.50650775 0.56933883 0.5660013  0.54624487
 0.52060905]
avg auc score: btlda 0.5024759913384033
Computing average auc score for size 360 (out of 14)
	 interval: [60696,61056] / 95040
	 interval: [61056,61416] / 95040
	 interval: [61416,61776] / 95040
	 interval: [61776,62136] / 95040
	 interval: [62136,62496] / 95040
	 interval: [62496,62856] / 95040
	 interval: [62856,63216] / 95040
	 interval: [63216,63576] / 95040
	 interval: [63576,63936] / 95040
	 interval: [63936,64296] / 95040
	 interval: [64296,64656] / 95040
	 interval: [64656,65016] / 95040
	 interval: [65016,65376] / 95040
	 interval: [65376,65736] / 95040
	 interval: [65736,66096] / 95040
	 interval: [66096,66456] / 95040
	 interval: [66456,66816] / 95040
	 interval: [66816,67176] / 95040
	 interval: [67176,67536] / 95040
	 interval: [67536,67896] / 95040
	 interval: [67896,68256] / 95040
	 interval: [68256,68616] / 95040
	 interval: [68616,68976] / 95040
	 interval: [68976,69336] / 95040
	 interval: [69336,69696] / 95040
	 interval: [69696,70056] / 95040
	 interval: [70056,70416] / 95040
	 interval: [70416,70776] / 95040
	 interval: [70776,71136] / 95040
	 interval: [71136,71496] / 95040
	 interval: [71496,71856] / 95040
	 interval: [71856,72216] / 95040
	 interval: [72216,72576] / 95040
	 interval: [72576,72936] / 95040
	 interval: [72936,73296] / 95040
	 interval: [73296,73656] / 95040
	 interval: [73656,74016] / 95040
	 interval: [74016,74376] / 95040
	 interval: [74376,74736] / 95040
	 interval: [74736,75096] / 95040
	 interval: [75096,75456] / 95040
	 interval: [75456,75816] / 95040
	 interval: [75816,76176] / 95040
	 interval: [76176,76536] / 95040
	 interval: [76536,76896] / 95040
	 interval: [76896,77256] / 95040
	 interval: [77256,77616] / 95040
	 interval: [77616,77976] / 95040
	 interval: [77976,78336] / 95040
	 interval: [78336,78696] / 95040
	 interval: [78696,79056] / 95040
	 interval: [79056,79416] / 95040
	 interval: [79416,79776] / 95040
	 interval: [79776,80136] / 95040
	 interval: [80136,80496] / 95040
	 interval: [80496,80856] / 95040
	 interval: [80856,81216] / 95040
	 interval: [81216,81576] / 95040
	 interval: [81576,81936] / 95040
	 interval: [81936,82296] / 95040
	 interval: [82296,82656] / 95040
	 interval: [82656,83016] / 95040
	 interval: [83016,83376] / 95040
	 interval: [83376,83736] / 95040
	 interval: [83736,84096] / 95040
	 interval: [84096,84456] / 95040
	 interval: [84456,84816] / 95040
	 interval: [84816,85176] / 95040
	 interval: [85176,85536] / 95040
	 interval: [85536,85896] / 95040
	 interval: [85896,86256] / 95040
	 interval: [86256,86616] / 95040
	 interval: [86616,86976] / 95040
	 interval: [86976,87336] / 95040
	 interval: [87336,87696] / 95040
	 interval: [87696,88056] / 95040
	 interval: [88056,88416] / 95040
	 interval: [88416,88776] / 95040
	 interval: [88776,89136] / 95040
	 interval: [89136,89496] / 95040
	 interval: [89496,89856] / 95040
	 interval: [89856,90216] / 95040
	 interval: [90216,90576] / 95040
	 interval: [90576,90936] / 95040
	 interval: [90936,91296] / 95040
	 interval: [91296,91656] / 95040
	 interval: [91656,92016] / 95040
	 interval: [92016,92376] / 95040
	 interval: [92376,92736] / 95040
	 interval: [92736,93096] / 95040
	 interval: [93096,93456] / 95040
	 interval: [93456,93816] / 95040
	 interval: [93816,94176] / 95040
	 interval: [94176,94536] / 95040
	 interval: [94536,94896] / 95040
[0.49355556 0.51377778 0.50511111 0.47022222 0.56066667 0.49088889
 0.51711111 0.498      0.54377778 0.49422222 0.47133333 0.47777778
 0.422      0.46022222 0.47355556 0.48911111 0.37377778 0.442
 0.46622222 0.56044444 0.46488889 0.45533333 0.50044444 0.54911111
 0.46066667 0.63933333 0.44288889 0.55466667 0.43555556 0.61511111
 0.40044444 0.48711111 0.53755556 0.49133333 0.48222222 0.55711111
 0.61577778 0.55333333 0.55155556 0.43244444 0.58622222 0.46888889
 0.58311111 0.42622222 0.46355556 0.574      0.39       0.49155556
 0.49511111 0.46288889 0.41377778 0.44022222 0.51044444 0.51955556
 0.52955556 0.45311111 0.35511111 0.454      0.59       0.54133333
 0.60088889 0.51711111 0.51644444 0.53377778 0.44333333 0.48888889
 0.49555556 0.57177778 0.55755556 0.44311111 0.61155556 0.62133333
 0.47       0.41511111 0.49688889 0.42644444 0.442      0.5
 0.55933333 0.53688889 0.52377778 0.45488889 0.62       0.45666667
 0.55111111 0.53311111 0.54488889 0.50311111 0.42       0.428
 0.52777778 0.44666667 0.57688889 0.48266667 0.50022222]
avg auc score: btlda 0.5001801169590643
Computing average auc score for size 450 (out of 14)
	 interval: [60696,61146] / 95040
	 interval: [61146,61596] / 95040
	 interval: [61596,62046] / 95040
	 interval: [62046,62496] / 95040
	 interval: [62496,62946] / 95040
	 interval: [62946,63396] / 95040
	 interval: [63396,63846] / 95040
	 interval: [63846,64296] / 95040
	 interval: [64296,64746] / 95040
	 interval: [64746,65196] / 95040
	 interval: [65196,65646] / 95040
	 interval: [65646,66096] / 95040
	 interval: [66096,66546] / 95040
	 interval: [66546,66996] / 95040
	 interval: [66996,67446] / 95040
	 interval: [67446,67896] / 95040
	 interval: [67896,68346] / 95040
	 interval: [68346,68796] / 95040
	 interval: [68796,69246] / 95040
	 interval: [69246,69696] / 95040
	 interval: [69696,70146] / 95040
	 interval: [70146,70596] / 95040
	 interval: [70596,71046] / 95040
	 interval: [71046,71496] / 95040
	 interval: [71496,71946] / 95040
	 interval: [71946,72396] / 95040
	 interval: [72396,72846] / 95040
	 interval: [72846,73296] / 95040
	 interval: [73296,73746] / 95040
	 interval: [73746,74196] / 95040
	 interval: [74196,74646] / 95040
	 interval: [74646,75096] / 95040
	 interval: [75096,75546] / 95040
	 interval: [75546,75996] / 95040
	 interval: [75996,76446] / 95040
	 interval: [76446,76896] / 95040
	 interval: [76896,77346] / 95040
	 interval: [77346,77796] / 95040
	 interval: [77796,78246] / 95040
	 interval: [78246,78696] / 95040
	 interval: [78696,79146] / 95040
	 interval: [79146,79596] / 95040
	 interval: [79596,80046] / 95040
	 interval: [80046,80496] / 95040
	 interval: [80496,80946] / 95040
	 interval: [80946,81396] / 95040
	 interval: [81396,81846] / 95040
	 interval: [81846,82296] / 95040
	 interval: [82296,82746] / 95040
	 interval: [82746,83196] / 95040
	 interval: [83196,83646] / 95040
	 interval: [83646,84096] / 95040
	 interval: [84096,84546] / 95040
	 interval: [84546,84996] / 95040
	 interval: [84996,85446] / 95040
	 interval: [85446,85896] / 95040
	 interval: [85896,86346] / 95040
	 interval: [86346,86796] / 95040
	 interval: [86796,87246] / 95040
	 interval: [87246,87696] / 95040
	 interval: [87696,88146] / 95040
	 interval: [88146,88596] / 95040
	 interval: [88596,89046] / 95040
	 interval: [89046,89496] / 95040
	 interval: [89496,89946] / 95040
	 interval: [89946,90396] / 95040
	 interval: [90396,90846] / 95040
	 interval: [90846,91296] / 95040
	 interval: [91296,91746] / 95040
	 interval: [91746,92196] / 95040
	 interval: [92196,92646] / 95040
	 interval: [92646,93096] / 95040
	 interval: [93096,93546] / 95040
	 interval: [93546,93996] / 95040
	 interval: [93996,94446] / 95040
	 interval: [94446,94896] / 95040
[0.48764836 0.39653523 0.54953451 0.43680463 0.43446515 0.49173656
 0.55961415 0.48793534 0.48029251 0.45498917 0.5645515  0.51273746
 0.53140114 0.52281585 0.46407417 0.5938886  0.46731046 0.45910823
 0.59534306 0.50305944 0.53645137 0.46659402 0.45892209 0.64770296
 0.47667542 0.53888643 0.50106739 0.52481918 0.56443786 0.60379716
 0.56856795 0.51584306 0.54081877 0.50150639 0.57761733 0.48835878
 0.5811391  0.54052076 0.50629498 0.49851443 0.47263764 0.49011653
 0.50818744 0.54941134 0.48319968 0.44831891 0.54801357 0.54081501
 0.59166351 0.48582639 0.53847929 0.45397998 0.45026806 0.50637174
 0.50109448 0.45570562 0.61343228 0.60327788 0.52461549 0.5130272
 0.46713035 0.53572314 0.60029546 0.47024498 0.53184716 0.52305115
 0.45798841 0.563966   0.50561967 0.48120286 0.43605131 0.40339865
 0.5784592  0.55586637 0.54088701 0.42483127]
avg auc score: btlda 0.5129919205381394
Computing average auc score for size 540 (out of 14)
	 interval: [60696,61236] / 95040
	 interval: [61236,61776] / 95040
	 interval: [61776,62316] / 95040
	 interval: [62316,62856] / 95040
	 interval: [62856,63396] / 95040
	 interval: [63396,63936] / 95040
	 interval: [63936,64476] / 95040
	 interval: [64476,65016] / 95040
	 interval: [65016,65556] / 95040
	 interval: [65556,66096] / 95040
	 interval: [66096,66636] / 95040
	 interval: [66636,67176] / 95040
	 interval: [67176,67716] / 95040
	 interval: [67716,68256] / 95040
	 interval: [68256,68796] / 95040
	 interval: [68796,69336] / 95040
	 interval: [69336,69876] / 95040
	 interval: [69876,70416] / 95040
	 interval: [70416,70956] / 95040
	 interval: [70956,71496] / 95040
	 interval: [71496,72036] / 95040
	 interval: [72036,72576] / 95040
	 interval: [72576,73116] / 95040
	 interval: [73116,73656] / 95040
	 interval: [73656,74196] / 95040
	 interval: [74196,74736] / 95040
	 interval: [74736,75276] / 95040
	 interval: [75276,75816] / 95040
	 interval: [75816,76356] / 95040
	 interval: [76356,76896] / 95040
	 interval: [76896,77436] / 95040
	 interval: [77436,77976] / 95040
	 interval: [77976,78516] / 95040
	 interval: [78516,79056] / 95040
	 interval: [79056,79596] / 95040
	 interval: [79596,80136] / 95040
	 interval: [80136,80676] / 95040
	 interval: [80676,81216] / 95040
	 interval: [81216,81756] / 95040
	 interval: [81756,82296] / 95040
	 interval: [82296,82836] / 95040
	 interval: [82836,83376] / 95040
	 interval: [83376,83916] / 95040
	 interval: [83916,84456] / 95040
	 interval: [84456,84996] / 95040
	 interval: [84996,85536] / 95040
	 interval: [85536,86076] / 95040
	 interval: [86076,86616] / 95040
	 interval: [86616,87156] / 95040
	 interval: [87156,87696] / 95040
	 interval: [87696,88236] / 95040
	 interval: [88236,88776] / 95040
	 interval: [88776,89316] / 95040
	 interval: [89316,89856] / 95040
	 interval: [89856,90396] / 95040
	 interval: [90396,90936] / 95040
	 interval: [90936,91476] / 95040
	 interval: [91476,92016] / 95040
	 interval: [92016,92556] / 95040
	 interval: [92556,93096] / 95040
	 interval: [93096,93636] / 95040
	 interval: [93636,94176] / 95040
	 interval: [94176,94716] / 95040
[0.46814397 0.48582583 0.43534984 0.46173556 0.47755607 0.52792049
 0.44354683 0.46306482 0.50650358 0.44079212 0.52153722 0.44039915
 0.48101949 0.50075133 0.44893508 0.57940429 0.48064924 0.48442458
 0.45785319 0.65244992 0.50541276 0.47499624 0.50579886 0.55164543
 0.61140976 0.55474352 0.50548483 0.43586983 0.55162661 0.52283525
 0.54284373 0.51503708 0.45208634 0.42910446 0.49148594 0.54619792
 0.53179201 0.41871171 0.52579898 0.54586937 0.58068756 0.50253688
 0.58751305 0.4965536  0.5523788  0.45719351 0.52208251 0.55272437
 0.54263604 0.50174159 0.4809514  0.48609777 0.52898944 0.56501681
 0.53453306 0.49836772 0.5403797  0.49089224 0.41865206 0.44770818
 0.5800204  0.6054133  0.45113521]
avg auc score: btlda 0.5063621971198031
Computing average auc score for size 630 (out of 14)
	 interval: [60696,61326] / 95040
	 interval: [61326,61956] / 95040
	 interval: [61956,62586] / 95040
	 interval: [62586,63216] / 95040
	 interval: [63216,63846] / 95040
	 interval: [63846,64476] / 95040
	 interval: [64476,65106] / 95040
	 interval: [65106,65736] / 95040
	 interval: [65736,66366] / 95040
	 interval: [66366,66996] / 95040
	 interval: [66996,67626] / 95040
	 interval: [67626,68256] / 95040
	 interval: [68256,68886] / 95040
	 interval: [68886,69516] / 95040
	 interval: [69516,70146] / 95040
	 interval: [70146,70776] / 95040
	 interval: [70776,71406] / 95040
	 interval: [71406,72036] / 95040
	 interval: [72036,72666] / 95040
	 interval: [72666,73296] / 95040
	 interval: [73296,73926] / 95040
	 interval: [73926,74556] / 95040
	 interval: [74556,75186] / 95040
	 interval: [75186,75816] / 95040
	 interval: [75816,76446] / 95040
	 interval: [76446,77076] / 95040
	 interval: [77076,77706] / 95040
	 interval: [77706,78336] / 95040
	 interval: [78336,78966] / 95040
	 interval: [78966,79596] / 95040
	 interval: [79596,80226] / 95040
	 interval: [80226,80856] / 95040
	 interval: [80856,81486] / 95040
	 interval: [81486,82116] / 95040
	 interval: [82116,82746] / 95040
	 interval: [82746,83376] / 95040
	 interval: [83376,84006] / 95040
	 interval: [84006,84636] / 95040
	 interval: [84636,85266] / 95040
	 interval: [85266,85896] / 95040
	 interval: [85896,86526] / 95040
	 interval: [86526,87156] / 95040
	 interval: [87156,87786] / 95040
	 interval: [87786,88416] / 95040
	 interval: [88416,89046] / 95040
	 interval: [89046,89676] / 95040
	 interval: [89676,90306] / 95040
	 interval: [90306,90936] / 95040
	 interval: [90936,91566] / 95040
	 interval: [91566,92196] / 95040
	 interval: [92196,92826] / 95040
	 interval: [92826,93456] / 95040
	 interval: [93456,94086] / 95040
	 interval: [94086,94716] / 95040
[0.52562113 0.45016914 0.55169897 0.54526715 0.51759237 0.48411121
 0.47277433 0.53582569 0.542334   0.45336333 0.44507007 0.51918307
 0.4456131  0.56905069 0.44795837 0.43419534 0.50113479 0.50409692
 0.50674167 0.53671804 0.55674682 0.49921948 0.55459017 0.49772479
 0.54032446 0.51943336 0.51187398 0.50153924 0.47784602 0.489601
 0.52847273 0.51669378 0.40579533 0.5200315  0.55213344 0.53353837
 0.5720756  0.52704421 0.56816223 0.50013747 0.5613838  0.52296978
 0.52597967 0.48184181 0.55487803 0.56874937 0.50986524 0.52978565
 0.5285727  0.50604894 0.47326811 0.46759352 0.53646399 0.47887078]
avg auc score: btlda 0.5112550880150541
Computing average auc score for size 720 (out of 14)
	 interval: [60696,61416] / 95040
	 interval: [61416,62136] / 95040
	 interval: [62136,62856] / 95040
	 interval: [62856,63576] / 95040
	 interval: [63576,64296] / 95040
	 interval: [64296,65016] / 95040
	 interval: [65016,65736] / 95040
	 interval: [65736,66456] / 95040
	 interval: [66456,67176] / 95040
	 interval: [67176,67896] / 95040
	 interval: [67896,68616] / 95040
	 interval: [68616,69336] / 95040
	 interval: [69336,70056] / 95040
	 interval: [70056,70776] / 95040
	 interval: [70776,71496] / 95040
	 interval: [71496,72216] / 95040
	 interval: [72216,72936] / 95040
	 interval: [72936,73656] / 95040
	 interval: [73656,74376] / 95040
	 interval: [74376,75096] / 95040
	 interval: [75096,75816] / 95040
	 interval: [75816,76536] / 95040
	 interval: [76536,77256] / 95040
	 interval: [77256,77976] / 95040
	 interval: [77976,78696] / 95040
	 interval: [78696,79416] / 95040
	 interval: [79416,80136] / 95040
	 interval: [80136,80856] / 95040
	 interval: [80856,81576] / 95040
	 interval: [81576,82296] / 95040
	 interval: [82296,83016] / 95040
	 interval: [83016,83736] / 95040
	 interval: [83736,84456] / 95040
	 interval: [84456,85176] / 95040
	 interval: [85176,85896] / 95040
	 interval: [85896,86616] / 95040
	 interval: [86616,87336] / 95040
	 interval: [87336,88056] / 95040
	 interval: [88056,88776] / 95040
	 interval: [88776,89496] / 95040
	 interval: [89496,90216] / 95040
	 interval: [90216,90936] / 95040
	 interval: [90936,91656] / 95040
	 interval: [91656,92376] / 95040
	 interval: [92376,93096] / 95040
	 interval: [93096,93816] / 95040
	 interval: [93816,94536] / 95040
[0.52366667 0.48644444 0.46288889 0.513      0.49672222 0.47444444
 0.50127778 0.54566667 0.44472222 0.5435     0.51266667 0.49816667
 0.50461111 0.47061111 0.52011111 0.46661111 0.49266667 0.52305556
 0.59711111 0.4905     0.49255556 0.51327778 0.55566667 0.47694444
 0.52261111 0.49016667 0.48166667 0.52294444 0.44311111 0.56922222
 0.58883333 0.53261111 0.51988889 0.51727778 0.47511111 0.55027778
 0.50177778 0.48255556 0.51261111 0.55427778 0.55338889 0.53344444
 0.48655556 0.50311111 0.49844444 0.56761111 0.52494444]
avg auc score: btlda 0.5114751773049645
Computing average auc score for size 810 (out of 14)
	 interval: [60696,61506] / 95040
	 interval: [61506,62316] / 95040
	 interval: [62316,63126] / 95040
	 interval: [63126,63936] / 95040
	 interval: [63936,64746] / 95040
	 interval: [64746,65556] / 95040
	 interval: [65556,66366] / 95040
	 interval: [66366,67176] / 95040
	 interval: [67176,67986] / 95040
	 interval: [67986,68796] / 95040
	 interval: [68796,69606] / 95040
	 interval: [69606,70416] / 95040
	 interval: [70416,71226] / 95040
	 interval: [71226,72036] / 95040
	 interval: [72036,72846] / 95040
	 interval: [72846,73656] / 95040
	 interval: [73656,74466] / 95040
	 interval: [74466,75276] / 95040
	 interval: [75276,76086] / 95040
	 interval: [76086,76896] / 95040
	 interval: [76896,77706] / 95040
	 interval: [77706,78516] / 95040
	 interval: [78516,79326] / 95040
	 interval: [79326,80136] / 95040
	 interval: [80136,80946] / 95040
	 interval: [80946,81756] / 95040
	 interval: [81756,82566] / 95040
	 interval: [82566,83376] / 95040
	 interval: [83376,84186] / 95040
	 interval: [84186,84996] / 95040
	 interval: [84996,85806] / 95040
	 interval: [85806,86616] / 95040
	 interval: [86616,87426] / 95040
	 interval: [87426,88236] / 95040
	 interval: [88236,89046] / 95040
	 interval: [89046,89856] / 95040
	 interval: [89856,90666] / 95040
	 interval: [90666,91476] / 95040
	 interval: [91476,92286] / 95040
	 interval: [92286,93096] / 95040
	 interval: [93096,93906] / 95040
	 interval: [93906,94716] / 95040
[0.53828849 0.48471725 0.45932468 0.47898439 0.45663471 0.48668361
 0.49911344 0.4454344  0.52423856 0.47787733 0.51686003 0.49161383
 0.50387774 0.50264126 0.45749332 0.55502449 0.54786489 0.55209082
 0.47408467 0.53152398 0.47986389 0.51195533 0.39536027 0.44716831
 0.53771052 0.49578335 0.59329269 0.5409193  0.53789084 0.56649584
 0.52744105 0.50872445 0.54015044 0.47963156 0.57405455 0.54592276
 0.52085662 0.53872904 0.48868849 0.51409476 0.52844596 0.49789188]
avg auc score: btlda 0.5084629473315238
Computing average auc score for size 900 (out of 14)
	 interval: [60696,61596] / 95040
	 interval: [61596,62496] / 95040
	 interval: [62496,63396] / 95040
	 interval: [63396,64296] / 95040
	 interval: [64296,65196] / 95040
	 interval: [65196,66096] / 95040
	 interval: [66096,66996] / 95040
	 interval: [66996,67896] / 95040
	 interval: [67896,68796] / 95040
	 interval: [68796,69696] / 95040
	 interval: [69696,70596] / 95040
	 interval: [70596,71496] / 95040
	 interval: [71496,72396] / 95040
	 interval: [72396,73296] / 95040
	 interval: [73296,74196] / 95040
	 interval: [74196,75096] / 95040
	 interval: [75096,75996] / 95040
	 interval: [75996,76896] / 95040
	 interval: [76896,77796] / 95040
	 interval: [77796,78696] / 95040
	 interval: [78696,79596] / 95040
	 interval: [79596,80496] / 95040
	 interval: [80496,81396] / 95040
	 interval: [81396,82296] / 95040
	 interval: [82296,83196] / 95040
	 interval: [83196,84096] / 95040
	 interval: [84096,84996] / 95040
	 interval: [84996,85896] / 95040
	 interval: [85896,86796] / 95040
	 interval: [86796,87696] / 95040
	 interval: [87696,88596] / 95040
	 interval: [88596,89496] / 95040
	 interval: [89496,90396] / 95040
	 interval: [90396,91296] / 95040
	 interval: [91296,92196] / 95040
	 interval: [92196,93096] / 95040
	 interval: [93096,93996] / 95040
	 interval: [93996,94896] / 95040
[0.51759609 0.53663026 0.49703849 0.51133367 0.40759447 0.45801988
 0.4846581  0.48606742 0.50282353 0.53440766 0.49217131 0.49712192
 0.47688192 0.53245009 0.55470105 0.53251696 0.49903131 0.55920174
 0.46335676 0.5455602  0.52043099 0.54454401 0.46114894 0.55669673
 0.55102312 0.56859663 0.53112258 0.52601965 0.50330204 0.53600466
 0.52937214 0.5390211  0.51533157 0.49909399 0.52265569 0.48027084
 0.52315781 0.50765338]
avg auc score: btlda 0.5132791763259992
Computing average auc score for size 990 (out of 14)
	 interval: [60696,61686] / 95040
	 interval: [61686,62676] / 95040
	 interval: [62676,63666] / 95040
	 interval: [63666,64656] / 95040
	 interval: [64656,65646] / 95040
	 interval: [65646,66636] / 95040
	 interval: [66636,67626] / 95040
	 interval: [67626,68616] / 95040
	 interval: [68616,69606] / 95040
	 interval: [69606,70596] / 95040
	 interval: [70596,71586] / 95040
	 interval: [71586,72576] / 95040
	 interval: [72576,73566] / 95040
	 interval: [73566,74556] / 95040
	 interval: [74556,75546] / 95040
	 interval: [75546,76536] / 95040
	 interval: [76536,77526] / 95040
	 interval: [77526,78516] / 95040
	 interval: [78516,79506] / 95040
	 interval: [79506,80496] / 95040
	 interval: [80496,81486] / 95040
	 interval: [81486,82476] / 95040
	 interval: [82476,83466] / 95040
	 interval: [83466,84456] / 95040
	 interval: [84456,85446] / 95040
	 interval: [85446,86436] / 95040
	 interval: [86436,87426] / 95040
	 interval: [87426,88416] / 95040
	 interval: [88416,89406] / 95040
	 interval: [89406,90396] / 95040
	 interval: [90396,91386] / 95040
	 interval: [91386,92376] / 95040
	 interval: [92376,93366] / 95040
	 interval: [93366,94356] / 95040
[0.5139523  0.51521679 0.49594936 0.47134474 0.48143961 0.5365539
 0.44305761 0.5343127  0.50541948 0.49725143 0.50234728 0.48366786
 0.55977625 0.52379363 0.57051054 0.48771085 0.48415262 0.54279726
 0.45532529 0.52157748 0.46387011 0.52865805 0.58406548 0.5445647
 0.54326137 0.56547076 0.52924291 0.50097538 0.56774229 0.52653905
 0.51672156 0.47050233 0.50135693 0.52833788]
avg auc score: btlda 0.5146313462976779
Computing average auc score for size 1080 (out of 14)
	 interval: [60696,61776] / 95040
	 interval: [61776,62856] / 95040
	 interval: [62856,63936] / 95040
	 interval: [63936,65016] / 95040
	 interval: [65016,66096] / 95040
	 interval: [66096,67176] / 95040
	 interval: [67176,68256] / 95040
	 interval: [68256,69336] / 95040
	 interval: [69336,70416] / 95040
	 interval: [70416,71496] / 95040
	 interval: [71496,72576] / 95040
	 interval: [72576,73656] / 95040
	 interval: [73656,74736] / 95040
	 interval: [74736,75816] / 95040
	 interval: [75816,76896] / 95040
	 interval: [76896,77976] / 95040
	 interval: [77976,79056] / 95040
	 interval: [79056,80136] / 95040
	 interval: [80136,81216] / 95040
	 interval: [81216,82296] / 95040
	 interval: [82296,83376] / 95040
	 interval: [83376,84456] / 95040
	 interval: [84456,85536] / 95040
	 interval: [85536,86616] / 95040
	 interval: [86616,87696] / 95040
	 interval: [87696,88776] / 95040
	 interval: [88776,89856] / 95040
	 interval: [89856,90936] / 95040
	 interval: [90936,92016] / 95040
	 interval: [92016,93096] / 95040
	 interval: [93096,94176] / 95040
[0.48716049 0.49464198 0.46587654 0.47859259 0.53251852 0.45997531
 0.53864198 0.49041975 0.48308642 0.51417284 0.48977778 0.58096296
 0.49812346 0.52103704 0.53207407 0.46930864 0.50298765 0.48782716
 0.5542963  0.55767901 0.58412346 0.58728395 0.53437037 0.53716049
 0.53703704 0.53950617 0.5637037  0.55046914 0.52432099 0.50449383
 0.54876543]
avg auc score: btlda 0.5209804858622062
Computing average auc score for size 1170 (out of 14)
	 interval: [60696,61866] / 95040
	 interval: [61866,63036] / 95040
	 interval: [63036,64206] / 95040
	 interval: [64206,65376] / 95040
	 interval: [65376,66546] / 95040
	 interval: [66546,67716] / 95040
	 interval: [67716,68886] / 95040
	 interval: [68886,70056] / 95040
	 interval: [70056,71226] / 95040
	 interval: [71226,72396] / 95040
	 interval: [72396,73566] / 95040
	 interval: [73566,74736] / 95040
	 interval: [74736,75906] / 95040
	 interval: [75906,77076] / 95040
	 interval: [77076,78246] / 95040
	 interval: [78246,79416] / 95040
	 interval: [79416,80586] / 95040
	 interval: [80586,81756] / 95040
	 interval: [81756,82926] / 95040
	 interval: [82926,84096] / 95040
	 interval: [84096,85266] / 95040
	 interval: [85266,86436] / 95040
	 interval: [86436,87606] / 95040
	 interval: [87606,88776] / 95040
	 interval: [88776,89946] / 95040
	 interval: [89946,91116] / 95040
	 interval: [91116,92286] / 95040
	 interval: [92286,93456] / 95040
	 interval: [93456,94626] / 95040
[0.51034419 0.46170518 0.46295786 0.43052207 0.48143988 0.46746451
 0.51053636 0.47069319 0.45366115 0.52355321 0.51683625 0.4865894
 0.51655854 0.53974805 0.4889566  0.44610082 0.49008103 0.48257559
 0.59389135 0.50950565 0.52920074 0.53198272 0.55011062 0.54800491
 0.55033152 0.53720328 0.49536387 0.52388232 0.50915327]
avg auc score: btlda 0.5041018673540957
Computing average auc score for size 1260 (out of 14)
	 interval: [60696,61956] / 95040
	 interval: [61956,63216] / 95040
	 interval: [63216,64476] / 95040
	 interval: [64476,65736] / 95040
	 interval: [65736,66996] / 95040
	 interval: [66996,68256] / 95040
	 interval: [68256,69516] / 95040
	 interval: [69516,70776] / 95040
	 interval: [70776,72036] / 95040
	 interval: [72036,73296] / 95040
	 interval: [73296,74556] / 95040
	 interval: [74556,75816] / 95040
	 interval: [75816,77076] / 95040
	 interval: [77076,78336] / 95040
	 interval: [78336,79596] / 95040
	 interval: [79596,80856] / 95040
	 interval: [80856,82116] / 95040
	 interval: [82116,83376] / 95040
	 interval: [83376,84636] / 95040
	 interval: [84636,85896] / 95040
	 interval: [85896,87156] / 95040
	 interval: [87156,88416] / 95040
	 interval: [88416,89676] / 95040
	 interval: [89676,90936] / 95040
	 interval: [90936,92196] / 95040
	 interval: [92196,93456] / 95040
	 interval: [93456,94716] / 95040
[0.4945054  0.48123184 0.4937395  0.46755694 0.51228529 0.508007
 0.51388659 0.48987661 0.50245698 0.48610536 0.51347887 0.53668013
 0.54978402 0.49306773 0.46166052 0.52401454 0.51823248 0.559337
 0.57302611 0.5317799  0.53234786 0.49338388 0.5443697  0.5381205
 0.49815712 0.53582386 0.52196858]
avg auc score: btlda 0.513884603508888