Patient 4 marker information of all sessions 1-20
-------------------- Unique markers --------------------
[  101   102   103   104   105   106   111   112   113   114   115   116
   200   201   202   203   204   205   210   211   214   243   247   250
   251   255 10001 99999]
-------------------- Marker information --------------------
New Segment/:99999
Stimulus/S101:101
Stimulus/S102:102
Stimulus/S103:103
Stimulus/S104:104
Stimulus/S105:105
Stimulus/S106:106
Stimulus/S111:111
Stimulus/S112:112
Stimulus/S113:113
Stimulus/S114:114
Stimulus/S115:115
Stimulus/S116:116
Stimulus/S200:200
Stimulus/S201:201
Stimulus/S202:202
Stimulus/S203:203
Stimulus/S204:204
Stimulus/S205:205
Stimulus/S210:210
Stimulus/S255:255
DC Correction/:10001
Stimulus/S211:211
Stimulus/S214:214
Stimulus/S250:250
Stimulus/S243:243
Stimulus/S247:247
Stimulus/S251:251
-------------------- Loaded filenames --------------------
P4_S1/anonymized/auditoryAphasia_6D_long_350_Block1_Run1.vhdr
P4_S1/anonymized/auditoryAphasia_6D_long_350_Block2_Run1.vhdr
P4_S1/anonymized/auditoryAphasia_6D_short_250_Block1_Run3.vhdr
P4_S1/anonymized/auditoryAphasia_6D_short_250_Block2_Run3.vhdr
P4_S1/anonymized/auditoryAphasia_HP_long_350_Block1_Run2.vhdr
P4_S1/anonymized/auditoryAphasia_HP_long_350_Block2_Run2.vhdr
P4_S1/anonymized/auditoryAphasia_HP_short_250_Block1_Run4.vhdr
P4_S1/anonymized/auditoryAphasia_HP_short_250_Block2_Run4.vhdr
P4_S2/anonymized/auditoryAphasia_6D_long_350_Block1_Run1.vhdr
P4_S2/anonymized/auditoryAphasia_6D_long_350_Block2_Run1.vhdr
P4_S2/anonymized/auditoryAphasia_6D_long_350_Block3_Run1.vhdr
P4_S2/anonymized/auditoryAphasia_6D_short_250_Block1_Run3.vhdr
P4_S2/anonymized/auditoryAphasia_6D_short_250_Block2_Run3.vhdr
P4_S2/anonymized/auditoryAphasia_6D_short_250_Block3_Run3.vhdr
P4_S2/anonymized/auditoryAphasia_HP_long_350_Block1_Run2.vhdr
P4_S2/anonymized/auditoryAphasia_HP_long_350_Block2_Run2.vhdr
P4_S2/anonymized/auditoryAphasia_HP_long_350_Block3_Run2.vhdr
P4_S2/anonymized/auditoryAphasia_HP_short_250_Block1_Run4.vhdr
P4_S2/anonymized/auditoryAphasia_HP_short_250_Block2_Run4.vhdr
P4_S2/anonymized/auditoryAphasia_HP_short_250_Block3_Run4.vhdr
P4_S3/anonymized/auditoryAphasia_6D_350_Block1_Run1.vhdr
P4_S3/anonymized/auditoryAphasia_6D_350_Block1_Run2.vhdr
P4_S3/anonymized/auditoryAphasia_6D_350_Block1_Run3.vhdr
P4_S3/anonymized/auditoryAphasia_6D_350_Block1_Run4.vhdr
P4_S3/anonymized/auditoryAphasia_6D_350_Block1_Run5.vhdr
P4_S3/anonymized/auditoryAphasia_6D_350_Block1_Run6.vhdr
P4_S3/anonymized/auditoryAphasia_6D_350_Block2_Run1.vhdr
P4_S3/anonymized/auditoryAphasia_6D_350_Block2_Run2.vhdr
P4_S3/anonymized/auditoryAphasia_6D_350_Block2_Run3.vhdr
P4_S3/anonymized/auditoryAphasia_6D_350_Block2_Run4.vhdr
P4_S4/anonymized/auditoryAphasia_6D_350_Block1_Run1.vhdr
P4_S4/anonymized/auditoryAphasia_6D_350_Block1_Run2.vhdr
P4_S4/anonymized/auditoryAphasia_6D_350_Block1_Run3.vhdr
P4_S4/anonymized/auditoryAphasia_6D_350_Block1_Run4.vhdr
P4_S4/anonymized/auditoryAphasia_6D_350_Block1_Run5.vhdr
P4_S4/anonymized/auditoryAphasia_6D_350_Block1_Run6.vhdr
P4_S4/anonymized/auditoryAphasia_6D_350_Block2_Run1.vhdr
P4_S4/anonymized/auditoryAphasia_6D_350_Block2_Run2.vhdr
P4_S5/anonymized/auditoryAphasia_6D_350_Block1_Run1.vhdr
P4_S5/anonymized/auditoryAphasia_6D_350_Block1_Run2.vhdr
P4_S5/anonymized/auditoryAphasia_6D_350_Block1_Run3.vhdr
P4_S5/anonymized/auditoryAphasia_6D_350_Block1_Run4.vhdr
P4_S5/anonymized/auditoryAphasia_6D_350_Block1_Run5.vhdr
P4_S5/anonymized/auditoryAphasia_6D_350_Block1_Run6.vhdr
P4_S5/anonymized/auditoryAphasia_6D_350_Block2_Run1.vhdr
P4_S5/anonymized/auditoryAphasia_6D_350_Block2_Run2.vhdr
P4_S5/anonymized/auditoryAphasia_6D_350_Block2_Run3.vhdr
P4_S5/anonymized/auditoryAphasia_6D_350_Block2_Run4.vhdr
P4_S5/anonymized/auditoryAphasia_6D_350_Block2_Run5.vhdr
P4_S5/anonymized/auditoryAphasia_6D_350_Block2_Run6.vhdr
P4_S6/anonymized/auditoryAphasia_6D_350_Block1_Run1.vhdr
P4_S6/anonymized/auditoryAphasia_6D_350_Block1_Run2.vhdr
P4_S6/anonymized/auditoryAphasia_6D_350_Block1_Run3.vhdr
P4_S6/anonymized/auditoryAphasia_6D_350_Block1_Run4.vhdr
P4_S6/anonymized/auditoryAphasia_6D_350_Block1_Run5.vhdr
P4_S6/anonymized/auditoryAphasia_6D_350_Block1_Run6.vhdr
P4_S6/anonymized/auditoryAphasia_6D_350_Block2_Run1.vhdr
P4_S6/anonymized/auditoryAphasia_6D_350_Block2_Run2.vhdr
P4_S6/anonymized/auditoryAphasia_6D_350_Block2_Run3.vhdr
P4_S6/anonymized/auditoryAphasia_6D_350_Block2_Run4.vhdr
P4_S6/anonymized/auditoryAphasia_6D_350_Block2_Run5.vhdr
P4_S6/anonymized/auditoryAphasia_6D_350_Block2_Run6.vhdr
P4_S6/anonymized/auditoryAphasia_6D_350_Block3_Run1.vhdr
P4_S6/anonymized/auditoryAphasia_6D_350_Block3_Run2.vhdr
P4_S6/anonymized/auditoryAphasia_6D_350_Block3_Run3.vhdr
P4_S6/anonymized/auditoryAphasia_6D_350_Block3_Run4.vhdr
P4_S6/anonymized/auditoryAphasia_6D_350_Block3_Run5.vhdr
P4_S6/anonymized/auditoryAphasia_6D_350_Block3_Run6.vhdr
P4_S7/anonymized/auditoryAphasia_6D_350_Block1_Run1.vhdr
P4_S7/anonymized/auditoryAphasia_6D_350_Block1_Run2.vhdr
P4_S7/anonymized/auditoryAphasia_6D_350_Block1_Run3.vhdr
P4_S7/anonymized/auditoryAphasia_6D_350_Block1_Run4.vhdr
P4_S7/anonymized/auditoryAphasia_6D_350_Block1_Run5.vhdr
P4_S7/anonymized/auditoryAphasia_6D_350_Block1_Run6.vhdr
P4_S7/anonymized/auditoryAphasia_6D_350_Block2_Run1.vhdr
P4_S7/anonymized/auditoryAphasia_6D_350_Block2_Run2.vhdr
P4_S7/anonymized/auditoryAphasia_6D_350_Block2_Run3.vhdr
P4_S7/anonymized/auditoryAphasia_6D_350_Block2_Run4.vhdr
P4_S7/anonymized/auditoryAphasia_6D_350_Block2_Run5.vhdr
P4_S7/anonymized/auditoryAphasia_6D_350_Block2_Run6.vhdr
P4_S7/anonymized/auditoryAphasia_6D_350_Block3_Run1.vhdr
P4_S7/anonymized/auditoryAphasia_6D_350_Block3_Run2.vhdr
P4_S7/anonymized/auditoryAphasia_6D_350_Block3_Run3.vhdr
P4_S7/anonymized/auditoryAphasia_6D_350_Block3_Run4.vhdr
P4_S7/anonymized/auditoryAphasia_6D_350_Block3_Run5.vhdr
P4_S7/anonymized/auditoryAphasia_6D_350_Block3_Run6.vhdr
P4_S8/anonymized/auditoryAphasia_6D_350_Block1_Run1.vhdr
P4_S8/anonymized/auditoryAphasia_6D_350_Block1_Run2.vhdr
P4_S8/anonymized/auditoryAphasia_6D_350_Block1_Run3.vhdr
P4_S8/anonymized/auditoryAphasia_6D_350_Block1_Run4.vhdr
P4_S8/anonymized/auditoryAphasia_6D_350_Block1_Run5.vhdr
P4_S8/anonymized/auditoryAphasia_6D_350_Block1_Run6.vhdr
P4_S8/anonymized/auditoryAphasia_6D_350_Block2_Run1.vhdr
P4_S8/anonymized/auditoryAphasia_6D_350_Block2_Run2.vhdr
P4_S8/anonymized/auditoryAphasia_6D_350_Block2_Run3.vhdr
P4_S8/anonymized/auditoryAphasia_6D_350_Block2_Run4.vhdr
P4_S8/anonymized/auditoryAphasia_6D_350_Block2_Run5.vhdr
P4_S8/anonymized/auditoryAphasia_6D_350_Block2_Run6.vhdr
P4_S8/anonymized/auditoryAphasia_6D_350_Block3_Run1.vhdr
P4_S8/anonymized/auditoryAphasia_6D_350_Block3_Run2.vhdr
P4_S8/anonymized/auditoryAphasia_6D_350_Block3_Run3.vhdr
P4_S8/anonymized/auditoryAphasia_6D_350_Block3_Run4.vhdr
P4_S8/anonymized/auditoryAphasia_6D_350_Block3_Run5.vhdr
P4_S8/anonymized/auditoryAphasia_6D_350_Block3_Run6.vhdr
P4_S8/anonymized/auditoryAphasia_6D_350_Block4_Run1.vhdr
P4_S9/anonymized/auditoryAphasia_6D_350_Block1_Run1.vhdr
P4_S9/anonymized/auditoryAphasia_6D_350_Block1_Run2.vhdr
P4_S9/anonymized/auditoryAphasia_6D_350_Block1_Run3.vhdr
P4_S9/anonymized/auditoryAphasia_6D_350_Block1_Run4.vhdr
P4_S9/anonymized/auditoryAphasia_6D_350_Block1_Run5.vhdr
P4_S9/anonymized/auditoryAphasia_6D_350_Block1_Run6.vhdr
P4_S9/anonymized/auditoryAphasia_6D_350_Block2_Run1.vhdr
P4_S9/anonymized/auditoryAphasia_6D_350_Block2_Run2.vhdr
P4_S9/anonymized/auditoryAphasia_6D_350_Block2_Run3.vhdr
P4_S9/anonymized/auditoryAphasia_6D_350_Block2_Run4.vhdr
P4_S9/anonymized/auditoryAphasia_6D_350_Block2_Run5.vhdr
P4_S9/anonymized/auditoryAphasia_6D_350_Block2_Run6.vhdr
P4_S9/anonymized/auditoryAphasia_6D_350_Block3_Run1.vhdr
P4_S9/anonymized/auditoryAphasia_6D_350_Block3_Run2.vhdr
P4_S9/anonymized/auditoryAphasia_6D_350_Block3_Run3.vhdr
P4_S9/anonymized/auditoryAphasia_6D_350_Block3_Run4.vhdr
P4_S9/anonymized/auditoryAphasia_6D_350_Block3_Run5.vhdr
P4_S9/anonymized/auditoryAphasia_6D_350_Block3_Run6.vhdr
P4_S10/anonymized/auditoryAphasia_6D_350_Block1_Run1.vhdr
P4_S10/anonymized/auditoryAphasia_6D_350_Block1_Run2.vhdr
P4_S10/anonymized/auditoryAphasia_6D_350_Block1_Run3.vhdr
P4_S10/anonymized/auditoryAphasia_6D_350_Block1_Run4.vhdr
P4_S10/anonymized/auditoryAphasia_6D_350_Block1_Run5.vhdr
P4_S10/anonymized/auditoryAphasia_6D_350_Block1_Run6.vhdr
P4_S10/anonymized/auditoryAphasia_6D_350_Block2_Run1.vhdr
P4_S10/anonymized/auditoryAphasia_6D_350_Block2_Run2.vhdr
P4_S10/anonymized/auditoryAphasia_6D_350_Block2_Run3.vhdr
P4_S10/anonymized/auditoryAphasia_6D_350_Block2_Run4.vhdr
P4_S10/anonymized/auditoryAphasia_6D_350_Block2_Run5.vhdr
P4_S10/anonymized/auditoryAphasia_6D_350_Block2_Run6.vhdr
P4_S10/anonymized/auditoryAphasia_6D_350_Block3_Run1.vhdr
P4_S10/anonymized/auditoryAphasia_6D_350_Block3_Run2.vhdr
P4_S10/anonymized/auditoryAphasia_6D_350_Block3_Run3.vhdr
P4_S10/anonymized/auditoryAphasia_6D_350_Block3_Run4.vhdr
P4_S10/anonymized/auditoryAphasia_6D_350_Block3_Run5.vhdr
P4_S10/anonymized/auditoryAphasia_6D_350_Block3_Run6.vhdr
P4_S10/anonymized/auditoryAphasia_6D_350_Block4_Run1.vhdr
P4_S10/anonymized/auditoryAphasia_6D_350_Block4_Run2.vhdr
P4_S11/anonymized/auditoryAphasia_6D_350_Block1_Run1.vhdr
P4_S11/anonymized/auditoryAphasia_6D_350_Block1_Run2.vhdr
P4_S11/anonymized/auditoryAphasia_6D_350_Block1_Run3.vhdr
P4_S11/anonymized/auditoryAphasia_6D_350_Block1_Run4.vhdr
P4_S11/anonymized/auditoryAphasia_6D_350_Block1_Run5.vhdr
P4_S11/anonymized/auditoryAphasia_6D_350_Block1_Run6.vhdr
P4_S11/anonymized/auditoryAphasia_6D_350_Block2_Run1.vhdr
P4_S11/anonymized/auditoryAphasia_6D_350_Block2_Run2.vhdr
P4_S11/anonymized/auditoryAphasia_6D_350_Block2_Run3.vhdr
P4_S11/anonymized/auditoryAphasia_6D_350_Block2_Run4.vhdr
P4_S11/anonymized/auditoryAphasia_6D_350_Block2_Run5.vhdr
P4_S11/anonymized/auditoryAphasia_6D_350_Block2_Run6.vhdr
P4_S11/anonymized/auditoryAphasia_6D_350_Block3_Run1.vhdr
P4_S11/anonymized/auditoryAphasia_6D_350_Block3_Run2.vhdr
P4_S11/anonymized/auditoryAphasia_6D_350_Block3_Run3.vhdr
P4_S11/anonymized/auditoryAphasia_6D_350_Block3_Run4.vhdr
P4_S11/anonymized/auditoryAphasia_6D_350_Block3_Run5.vhdr
P4_S11/anonymized/auditoryAphasia_6D_350_Block3_Run6.vhdr
P4_S11/anonymized/auditoryAphasia_6D_350_Block4_Run1.vhdr
P4_S11/anonymized/auditoryAphasia_6D_350_Block4_Run2.vhdr
P4_S11/anonymized/auditoryAphasia_6D_350_Block4_Run3.vhdr
P4_S11/anonymized/auditoryAphasia_6D_350_Block4_Run4.vhdr
P4_S12/anonymized/auditoryAphasia_HP_350_Block1_Run1.vhdr
P4_S12/anonymized/auditoryAphasia_HP_350_Block1_Run2.vhdr
P4_S12/anonymized/auditoryAphasia_HP_350_Block1_Run3.vhdr
P4_S12/anonymized/auditoryAphasia_HP_350_Block1_Run4.vhdr
P4_S12/anonymized/auditoryAphasia_HP_350_Block1_Run5.vhdr
P4_S12/anonymized/auditoryAphasia_HP_350_Block1_Run6.vhdr
P4_S12/anonymized/auditoryAphasia_HP_500_Block2_Run1.vhdr
P4_S12/anonymized/auditoryAphasia_HP_500_Block2_Run2.vhdr
P4_S12/anonymized/auditoryAphasia_HP_500_Block2_Run3.vhdr
P4_S12/anonymized/auditoryAphasia_HP_500_Block2_Run4.vhdr
P4_S12/anonymized/auditoryAphasia_HP_500_Block2_Run5.vhdr
P4_S12/anonymized/auditoryAphasia_HP_500_Block2_Run6.vhdr
P4_S12/anonymized/auditoryAphasia_HP_500_Block3_Run1.vhdr
P4_S12/anonymized/auditoryAphasia_HP_500_Block3_Run2.vhdr
P4_S12/anonymized/auditoryAphasia_HP_500_Block3_Run3.vhdr
P4_S12/anonymized/auditoryAphasia_HP_500_Block3_Run4.vhdr
P4_S12/anonymized/auditoryAphasia_HP_500_Block3_Run5.vhdr
P4_S13/anonymized/auditoryAphasia_HP_350_Block1_Run4.vhdr
P4_S13/anonymized/auditoryAphasia_HP_350_Block1_Run5.vhdr
P4_S13/anonymized/auditoryAphasia_HP_350_Block1_Run6.vhdr
P4_S13/anonymized/auditoryAphasia_HP_350_Block2_Run1.vhdr
P4_S13/anonymized/auditoryAphasia_HP_350_Block2_Run2.vhdr
P4_S13/anonymized/auditoryAphasia_HP_350_Block2_Run3.vhdr
P4_S13/anonymized/auditoryAphasia_HP_350_Block2_Run4.vhdr
P4_S13/anonymized/auditoryAphasia_HP_350_Block2_Run5.vhdr
P4_S13/anonymized/auditoryAphasia_HP_350_Block2_Run6.vhdr
P4_S13/anonymized/auditoryAphasia_HP_350_Block3_Run1.vhdr
P4_S13/anonymized/auditoryAphasia_HP_350_Block3_Run2.vhdr
P4_S13/anonymized/auditoryAphasia_HP_350_Block3_Run3.vhdr
P4_S13/anonymized/auditoryAphasia_HP_350_Block3_Run4.vhdr
P4_S13/anonymized/auditoryAphasia_HP_350_Block3_Run5.vhdr
P4_S13/anonymized/auditoryAphasia_HP_400_Block1_Run3.vhdr
P4_S13/anonymized/auditoryAphasia_HP_450_Block1_Run1.vhdr
P4_S13/anonymized/auditoryAphasia_HP_450_Block1_Run2.vhdr
P4_S14/anonymized/auditoryAphasia_HP_350_Block1_Run1.vhdr
P4_S14/anonymized/auditoryAphasia_HP_350_Block1_Run2.vhdr
P4_S14/anonymized/auditoryAphasia_HP_350_Block1_Run3.vhdr
P4_S14/anonymized/auditoryAphasia_HP_350_Block1_Run4.vhdr
P4_S14/anonymized/auditoryAphasia_HP_350_Block1_Run5.vhdr
P4_S14/anonymized/auditoryAphasia_HP_350_Block1_Run6.vhdr
P4_S14/anonymized/auditoryAphasia_HP_350_Block2_Run1.vhdr
P4_S14/anonymized/auditoryAphasia_HP_350_Block2_Run2.vhdr
P4_S14/anonymized/auditoryAphasia_HP_350_Block2_Run3.vhdr
P4_S14/anonymized/auditoryAphasia_HP_350_Block2_Run4.vhdr
P4_S14/anonymized/auditoryAphasia_HP_350_Block2_Run5.vhdr
P4_S14/anonymized/auditoryAphasia_HP_350_Block2_Run6.vhdr
P4_S14/anonymized/auditoryAphasia_HP_350_Block3_Run1.vhdr
P4_S14/anonymized/auditoryAphasia_HP_350_Block3_Run2.vhdr
P4_S14/anonymized/auditoryAphasia_HP_350_Block3_Run3.vhdr
P4_S14/anonymized/auditoryAphasia_HP_350_Block3_Run4.vhdr
P4_S14/anonymized/auditoryAphasia_HP_350_Block3_Run5.vhdr
P4_S14/anonymized/auditoryAphasia_HP_350_Block3_Run6.vhdr
P4_S14/anonymized/auditoryAphasia_HP_350_Block4_Run1.vhdr
P4_S15/anonymized/auditoryAphasia_HP_350_Block1_Run1.vhdr
P4_S15/anonymized/auditoryAphasia_HP_350_Block1_Run2.vhdr
P4_S15/anonymized/auditoryAphasia_HP_350_Block1_Run3.vhdr
P4_S15/anonymized/auditoryAphasia_HP_350_Block1_Run4.vhdr
P4_S15/anonymized/auditoryAphasia_HP_350_Block1_Run5.vhdr
P4_S15/anonymized/auditoryAphasia_HP_350_Block1_Run6.vhdr
P4_S15/anonymized/auditoryAphasia_HP_350_Block2_Run1.vhdr
P4_S15/anonymized/auditoryAphasia_HP_350_Block2_Run2.vhdr
P4_S15/anonymized/auditoryAphasia_HP_350_Block2_Run3.vhdr
P4_S15/anonymized/auditoryAphasia_HP_350_Block2_Run4.vhdr
P4_S15/anonymized/auditoryAphasia_HP_350_Block2_Run5.vhdr
P4_S15/anonymized/auditoryAphasia_HP_350_Block2_Run6.vhdr
P4_S15/anonymized/auditoryAphasia_HP_350_Block3_Run1.vhdr
P4_S15/anonymized/auditoryAphasia_HP_350_Block3_Run2.vhdr
P4_S15/anonymized/auditoryAphasia_HP_350_Block3_Run3.vhdr
P4_S15/anonymized/auditoryAphasia_HP_350_Block3_Run4.vhdr
P4_S15/anonymized/auditoryAphasia_HP_350_Block3_Run5.vhdr
P4_S15/anonymized/auditoryAphasia_HP_350_Block3_Run6.vhdr
P4_S16/anonymized/auditoryAphasia_HP_350_Block1_Run1.vhdr
P4_S16/anonymized/auditoryAphasia_HP_350_Block1_Run2.vhdr
P4_S16/anonymized/auditoryAphasia_HP_350_Block1_Run3.vhdr
P4_S16/anonymized/auditoryAphasia_HP_350_Block1_Run4.vhdr
P4_S16/anonymized/auditoryAphasia_HP_350_Block1_Run5.vhdr
P4_S16/anonymized/auditoryAphasia_HP_350_Block1_Run6.vhdr
P4_S16/anonymized/auditoryAphasia_HP_350_Block2_Run1.vhdr
P4_S16/anonymized/auditoryAphasia_HP_350_Block2_Run2.vhdr
P4_S16/anonymized/auditoryAphasia_HP_350_Block2_Run3.vhdr
P4_S16/anonymized/auditoryAphasia_HP_350_Block2_Run4.vhdr
P4_S16/anonymized/auditoryAphasia_HP_350_Block2_Run5.vhdr
P4_S16/anonymized/auditoryAphasia_HP_350_Block2_Run6.vhdr
P4_S16/anonymized/auditoryAphasia_HP_350_Block3_Run1.vhdr
P4_S16/anonymized/auditoryAphasia_HP_350_Block3_Run2.vhdr
P4_S16/anonymized/auditoryAphasia_HP_350_Block3_Run3.vhdr
P4_S16/anonymized/auditoryAphasia_HP_350_Block3_Run4.vhdr
P4_S16/anonymized/auditoryAphasia_HP_350_Block3_Run5.vhdr
P4_S16/anonymized/auditoryAphasia_HP_350_Block3_Run6.vhdr
P4_S17/anonymized/auditoryAphasia_HP_350_Block1_Run1.vhdr
P4_S17/anonymized/auditoryAphasia_HP_350_Block1_Run2.vhdr
P4_S17/anonymized/auditoryAphasia_HP_350_Block1_Run3.vhdr
P4_S17/anonymized/auditoryAphasia_HP_350_Block1_Run4.vhdr
P4_S17/anonymized/auditoryAphasia_HP_350_Block1_Run5.vhdr
P4_S17/anonymized/auditoryAphasia_HP_350_Block1_Run6.vhdr
P4_S17/anonymized/auditoryAphasia_HP_350_Block2_Run1.vhdr
P4_S17/anonymized/auditoryAphasia_HP_350_Block2_Run2.vhdr
P4_S17/anonymized/auditoryAphasia_HP_350_Block2_Run3.vhdr
P4_S17/anonymized/auditoryAphasia_HP_350_Block2_Run4.vhdr
P4_S17/anonymized/auditoryAphasia_HP_350_Block2_Run5.vhdr
P4_S17/anonymized/auditoryAphasia_HP_350_Block2_Run6.vhdr
P4_S17/anonymized/auditoryAphasia_HP_350_Block3_Run1.vhdr
P4_S17/anonymized/auditoryAphasia_HP_350_Block3_Run2.vhdr
P4_S17/anonymized/auditoryAphasia_HP_350_Block3_Run3.vhdr
P4_S17/anonymized/auditoryAphasia_HP_350_Block3_Run4.vhdr
P4_S17/anonymized/auditoryAphasia_HP_350_Block3_Run5.vhdr
P4_S17/anonymized/auditoryAphasia_HP_350_Block3_Run6.vhdr
P4_S18/anonymized/auditoryAphasia_HP_350_Block1_Run1.vhdr
P4_S18/anonymized/auditoryAphasia_HP_350_Block1_Run2.vhdr
P4_S18/anonymized/auditoryAphasia_HP_350_Block1_Run3.vhdr
P4_S18/anonymized/auditoryAphasia_HP_350_Block1_Run4.vhdr
P4_S18/anonymized/auditoryAphasia_HP_350_Block1_Run5.vhdr
P4_S18/anonymized/auditoryAphasia_HP_350_Block1_Run6.vhdr
P4_S18/anonymized/auditoryAphasia_HP_350_Block2_Run1.vhdr
P4_S18/anonymized/auditoryAphasia_HP_350_Block2_Run2.vhdr
P4_S18/anonymized/auditoryAphasia_HP_350_Block2_Run3.vhdr
P4_S18/anonymized/auditoryAphasia_HP_350_Block2_Run4.vhdr
P4_S18/anonymized/auditoryAphasia_HP_350_Block2_Run5.vhdr
P4_S18/anonymized/auditoryAphasia_HP_350_Block2_Run6.vhdr
P4_S18/anonymized/auditoryAphasia_HP_350_Block3_Run1.vhdr
P4_S18/anonymized/auditoryAphasia_HP_350_Block3_Run2.vhdr
P4_S18/anonymized/auditoryAphasia_HP_350_Block3_Run3.vhdr
P4_S18/anonymized/auditoryAphasia_HP_350_Block3_Run4.vhdr
P4_S18/anonymized/auditoryAphasia_HP_350_Block3_Run5.vhdr
P4_S18/anonymized/auditoryAphasia_HP_350_Block3_Run6.vhdr
P4_S19/anonymized/auditoryAphasia_HP_350_Block1_Run1.vhdr
P4_S19/anonymized/auditoryAphasia_HP_350_Block1_Run2.vhdr
P4_S19/anonymized/auditoryAphasia_HP_350_Block1_Run3.vhdr
P4_S19/anonymized/auditoryAphasia_HP_350_Block1_Run4.vhdr
P4_S19/anonymized/auditoryAphasia_HP_350_Block1_Run5.vhdr
P4_S19/anonymized/auditoryAphasia_HP_350_Block1_Run6.vhdr
P4_S19/anonymized/auditoryAphasia_HP_350_Block2_Run1.vhdr
P4_S19/anonymized/auditoryAphasia_HP_350_Block2_Run2.vhdr
P4_S19/anonymized/auditoryAphasia_HP_350_Block2_Run3.vhdr
P4_S19/anonymized/auditoryAphasia_HP_350_Block2_Run4.vhdr
P4_S19/anonymized/auditoryAphasia_HP_350_Block2_Run5.vhdr
P4_S19/anonymized/auditoryAphasia_HP_350_Block2_Run6.vhdr
P4_S19/anonymized/auditoryAphasia_HP_350_Block3_Run1.vhdr
P4_S19/anonymized/auditoryAphasia_HP_350_Block3_Run2.vhdr
P4_S19/anonymized/auditoryAphasia_HP_350_Block3_Run3.vhdr
P4_S19/anonymized/auditoryAphasia_HP_350_Block3_Run4.vhdr
P4_S19/anonymized/auditoryAphasia_HP_350_Block3_Run5.vhdr
P4_S19/anonymized/auditoryAphasia_HP_350_Block3_Run6.vhdr
P4_S19/anonymized/auditoryAphasia_HP_350_Block4_Run1.vhdr
P4_S20/anonymized/auditoryAphasia_6D_long_350_Block1_Run1.vhdr
P4_S20/anonymized/auditoryAphasia_6D_long_350_Block2_Run1.vhdr
P4_S20/anonymized/auditoryAphasia_6D_long_350_Block3_Run1.vhdr
P4_S20/anonymized/auditoryAphasia_6D_long_350_Block4_Run1.vhdr
P4_S20/anonymized/auditoryAphasia_6D_short_250_Block1_Run3.vhdr
P4_S20/anonymized/auditoryAphasia_6D_short_250_Block2_Run3.vhdr
P4_S20/anonymized/auditoryAphasia_6D_short_250_Block3_Run3.vhdr
P4_S20/anonymized/auditoryAphasia_6D_short_250_Block4_Run3.vhdr
P4_S20/anonymized/auditoryAphasia_HP_long_350_Block1_Run2.vhdr
P4_S20/anonymized/auditoryAphasia_HP_long_350_Block2_Run2.vhdr
P4_S20/anonymized/auditoryAphasia_HP_long_350_Block3_Run2.vhdr
P4_S20/anonymized/auditoryAphasia_HP_long_350_Block4_Run2.vhdr
P4_S20/anonymized/auditoryAphasia_HP_short_250_Block1_Run4.vhdr
P4_S20/anonymized/auditoryAphasia_HP_short_250_Block2_Run4.vhdr
P4_S20/anonymized/auditoryAphasia_HP_short_250_Block3_Run4.vhdr
P4_S20/anonymized/auditoryAphasia_HP_short_250_Block4_Run4.vhdr